src/app.ts(34,21): error TS6133: 'req' is declared but its value is never read.
src/app.ts(43,36): error TS6133: 'req' is declared but its value is never read.
src/app.ts(66,15): error TS6133: 'req' is declared but its value is never read.
src/app.ts(93,9): error TS7030: Not all code paths return a value.
src/app.ts(93,22): error TS6133: 'req' is declared but its value is never read.
src/app.ts(93,51): error TS6133: 'next' is declared but its value is never read.
src/chat-backend/controllers/chat.controller.ts(83,16): error TS6133: 'req' is declared but its value is never read.
src/chat-backend/controllers/chat.controller.ts(108,16): error TS6133: 'req' is declared but its value is never read.
src/chat-backend/controllers/chat.controller.ts(129,16): error TS6133: 'req' is declared but its value is never read.
src/chat-backend/controllers/chat.controller.ts(160,16): error TS6133: 'req' is declared but its value is never read.
src/chat-backend/controllers/chat.controller.ts(195,16): error TS6133: 'req' is declared but its value is never read.
src/chat-backend/controllers/chat.controller.ts(222,16): error TS6133: 'req' is declared but its value is never read.
src/chat-backend/controllers/chat.controller.ts(244,16): error TS6133: 'req' is declared but its value is never read.
src/chat-backend/controllers/chat.controller.ts(275,16): error TS6133: 'req' is declared but its value is never read.
src/chat-backend/controllers/chat.controller.ts(304,16): error TS6133: 'req' is declared but its value is never read.
src/chat-backend/controllers/chat.controller.ts(338,16): error TS6133: 'req' is declared but its value is never read.
src/chat-backend/services/chat.service.new.ts(381,5): error TS6133: 'conversationId' is declared but its value is never read.
src/chat-backend/services/chat.service.new.ts(382,5): error TS6133: 'userId' is declared but its value is never read.
src/chat-backend/services/chat.service.new.ts(384,5): error TS6133: 'limit' is declared but its value is never read.
src/chat-backend/services/chat.service.new.ts(408,30): error TS6133: 'conversationId' is declared but its value is never read.
src/chat-backend/services/chat.service.new.ts(408,54): error TS6133: 'userId' is declared but its value is never read.
src/chat-backend/services/chat.service.ts(381,5): error TS6133: 'conversationId' is declared but its value is never read.
src/chat-backend/services/chat.service.ts(382,5): error TS6133: 'userId' is declared but its value is never read.
src/chat-backend/services/chat.service.ts(384,5): error TS6133: 'limit' is declared but its value is never read.
src/chat-backend/services/chat.service.ts(408,30): error TS6133: 'conversationId' is declared but its value is never read.
src/chat-backend/services/chat.service.ts(408,54): error TS6133: 'userId' is declared but its value is never read.
src/common/services/mobile-optimization.service.ts(40,32): error TS6138: Property 'prisma' is declared but its value is never read.
src/common/services/mobile-optimization.service.ts(158,7): error TS6133: 'maxConcurrency' is declared but its value is never read.
src/common/services/mobile-optimization.service.ts(355,55): error TS6133: 'cursor' is declared but its value is never read.
src/config/database.ts(13,5): error TS6133: 'Prisma' is declared but its value is never read.
src/infra/prisma/mock-prisma-client.ts(323,24): error TS6133: 'args' is declared but its value is never read.
src/infra/prisma/mock-prisma-client.ts(324,22): error TS6133: 'args' is declared but its value is never read.
src/infra/prisma/mock-prisma-client.ts(325,20): error TS6133: 'args' is declared but its value is never read.
src/infra/prisma/mock-prisma-client.ts(326,20): error TS6133: 'args' is declared but its value is never read.
src/infra/prisma/mock-prisma-client.ts(327,19): error TS6133: 'args' is declared but its value is never read.
src/infra/prisma/mock-prisma-client.ts(331,20): error TS6133: 'args' is declared but its value is never read.
src/infra/prisma/mock-prisma-client.ts(332,24): error TS6133: 'args' is declared but its value is never read.
src/infra/prisma/mock-prisma-client.ts(333,22): error TS6133: 'args' is declared but its value is never read.
src/infra/prisma/mock-prisma-client.ts(334,20): error TS6133: 'args' is declared but its value is never read.
src/infra/prisma/mock-prisma-client.ts(335,20): error TS6133: 'args' is declared but its value is never read.
src/infra/prisma/mock-prisma-client.ts(336,19): error TS6133: 'args' is declared but its value is never read.
src/infra/prisma/mock-prisma-client.ts(340,20): error TS6133: 'args' is declared but its value is never read.
src/infra/prisma/mock-prisma-client.ts(341,24): error TS6133: 'args' is declared but its value is never read.
src/infra/prisma/mock-prisma-client.ts(342,22): error TS6133: 'args' is declared but its value is never read.
src/infra/prisma/mock-prisma-client.ts(343,20): error TS6133: 'args' is declared but its value is never read.
src/infra/prisma/mock-prisma-client.ts(344,20): error TS6133: 'args' is declared but its value is never read.
src/infra/prisma/mock-prisma-client.ts(345,19): error TS6133: 'args' is declared but its value is never read.
src/infra/prisma/mock-prisma-client.ts(349,20): error TS6133: 'args' is declared but its value is never read.
src/infra/prisma/mock-prisma-client.ts(350,24): error TS6133: 'args' is declared but its value is never read.
src/infra/prisma/mock-prisma-client.ts(351,22): error TS6133: 'args' is declared but its value is never read.
src/infra/prisma/mock-prisma-client.ts(352,20): error TS6133: 'args' is declared but its value is never read.
src/infra/prisma/mock-prisma-client.ts(353,20): error TS6133: 'args' is declared but its value is never read.
src/infra/prisma/mock-prisma-client.ts(354,19): error TS6133: 'args' is declared but its value is never read.
src/infra/prisma/mock-prisma-client.ts(358,20): error TS6133: 'args' is declared but its value is never read.
src/infra/prisma/mock-prisma-client.ts(360,24): error TS6133: 'args' is declared but its value is never read.
src/infra/prisma/mock-prisma-client.ts(361,22): error TS6133: 'args' is declared but its value is never read.
src/infra/prisma/mock-prisma-client.ts(362,20): error TS6133: 'args' is declared but its value is never read.
src/infra/prisma/mock-prisma-client.ts(364,20): error TS6133: 'args' is declared but its value is never read.
src/infra/prisma/mock-prisma-client.ts(366,19): error TS6133: 'args' is declared but its value is never read.
src/infra/prisma/mock-prisma-client.ts(370,20): error TS6133: 'args' is declared but its value is never read.
src/infra/prisma/mock-prisma-client.ts(371,24): error TS6133: 'args' is declared but its value is never read.
src/infra/prisma/mock-prisma-client.ts(372,22): error TS6133: 'args' is declared but its value is never read.
src/infra/prisma/mock-prisma-client.ts(373,20): error TS6133: 'args' is declared but its value is never read.
src/infra/prisma/mock-prisma-client.ts(374,20): error TS6133: 'args' is declared but its value is never read.
src/infra/prisma/mock-prisma-client.ts(375,19): error TS6133: 'args' is declared but its value is never read.
src/infra/prisma/mock-prisma-client.ts(379,20): error TS6133: 'args' is declared but its value is never read.
src/infra/prisma/mock-prisma-client.ts(380,24): error TS6133: 'args' is declared but its value is never read.
src/infra/prisma/mock-prisma-client.ts(381,22): error TS6133: 'args' is declared but its value is never read.
src/infra/prisma/mock-prisma-client.ts(382,20): error TS6133: 'args' is declared but its value is never read.
src/infra/prisma/mock-prisma-client.ts(383,20): error TS6133: 'args' is declared but its value is never read.
src/infra/prisma/mock-prisma-client.ts(384,19): error TS6133: 'args' is declared but its value is never read.
src/infra/prisma/mock-prisma-client.ts(401,24): error TS6133: 'args' is declared but its value is never read.
src/infra/prisma/mock-prisma-client.ts(402,22): error TS6133: 'args' is declared but its value is never read.
src/infra/prisma/mock-prisma-client.ts(403,23): error TS6133: 'args' is declared but its value is never read.
src/infra/prisma/mock-prisma-client.ts(404,20): error TS6133: 'args' is declared but its value is never read.
src/infra/prisma/mock-prisma-client.ts(405,20): error TS6133: 'args' is declared but its value is never read.
src/infra/prisma/mock-prisma-client.ts(406,19): error TS6133: 'args' is declared but its value is never read.
src/infra/prisma/mock-prisma-client.ts(425,24): error TS6133: 'args' is declared but its value is never read.
src/infra/prisma/mock-prisma-client.ts(426,23): error TS6133: 'args' is declared but its value is never read.
src/infra/prisma/mock-prisma-client.ts(427,22): error TS6133: 'args' is declared but its value is never read.
src/infra/prisma/mock-prisma-client.ts(428,20): error TS6133: 'args' is declared but its value is never read.
src/infra/prisma/mock-prisma-client.ts(430,20): error TS6133: 'args' is declared but its value is never read.
src/infra/prisma/mock-prisma-client.ts(432,19): error TS6133: 'args' is declared but its value is never read.
src/infra/prisma/mock-prisma-client.ts(449,24): error TS6133: 'args' is declared but its value is never read.
src/infra/prisma/mock-prisma-client.ts(450,22): error TS6133: 'args' is declared but its value is never read.
src/infra/prisma/mock-prisma-client.ts(451,20): error TS6133: 'args' is declared but its value is never read.
src/infra/prisma/mock-prisma-client.ts(452,20): error TS6133: 'args' is declared but its value is never read.
src/infra/prisma/mock-prisma-client.ts(453,19): error TS6133: 'args' is declared but its value is never read.
src/infra/prisma/mock-prisma-client.ts(466,24): error TS6133: 'args' is declared but its value is never read.
src/infra/prisma/mock-prisma-client.ts(467,22): error TS6133: 'args' is declared but its value is never read.
src/infra/prisma/mock-prisma-client.ts(468,20): error TS6133: 'args' is declared but its value is never read.
src/infra/prisma/mock-prisma-client.ts(478,20): error TS6133: 'args' is declared but its value is never read.
src/infra/prisma/mock-prisma-client.ts(479,19): error TS6133: 'args' is declared but its value is never read.
src/infra/prisma/mock-prisma-client.ts(497,24): error TS6133: 'args' is declared but its value is never read.
src/infra/prisma/mock-prisma-client.ts(498,22): error TS6133: 'args' is declared but its value is never read.
src/infra/prisma/mock-prisma-client.ts(499,20): error TS6133: 'args' is declared but its value is never read.
src/infra/prisma/mock-prisma-client.ts(500,20): error TS6133: 'args' is declared but its value is never read.
src/infra/prisma/mock-prisma-client.ts(501,19): error TS6133: 'args' is declared but its value is never read.
src/infra/prisma/mock-prisma-client.ts(520,19): error TS6133: 'query' is declared but its value is never read.
src/main.ts(22,1): error TS6133: 'path' is declared but its value is never read.
src/main.ts(30,3): error TS6133: 'metricsEndpoint' is declared but its value is never read.
src/main.ts(71,12): error TS6133: 'req' is declared but its value is never read.
src/main.ts(101,11): error TS6133: 'httpsOptions' is declared but its value is never read.
src/middleware/logging.ts(136,3): error TS6133: 'res' is declared but its value is never read.
src/middleware/logging.ts(282,33): error TS6133: 'req' is declared but its value is never read.
src/middleware/validation.ts(2,1): error TS6133: 'ValidationError' is declared but its value is never read.
src/upload/upload.module.ts(2,34): error TS2307: Cannot find module './upload.controller' or its corresponding type declarations.
src/upload/upload.module.ts(3,31): error TS2307: Cannot find module './upload.service' or its corresponding type declarations.
src/user/application/user.service.ts(4,3): error TS6133: 'BadRequestException' is declared but its value is never read.
src/user/data/user.repository.ts(37,15): error TS6133: 'db' is declared but its value is never read.
src/user/data/user.repository.ts(41,18): error TS6133: 'id' is declared but its value is never read.
src/user/data/user.repository.ts(46,21): error TS6133: 'email' is declared but its value is never read.
src/user/data/user.repository.ts(51,24): error TS6133: 'username' is declared but its value is never read.
src/user/data/user.repository.ts(74,37): error TS6133: 'userId' is declared but its value is never read.
src/user/data/user.repository.ts(78,33): error TS6133: 'userId' is declared but its value is never read.
src/user/data/user.repository.ts(82,34): error TS6133: 'userId' is declared but its value is never read.
src/user/data/user.repository.ts(86,30): error TS6133: 'userId' is declared but its value is never read.
