{"/Users/harishraghave/Desktop/colleging/college-id-signup-1/src/app.bootstrap.ts": {"path":"/Users/harishraghave/Desktop/colleging/college-id-signup-1/src/app.bootstrap.ts","statementMap":{"0":{"start":{"line":18,"column":0},"end":{"line":18,"column":7}},"1":{"start":{"line":1,"column":0},"end":{"line":1,"column":66}},"2":{"start":{"line":2,"column":0},"end":{"line":2,"column":57}},"3":{"start":{"line":3,"column":0},"end":{"line":3,"column":null}},"4":{"start":{"line":8,"column":0},"end":{"line":8,"column":54}},"5":{"start":{"line":10,"column":29},"end":{"line":10,"column":63}},"6":{"start":{"line":11,"column":24},"end":{"line":11,"column":64}},"7":{"start":{"line":20,"column":2},"end":{"line":20,"column":31}},"8":{"start":{"line":21,"column":2},"end":{"line":21,"column":36}},"9":{"start":{"line":22,"column":2},"end":{"line":22,"column":29}},"10":{"start":{"line":25,"column":2},"end":{"line":31,"column":4}},"11":{"start":{"line":34,"column":22},"end":{"line":36,"column":4}},"12":{"start":{"line":38,"column":2},"end":{"line":50,"column":5}},"13":{"start":{"line":53,"column":2},"end":{"line":67,"column":5}},"14":{"start":{"line":54,"column":4},"end":{"line":57,"column":6}},"15":{"start":{"line":58,"column":4},"end":{"line":58,"column":55}},"16":{"start":{"line":59,"column":4},"end":{"line":59,"column":45}},"17":{"start":{"line":60,"column":4},"end":{"line":60,"column":55}},"18":{"start":{"line":61,"column":4},"end":{"line":61,"column":72}},"19":{"start":{"line":62,"column":4},"end":{"line":65,"column":6}},"20":{"start":{"line":66,"column":4},"end":{"line":66,"column":11}},"21":{"start":{"line":70,"column":2},"end":{"line":70,"column":22}},"22":{"start":{"line":71,"column":2},"end":{"line":102,"column":5}},"23":{"start":{"line":72,"column":27},"end":{"line":72,"column":48}},"24":{"start":{"line":73,"column":4},"end":{"line":99,"column":5}},"25":{"start":{"line":74,"column":6},"end":{"line":79,"column":7}},"26":{"start":{"line":78,"column":8},"end":{"line":78,"column":70}},"27":{"start":{"line":81,"column":6},"end":{"line":86,"column":7}},"28":{"start":{"line":85,"column":8},"end":{"line":85,"column":78}},"29":{"start":{"line":88,"column":6},"end":{"line":98,"column":7}},"30":{"start":{"line":89,"column":26},"end":{"line":89,"column":49}},"31":{"start":{"line":91,"column":10},"end":{"line":96,"column":54}},"32":{"start":{"line":97,"column":8},"end":{"line":97,"column":63}},"33":{"start":{"line":101,"column":4},"end":{"line":101,"column":11}},"34":{"start":{"line":105,"column":22},"end":{"line":105,"column":42}},"35":{"start":{"line":106,"column":17},"end":{"line":108,"column":15}},"36":{"start":{"line":110,"column":2},"end":{"line":113,"column":3}},"37":{"start":{"line":111,"column":4},"end":{"line":111,"column":31}},"38":{"start":{"line":112,"column":4},"end":{"line":112,"column":47}},"39":{"start":{"line":116,"column":2},"end":{"line":116,"column":32}}},"fnMap":{"0":{"name":"configureApp","decl":{"start":{"line":18,"column":22},"end":{"line":18,"column":34}},"loc":{"start":{"line":18,"column":56},"end":{"line":117,"column":1}}},"1":{"name":"(anonymous_1)","decl":{"start":{"line":53,"column":10},"end":{"line":53,"column":11}},"loc":{"start":{"line":53,"column":30},"end":{"line":67,"column":3}}},"2":{"name":"(anonymous_2)","decl":{"start":{"line":71,"column":10},"end":{"line":71,"column":11}},"loc":{"start":{"line":71,"column":29},"end":{"line":102,"column":3}}}},"branchMap":{"0":{"loc":{"start":{"line":34,"column":22},"end":{"line":36,"column":4}},"type":"binary-expr","locations":[{"start":{"line":34,"column":22},"end":{"line":34,"column":57}},{"start":{"line":34,"column":61},"end":{"line":36,"column":4}}]},"1":{"loc":{"start":{"line":73,"column":4},"end":{"line":99,"column":5}},"type":"if","locations":[{"start":{"line":73,"column":4},"end":{"line":99,"column":5}}]},"2":{"loc":{"start":{"line":74,"column":6},"end":{"line":79,"column":7}},"type":"if","locations":[{"start":{"line":74,"column":6},"end":{"line":79,"column":7}}]},"3":{"loc":{"start":{"line":75,"column":8},"end":{"line":76,"column":41}},"type":"binary-expr","locations":[{"start":{"line":75,"column":8},"end":{"line":75,"column":41}},{"start":{"line":76,"column":8},"end":{"line":76,"column":41}}]},"4":{"loc":{"start":{"line":81,"column":6},"end":{"line":86,"column":7}},"type":"if","locations":[{"start":{"line":81,"column":6},"end":{"line":86,"column":7}}]},"5":{"loc":{"start":{"line":82,"column":8},"end":{"line":83,"column":45}},"type":"binary-expr","locations":[{"start":{"line":82,"column":8},"end":{"line":82,"column":45}},{"start":{"line":83,"column":8},"end":{"line":83,"column":45}}]},"6":{"loc":{"start":{"line":88,"column":6},"end":{"line":98,"column":7}},"type":"if","locations":[{"start":{"line":88,"column":6},"end":{"line":98,"column":7}}]},"7":{"loc":{"start":{"line":88,"column":10},"end":{"line":88,"column":70}},"type":"binary-expr","locations":[{"start":{"line":88,"column":10},"end":{"line":88,"column":43}},{"start":{"line":88,"column":47},"end":{"line":88,"column":70}}]},"8":{"loc":{"start":{"line":91,"column":10},"end":{"line":96,"column":54}},"type":"cond-expr","locations":[{"start":{"line":92,"column":14},"end":{"line":94,"column":null}},{"start":{"line":96,"column":14},"end":{"line":96,"column":54}}]},"9":{"loc":{"start":{"line":106,"column":17},"end":{"line":108,"column":15}},"type":"cond-expr","locations":[{"start":{"line":107,"column":7},"end":{"line":107,"column":42}},{"start":{"line":108,"column":6},"end":{"line":108,"column":15}}]},"10":{"loc":{"start":{"line":106,"column":17},"end":{"line":106,"column":60}},"type":"binary-expr","locations":[{"start":{"line":106,"column":17},"end":{"line":106,"column":28}},{"start":{"line":106,"column":32},"end":{"line":106,"column":60}}]},"11":{"loc":{"start":{"line":110,"column":2},"end":{"line":113,"column":3}},"type":"if","locations":[{"start":{"line":110,"column":2},"end":{"line":113,"column":3}}]},"12":{"loc":{"start":{"line":110,"column":6},"end":{"line":110,"column":53}},"type":"binary-expr","locations":[{"start":{"line":110,"column":6},"end":{"line":110,"column":12}},{"start":{"line":110,"column":16},"end":{"line":110,"column":53}}]}},"s":{"0":2,"1":2,"2":2,"3":2,"4":2,"5":2,"6":2,"7":1,"8":1,"9":1,"10":1,"11":1,"12":1,"13":1,"14":0,"15":0,"16":0,"17":0,"18":0,"19":0,"20":0,"21":1,"22":1,"23":0,"24":0,"25":0,"26":0,"27":0,"28":0,"29":0,"30":0,"31":0,"32":0,"33":0,"34":1,"35":1,"36":1,"37":1,"38":1,"39":1},"f":{"0":1,"1":0,"2":0},"b":{"0":[1,1],"1":[0],"2":[0],"3":[0,0],"4":[0],"5":[0,0],"6":[0],"7":[0,0],"8":[0,0],"9":[1,0],"10":[1,1],"11":[1],"12":[1,1]}}
,"/Users/harishraghave/Desktop/colleging/college-id-signup-1/src/app.js": {"path":"/Users/harishraghave/Desktop/colleging/college-id-signup-1/src/app.js","statementMap":{"0":{"start":{"line":1,"column":16},"end":{"line":1,"column":34}},"1":{"start":{"line":2,"column":13},"end":{"line":2,"column":28}},"2":{"start":{"line":3,"column":15},"end":{"line":3,"column":32}},"3":{"start":{"line":4,"column":13},"end":{"line":4,"column":28}},"4":{"start":{"line":5,"column":15},"end":{"line":5,"column":32}},"5":{"start":{"line":6,"column":28},"end":{"line":6,"column":56}},"6":{"start":{"line":12,"column":4},"end":{"line":12,"column":39}},"7":{"start":{"line":15,"column":19},"end":{"line":15,"column":43}},"8":{"start":{"line":16,"column":28},"end":{"line":16,"column":61}},"9":{"start":{"line":17,"column":21},"end":{"line":17,"column":47}},"10":{"start":{"line":19,"column":12},"end":{"line":19,"column":21}},"11":{"start":{"line":23,"column":0},"end":{"line":23,"column":18}},"12":{"start":{"line":26,"column":0},"end":{"line":29,"column":4}},"13":{"start":{"line":32,"column":0},"end":{"line":32,"column":20}},"14":{"start":{"line":35,"column":0},"end":{"line":35,"column":41}},"15":{"start":{"line":36,"column":0},"end":{"line":36,"column":63}},"16":{"start":{"line":39,"column":0},"end":{"line":39,"column":72}},"17":{"start":{"line":42,"column":0},"end":{"line":48,"column":3}},"18":{"start":{"line":43,"column":2},"end":{"line":47,"column":5}},"19":{"start":{"line":51,"column":0},"end":{"line":71,"column":3}},"20":{"start":{"line":52,"column":2},"end":{"line":70,"column":3}},"21":{"start":{"line":53,"column":19},"end":{"line":53,"column":36}},"22":{"start":{"line":55,"column":4},"end":{"line":55,"column":37}},"23":{"start":{"line":57,"column":4},"end":{"line":61,"column":7}},"24":{"start":{"line":63,"column":4},"end":{"line":63,"column":58}},"25":{"start":{"line":64,"column":4},"end":{"line":69,"column":7}},"26":{"start":{"line":75,"column":0},"end":{"line":75,"column":51}},"27":{"start":{"line":76,"column":0},"end":{"line":76,"column":69}},"28":{"start":{"line":77,"column":0},"end":{"line":77,"column":52}},"29":{"start":{"line":80,"column":0},"end":{"line":86,"column":3}},"30":{"start":{"line":81,"column":2},"end":{"line":81,"column":41}},"31":{"start":{"line":82,"column":2},"end":{"line":85,"column":5}},"32":{"start":{"line":89,"column":0},"end":{"line":129,"column":3}},"33":{"start":{"line":90,"column":2},"end":{"line":128,"column":5}},"34":{"start":{"line":132,"column":0},"end":{"line":139,"column":3}},"35":{"start":{"line":133,"column":2},"end":{"line":138,"column":5}},"36":{"start":{"line":142,"column":0},"end":{"line":173,"column":3}},"37":{"start":{"line":143,"column":2},"end":{"line":143,"column":48}},"38":{"start":{"line":146,"column":2},"end":{"line":154,"column":3}},"39":{"start":{"line":147,"column":4},"end":{"line":153,"column":5}},"40":{"start":{"line":148,"column":6},"end":{"line":152,"column":9}},"41":{"start":{"line":157,"column":2},"end":{"line":163,"column":3}},"42":{"start":{"line":158,"column":4},"end":{"line":162,"column":7}},"43":{"start":{"line":166,"column":2},"end":{"line":172,"column":5}},"44":{"start":{"line":175,"column":0},"end":{"line":175,"column":25}}},"fnMap":{"0":{"name":"(anonymous_0)","decl":{"start":{"line":42,"column":19},"end":{"line":42,"column":20}},"loc":{"start":{"line":42,"column":33},"end":{"line":48,"column":1}},"line":42},"1":{"name":"(anonymous_1)","decl":{"start":{"line":51,"column":28},"end":{"line":51,"column":29}},"loc":{"start":{"line":51,"column":48},"end":{"line":71,"column":1}},"line":51},"2":{"name":"(anonymous_2)","decl":{"start":{"line":80,"column":8},"end":{"line":80,"column":9}},"loc":{"start":{"line":80,"column":33},"end":{"line":86,"column":1}},"line":80},"3":{"name":"(anonymous_3)","decl":{"start":{"line":89,"column":13},"end":{"line":89,"column":14}},"loc":{"start":{"line":89,"column":27},"end":{"line":129,"column":1}},"line":89},"4":{"name":"(anonymous_4)","decl":{"start":{"line":132,"column":13},"end":{"line":132,"column":14}},"loc":{"start":{"line":132,"column":27},"end":{"line":139,"column":1}},"line":132},"5":{"name":"(anonymous_5)","decl":{"start":{"line":142,"column":8},"end":{"line":142,"column":9}},"loc":{"start":{"line":142,"column":35},"end":{"line":173,"column":1}},"line":142}},"branchMap":{"0":{"loc":{"start":{"line":27,"column":10},"end":{"line":27,"column":87}},"type":"binary-expr","locations":[{"start":{"line":27,"column":10},"end":{"line":27,"column":32}},{"start":{"line":27,"column":36},"end":{"line":27,"column":60}},{"start":{"line":27,"column":64},"end":{"line":27,"column":87}}],"line":27},"1":{"loc":{"start":{"line":82,"column":13},"end":{"line":82,"column":30}},"type":"binary-expr","locations":[{"start":{"line":82,"column":13},"end":{"line":82,"column":23}},{"start":{"line":82,"column":27},"end":{"line":82,"column":30}}],"line":82},"2":{"loc":{"start":{"line":84,"column":11},"end":{"line":84,"column":49}},"type":"binary-expr","locations":[{"start":{"line":84,"column":11},"end":{"line":84,"column":22}},{"start":{"line":84,"column":26},"end":{"line":84,"column":49}}],"line":84},"3":{"loc":{"start":{"line":146,"column":2},"end":{"line":154,"column":3}},"type":"if","locations":[{"start":{"line":146,"column":2},"end":{"line":154,"column":3}},{"start":{},"end":{}}],"line":146},"4":{"loc":{"start":{"line":147,"column":4},"end":{"line":153,"column":5}},"type":"if","locations":[{"start":{"line":147,"column":4},"end":{"line":153,"column":5}},{"start":{},"end":{}}],"line":147},"5":{"loc":{"start":{"line":157,"column":2},"end":{"line":163,"column":3}},"type":"if","locations":[{"start":{"line":157,"column":2},"end":{"line":163,"column":3}},{"start":{},"end":{}}],"line":157},"6":{"loc":{"start":{"line":171,"column":8},"end":{"line":171,"column":76}},"type":"binary-expr","locations":[{"start":{"line":171,"column":8},"end":{"line":171,"column":46}},{"start":{"line":171,"column":50},"end":{"line":171,"column":76}}],"line":171}},"s":{"0":0,"1":0,"2":0,"3":0,"4":0,"5":0,"6":0,"7":0,"8":0,"9":0,"10":0,"11":0,"12":0,"13":0,"14":0,"15":0,"16":0,"17":0,"18":0,"19":0,"20":0,"21":0,"22":0,"23":0,"24":0,"25":0,"26":0,"27":0,"28":0,"29":0,"30":0,"31":0,"32":0,"33":0,"34":0,"35":0,"36":0,"37":0,"38":0,"39":0,"40":0,"41":0,"42":0,"43":0,"44":0},"f":{"0":0,"1":0,"2":0,"3":0,"4":0,"5":0},"b":{"0":[0,0,0],"1":[0,0],"2":[0,0],"3":[0,0],"4":[0,0],"5":[0,0],"6":[0,0]}}
,"/Users/harishraghave/Desktop/colleging/college-id-signup-1/src/app.module.js": {"path":"/Users/harishraghave/Desktop/colleging/college-id-signup-1/src/app.module.js","statementMap":{},"fnMap":{},"branchMap":{},"s":{},"f":{},"b":{}}
,"/Users/harishraghave/Desktop/colleging/college-id-signup-1/src/app.ts": {"path":"/Users/harishraghave/Desktop/colleging/college-id-signup-1/src/app.ts","statementMap":{"0":{"start":{"line":1,"column":0},"end":{"line":1,"column":67}},"1":{"start":{"line":2,"column":0},"end":{"line":2,"column":24}},"2":{"start":{"line":3,"column":0},"end":{"line":3,"column":28}},"3":{"start":{"line":4,"column":0},"end":{"line":4,"column":24}},"4":{"start":{"line":5,"column":0},"end":{"line":5,"column":28}},"5":{"start":{"line":6,"column":0},"end":{"line":6,"column":52}},"6":{"start":{"line":7,"column":0},"end":{"line":7,"column":54}},"7":{"start":{"line":9,"column":12},"end":{"line":9,"column":21}},"8":{"start":{"line":180,"column":9},"end":{"line":180,"column":12}},"9":{"start":{"line":10,"column":13},"end":{"line":10,"column":37}},"10":{"start":{"line":14,"column":0},"end":{"line":14,"column":18}},"11":{"start":{"line":17,"column":0},"end":{"line":22,"column":2}},"12":{"start":{"line":25,"column":0},"end":{"line":25,"column":20}},"13":{"start":{"line":27,"column":0},"end":{"line":27,"column":41}},"14":{"start":{"line":28,"column":0},"end":{"line":28,"column":63}},"15":{"start":{"line":31,"column":0},"end":{"line":31,"column":72}},"16":{"start":{"line":34,"column":0},"end":{"line":40,"column":3}},"17":{"start":{"line":35,"column":2},"end":{"line":39,"column":5}},"18":{"start":{"line":43,"column":0},"end":{"line":63,"column":3}},"19":{"start":{"line":44,"column":2},"end":{"line":62,"column":3}},"20":{"start":{"line":45,"column":19},"end":{"line":45,"column":36}},"21":{"start":{"line":47,"column":4},"end":{"line":47,"column":37}},"22":{"start":{"line":49,"column":4},"end":{"line":53,"column":7}},"23":{"start":{"line":55,"column":4},"end":{"line":55,"column":58}},"24":{"start":{"line":56,"column":4},"end":{"line":61,"column":7}},"25":{"start":{"line":66,"column":0},"end":{"line":80,"column":3}},"26":{"start":{"line":67,"column":2},"end":{"line":79,"column":5}},"27":{"start":{"line":83,"column":0},"end":{"line":90,"column":3}},"28":{"start":{"line":84,"column":2},"end":{"line":89,"column":5}},"29":{"start":{"line":93,"column":0},"end":{"line":124,"column":3}},"30":{"start":{"line":94,"column":2},"end":{"line":94,"column":48}},"31":{"start":{"line":97,"column":2},"end":{"line":105,"column":3}},"32":{"start":{"line":98,"column":4},"end":{"line":104,"column":5}},"33":{"start":{"line":99,"column":6},"end":{"line":103,"column":9}},"34":{"start":{"line":108,"column":2},"end":{"line":114,"column":3}},"35":{"start":{"line":109,"column":4},"end":{"line":113,"column":7}},"36":{"start":{"line":117,"column":2},"end":{"line":123,"column":5}},"37":{"start":{"line":127,"column":0},"end":{"line":139,"column":3}},"38":{"start":{"line":128,"column":2},"end":{"line":128,"column":63}},"39":{"start":{"line":130,"column":2},"end":{"line":136,"column":3}},"40":{"start":{"line":131,"column":19},"end":{"line":131,"column":36}},"41":{"start":{"line":132,"column":4},"end":{"line":132,"column":31}},"42":{"start":{"line":133,"column":4},"end":{"line":133,"column":48}},"43":{"start":{"line":135,"column":4},"end":{"line":135,"column":51}},"44":{"start":{"line":138,"column":2},"end":{"line":138,"column":18}},"45":{"start":{"line":141,"column":0},"end":{"line":153,"column":3}},"46":{"start":{"line":142,"column":2},"end":{"line":142,"column":62}},"47":{"start":{"line":144,"column":2},"end":{"line":150,"column":3}},"48":{"start":{"line":145,"column":19},"end":{"line":145,"column":36}},"49":{"start":{"line":146,"column":4},"end":{"line":146,"column":31}},"50":{"start":{"line":147,"column":4},"end":{"line":147,"column":48}},"51":{"start":{"line":149,"column":4},"end":{"line":149,"column":51}},"52":{"start":{"line":152,"column":2},"end":{"line":152,"column":18}},"53":{"start":{"line":156,"column":15},"end":{"line":178,"column":2}},"54":{"start":{"line":157,"column":2},"end":{"line":177,"column":5}},"55":{"start":{"line":180,"column":14},"end":{"line":180,"column":20}}},"fnMap":{"0":{"name":"(anonymous_1)","decl":{"start":{"line":34,"column":19},"end":{"line":34,"column":20}},"loc":{"start":{"line":34,"column":52},"end":{"line":40,"column":1}}},"1":{"name":"(anonymous_2)","decl":{"start":{"line":43,"column":28},"end":{"line":43,"column":33}},"loc":{"start":{"line":43,"column":67},"end":{"line":63,"column":1}}},"2":{"name":"(anonymous_3)","decl":{"start":{"line":66,"column":13},"end":{"line":66,"column":14}},"loc":{"start":{"line":66,"column":46},"end":{"line":80,"column":1}}},"3":{"name":"(anonymous_4)","decl":{"start":{"line":83,"column":13},"end":{"line":83,"column":14}},"loc":{"start":{"line":83,"column":45},"end":{"line":90,"column":1}}},"4":{"name":"(anonymous_5)","decl":{"start":{"line":93,"column":8},"end":{"line":93,"column":9}},"loc":{"start":{"line":93,"column":74},"end":{"line":124,"column":1}}},"5":{"name":"(anonymous_6)","decl":{"start":{"line":127,"column":22},"end":{"line":127,"column":27}},"loc":{"start":{"line":127,"column":33},"end":{"line":139,"column":1}}},"6":{"name":"(anonymous_7)","decl":{"start":{"line":141,"column":21},"end":{"line":141,"column":26}},"loc":{"start":{"line":141,"column":32},"end":{"line":153,"column":1}}},"7":{"name":"(anonymous_8)","decl":{"start":{"line":156,"column":32},"end":{"line":156,"column":35}},"loc":{"start":{"line":156,"column":37},"end":{"line":178,"column":1}}}},"branchMap":{"0":{"loc":{"start":{"line":10,"column":13},"end":{"line":10,"column":37}},"type":"binary-expr","locations":[{"start":{"line":10,"column":13},"end":{"line":10,"column":29}},{"start":{"line":10,"column":33},"end":{"line":10,"column":37}}]},"1":{"loc":{"start":{"line":19,"column":12},"end":{"line":19,"column":63}},"type":"binary-expr","locations":[{"start":{"line":19,"column":12},"end":{"line":19,"column":36}},{"start":{"line":19,"column":40},"end":{"line":19,"column":63}}]},"2":{"loc":{"start":{"line":97,"column":2},"end":{"line":105,"column":3}},"type":"if","locations":[{"start":{"line":97,"column":2},"end":{"line":105,"column":3}}]},"3":{"loc":{"start":{"line":98,"column":4},"end":{"line":104,"column":5}},"type":"if","locations":[{"start":{"line":98,"column":4},"end":{"line":104,"column":5}}]},"4":{"loc":{"start":{"line":108,"column":2},"end":{"line":114,"column":3}},"type":"if","locations":[{"start":{"line":108,"column":2},"end":{"line":114,"column":3}}]},"5":{"loc":{"start":{"line":122,"column":8},"end":{"line":122,"column":76}},"type":"binary-expr","locations":[{"start":{"line":122,"column":8},"end":{"line":122,"column":46}},{"start":{"line":122,"column":50},"end":{"line":122,"column":76}}]},"6":{"loc":{"start":{"line":175,"column":18},"end":{"line":175,"column":55}},"type":"binary-expr","locations":[{"start":{"line":175,"column":18},"end":{"line":175,"column":38}},{"start":{"line":175,"column":42},"end":{"line":175,"column":55}}]}},"s":{"0":0,"1":0,"2":0,"3":0,"4":0,"5":0,"6":0,"7":0,"8":0,"9":0,"10":0,"11":0,"12":0,"13":0,"14":0,"15":0,"16":0,"17":0,"18":0,"19":0,"20":0,"21":0,"22":0,"23":0,"24":0,"25":0,"26":0,"27":0,"28":0,"29":0,"30":0,"31":0,"32":0,"33":0,"34":0,"35":0,"36":0,"37":0,"38":0,"39":0,"40":0,"41":0,"42":0,"43":0,"44":0,"45":0,"46":0,"47":0,"48":0,"49":0,"50":0,"51":0,"52":0,"53":0,"54":0,"55":0},"f":{"0":0,"1":0,"2":0,"3":0,"4":0,"5":0,"6":0,"7":0},"b":{"0":[0,0],"1":[0,0],"2":[0],"3":[0],"4":[0],"5":[0,0],"6":[0,0]}}
,"/Users/harishraghave/Desktop/colleging/college-id-signup-1/src/main.js": {"path":"/Users/harishraghave/Desktop/colleging/college-id-signup-1/src/main.js","statementMap":{},"fnMap":{},"branchMap":{},"s":{},"f":{},"b":{}}
,"/Users/harishraghave/Desktop/colleging/college-id-signup-1/src/chat-backend/controllers/chat.controller.ts": {"path":"/Users/harishraghave/Desktop/colleging/college-id-signup-1/src/chat-backend/controllers/chat.controller.ts","statementMap":{"0":{"start":{"line":1,"column":0},"end":{"line":1,"column":null}},"1":{"start":{"line":14,"column":0},"end":{"line":14,"column":55}},"2":{"start":{"line":44,"column":7},"end":{"line":371,"column":null}},"3":{"start":{"line":45,"column":31},"end":{"line":45,"column":44}},"4":{"start":{"line":56,"column":19},"end":{"line":56,"column":34}},"5":{"start":{"line":58,"column":4},"end":{"line":60,"column":5}},"6":{"start":{"line":59,"column":6},"end":{"line":59,"column":74}},"7":{"start":{"line":63,"column":4},"end":{"line":65,"column":5}},"8":{"start":{"line":64,"column":6},"end":{"line":64,"column":76}},"9":{"start":{"line":67,"column":4},"end":{"line":69,"column":5}},"10":{"start":{"line":68,"column":6},"end":{"line":68,"column":71}},"11":{"start":{"line":71,"column":4},"end":{"line":74,"column":6}},"12":{"start":{"line":88,"column":19},"end":{"line":88,"column":30}},"13":{"start":{"line":90,"column":4},"end":{"line":92,"column":5}},"14":{"start":{"line":91,"column":6},"end":{"line":91,"column":74}},"15":{"start":{"line":95,"column":4},"end":{"line":97,"column":5}},"16":{"start":{"line":96,"column":6},"end":{"line":96,"column":72}},"17":{"start":{"line":99,"column":4},"end":{"line":99,"column":78}},"18":{"start":{"line":112,"column":19},"end":{"line":112,"column":30}},"19":{"start":{"line":114,"column":4},"end":{"line":116,"column":5}},"20":{"start":{"line":115,"column":6},"end":{"line":115,"column":74}},"21":{"start":{"line":117,"column":4},"end":{"line":120,"column":6}},"22":{"start":{"line":133,"column":19},"end":{"line":133,"column":40}},"23":{"start":{"line":135,"column":4},"end":{"line":137,"column":5}},"24":{"start":{"line":136,"column":6},"end":{"line":136,"column":74}},"25":{"start":{"line":140,"column":4},"end":{"line":145,"column":5}},"26":{"start":{"line":144,"column":6},"end":{"line":144,"column":80}},"27":{"start":{"line":147,"column":4},"end":{"line":151,"column":6}},"28":{"start":{"line":168,"column":19},"end":{"line":168,"column":30}},"29":{"start":{"line":170,"column":4},"end":{"line":172,"column":5}},"30":{"start":{"line":171,"column":6},"end":{"line":171,"column":74}},"31":{"start":{"line":175,"column":4},"end":{"line":177,"column":5}},"32":{"start":{"line":176,"column":6},"end":{"line":176,"column":72}},"33":{"start":{"line":179,"column":20},"end":{"line":184,"column":6}},"34":{"start":{"line":186,"column":4},"end":{"line":186,"column":79}},"35":{"start":{"line":199,"column":19},"end":{"line":199,"column":37}},"36":{"start":{"line":201,"column":4},"end":{"line":203,"column":5}},"37":{"start":{"line":202,"column":6},"end":{"line":202,"column":74}},"38":{"start":{"line":205,"column":4},"end":{"line":207,"column":5}},"39":{"start":{"line":206,"column":6},"end":{"line":206,"column":67}},"40":{"start":{"line":209,"column":4},"end":{"line":213,"column":6}},"41":{"start":{"line":225,"column":19},"end":{"line":225,"column":30}},"42":{"start":{"line":227,"column":4},"end":{"line":229,"column":5}},"43":{"start":{"line":228,"column":6},"end":{"line":228,"column":74}},"44":{"start":{"line":230,"column":18},"end":{"line":230,"column":63}},"45":{"start":{"line":232,"column":4},"end":{"line":235,"column":6}},"46":{"start":{"line":247,"column":26},"end":{"line":247,"column":44}},"47":{"start":{"line":249,"column":4},"end":{"line":253,"column":5}},"48":{"start":{"line":250,"column":6},"end":{"line":252,"column":8}},"49":{"start":{"line":255,"column":4},"end":{"line":257,"column":5}},"50":{"start":{"line":256,"column":6},"end":{"line":256,"column":58}},"51":{"start":{"line":259,"column":4},"end":{"line":261,"column":5}},"52":{"start":{"line":260,"column":6},"end":{"line":260,"column":80}},"53":{"start":{"line":263,"column":4},"end":{"line":266,"column":6}},"54":{"start":{"line":279,"column":26},"end":{"line":279,"column":50}},"55":{"start":{"line":281,"column":4},"end":{"line":285,"column":5}},"56":{"start":{"line":282,"column":6},"end":{"line":284,"column":8}},"57":{"start":{"line":287,"column":4},"end":{"line":289,"column":5}},"58":{"start":{"line":288,"column":6},"end":{"line":288,"column":58}},"59":{"start":{"line":291,"column":4},"end":{"line":295,"column":6}},"60":{"start":{"line":310,"column":19},"end":{"line":310,"column":30}},"61":{"start":{"line":312,"column":4},"end":{"line":314,"column":5}},"62":{"start":{"line":313,"column":6},"end":{"line":313,"column":74}},"63":{"start":{"line":316,"column":4},"end":{"line":318,"column":5}},"64":{"start":{"line":317,"column":6},"end":{"line":317,"column":64}},"65":{"start":{"line":320,"column":4},"end":{"line":322,"column":5}},"66":{"start":{"line":321,"column":6},"end":{"line":321,"column":71}},"67":{"start":{"line":324,"column":4},"end":{"line":329,"column":6}},"68":{"start":{"line":342,"column":19},"end":{"line":342,"column":30}},"69":{"start":{"line":344,"column":4},"end":{"line":346,"column":5}},"70":{"start":{"line":345,"column":6},"end":{"line":345,"column":74}},"71":{"start":{"line":347,"column":4},"end":{"line":347,"column":79}},"72":{"start":{"line":356,"column":4},"end":{"line":369,"column":6}},"73":{"start":{"line":44,"column":13},"end":{"line":44,"column":27}},"74":{"start":{"line":52,"column":8},"end":{"line":75,"column":null}},"75":{"start":{"line":82,"column":8},"end":{"line":100,"column":null}},"76":{"start":{"line":107,"column":8},"end":{"line":121,"column":null}},"77":{"start":{"line":128,"column":8},"end":{"line":152,"column":null}},"78":{"start":{"line":159,"column":8},"end":{"line":187,"column":null}},"79":{"start":{"line":194,"column":8},"end":{"line":214,"column":null}},"80":{"start":{"line":221,"column":8},"end":{"line":236,"column":null}},"81":{"start":{"line":243,"column":8},"end":{"line":267,"column":null}},"82":{"start":{"line":274,"column":8},"end":{"line":296,"column":null}},"83":{"start":{"line":303,"column":8},"end":{"line":330,"column":null}},"84":{"start":{"line":337,"column":8},"end":{"line":348,"column":null}},"85":{"start":{"line":355,"column":8},"end":{"line":370,"column":null}},"86":{"start":{"line":44,"column":13},"end":{"line":371,"column":null}}},"fnMap":{"0":{"name":"(anonymous_4)","decl":{"start":{"line":45,"column":2},"end":{"line":45,"column":31}},"loc":{"start":{"line":45,"column":55},"end":{"line":45,"column":59}}},"1":{"name":"(anonymous_5)","decl":{"start":{"line":52,"column":2},"end":{"line":52,"column":7}},"loc":{"start":{"line":54,"column":60},"end":{"line":75,"column":3}}},"2":{"name":"(anonymous_6)","decl":{"start":{"line":82,"column":2},"end":{"line":82,"column":7}},"loc":{"start":{"line":86,"column":41},"end":{"line":100,"column":3}}},"3":{"name":"(anonymous_7)","decl":{"start":{"line":107,"column":2},"end":{"line":107,"column":7}},"loc":{"start":{"line":110,"column":41},"end":{"line":121,"column":3}}},"4":{"name":"(anonymous_8)","decl":{"start":{"line":128,"column":2},"end":{"line":128,"column":7}},"loc":{"start":{"line":131,"column":68},"end":{"line":152,"column":3}}},"5":{"name":"(anonymous_9)","decl":{"start":{"line":159,"column":2},"end":{"line":159,"column":7}},"loc":{"start":{"line":166,"column":41},"end":{"line":187,"column":3}}},"6":{"name":"(anonymous_10)","decl":{"start":{"line":194,"column":2},"end":{"line":194,"column":7}},"loc":{"start":{"line":197,"column":62},"end":{"line":214,"column":3}}},"7":{"name":"(anonymous_11)","decl":{"start":{"line":221,"column":2},"end":{"line":221,"column":7}},"loc":{"start":{"line":223,"column":41},"end":{"line":236,"column":3}}},"8":{"name":"(anonymous_12)","decl":{"start":{"line":243,"column":2},"end":{"line":243,"column":7}},"loc":{"start":{"line":245,"column":60},"end":{"line":267,"column":3}}},"9":{"name":"(anonymous_13)","decl":{"start":{"line":274,"column":2},"end":{"line":274,"column":7}},"loc":{"start":{"line":277,"column":67},"end":{"line":296,"column":3}}},"10":{"name":"(anonymous_14)","decl":{"start":{"line":303,"column":2},"end":{"line":303,"column":7}},"loc":{"start":{"line":308,"column":41},"end":{"line":330,"column":3}}},"11":{"name":"(anonymous_15)","decl":{"start":{"line":337,"column":2},"end":{"line":337,"column":7}},"loc":{"start":{"line":340,"column":41},"end":{"line":348,"column":3}}},"12":{"name":"(anonymous_16)","decl":{"start":{"line":355,"column":2},"end":{"line":355,"column":7}},"loc":{"start":{"line":355,"column":19},"end":{"line":370,"column":3}}}},"branchMap":{"0":{"loc":{"start":{"line":58,"column":4},"end":{"line":60,"column":5}},"type":"if","locations":[{"start":{"line":58,"column":4},"end":{"line":60,"column":5}}]},"1":{"loc":{"start":{"line":63,"column":4},"end":{"line":65,"column":5}},"type":"if","locations":[{"start":{"line":63,"column":4},"end":{"line":65,"column":5}}]},"2":{"loc":{"start":{"line":63,"column":8},"end":{"line":63,"column":76}},"type":"binary-expr","locations":[{"start":{"line":63,"column":8},"end":{"line":63,"column":35}},{"start":{"line":63,"column":39},"end":{"line":63,"column":76}}]},"3":{"loc":{"start":{"line":67,"column":4},"end":{"line":69,"column":5}},"type":"if","locations":[{"start":{"line":67,"column":4},"end":{"line":69,"column":5}}]},"4":{"loc":{"start":{"line":90,"column":4},"end":{"line":92,"column":5}},"type":"if","locations":[{"start":{"line":90,"column":4},"end":{"line":92,"column":5}}]},"5":{"loc":{"start":{"line":95,"column":4},"end":{"line":97,"column":5}},"type":"if","locations":[{"start":{"line":95,"column":4},"end":{"line":97,"column":5}}]},"6":{"loc":{"start":{"line":114,"column":4},"end":{"line":116,"column":5}},"type":"if","locations":[{"start":{"line":114,"column":4},"end":{"line":116,"column":5}}]},"7":{"loc":{"start":{"line":135,"column":4},"end":{"line":137,"column":5}},"type":"if","locations":[{"start":{"line":135,"column":4},"end":{"line":137,"column":5}}]},"8":{"loc":{"start":{"line":140,"column":4},"end":{"line":145,"column":5}},"type":"if","locations":[{"start":{"line":140,"column":4},"end":{"line":145,"column":5}}]},"9":{"loc":{"start":{"line":141,"column":6},"end":{"line":142,"column":78}},"type":"binary-expr","locations":[{"start":{"line":141,"column":6},"end":{"line":141,"column":37}},{"start":{"line":142,"column":7},"end":{"line":142,"column":34}},{"start":{"line":142,"column":38},"end":{"line":142,"column":77}}]},"10":{"loc":{"start":{"line":170,"column":4},"end":{"line":172,"column":5}},"type":"if","locations":[{"start":{"line":170,"column":4},"end":{"line":172,"column":5}}]},"11":{"loc":{"start":{"line":175,"column":4},"end":{"line":177,"column":5}},"type":"if","locations":[{"start":{"line":175,"column":4},"end":{"line":177,"column":5}}]},"12":{"loc":{"start":{"line":182,"column":14},"end":{"line":182,"column":51}},"type":"cond-expr","locations":[{"start":{"line":182,"column":23},"end":{"line":182,"column":39}},{"start":{"line":182,"column":42},"end":{"line":182,"column":51}}]},"13":{"loc":{"start":{"line":183,"column":13},"end":{"line":183,"column":48}},"type":"cond-expr","locations":[{"start":{"line":183,"column":21},"end":{"line":183,"column":36}},{"start":{"line":183,"column":39},"end":{"line":183,"column":48}}]},"14":{"loc":{"start":{"line":201,"column":4},"end":{"line":203,"column":5}},"type":"if","locations":[{"start":{"line":201,"column":4},"end":{"line":203,"column":5}}]},"15":{"loc":{"start":{"line":205,"column":4},"end":{"line":207,"column":5}},"type":"if","locations":[{"start":{"line":205,"column":4},"end":{"line":207,"column":5}}]},"16":{"loc":{"start":{"line":205,"column":8},"end":{"line":205,"column":73}},"type":"binary-expr","locations":[{"start":{"line":205,"column":8},"end":{"line":205,"column":31}},{"start":{"line":205,"column":35},"end":{"line":205,"column":73}}]},"17":{"loc":{"start":{"line":227,"column":4},"end":{"line":229,"column":5}},"type":"if","locations":[{"start":{"line":227,"column":4},"end":{"line":229,"column":5}}]},"18":{"loc":{"start":{"line":249,"column":4},"end":{"line":253,"column":5}},"type":"if","locations":[{"start":{"line":249,"column":4},"end":{"line":253,"column":5}}]},"19":{"loc":{"start":{"line":255,"column":4},"end":{"line":257,"column":5}},"type":"if","locations":[{"start":{"line":255,"column":4},"end":{"line":257,"column":5}}]},"20":{"loc":{"start":{"line":259,"column":4},"end":{"line":261,"column":5}},"type":"if","locations":[{"start":{"line":259,"column":4},"end":{"line":261,"column":5}}]},"21":{"loc":{"start":{"line":281,"column":4},"end":{"line":285,"column":5}},"type":"if","locations":[{"start":{"line":281,"column":4},"end":{"line":285,"column":5}}]},"22":{"loc":{"start":{"line":287,"column":4},"end":{"line":289,"column":5}},"type":"if","locations":[{"start":{"line":287,"column":4},"end":{"line":289,"column":5}}]},"23":{"loc":{"start":{"line":312,"column":4},"end":{"line":314,"column":5}},"type":"if","locations":[{"start":{"line":312,"column":4},"end":{"line":314,"column":5}}]},"24":{"loc":{"start":{"line":316,"column":4},"end":{"line":318,"column":5}},"type":"if","locations":[{"start":{"line":316,"column":4},"end":{"line":318,"column":5}}]},"25":{"loc":{"start":{"line":320,"column":4},"end":{"line":322,"column":5}},"type":"if","locations":[{"start":{"line":320,"column":4},"end":{"line":322,"column":5}}]},"26":{"loc":{"start":{"line":344,"column":4},"end":{"line":346,"column":5}},"type":"if","locations":[{"start":{"line":344,"column":4},"end":{"line":346,"column":5}}]}},"s":{"0":2,"1":2,"2":2,"3":1,"4":0,"5":0,"6":0,"7":0,"8":0,"9":0,"10":0,"11":0,"12":0,"13":0,"14":0,"15":0,"16":0,"17":0,"18":0,"19":0,"20":0,"21":0,"22":0,"23":0,"24":0,"25":0,"26":0,"27":0,"28":0,"29":0,"30":0,"31":0,"32":0,"33":0,"34":0,"35":0,"36":0,"37":0,"38":0,"39":0,"40":0,"41":0,"42":0,"43":0,"44":0,"45":0,"46":0,"47":0,"48":0,"49":0,"50":0,"51":0,"52":0,"53":0,"54":0,"55":0,"56":0,"57":0,"58":0,"59":0,"60":0,"61":0,"62":0,"63":0,"64":0,"65":0,"66":0,"67":0,"68":0,"69":0,"70":0,"71":0,"72":0,"73":2,"74":2,"75":2,"76":2,"77":2,"78":2,"79":2,"80":2,"81":2,"82":2,"83":2,"84":2,"85":2,"86":2},"f":{"0":1,"1":0,"2":0,"3":0,"4":0,"5":0,"6":0,"7":0,"8":0,"9":0,"10":0,"11":0,"12":0},"b":{"0":[0],"1":[0],"2":[0,0],"3":[0],"4":[0],"5":[0],"6":[0],"7":[0],"8":[0],"9":[0,0,0],"10":[0],"11":[0],"12":[0,0],"13":[0,0],"14":[0],"15":[0],"16":[0,0],"17":[0],"18":[0],"19":[0],"20":[0],"21":[0],"22":[0],"23":[0],"24":[0],"25":[0],"26":[0]}}
,"/Users/harishraghave/Desktop/colleging/college-id-signup-1/src/chat-backend/repositories/chat.repository.ts": {"path":"/Users/harishraghave/Desktop/colleging/college-id-signup-1/src/chat-backend/repositories/chat.repository.ts","statementMap":{"0":{"start":{"line":1,"column":0},"end":{"line":1,"column":44}},"1":{"start":{"line":2,"column":0},"end":{"line":2,"column":56}},"2":{"start":{"line":30,"column":7},"end":{"line":515,"column":null}},"3":{"start":{"line":33,"column":4},"end":{"line":33,"column":29}},"4":{"start":{"line":40,"column":57},"end":{"line":40,"column":61}},"5":{"start":{"line":43,"column":28},"end":{"line":43,"column":79}},"6":{"start":{"line":45,"column":4},"end":{"line":94,"column":7}},"7":{"start":{"line":47,"column":27},"end":{"line":54,"column":8}},"8":{"start":{"line":57,"column":32},"end":{"line":62,"column":9}},"9":{"start":{"line":57,"column":65},"end":{"line":62,"column":8}},"10":{"start":{"line":64,"column":6},"end":{"line":66,"column":9}},"11":{"start":{"line":69,"column":6},"end":{"line":93,"column":9}},"12":{"start":{"line":105,"column":23},"end":{"line":111,"column":6}},"13":{"start":{"line":113,"column":4},"end":{"line":115,"column":5}},"14":{"start":{"line":114,"column":6},"end":{"line":114,"column":49}},"15":{"start":{"line":117,"column":26},"end":{"line":158,"column":6}},"16":{"start":{"line":160,"column":20},"end":{"line":160,"column":48}},"17":{"start":{"line":161,"column":34},"end":{"line":163,"column":21}},"18":{"start":{"line":164,"column":23},"end":{"line":168,"column":12}},"19":{"start":{"line":170,"column":4},"end":{"line":174,"column":6}},"20":{"start":{"line":185,"column":64},"end":{"line":185,"column":68}},"21":{"start":{"line":187,"column":4},"end":{"line":253,"column":7}},"22":{"start":{"line":189,"column":28},"end":{"line":194,"column":8}},"23":{"start":{"line":196,"column":6},"end":{"line":198,"column":7}},"24":{"start":{"line":197,"column":8},"end":{"line":197,"column":74}},"25":{"start":{"line":201,"column":22},"end":{"line":219,"column":8}},"26":{"start":{"line":222,"column":6},"end":{"line":229,"column":7}},"27":{"start":{"line":223,"column":8},"end":{"line":228,"column":11}},"28":{"start":{"line":224,"column":49},"end":{"line":227,"column":12}},"29":{"start":{"line":232,"column":6},"end":{"line":235,"column":9}},"30":{"start":{"line":238,"column":6},"end":{"line":252,"column":9}},"31":{"start":{"line":264,"column":50},"end":{"line":264,"column":57}},"32":{"start":{"line":267,"column":26},"end":{"line":272,"column":6}},"33":{"start":{"line":274,"column":4},"end":{"line":276,"column":5}},"34":{"start":{"line":275,"column":6},"end":{"line":275,"column":72}},"35":{"start":{"line":278,"column":23},"end":{"line":278,"column":41}},"36":{"start":{"line":280,"column":4},"end":{"line":282,"column":5}},"37":{"start":{"line":281,"column":6},"end":{"line":281,"column":49}},"38":{"start":{"line":284,"column":4},"end":{"line":286,"column":5}},"39":{"start":{"line":285,"column":6},"end":{"line":285,"column":59}},"40":{"start":{"line":288,"column":4},"end":{"line":290,"column":5}},"41":{"start":{"line":289,"column":6},"end":{"line":289,"column":58}},"42":{"start":{"line":292,"column":21},"end":{"line":318,"column":6}},"43":{"start":{"line":320,"column":20},"end":{"line":320,"column":43}},"44":{"start":{"line":321,"column":29},"end":{"line":321,"column":71}},"45":{"start":{"line":322,"column":23},"end":{"line":324,"column":12}},"46":{"start":{"line":326,"column":4},"end":{"line":330,"column":6}},"47":{"start":{"line":342,"column":26},"end":{"line":347,"column":6}},"48":{"start":{"line":349,"column":4},"end":{"line":351,"column":5}},"49":{"start":{"line":350,"column":6},"end":{"line":350,"column":72}},"50":{"start":{"line":354,"column":33},"end":{"line":360,"column":6}},"51":{"start":{"line":362,"column":34},"end":{"line":362,"column":78}},"52":{"start":{"line":362,"column":66},"end":{"line":362,"column":77}},"53":{"start":{"line":363,"column":29},"end":{"line":364,"column":null}},"54":{"start":{"line":364,"column":14},"end":{"line":364,"column":49}},"55":{"start":{"line":367,"column":4},"end":{"line":375,"column":5}},"56":{"start":{"line":368,"column":6},"end":{"line":374,"column":9}},"57":{"start":{"line":369,"column":51},"end":{"line":373,"column":10}},"58":{"start":{"line":377,"column":4},"end":{"line":377,"column":53}},"59":{"start":{"line":385,"column":30},"end":{"line":388,"column":6}},"60":{"start":{"line":390,"column":28},"end":{"line":390,"column":76}},"61":{"start":{"line":390,"column":58},"end":{"line":390,"column":75}},"62":{"start":{"line":392,"column":4},"end":{"line":394,"column":5}},"63":{"start":{"line":393,"column":6},"end":{"line":393,"column":15}},"64":{"start":{"line":397,"column":24},"end":{"line":407,"column":6}},"65":{"start":{"line":409,"column":4},"end":{"line":409,"column":23}},"66":{"start":{"line":420,"column":4},"end":{"line":466,"column":7}},"67":{"start":{"line":422,"column":33},"end":{"line":428,"column":8}},"68":{"start":{"line":430,"column":6},"end":{"line":432,"column":7}},"69":{"start":{"line":431,"column":8},"end":{"line":431,"column":66}},"70":{"start":{"line":435,"column":36},"end":{"line":440,"column":8}},"71":{"start":{"line":442,"column":6},"end":{"line":444,"column":7}},"72":{"start":{"line":443,"column":8},"end":{"line":443,"column":64}},"73":{"start":{"line":447,"column":6},"end":{"line":465,"column":9}},"74":{"start":{"line":474,"column":33},"end":{"line":503,"column":6}},"75":{"start":{"line":505,"column":4},"end":{"line":507,"column":5}},"76":{"start":{"line":506,"column":6},"end":{"line":506,"column":34}},"77":{"start":{"line":510,"column":4},"end":{"line":513,"column":7}},"78":{"start":{"line":30,"column":13},"end":{"line":30,"column":27}},"79":{"start":{"line":30,"column":13},"end":{"line":515,"column":null}}},"fnMap":{"0":{"name":"(anonymous_1)","decl":{"start":{"line":32,"column":2},"end":{"line":32,"column":14}},"loc":{"start":{"line":32,"column":16},"end":{"line":34,"column":3}}},"1":{"name":"(anonymous_2)","decl":{"start":{"line":39,"column":2},"end":{"line":39,"column":7}},"loc":{"start":{"line":39,"column":73},"end":{"line":95,"column":3}}},"2":{"name":"(anonymous_3)","decl":{"start":{"line":45,"column":38},"end":{"line":45,"column":43}},"loc":{"start":{"line":45,"column":51},"end":{"line":94,"column":5}}},"3":{"name":"(anonymous_4)","decl":{"start":{"line":57,"column":52},"end":{"line":57,"column":53}},"loc":{"start":{"line":57,"column":65},"end":{"line":62,"column":8}}},"4":{"name":"(anonymous_5)","decl":{"start":{"line":100,"column":2},"end":{"line":100,"column":7}},"loc":{"start":{"line":103,"column":19},"end":{"line":175,"column":3}}},"5":{"name":"(anonymous_6)","decl":{"start":{"line":180,"column":2},"end":{"line":180,"column":7}},"loc":{"start":{"line":183,"column":24},"end":{"line":254,"column":3}}},"6":{"name":"(anonymous_7)","decl":{"start":{"line":187,"column":38},"end":{"line":187,"column":43}},"loc":{"start":{"line":187,"column":51},"end":{"line":253,"column":5}}},"7":{"name":"(anonymous_8)","decl":{"start":{"line":224,"column":32},"end":{"line":224,"column":33}},"loc":{"start":{"line":224,"column":49},"end":{"line":227,"column":12}}},"8":{"name":"(anonymous_9)","decl":{"start":{"line":259,"column":2},"end":{"line":259,"column":7}},"loc":{"start":{"line":262,"column":32},"end":{"line":331,"column":3}}},"9":{"name":"(anonymous_10)","decl":{"start":{"line":336,"column":2},"end":{"line":336,"column":7}},"loc":{"start":{"line":339,"column":24},"end":{"line":378,"column":3}}},"10":{"name":"(anonymous_11)","decl":{"start":{"line":362,"column":59},"end":{"line":362,"column":60}},"loc":{"start":{"line":362,"column":66},"end":{"line":362,"column":77}}},"11":{"name":"(anonymous_12)","decl":{"start":{"line":364,"column":6},"end":{"line":364,"column":7}},"loc":{"start":{"line":364,"column":14},"end":{"line":364,"column":49}}},"12":{"name":"(anonymous_13)","decl":{"start":{"line":369,"column":35},"end":{"line":369,"column":36}},"loc":{"start":{"line":369,"column":51},"end":{"line":373,"column":10}}},"13":{"name":"(anonymous_14)","decl":{"start":{"line":383,"column":2},"end":{"line":383,"column":7}},"loc":{"start":{"line":383,"column":44},"end":{"line":410,"column":3}}},"14":{"name":"(anonymous_15)","decl":{"start":{"line":390,"column":50},"end":{"line":390,"column":51}},"loc":{"start":{"line":390,"column":58},"end":{"line":390,"column":75}}},"15":{"name":"(anonymous_16)","decl":{"start":{"line":415,"column":2},"end":{"line":415,"column":7}},"loc":{"start":{"line":418,"column":25},"end":{"line":467,"column":3}}},"16":{"name":"(anonymous_17)","decl":{"start":{"line":420,"column":38},"end":{"line":420,"column":43}},"loc":{"start":{"line":420,"column":51},"end":{"line":466,"column":5}}},"17":{"name":"(anonymous_18)","decl":{"start":{"line":472,"column":2},"end":{"line":472,"column":7}},"loc":{"start":{"line":472,"column":66},"end":{"line":514,"column":3}}}},"branchMap":{"0":{"loc":{"start":{"line":60,"column":14},"end":{"line":60,"column":55}},"type":"cond-expr","locations":[{"start":{"line":60,"column":37},"end":{"line":60,"column":44}},{"start":{"line":60,"column":47},"end":{"line":60,"column":55}}]},"1":{"loc":{"start":{"line":102,"column":4},"end":{"line":102,"column":22}},"type":"default-arg","locations":[{"start":{"line":102,"column":20},"end":{"line":102,"column":22}}]},"2":{"loc":{"start":{"line":113,"column":4},"end":{"line":115,"column":5}},"type":"if","locations":[{"start":{"line":113,"column":4},"end":{"line":115,"column":5}}]},"3":{"loc":{"start":{"line":161,"column":34},"end":{"line":163,"column":21}},"type":"cond-expr","locations":[{"start":{"line":162,"column":8},"end":{"line":162,"column":34}},{"start":{"line":163,"column":8},"end":{"line":163,"column":21}}]},"4":{"loc":{"start":{"line":164,"column":23},"end":{"line":168,"column":12}},"type":"cond-expr","locations":[{"start":{"line":165,"column":8},"end":{"line":167,"column":33}},{"start":{"line":168,"column":8},"end":{"line":168,"column":12}}]},"5":{"loc":{"start":{"line":185,"column":21},"end":{"line":185,"column":41}},"type":"default-arg","locations":[{"start":{"line":185,"column":35},"end":{"line":185,"column":41}}]},"6":{"loc":{"start":{"line":185,"column":43},"end":{"line":185,"column":59}},"type":"default-arg","locations":[{"start":{"line":185,"column":57},"end":{"line":185,"column":59}}]},"7":{"loc":{"start":{"line":196,"column":6},"end":{"line":198,"column":7}},"type":"if","locations":[{"start":{"line":196,"column":6},"end":{"line":198,"column":7}}]},"8":{"loc":{"start":{"line":222,"column":6},"end":{"line":229,"column":7}},"type":"if","locations":[{"start":{"line":222,"column":6},"end":{"line":229,"column":7}}]},"9":{"loc":{"start":{"line":262,"column":4},"end":{"line":262,"column":32}},"type":"default-arg","locations":[{"start":{"line":262,"column":30},"end":{"line":262,"column":32}}]},"10":{"loc":{"start":{"line":264,"column":12},"end":{"line":264,"column":22}},"type":"default-arg","locations":[{"start":{"line":264,"column":20},"end":{"line":264,"column":22}}]},"11":{"loc":{"start":{"line":274,"column":4},"end":{"line":276,"column":5}},"type":"if","locations":[{"start":{"line":274,"column":4},"end":{"line":276,"column":5}}]},"12":{"loc":{"start":{"line":280,"column":4},"end":{"line":282,"column":5}},"type":"if","locations":[{"start":{"line":280,"column":4},"end":{"line":282,"column":5}}]},"13":{"loc":{"start":{"line":284,"column":4},"end":{"line":286,"column":5}},"type":"if","locations":[{"start":{"line":284,"column":4},"end":{"line":286,"column":5}}]},"14":{"loc":{"start":{"line":288,"column":4},"end":{"line":290,"column":5}},"type":"if","locations":[{"start":{"line":288,"column":4},"end":{"line":290,"column":5}}]},"15":{"loc":{"start":{"line":321,"column":29},"end":{"line":321,"column":71}},"type":"cond-expr","locations":[{"start":{"line":321,"column":39},"end":{"line":321,"column":60}},{"start":{"line":321,"column":63},"end":{"line":321,"column":71}}]},"16":{"loc":{"start":{"line":322,"column":23},"end":{"line":324,"column":12}},"type":"cond-expr","locations":[{"start":{"line":323,"column":8},"end":{"line":323,"column":77}},{"start":{"line":324,"column":8},"end":{"line":324,"column":12}}]},"17":{"loc":{"start":{"line":349,"column":4},"end":{"line":351,"column":5}},"type":"if","locations":[{"start":{"line":349,"column":4},"end":{"line":351,"column":5}}]},"18":{"loc":{"start":{"line":367,"column":4},"end":{"line":375,"column":5}},"type":"if","locations":[{"start":{"line":367,"column":4},"end":{"line":375,"column":5}}]},"19":{"loc":{"start":{"line":392,"column":4},"end":{"line":394,"column":5}},"type":"if","locations":[{"start":{"line":392,"column":4},"end":{"line":394,"column":5}}]},"20":{"loc":{"start":{"line":430,"column":6},"end":{"line":432,"column":7}},"type":"if","locations":[{"start":{"line":430,"column":6},"end":{"line":432,"column":7}}]},"21":{"loc":{"start":{"line":442,"column":6},"end":{"line":444,"column":7}},"type":"if","locations":[{"start":{"line":442,"column":6},"end":{"line":444,"column":7}}]},"22":{"loc":{"start":{"line":505,"column":4},"end":{"line":507,"column":5}},"type":"if","locations":[{"start":{"line":505,"column":4},"end":{"line":507,"column":5}}]}},"s":{"0":2,"1":2,"2":2,"3":0,"4":0,"5":0,"6":0,"7":0,"8":0,"9":0,"10":0,"11":0,"12":0,"13":0,"14":0,"15":0,"16":0,"17":0,"18":0,"19":0,"20":0,"21":0,"22":0,"23":0,"24":0,"25":0,"26":0,"27":0,"28":0,"29":0,"30":0,"31":0,"32":0,"33":0,"34":0,"35":0,"36":0,"37":0,"38":0,"39":0,"40":0,"41":0,"42":0,"43":0,"44":0,"45":0,"46":0,"47":0,"48":0,"49":0,"50":0,"51":0,"52":0,"53":0,"54":0,"55":0,"56":0,"57":0,"58":0,"59":0,"60":0,"61":0,"62":0,"63":0,"64":0,"65":0,"66":0,"67":0,"68":0,"69":0,"70":0,"71":0,"72":0,"73":0,"74":0,"75":0,"76":0,"77":0,"78":2,"79":2},"f":{"0":0,"1":0,"2":0,"3":0,"4":0,"5":0,"6":0,"7":0,"8":0,"9":0,"10":0,"11":0,"12":0,"13":0,"14":0,"15":0,"16":0,"17":0},"b":{"0":[0,0],"1":[0],"2":[0],"3":[0,0],"4":[0,0],"5":[0],"6":[0],"7":[0],"8":[0],"9":[0],"10":[0],"11":[0],"12":[0],"13":[0],"14":[0],"15":[0,0],"16":[0,0],"17":[0],"18":[0],"19":[0],"20":[0],"21":[0],"22":[0]}}
,"/Users/harishraghave/Desktop/colleging/college-id-signup-1/src/chat-backend/services/chat.service.new.ts": {"path":"/Users/harishraghave/Desktop/colleging/college-id-signup-1/src/chat-backend/services/chat.service.new.ts","statementMap":{"0":{"start":{"line":1,"column":0},"end":{"line":1,"column":null}},"1":{"start":{"line":7,"column":0},"end":{"line":7,"column":null}},"2":{"start":{"line":16,"column":2},"end":{"line":16,"column":66}},"3":{"start":{"line":46,"column":7},"end":{"line":434,"column":null}},"4":{"start":{"line":47,"column":31},"end":{"line":47,"column":47}},"5":{"start":{"line":53,"column":4},"end":{"line":100,"column":5}},"6":{"start":{"line":55,"column":6},"end":{"line":59,"column":7}},"7":{"start":{"line":56,"column":8},"end":{"line":58,"column":10}},"8":{"start":{"line":61,"column":6},"end":{"line":65,"column":7}},"9":{"start":{"line":62,"column":8},"end":{"line":64,"column":10}},"10":{"start":{"line":67,"column":6},"end":{"line":69,"column":7}},"11":{"start":{"line":68,"column":8},"end":{"line":68,"column":79}},"12":{"start":{"line":72,"column":6},"end":{"line":83,"column":7}},"13":{"start":{"line":74,"column":10},"end":{"line":76,"column":null}},"14":{"start":{"line":78,"column":8},"end":{"line":82,"column":10}},"15":{"start":{"line":86,"column":27},"end":{"line":88,"column":null}},"16":{"start":{"line":91,"column":6},"end":{"line":95,"column":8}},"17":{"start":{"line":97,"column":6},"end":{"line":99,"column":8}},"18":{"start":{"line":111,"column":4},"end":{"line":146,"column":5}},"19":{"start":{"line":112,"column":21},"end":{"line":115,"column":null}},"20":{"start":{"line":119,"column":36},"end":{"line":132,"column":8}},"21":{"start":{"line":120,"column":28},"end":{"line":120,"column":60}},"22":{"start":{"line":121,"column":34},"end":{"line":122,"column":null}},"23":{"start":{"line":122,"column":17},"end":{"line":122,"column":36}},"24":{"start":{"line":125,"column":8},"end":{"line":131,"column":10}},"25":{"start":{"line":128,"column":58},"end":{"line":128,"column":64}},"26":{"start":{"line":134,"column":6},"end":{"line":141,"column":8}},"27":{"start":{"line":143,"column":6},"end":{"line":145,"column":8}},"28":{"start":{"line":157,"column":4},"end":{"line":196,"column":5}},"29":{"start":{"line":159,"column":6},"end":{"line":166,"column":7}},"30":{"start":{"line":163,"column":8},"end":{"line":165,"column":10}},"31":{"start":{"line":169,"column":6},"end":{"line":175,"column":7}},"32":{"start":{"line":170,"column":8},"end":{"line":174,"column":9}},"33":{"start":{"line":171,"column":10},"end":{"line":173,"column":11}},"34":{"start":{"line":172,"column":12},"end":{"line":172,"column":69}},"35":{"start":{"line":177,"column":22},"end":{"line":180,"column":null}},"36":{"start":{"line":183,"column":6},"end":{"line":187,"column":8}},"37":{"start":{"line":189,"column":27},"end":{"line":189,"column":49}},"38":{"start":{"line":190,"column":6},"end":{"line":194,"column":7}},"39":{"start":{"line":191,"column":8},"end":{"line":193,"column":10}},"40":{"start":{"line":195,"column":6},"end":{"line":195,"column":79}},"41":{"start":{"line":207,"column":4},"end":{"line":230,"column":5}},"42":{"start":{"line":208,"column":21},"end":{"line":211,"column":null}},"43":{"start":{"line":214,"column":6},"end":{"line":221,"column":8}},"44":{"start":{"line":223,"column":27},"end":{"line":223,"column":49}},"45":{"start":{"line":224,"column":6},"end":{"line":228,"column":7}},"46":{"start":{"line":225,"column":8},"end":{"line":227,"column":10}},"47":{"start":{"line":229,"column":6},"end":{"line":229,"column":79}},"48":{"start":{"line":241,"column":4},"end":{"line":267,"column":5}},"49":{"start":{"line":242,"column":6},"end":{"line":244,"column":7}},"50":{"start":{"line":243,"column":8},"end":{"line":243,"column":65}},"51":{"start":{"line":246,"column":21},"end":{"line":249,"column":null}},"52":{"start":{"line":252,"column":6},"end":{"line":256,"column":8}},"53":{"start":{"line":258,"column":27},"end":{"line":258,"column":49}},"54":{"start":{"line":259,"column":6},"end":{"line":263,"column":7}},"55":{"start":{"line":260,"column":8},"end":{"line":262,"column":10}},"56":{"start":{"line":264,"column":6},"end":{"line":266,"column":8}},"57":{"start":{"line":274,"column":4},"end":{"line":280,"column":5}},"58":{"start":{"line":275,"column":6},"end":{"line":275,"column":69}},"59":{"start":{"line":277,"column":6},"end":{"line":279,"column":8}},"60":{"start":{"line":287,"column":4},"end":{"line":308,"column":5}},"61":{"start":{"line":288,"column":6},"end":{"line":292,"column":7}},"62":{"start":{"line":289,"column":8},"end":{"line":291,"column":10}},"63":{"start":{"line":294,"column":27},"end":{"line":296,"column":null}},"64":{"start":{"line":299,"column":6},"end":{"line":303,"column":8}},"65":{"start":{"line":305,"column":6},"end":{"line":307,"column":8}},"66":{"start":{"line":319,"column":4},"end":{"line":342,"column":5}},"67":{"start":{"line":320,"column":21},"end":{"line":323,"column":null}},"68":{"start":{"line":326,"column":6},"end":{"line":330,"column":8}},"69":{"start":{"line":332,"column":27},"end":{"line":332,"column":49}},"70":{"start":{"line":333,"column":6},"end":{"line":335,"column":7}},"71":{"start":{"line":334,"column":8},"end":{"line":334,"column":79}},"72":{"start":{"line":336,"column":6},"end":{"line":338,"column":7}},"73":{"start":{"line":337,"column":8},"end":{"line":337,"column":78}},"74":{"start":{"line":339,"column":6},"end":{"line":341,"column":8}},"75":{"start":{"line":349,"column":4},"end":{"line":374,"column":5}},"76":{"start":{"line":352,"column":21},"end":{"line":354,"column":null}},"77":{"start":{"line":356,"column":27},"end":{"line":357,"column":null}},"78":{"start":{"line":357,"column":15},"end":{"line":357,"column":38}},"79":{"start":{"line":360,"column":6},"end":{"line":364,"column":7}},"80":{"start":{"line":361,"column":8},"end":{"line":363,"column":10}},"81":{"start":{"line":366,"column":6},"end":{"line":369,"column":8}},"82":{"start":{"line":371,"column":6},"end":{"line":373,"column":8}},"83":{"start":{"line":386,"column":4},"end":{"line":405,"column":5}},"84":{"start":{"line":389,"column":6},"end":{"line":400,"column":8}},"85":{"start":{"line":402,"column":6},"end":{"line":404,"column":8}},"86":{"start":{"line":412,"column":4},"end":{"line":432,"column":5}},"87":{"start":{"line":414,"column":6},"end":{"line":427,"column":8}},"88":{"start":{"line":429,"column":6},"end":{"line":431,"column":8}},"89":{"start":{"line":46,"column":13},"end":{"line":46,"column":24}},"90":{"start":{"line":46,"column":13},"end":{"line":434,"column":null}}},"fnMap":{"0":{"name":"getErrorMessage","decl":{"start":{"line":15,"column":9},"end":{"line":15,"column":24}},"loc":{"start":{"line":15,"column":39},"end":{"line":17,"column":1}}},"1":{"name":"(anonymous_3)","decl":{"start":{"line":47,"column":2},"end":{"line":47,"column":31}},"loc":{"start":{"line":47,"column":61},"end":{"line":47,"column":65}}},"2":{"name":"(anonymous_4)","decl":{"start":{"line":52,"column":2},"end":{"line":52,"column":7}},"loc":{"start":{"line":52,"column":70},"end":{"line":101,"column":3}}},"3":{"name":"(anonymous_5)","decl":{"start":{"line":106,"column":2},"end":{"line":106,"column":7}},"loc":{"start":{"line":109,"column":19},"end":{"line":147,"column":3}}},"4":{"name":"(anonymous_6)","decl":{"start":{"line":119,"column":61},"end":{"line":119,"column":62}},"loc":{"start":{"line":119,"column":78},"end":{"line":132,"column":7}}},"5":{"name":"(anonymous_7)","decl":{"start":{"line":122,"column":10},"end":{"line":122,"column":11}},"loc":{"start":{"line":122,"column":17},"end":{"line":122,"column":36}}},"6":{"name":"(anonymous_8)","decl":{"start":{"line":128,"column":51},"end":{"line":128,"column":52}},"loc":{"start":{"line":128,"column":58},"end":{"line":128,"column":64}}},"7":{"name":"(anonymous_9)","decl":{"start":{"line":152,"column":2},"end":{"line":152,"column":7}},"loc":{"start":{"line":155,"column":24},"end":{"line":197,"column":3}}},"8":{"name":"(anonymous_10)","decl":{"start":{"line":202,"column":2},"end":{"line":202,"column":7}},"loc":{"start":{"line":205,"column":32},"end":{"line":231,"column":3}}},"9":{"name":"(anonymous_11)","decl":{"start":{"line":236,"column":2},"end":{"line":236,"column":7}},"loc":{"start":{"line":239,"column":24},"end":{"line":268,"column":3}}},"10":{"name":"(anonymous_12)","decl":{"start":{"line":273,"column":2},"end":{"line":273,"column":7}},"loc":{"start":{"line":273,"column":37},"end":{"line":281,"column":3}}},"11":{"name":"(anonymous_13)","decl":{"start":{"line":286,"column":2},"end":{"line":286,"column":7}},"loc":{"start":{"line":286,"column":66},"end":{"line":309,"column":3}}},"12":{"name":"(anonymous_14)","decl":{"start":{"line":314,"column":2},"end":{"line":314,"column":7}},"loc":{"start":{"line":317,"column":25},"end":{"line":343,"column":3}}},"13":{"name":"(anonymous_15)","decl":{"start":{"line":348,"column":2},"end":{"line":348,"column":7}},"loc":{"start":{"line":348,"column":69},"end":{"line":375,"column":3}}},"14":{"name":"(anonymous_16)","decl":{"start":{"line":357,"column":8},"end":{"line":357,"column":9}},"loc":{"start":{"line":357,"column":15},"end":{"line":357,"column":38}}},"15":{"name":"(anonymous_17)","decl":{"start":{"line":380,"column":2},"end":{"line":380,"column":7}},"loc":{"start":{"line":384,"column":22},"end":{"line":406,"column":3}}},"16":{"name":"(anonymous_18)","decl":{"start":{"line":411,"column":2},"end":{"line":411,"column":7}},"loc":{"start":{"line":411,"column":67},"end":{"line":433,"column":3}}}},"branchMap":{"0":{"loc":{"start":{"line":16,"column":9},"end":{"line":16,"column":65}},"type":"cond-expr","locations":[{"start":{"line":16,"column":34},"end":{"line":16,"column":47}},{"start":{"line":16,"column":50},"end":{"line":16,"column":65}}]},"1":{"loc":{"start":{"line":55,"column":6},"end":{"line":59,"column":7}},"type":"if","locations":[{"start":{"line":55,"column":6},"end":{"line":59,"column":7}}]},"2":{"loc":{"start":{"line":55,"column":10},"end":{"line":55,"column":68}},"type":"binary-expr","locations":[{"start":{"line":55,"column":10},"end":{"line":55,"column":32}},{"start":{"line":55,"column":36},"end":{"line":55,"column":68}}]},"3":{"loc":{"start":{"line":61,"column":6},"end":{"line":65,"column":7}},"type":"if","locations":[{"start":{"line":61,"column":6},"end":{"line":65,"column":7}}]},"4":{"loc":{"start":{"line":61,"column":10},"end":{"line":61,"column":65}},"type":"binary-expr","locations":[{"start":{"line":61,"column":10},"end":{"line":61,"column":31}},{"start":{"line":61,"column":35},"end":{"line":61,"column":65}}]},"5":{"loc":{"start":{"line":67,"column":6},"end":{"line":69,"column":7}},"type":"if","locations":[{"start":{"line":67,"column":6},"end":{"line":69,"column":7}}]},"6":{"loc":{"start":{"line":67,"column":10},"end":{"line":67,"column":46}},"type":"binary-expr","locations":[{"start":{"line":67,"column":10},"end":{"line":67,"column":31}},{"start":{"line":67,"column":35},"end":{"line":67,"column":46}}]},"7":{"loc":{"start":{"line":72,"column":6},"end":{"line":83,"column":7}},"type":"if","locations":[{"start":{"line":72,"column":6},"end":{"line":83,"column":7}}]},"8":{"loc":{"start":{"line":108,"column":4},"end":{"line":108,"column":22}},"type":"default-arg","locations":[{"start":{"line":108,"column":20},"end":{"line":108,"column":22}}]},"9":{"loc":{"start":{"line":120,"column":28},"end":{"line":120,"column":60}},"type":"binary-expr","locations":[{"start":{"line":120,"column":28},"end":{"line":120,"column":52}},{"start":{"line":120,"column":56},"end":{"line":120,"column":60}}]},"10":{"loc":{"start":{"line":159,"column":6},"end":{"line":166,"column":7}},"type":"if","locations":[{"start":{"line":159,"column":6},"end":{"line":166,"column":7}}]},"11":{"loc":{"start":{"line":160,"column":8},"end":{"line":161,"column":60}},"type":"binary-expr","locations":[{"start":{"line":160,"column":8},"end":{"line":160,"column":29}},{"start":{"line":161,"column":9},"end":{"line":161,"column":26}},{"start":{"line":161,"column":30},"end":{"line":161,"column":59}}]},"12":{"loc":{"start":{"line":169,"column":6},"end":{"line":175,"column":7}},"type":"if","locations":[{"start":{"line":169,"column":6},"end":{"line":175,"column":7}}]},"13":{"loc":{"start":{"line":171,"column":10},"end":{"line":173,"column":11}},"type":"if","locations":[{"start":{"line":171,"column":10},"end":{"line":173,"column":11}}]},"14":{"loc":{"start":{"line":171,"column":14},"end":{"line":171,"column":77}},"type":"binary-expr","locations":[{"start":{"line":171,"column":14},"end":{"line":171,"column":34}},{"start":{"line":171,"column":38},"end":{"line":171,"column":53}},{"start":{"line":171,"column":57},"end":{"line":171,"column":77}}]},"15":{"loc":{"start":{"line":190,"column":6},"end":{"line":194,"column":7}},"type":"if","locations":[{"start":{"line":190,"column":6},"end":{"line":194,"column":7}}]},"16":{"loc":{"start":{"line":205,"column":4},"end":{"line":205,"column":32}},"type":"default-arg","locations":[{"start":{"line":205,"column":30},"end":{"line":205,"column":32}}]},"17":{"loc":{"start":{"line":224,"column":6},"end":{"line":228,"column":7}},"type":"if","locations":[{"start":{"line":224,"column":6},"end":{"line":228,"column":7}}]},"18":{"loc":{"start":{"line":242,"column":6},"end":{"line":244,"column":7}},"type":"if","locations":[{"start":{"line":242,"column":6},"end":{"line":244,"column":7}}]},"19":{"loc":{"start":{"line":242,"column":10},"end":{"line":242,"column":48}},"type":"binary-expr","locations":[{"start":{"line":242,"column":10},"end":{"line":242,"column":21}},{"start":{"line":242,"column":25},"end":{"line":242,"column":48}}]},"20":{"loc":{"start":{"line":259,"column":6},"end":{"line":263,"column":7}},"type":"if","locations":[{"start":{"line":259,"column":6},"end":{"line":263,"column":7}}]},"21":{"loc":{"start":{"line":288,"column":6},"end":{"line":292,"column":7}},"type":"if","locations":[{"start":{"line":288,"column":6},"end":{"line":292,"column":7}}]},"22":{"loc":{"start":{"line":333,"column":6},"end":{"line":335,"column":7}},"type":"if","locations":[{"start":{"line":333,"column":6},"end":{"line":335,"column":7}}]},"23":{"loc":{"start":{"line":336,"column":6},"end":{"line":338,"column":7}},"type":"if","locations":[{"start":{"line":336,"column":6},"end":{"line":338,"column":7}}]},"24":{"loc":{"start":{"line":360,"column":6},"end":{"line":364,"column":7}},"type":"if","locations":[{"start":{"line":360,"column":6},"end":{"line":364,"column":7}}]},"25":{"loc":{"start":{"line":384,"column":4},"end":{"line":384,"column":22}},"type":"default-arg","locations":[{"start":{"line":384,"column":20},"end":{"line":384,"column":22}}]}},"s":{"0":0,"1":0,"2":0,"3":0,"4":0,"5":0,"6":0,"7":0,"8":0,"9":0,"10":0,"11":0,"12":0,"13":0,"14":0,"15":0,"16":0,"17":0,"18":0,"19":0,"20":0,"21":0,"22":0,"23":0,"24":0,"25":0,"26":0,"27":0,"28":0,"29":0,"30":0,"31":0,"32":0,"33":0,"34":0,"35":0,"36":0,"37":0,"38":0,"39":0,"40":0,"41":0,"42":0,"43":0,"44":0,"45":0,"46":0,"47":0,"48":0,"49":0,"50":0,"51":0,"52":0,"53":0,"54":0,"55":0,"56":0,"57":0,"58":0,"59":0,"60":0,"61":0,"62":0,"63":0,"64":0,"65":0,"66":0,"67":0,"68":0,"69":0,"70":0,"71":0,"72":0,"73":0,"74":0,"75":0,"76":0,"77":0,"78":0,"79":0,"80":0,"81":0,"82":0,"83":0,"84":0,"85":0,"86":0,"87":0,"88":0,"89":0,"90":0},"f":{"0":0,"1":0,"2":0,"3":0,"4":0,"5":0,"6":0,"7":0,"8":0,"9":0,"10":0,"11":0,"12":0,"13":0,"14":0,"15":0,"16":0},"b":{"0":[0,0],"1":[0],"2":[0,0],"3":[0],"4":[0,0],"5":[0],"6":[0,0],"7":[0],"8":[0],"9":[0,0],"10":[0],"11":[0,0,0],"12":[0],"13":[0],"14":[0,0,0],"15":[0],"16":[0],"17":[0],"18":[0],"19":[0,0],"20":[0],"21":[0],"22":[0],"23":[0],"24":[0],"25":[0]}}
,"/Users/harishraghave/Desktop/colleging/college-id-signup-1/src/chat-backend/services/chat.service.ts": {"path":"/Users/harishraghave/Desktop/colleging/college-id-signup-1/src/chat-backend/services/chat.service.ts","statementMap":{"0":{"start":{"line":1,"column":0},"end":{"line":1,"column":null}},"1":{"start":{"line":7,"column":0},"end":{"line":7,"column":null}},"2":{"start":{"line":16,"column":2},"end":{"line":16,"column":66}},"3":{"start":{"line":19,"column":25},"end":{"line":19,"column":72}},"4":{"start":{"line":19,"column":31},"end":{"line":19,"column":72}},"5":{"start":{"line":41,"column":22},"end":{"line":44,"column":2}},"6":{"start":{"line":46,"column":20},"end":{"line":46,"column":21}},"7":{"start":{"line":47,"column":19},"end":{"line":47,"column":69}},"8":{"start":{"line":47,"column":39},"end":{"line":47,"column":69}},"9":{"start":{"line":49,"column":34},"end":{"line":61,"column":2}},"10":{"start":{"line":49,"column":77},"end":{"line":61,"column":2}},"11":{"start":{"line":54,"column":61},"end":{"line":56,"column":4}},"12":{"start":{"line":63,"column":29},"end":{"line":69,"column":2}},"13":{"start":{"line":63,"column":62},"end":{"line":69,"column":2}},"14":{"start":{"line":98,"column":7},"end":{"line":819,"column":null}},"15":{"start":{"line":99,"column":31},"end":{"line":99,"column":47}},"16":{"start":{"line":105,"column":25},"end":{"line":105,"column":78}},"17":{"start":{"line":107,"column":4},"end":{"line":124,"column":5}},"18":{"start":{"line":108,"column":23},"end":{"line":114,"column":null}},"19":{"start":{"line":110,"column":10},"end":{"line":113,"column":null}},"20":{"start":{"line":113,"column":12},"end":{"line":113,"column":52}},"21":{"start":{"line":117,"column":6},"end":{"line":123,"column":7}},"22":{"start":{"line":118,"column":8},"end":{"line":122,"column":10}},"23":{"start":{"line":126,"column":16},"end":{"line":126,"column":26}},"24":{"start":{"line":127,"column":49},"end":{"line":136,"column":6}},"25":{"start":{"line":138,"column":4},"end":{"line":138,"column":67}},"26":{"start":{"line":139,"column":4},"end":{"line":139,"column":52}},"27":{"start":{"line":141,"column":4},"end":{"line":148,"column":6}},"28":{"start":{"line":156,"column":26},"end":{"line":157,"column":null}},"29":{"start":{"line":157,"column":24},"end":{"line":157,"column":68}},"30":{"start":{"line":160,"column":17},"end":{"line":161,"column":null}},"31":{"start":{"line":161,"column":16},"end":{"line":161,"column":61}},"32":{"start":{"line":164,"column":4},"end":{"line":171,"column":5}},"33":{"start":{"line":165,"column":25},"end":{"line":165,"column":41}},"34":{"start":{"line":166,"column":6},"end":{"line":170,"column":7}},"35":{"start":{"line":167,"column":8},"end":{"line":169,"column":10}},"36":{"start":{"line":168,"column":10},"end":{"line":168,"column":45}},"37":{"start":{"line":173,"column":17},"end":{"line":173,"column":39}},"38":{"start":{"line":174,"column":20},"end":{"line":174,"column":47}},"39":{"start":{"line":175,"column":23},"end":{"line":177,"column":12}},"40":{"start":{"line":179,"column":4},"end":{"line":186,"column":6}},"41":{"start":{"line":193,"column":25},"end":{"line":193,"column":72}},"42":{"start":{"line":195,"column":4},"end":{"line":199,"column":5}},"43":{"start":{"line":196,"column":6},"end":{"line":198,"column":8}},"44":{"start":{"line":201,"column":4},"end":{"line":201,"column":24}},"45":{"start":{"line":209,"column":25},"end":{"line":211,"column":null}},"46":{"start":{"line":214,"column":39},"end":{"line":221,"column":6}},"47":{"start":{"line":223,"column":29},"end":{"line":223,"column":71}},"48":{"start":{"line":224,"column":4},"end":{"line":228,"column":5}},"49":{"start":{"line":225,"column":6},"end":{"line":225,"column":40}},"50":{"start":{"line":227,"column":6},"end":{"line":227,"column":60}},"51":{"start":{"line":230,"column":4},"end":{"line":230,"column":40}},"52":{"start":{"line":232,"column":4},"end":{"line":236,"column":6}},"53":{"start":{"line":244,"column":25},"end":{"line":246,"column":null}},"54":{"start":{"line":249,"column":21},"end":{"line":249,"column":76}},"55":{"start":{"line":251,"column":19},"end":{"line":251,"column":27}},"56":{"start":{"line":253,"column":4},"end":{"line":255,"column":5}},"57":{"start":{"line":254,"column":6},"end":{"line":254,"column":81}},"58":{"start":{"line":254,"column":46},"end":{"line":254,"column":79}},"59":{"start":{"line":257,"column":4},"end":{"line":261,"column":5}},"60":{"start":{"line":258,"column":6},"end":{"line":260,"column":8}},"61":{"start":{"line":259,"column":21},"end":{"line":259,"column":55}},"62":{"start":{"line":263,"column":4},"end":{"line":268,"column":5}},"63":{"start":{"line":264,"column":25},"end":{"line":264,"column":49}},"64":{"start":{"line":265,"column":6},"end":{"line":267,"column":7}},"65":{"start":{"line":266,"column":8},"end":{"line":266,"column":80}},"66":{"start":{"line":266,"column":48},"end":{"line":266,"column":78}},"67":{"start":{"line":270,"column":18},"end":{"line":270,"column":37}},"68":{"start":{"line":271,"column":17},"end":{"line":271,"column":41}},"69":{"start":{"line":272,"column":20},"end":{"line":272,"column":49}},"70":{"start":{"line":273,"column":23},"end":{"line":275,"column":12}},"71":{"start":{"line":278,"column":4},"end":{"line":278,"column":40}},"72":{"start":{"line":280,"column":4},"end":{"line":287,"column":6}},"73":{"start":{"line":295,"column":4},"end":{"line":295,"column":67}},"74":{"start":{"line":297,"column":30},"end":{"line":297,"column":78}},"75":{"start":{"line":298,"column":28},"end":{"line":298,"column":59}},"76":{"start":{"line":299,"column":19},"end":{"line":301,"column":12}},"77":{"start":{"line":300,"column":6},"end":{"line":300,"column":67}},"78":{"start":{"line":300,"column":42},"end":{"line":300,"column":66}},"79":{"start":{"line":303,"column":4},"end":{"line":307,"column":6}},"80":{"start":{"line":311,"column":16},"end":{"line":311,"column":17}},"81":{"start":{"line":313,"column":4},"end":{"line":320,"column":5}},"82":{"start":{"line":314,"column":6},"end":{"line":316,"column":7}},"83":{"start":{"line":315,"column":8},"end":{"line":315,"column":17}},"84":{"start":{"line":318,"column":23},"end":{"line":318,"column":72}},"85":{"start":{"line":319,"column":6},"end":{"line":319,"column":80}},"86":{"start":{"line":319,"column":44},"end":{"line":319,"column":71}},"87":{"start":{"line":322,"column":4},"end":{"line":322,"column":17}},"88":{"start":{"line":329,"column":25},"end":{"line":329,"column":72}},"89":{"start":{"line":331,"column":4},"end":{"line":335,"column":5}},"90":{"start":{"line":332,"column":6},"end":{"line":334,"column":8}},"91":{"start":{"line":337,"column":4},"end":{"line":340,"column":6}},"92":{"start":{"line":348,"column":25},"end":{"line":348,"column":72}},"93":{"start":{"line":350,"column":4},"end":{"line":352,"column":5}},"94":{"start":{"line":351,"column":6},"end":{"line":351,"column":60}},"95":{"start":{"line":354,"column":4},"end":{"line":358,"column":5}},"96":{"start":{"line":355,"column":6},"end":{"line":357,"column":8}},"97":{"start":{"line":360,"column":4},"end":{"line":362,"column":5}},"98":{"start":{"line":361,"column":6},"end":{"line":361,"column":76}},"99":{"start":{"line":364,"column":4},"end":{"line":364,"column":45}},"100":{"start":{"line":365,"column":4},"end":{"line":365,"column":40}},"101":{"start":{"line":367,"column":4},"end":{"line":378,"column":6}},"102":{"start":{"line":385,"column":4},"end":{"line":440,"column":5}},"103":{"start":{"line":386,"column":6},"end":{"line":388,"column":7}},"104":{"start":{"line":387,"column":8},"end":{"line":387,"column":67}},"105":{"start":{"line":391,"column":6},"end":{"line":395,"column":7}},"106":{"start":{"line":392,"column":8},"end":{"line":394,"column":10}},"107":{"start":{"line":397,"column":6},"end":{"line":401,"column":7}},"108":{"start":{"line":398,"column":8},"end":{"line":400,"column":10}},"109":{"start":{"line":403,"column":6},"end":{"line":405,"column":7}},"110":{"start":{"line":404,"column":8},"end":{"line":404,"column":79}},"111":{"start":{"line":407,"column":6},"end":{"line":409,"column":7}},"112":{"start":{"line":408,"column":8},"end":{"line":408,"column":57}},"113":{"start":{"line":412,"column":6},"end":{"line":423,"column":7}},"114":{"start":{"line":414,"column":10},"end":{"line":416,"column":null}},"115":{"start":{"line":418,"column":8},"end":{"line":422,"column":10}},"116":{"start":{"line":426,"column":27},"end":{"line":428,"column":null}},"117":{"start":{"line":431,"column":6},"end":{"line":435,"column":8}},"118":{"start":{"line":437,"column":6},"end":{"line":439,"column":8}},"119":{"start":{"line":451,"column":4},"end":{"line":490,"column":5}},"120":{"start":{"line":452,"column":6},"end":{"line":454,"column":7}},"121":{"start":{"line":453,"column":8},"end":{"line":453,"column":68}},"122":{"start":{"line":456,"column":21},"end":{"line":459,"column":null}},"123":{"start":{"line":463,"column":36},"end":{"line":476,"column":8}},"124":{"start":{"line":464,"column":28},"end":{"line":464,"column":60}},"125":{"start":{"line":465,"column":34},"end":{"line":466,"column":null}},"126":{"start":{"line":466,"column":17},"end":{"line":466,"column":36}},"127":{"start":{"line":469,"column":8},"end":{"line":475,"column":10}},"128":{"start":{"line":472,"column":58},"end":{"line":472,"column":64}},"129":{"start":{"line":478,"column":6},"end":{"line":485,"column":8}},"130":{"start":{"line":487,"column":6},"end":{"line":489,"column":8}},"131":{"start":{"line":501,"column":4},"end":{"line":550,"column":5}},"132":{"start":{"line":502,"column":33},"end":{"line":502,"column":39}},"133":{"start":{"line":504,"column":6},"end":{"line":506,"column":7}},"134":{"start":{"line":505,"column":8},"end":{"line":505,"column":69}},"135":{"start":{"line":509,"column":6},"end":{"line":516,"column":7}},"136":{"start":{"line":513,"column":8},"end":{"line":515,"column":10}},"137":{"start":{"line":519,"column":6},"end":{"line":525,"column":7}},"138":{"start":{"line":520,"column":8},"end":{"line":524,"column":9}},"139":{"start":{"line":521,"column":10},"end":{"line":523,"column":11}},"140":{"start":{"line":522,"column":12},"end":{"line":522,"column":69}},"141":{"start":{"line":527,"column":6},"end":{"line":529,"column":7}},"142":{"start":{"line":528,"column":8},"end":{"line":528,"column":66}},"143":{"start":{"line":531,"column":22},"end":{"line":534,"column":null}},"144":{"start":{"line":537,"column":6},"end":{"line":541,"column":8}},"145":{"start":{"line":543,"column":27},"end":{"line":543,"column":49}},"146":{"start":{"line":544,"column":6},"end":{"line":548,"column":7}},"147":{"start":{"line":545,"column":8},"end":{"line":547,"column":10}},"148":{"start":{"line":549,"column":6},"end":{"line":549,"column":79}},"149":{"start":{"line":561,"column":4},"end":{"line":588,"column":5}},"150":{"start":{"line":562,"column":6},"end":{"line":564,"column":7}},"151":{"start":{"line":563,"column":8},"end":{"line":563,"column":69}},"152":{"start":{"line":566,"column":21},"end":{"line":569,"column":null}},"153":{"start":{"line":572,"column":6},"end":{"line":579,"column":8}},"154":{"start":{"line":581,"column":27},"end":{"line":581,"column":49}},"155":{"start":{"line":582,"column":6},"end":{"line":586,"column":7}},"156":{"start":{"line":583,"column":8},"end":{"line":585,"column":10}},"157":{"start":{"line":587,"column":6},"end":{"line":587,"column":79}},"158":{"start":{"line":599,"column":4},"end":{"line":629,"column":5}},"159":{"start":{"line":600,"column":6},"end":{"line":602,"column":7}},"160":{"start":{"line":601,"column":8},"end":{"line":601,"column":65}},"161":{"start":{"line":604,"column":6},"end":{"line":606,"column":7}},"162":{"start":{"line":605,"column":8},"end":{"line":605,"column":79}},"163":{"start":{"line":608,"column":21},"end":{"line":611,"column":null}},"164":{"start":{"line":614,"column":6},"end":{"line":618,"column":8}},"165":{"start":{"line":620,"column":27},"end":{"line":620,"column":49}},"166":{"start":{"line":621,"column":6},"end":{"line":625,"column":7}},"167":{"start":{"line":622,"column":8},"end":{"line":624,"column":10}},"168":{"start":{"line":626,"column":6},"end":{"line":628,"column":8}},"169":{"start":{"line":636,"column":4},"end":{"line":646,"column":5}},"170":{"start":{"line":637,"column":6},"end":{"line":639,"column":7}},"171":{"start":{"line":638,"column":8},"end":{"line":638,"column":47}},"172":{"start":{"line":641,"column":6},"end":{"line":641,"column":69}},"173":{"start":{"line":643,"column":6},"end":{"line":645,"column":8}},"174":{"start":{"line":653,"column":4},"end":{"line":681,"column":5}},"175":{"start":{"line":654,"column":6},"end":{"line":658,"column":7}},"176":{"start":{"line":655,"column":8},"end":{"line":657,"column":10}},"177":{"start":{"line":660,"column":6},"end":{"line":665,"column":7}},"178":{"start":{"line":661,"column":8},"end":{"line":664,"column":11}},"179":{"start":{"line":667,"column":27},"end":{"line":669,"column":null}},"180":{"start":{"line":672,"column":6},"end":{"line":676,"column":8}},"181":{"start":{"line":678,"column":6},"end":{"line":680,"column":8}},"182":{"start":{"line":692,"column":4},"end":{"line":723,"column":5}},"183":{"start":{"line":693,"column":6},"end":{"line":699,"column":7}},"184":{"start":{"line":694,"column":8},"end":{"line":698,"column":10}},"185":{"start":{"line":701,"column":21},"end":{"line":704,"column":null}},"186":{"start":{"line":707,"column":6},"end":{"line":711,"column":8}},"187":{"start":{"line":713,"column":27},"end":{"line":713,"column":49}},"188":{"start":{"line":714,"column":6},"end":{"line":716,"column":7}},"189":{"start":{"line":715,"column":8},"end":{"line":715,"column":79}},"190":{"start":{"line":717,"column":6},"end":{"line":719,"column":7}},"191":{"start":{"line":718,"column":8},"end":{"line":718,"column":78}},"192":{"start":{"line":720,"column":6},"end":{"line":722,"column":8}},"193":{"start":{"line":730,"column":4},"end":{"line":759,"column":5}},"194":{"start":{"line":731,"column":6},"end":{"line":733,"column":7}},"195":{"start":{"line":732,"column":8},"end":{"line":732,"column":71}},"196":{"start":{"line":737,"column":21},"end":{"line":739,"column":null}},"197":{"start":{"line":741,"column":27},"end":{"line":742,"column":null}},"198":{"start":{"line":742,"column":15},"end":{"line":742,"column":38}},"199":{"start":{"line":745,"column":6},"end":{"line":749,"column":7}},"200":{"start":{"line":746,"column":8},"end":{"line":748,"column":10}},"201":{"start":{"line":751,"column":6},"end":{"line":754,"column":8}},"202":{"start":{"line":756,"column":6},"end":{"line":758,"column":8}},"203":{"start":{"line":771,"column":4},"end":{"line":790,"column":5}},"204":{"start":{"line":774,"column":6},"end":{"line":785,"column":8}},"205":{"start":{"line":787,"column":6},"end":{"line":789,"column":8}},"206":{"start":{"line":797,"column":4},"end":{"line":817,"column":5}},"207":{"start":{"line":799,"column":6},"end":{"line":812,"column":8}},"208":{"start":{"line":814,"column":6},"end":{"line":816,"column":8}},"209":{"start":{"line":98,"column":13},"end":{"line":98,"column":24}},"210":{"start":{"line":98,"column":13},"end":{"
[...]
,"/Users/harishraghave/Desktop/colleging/college-id-signup-1/src/user/user.module.js": {"path":"/Users/harishraghave/Desktop/colleging/college-id-signup-1/src/user/user.module.js","statementMap":{},"fnMap":{},"branchMap":{},"s":{},"f":{},"b":{}}
,"/Users/harishraghave/Desktop/colleging/college-id-signup-1/src/user/application/user.controller.js": {"path":"/Users/harishraghave/Desktop/colleging/college-id-signup-1/src/user/application/user.controller.js","statementMap":{},"fnMap":{},"branchMap":{},"s":{},"f":{},"b":{}}
,"/Users/harishraghave/Desktop/colleging/college-id-signup-1/src/user/application/user.controller.ts": {"path":"/Users/harishraghave/Desktop/colleging/college-id-signup-1/src/user/application/user.controller.ts","statementMap":{"0":{"start":{"line":1,"column":0},"end":{"line":1,"column":76}},"1":{"start":{"line":2,"column":0},"end":{"line":2,"column":45}},"2":{"start":{"line":22,"column":7},"end":{"line":66,"column":null}},"3":{"start":{"line":23,"column":31},"end":{"line":23,"column":44}},"4":{"start":{"line":27,"column":19},"end":{"line":27,"column":49}},"5":{"start":{"line":28,"column":4},"end":{"line":28,"column":48}},"6":{"start":{"line":33,"column":4},"end":{"line":33,"column":44}},"7":{"start":{"line":40,"column":4},"end":{"line":40,"column":56}},"8":{"start":{"line":48,"column":19},"end":{"line":48,"column":49}},"9":{"start":{"line":49,"column":4},"end":{"line":49,"column":62}},"10":{"start":{"line":56,"column":19},"end":{"line":56,"column":49}},"11":{"start":{"line":58,"column":6},"end":{"line":58,"column":60}},"12":{"start":{"line":59,"column":20},"end":{"line":59,"column":71}},"13":{"start":{"line":61,"column":4},"end":{"line":64,"column":6}},"14":{"start":{"line":22,"column":13},"end":{"line":22,"column":27}},"15":{"start":{"line":26,"column":8},"end":{"line":29,"column":null}},"16":{"start":{"line":32,"column":8},"end":{"line":34,"column":null}},"17":{"start":{"line":37,"column":8},"end":{"line":41,"column":null}},"18":{"start":{"line":44,"column":8},"end":{"line":50,"column":null}},"19":{"start":{"line":53,"column":8},"end":{"line":65,"column":null}},"20":{"start":{"line":22,"column":13},"end":{"line":66,"column":null}}},"fnMap":{"0":{"name":"(anonymous_4)","decl":{"start":{"line":23,"column":2},"end":{"line":23,"column":31}},"loc":{"start":{"line":23,"column":55},"end":{"line":23,"column":59}}},"1":{"name":"(anonymous_5)","decl":{"start":{"line":26,"column":2},"end":{"line":26,"column":7}},"loc":{"start":{"line":26,"column":42},"end":{"line":29,"column":3}}},"2":{"name":"(anonymous_6)","decl":{"start":{"line":32,"column":2},"end":{"line":32,"column":7}},"loc":{"start":{"line":32,"column":43},"end":{"line":34,"column":3}}},"3":{"name":"(anonymous_7)","decl":{"start":{"line":37,"column":2},"end":{"line":37,"column":7}},"loc":{"start":{"line":38,"column":39},"end":{"line":41,"column":3}}},"4":{"name":"(anonymous_8)","decl":{"start":{"line":44,"column":2},"end":{"line":44,"column":7}},"loc":{"start":{"line":46,"column":23},"end":{"line":50,"column":3}}},"5":{"name":"(anonymous_9)","decl":{"start":{"line":53,"column":2},"end":{"line":53,"column":7}},"loc":{"start":{"line":54,"column":23},"end":{"line":65,"column":3}}}},"branchMap":{"0":{"loc":{"start":{"line":27,"column":19},"end":{"line":27,"column":49}},"type":"binary-expr","locations":[{"start":{"line":27,"column":19},"end":{"line":27,"column":31}},{"start":{"line":27,"column":35},"end":{"line":27,"column":49}}]},"1":{"loc":{"start":{"line":48,"column":19},"end":{"line":48,"column":49}},"type":"binary-expr","locations":[{"start":{"line":48,"column":19},"end":{"line":48,"column":31}},{"start":{"line":48,"column":35},"end":{"line":48,"column":49}}]},"2":{"loc":{"start":{"line":56,"column":19},"end":{"line":56,"column":49}},"type":"binary-expr","locations":[{"start":{"line":56,"column":19},"end":{"line":56,"column":31}},{"start":{"line":56,"column":35},"end":{"line":56,"column":49}}]}},"s":{"0":2,"1":2,"2":2,"3":1,"4":0,"5":0,"6":0,"7":0,"8":0,"9":0,"10":0,"11":0,"12":0,"13":0,"14":2,"15":2,"16":2,"17":2,"18":2,"19":2,"20":2},"f":{"0":1,"1":0,"2":0,"3":0,"4":0,"5":0},"b":{"0":[0,0],"1":[0,0],"2":[0,0]}}
,"/Users/harishraghave/Desktop/colleging/college-id-signup-1/src/user/application/user.service.js": {"path":"/Users/harishraghave/Desktop/colleging/college-id-signup-1/src/user/application/user.service.js","statementMap":{},"fnMap":{},"branchMap":{},"s":{},"f":{},"b":{}}
,"/Users/harishraghave/Desktop/colleging/college-id-signup-1/src/user/application/user.service.ts": {"path":"/Users/harishraghave/Desktop/colleging/college-id-signup-1/src/user/application/user.service.ts","statementMap":{"0":{"start":{"line":1,"column":0},"end":{"line":1,"column":63}},"1":{"start":{"line":2,"column":0},"end":{"line":2,"column":null}},"2":{"start":{"line":9,"column":7},"end":{"line":115,"column":null}},"3":{"start":{"line":10,"column":31},"end":{"line":10,"column":47}},"4":{"start":{"line":13,"column":17},"end":{"line":13,"column":55}},"5":{"start":{"line":14,"column":4},"end":{"line":16,"column":5}},"6":{"start":{"line":15,"column":6},"end":{"line":15,"column":52}},"7":{"start":{"line":18,"column":4},"end":{"line":18,"column":39}},"8":{"start":{"line":22,"column":17},"end":{"line":22,"column":61}},"9":{"start":{"line":23,"column":4},"end":{"line":23,"column":53}},"10":{"start":{"line":27,"column":17},"end":{"line":27,"column":67}},"11":{"start":{"line":28,"column":4},"end":{"line":28,"column":53}},"12":{"start":{"line":35,"column":25},"end":{"line":35,"column":63}},"13":{"start":{"line":36,"column":4},"end":{"line":38,"column":5}},"14":{"start":{"line":37,"column":6},"end":{"line":37,"column":52}},"15":{"start":{"line":40,"column":24},"end":{"line":40,"column":75}},"16":{"start":{"line":41,"column":4},"end":{"line":41,"column":46}},"17":{"start":{"line":45,"column":17},"end":{"line":45,"column":59}},"18":{"start":{"line":46,"column":4},"end":{"line":48,"column":5}},"19":{"start":{"line":47,"column":6},"end":{"line":47,"column":52}},"20":{"start":{"line":51,"column":18},"end":{"line":51,"column":28}},"21":{"start":{"line":52,"column":25},"end":{"line":52,"column":51}},"22":{"start":{"line":54,"column":4},"end":{"line":57,"column":5}},"23":{"start":{"line":55,"column":6},"end":{"line":55,"column":64}},"24":{"start":{"line":56,"column":6},"end":{"line":56,"column":18}},"25":{"start":{"line":59,"column":4},"end":{"line":59,"column":40}},"26":{"start":{"line":63,"column":4},"end":{"line":63,"column":66}},"27":{"start":{"line":67,"column":17},"end":{"line":67,"column":59}},"28":{"start":{"line":68,"column":4},"end":{"line":70,"column":5}},"29":{"start":{"line":69,"column":6},"end":{"line":69,"column":52}},"30":{"start":{"line":73,"column":18},"end":{"line":73,"column":28}},"31":{"start":{"line":74,"column":26},"end":{"line":74,"column":46}},"32":{"start":{"line":76,"column":4},"end":{"line":79,"column":5}},"33":{"start":{"line":77,"column":6},"end":{"line":77,"column":61}},"34":{"start":{"line":78,"column":6},"end":{"line":78,"column":18}},"35":{"start":{"line":81,"column":4},"end":{"line":81,"column":37}},"36":{"start":{"line":85,"column":4},"end":{"line":85,"column":63}},"37":{"start":{"line":89,"column":4},"end":{"line":103,"column":6}},"38":{"start":{"line":107,"column":4},"end":{"line":107,"column":57}},"39":{"start":{"line":111,"column":21},"end":{"line":111,"column":44}},"40":{"start":{"line":112,"column":4},"end":{"line":112,"column":70}},"41":{"start":{"line":9,"column":13},"end":{"line":9,"column":24}},"42":{"start":{"line":9,"column":13},"end":{"line":115,"column":null}}},"fnMap":{"0":{"name":"(anonymous_2)","decl":{"start":{"line":10,"column":2},"end":{"line":10,"column":31}},"loc":{"start":{"line":10,"column":61},"end":{"line":10,"column":65}}},"1":{"name":"(anonymous_3)","decl":{"start":{"line":12,"column":2},"end":{"line":12,"column":7}},"loc":{"start":{"line":12,"column":30},"end":{"line":19,"column":3}}},"2":{"name":"(anonymous_4)","decl":{"start":{"line":21,"column":2},"end":{"line":21,"column":7}},"loc":{"start":{"line":21,"column":36},"end":{"line":24,"column":3}}},"3":{"name":"(anonymous_5)","decl":{"start":{"line":26,"column":2},"end":{"line":26,"column":7}},"loc":{"start":{"line":26,"column":42},"end":{"line":29,"column":3}}},"4":{"name":"(anonymous_6)","decl":{"start":{"line":31,"column":2},"end":{"line":31,"column":7}},"loc":{"start":{"line":33,"column":32},"end":{"line":42,"column":3}}},"5":{"name":"(anonymous_7)","decl":{"start":{"line":44,"column":2},"end":{"line":44,"column":7}},"loc":{"start":{"line":44,"column":46},"end":{"line":60,"column":3}}},"6":{"name":"(anonymous_8)","decl":{"start":{"line":62,"column":2},"end":{"line":62,"column":7}},"loc":{"start":{"line":62,"column":50},"end":{"line":64,"column":3}}},"7":{"name":"(anonymous_9)","decl":{"start":{"line":66,"column":2},"end":{"line":66,"column":7}},"loc":{"start":{"line":66,"column":43},"end":{"line":82,"column":3}}},"8":{"name":"(anonymous_10)","decl":{"start":{"line":84,"column":2},"end":{"line":84,"column":7}},"loc":{"start":{"line":84,"column":47},"end":{"line":86,"column":3}}},"9":{"name":"(anonymous_11)","decl":{"start":{"line":88,"column":10},"end":{"line":88,"column":26}},"loc":{"start":{"line":88,"column":36},"end":{"line":104,"column":3}}},"10":{"name":"(anonymous_12)","decl":{"start":{"line":106,"column":10},"end":{"line":106,"column":24}},"loc":{"start":{"line":106,"column":49},"end":{"line":108,"column":3}}},"11":{"name":"(anonymous_13)","decl":{"start":{"line":110,"column":10},"end":{"line":110,"column":19}},"loc":{"start":{"line":110,"column":58},"end":{"line":113,"column":3}}}},"branchMap":{"0":{"loc":{"start":{"line":14,"column":4},"end":{"line":16,"column":5}},"type":"if","locations":[{"start":{"line":14,"column":4},"end":{"line":16,"column":5}}]},"1":{"loc":{"start":{"line":23,"column":11},"end":{"line":23,"column":52}},"type":"cond-expr","locations":[{"start":{"line":23,"column":18},"end":{"line":23,"column":45}},{"start":{"line":23,"column":48},"end":{"line":23,"column":52}}]},"2":{"loc":{"start":{"line":28,"column":11},"end":{"line":28,"column":52}},"type":"cond-expr","locations":[{"start":{"line":28,"column":18},"end":{"line":28,"column":45}},{"start":{"line":28,"column":48},"end":{"line":28,"column":52}}]},"3":{"loc":{"start":{"line":36,"column":4},"end":{"line":38,"column":5}},"type":"if","locations":[{"start":{"line":36,"column":4},"end":{"line":38,"column":5}}]},"4":{"loc":{"start":{"line":46,"column":4},"end":{"line":48,"column":5}},"type":"if","locations":[{"start":{"line":46,"column":4},"end":{"line":48,"column":5}}]},"5":{"loc":{"start":{"line":54,"column":4},"end":{"line":57,"column":5}},"type":"if","locations":[{"start":{"line":54,"column":4},"end":{"line":57,"column":5}}]},"6":{"loc":{"start":{"line":54,"column":8},"end":{"line":54,"column":65}},"type":"binary-expr","locations":[{"start":{"line":54,"column":8},"end":{"line":54,"column":21}},{"start":{"line":54,"column":25},"end":{"line":54,"column":65}}]},"7":{"loc":{"start":{"line":68,"column":4},"end":{"line":70,"column":5}},"type":"if","locations":[{"start":{"line":68,"column":4},"end":{"line":70,"column":5}}]},"8":{"loc":{"start":{"line":76,"column":4},"end":{"line":79,"column":5}},"type":"if","locations":[{"start":{"line":76,"column":4},"end":{"line":79,"column":5}}]},"9":{"loc":{"start":{"line":100,"column":29},"end":{"line":100,"column":58}},"type":"binary-expr","locations":[{"start":{"line":100,"column":29},"end":{"line":100,"column":53}},{"start":{"line":100,"column":57},"end":{"line":100,"column":58}}]},"10":{"loc":{"start":{"line":101,"column":26},"end":{"line":101,"column":52}},"type":"binary-expr","locations":[{"start":{"line":101,"column":26},"end":{"line":101,"column":47}},{"start":{"line":101,"column":51},"end":{"line":101,"column":52}}]}},"s":{"0":2,"1":2,"2":2,"3":1,"4":0,"5":0,"6":0,"7":0,"8":0,"9":0,"10":0,"11":0,"12":0,"13":0,"14":0,"15":0,"16":0,"17":0,"18":0,"19":0,"20":0,"21":0,"22":0,"23":0,"24":0,"25":0,"26":0,"27":0,"28":0,"29":0,"30":0,"31":0,"32":0,"33":0,"34":0,"35":0,"36":0,"37":0,"38":0,"39":0,"40":0,"41":2,"42":2},"f":{"0":1,"1":0,"2":0,"3":0,"4":0,"5":0,"6":0,"7":0,"8":0,"9":0,"10":0,"11":0},"b":{"0":[0],"1":[0,0],"2":[0,0],"3":[0],"4":[0],"5":[0],"6":[0,0],"7":[0],"8":[0],"9":[0,0],"10":[0,0]}}
,"/Users/harishraghave/Desktop/colleging/college-id-signup-1/src/user/data/user.repository.js": {"path":"/Users/harishraghave/Desktop/colleging/college-id-signup-1/src/user/data/user.repository.js","statementMap":{},"fnMap":{},"branchMap":{},"s":{},"f":{},"b":{}}
,"/Users/harishraghave/Desktop/colleging/college-id-signup-1/src/user/data/user.repository.ts": {"path":"/Users/harishraghave/Desktop/colleging/college-id-signup-1/src/user/data/user.repository.ts","statementMap":{"0":{"start":{"line":1,"column":0},"end":{"line":1,"column":44}},"1":{"start":{"line":2,"column":0},"end":{"line":2,"column":56}},"2":{"start":{"line":35,"column":7},"end":{"line":121,"column":null}},"3":{"start":{"line":37,"column":4},"end":{"line":37,"column":29}},"4":{"start":{"line":41,"column":4},"end":{"line":43,"column":7}},"5":{"start":{"line":47,"column":4},"end":{"line":49,"column":7}},"6":{"start":{"line":53,"column":4},"end":{"line":55,"column":7}},"7":{"start":{"line":59,"column":16},"end":{"line":59,"column":26}},"8":{"start":{"line":60,"column":4},"end":{"line":71,"column":7}},"9":{"start":{"line":75,"column":4},"end":{"line":80,"column":7}},"10":{"start":{"line":84,"column":4},"end":{"line":90,"column":7}},"11":{"start":{"line":94,"column":4},"end":{"line":100,"column":7}},"12":{"start":{"line":104,"column":4},"end":{"line":109,"column":7}},"13":{"start":{"line":113,"column":4},"end":{"line":119,"column":7}},"14":{"start":{"line":35,"column":13},"end":{"line":35,"column":27}},"15":{"start":{"line":35,"column":13},"end":{"line":121,"column":null}}},"fnMap":{"0":{"name":"(anonymous_1)","decl":{"start":{"line":36,"column":2},"end":{"line":36,"column":14}},"loc":{"start":{"line":36,"column":20},"end":{"line":38,"column":3}}},"1":{"name":"(anonymous_2)","decl":{"start":{"line":40,"column":2},"end":{"line":40,"column":7}},"loc":{"start":{"line":40,"column":27},"end":{"line":44,"column":3}}},"2":{"name":"(anonymous_3)","decl":{"start":{"line":46,"column":2},"end":{"line":46,"column":7}},"loc":{"start":{"line":46,"column":33},"end":{"line":50,"column":3}}},"3":{"name":"(anonymous_4)","decl":{"start":{"line":52,"column":2},"end":{"line":52,"column":7}},"loc":{"start":{"line":52,"column":39},"end":{"line":56,"column":3}}},"4":{"name":"(anonymous_5)","decl":{"start":{"line":58,"column":2},"end":{"line":58,"column":7}},"loc":{"start":{"line":58,"column":28},"end":{"line":72,"column":3}}},"5":{"name":"(anonymous_6)","decl":{"start":{"line":74,"column":2},"end":{"line":74,"column":7}},"loc":{"start":{"line":74,"column":52},"end":{"line":81,"column":3}}},"6":{"name":"(anonymous_7)","decl":{"start":{"line":83,"column":2},"end":{"line":83,"column":7}},"loc":{"start":{"line":83,"column":50},"end":{"line":91,"column":3}}},"7":{"name":"(anonymous_8)","decl":{"start":{"line":93,"column":2},"end":{"line":93,"column":7}},"loc":{"start":{"line":93,"column":46},"end":{"line":101,"column":3}}},"8":{"name":"(anonymous_9)","decl":{"start":{"line":103,"column":2},"end":{"line":103,"column":7}},"loc":{"start":{"line":103,"column":47},"end":{"line":110,"column":3}}},"9":{"name":"(anonymous_10)","decl":{"start":{"line":112,"column":2},"end":{"line":112,"column":7}},"loc":{"start":{"line":112,"column":43},"end":{"line":120,"column":3}}}},"branchMap":{},"s":{"0":2,"1":2,"2":2,"3":0,"4":0,"5":0,"6":0,"7":0,"8":0,"9":0,"10":0,"11":0,"12":0,"13":0,"14":2,"15":2},"f":{"0":0,"1":0,"2":0,"3":0,"4":0,"5":0,"6":0,"7":0,"8":0,"9":0},"b":{}}
,"/Users/harishraghave/Desktop/colleging/college-id-signup-1/src/user/dtos/create-user.dto.js": {"path":"/Users/harishraghave/Desktop/colleging/college-id-signup-1/src/user/dtos/create-user.dto.js","statementMap":{},"fnMap":{},"branchMap":{},"s":{},"f":{},"b":{}}
,"/Users/harishraghave/Desktop/colleging/college-id-signup-1/src/utils/example-usage.js": {"path":"/Users/harishraghave/Desktop/colleging/college-id-signup-1/src/utils/example-usage.js","statementMap":{"0":{"start":{"line":3,"column":39},"end":{"line":3,"column":55}},"1":{"start":{"line":4,"column":42},"end":{"line":4,"column":63}},"2":{"start":{"line":7,"column":0},"end":{"line":7,"column":45}},"3":{"start":{"line":10,"column":20},"end":{"line":15,"column":1}},"4":{"start":{"line":18,"column":14},"end":{"line":18,"column":40}},"5":{"start":{"line":19,"column":0},"end":{"line":19,"column":64}},"6":{"start":{"line":22,"column":0},"end":{"line":27,"column":1}},"7":{"start":{"line":23,"column":18},"end":{"line":23,"column":36}},"8":{"start":{"line":24,"column":2},"end":{"line":24,"column":43}},"9":{"start":{"line":26,"column":2},"end":{"line":26,"column":61}},"10":{"start":{"line":30,"column":0},"end":{"line":30,"column":52}},"11":{"start":{"line":33,"column":24},"end":{"line":33,"column":46}},"12":{"start":{"line":35,"column":2},"end":{"line":52,"column":3}},"13":{"start":{"line":37,"column":27},"end":{"line":37,"column":60}},"14":{"start":{"line":38,"column":4},"end":{"line":38,"column":53}},"15":{"start":{"line":39,"column":4},"end":{"line":39,"column":52}},"16":{"start":{"line":42,"column":20},"end":{"line":42,"column":72}},"17":{"start":{"line":43,"column":4},"end":{"line":43,"column":44}},"18":{"start":{"line":46,"column":26},"end":{"line":46,"column":41}},"19":{"start":{"line":47,"column":25},"end":{"line":47,"column":77}},"20":{"start":{"line":48,"column":4},"end":{"line":48,"column":55}},"21":{"start":{"line":51,"column":4},"end":{"line":51,"column":61}},"22":{"start":{"line":56,"column":0},"end":{"line":56,"column":15}},"23":{"start":{"line":59,"column":0},"end":{"line":59,"column":49}},"24":{"start":{"line":62,"column":0},"end":{"line":67,"column":1}},"25":{"start":{"line":63,"column":23},"end":{"line":63,"column":43}},"26":{"start":{"line":64,"column":2},"end":{"line":64,"column":28}},"27":{"start":{"line":66,"column":2},"end":{"line":66,"column":66}},"28":{"start":{"line":70,"column":0},"end":{"line":70,"column":61}},"29":{"start":{"line":72,"column":0},"end":{"line":78,"column":2}}},"fnMap":{"0":{"name":"testPassword","decl":{"start":{"line":32,"column":15},"end":{"line":32,"column":27}},"loc":{"start":{"line":32,"column":30},"end":{"line":53,"column":1}},"line":32}},"branchMap":{},"s":{"0":0,"1":0,"2":0,"3":0,"4":0,"5":0,"6":0,"7":0,"8":0,"9":0,"10":0,"11":0,"12":0,"13":0,"14":0,"15":0,"16":0,"17":0,"18":0,"19":0,"20":0,"21":0,"22":0,"23":0,"24":0,"25":0,"26":0,"27":0,"28":0,"29":0},"f":{"0":0},"b":{}}
}
