{"/Users/harishraghave/Desktop/colleging/college-id-signup-1/src/app.module.js": {"path":"/Users/harishraghave/Desktop/colleging/college-id-signup-1/src/app.module.js","statementMap":{},"fnMap":{},"branchMap":{},"s":{},"f":{},"b":{},"_coverageSchema":"1a1c01bbd47fc00a2c39e90264f33305004495a9","hash":"b117e0e11ffc46032a600d9669be3ad27ee38d36"}
,"/Users/harishraghave/Desktop/colleging/college-id-signup-1/src/main.js": {"path":"/Users/harishraghave/Desktop/colleging/college-id-signup-1/src/main.js","statementMap":{},"fnMap":{},"branchMap":{},"s":{},"f":{},"b":{}}
,"/Users/harishraghave/Desktop/colleging/college-id-signup-1/src/chat-backend/controllers/chat.controller.ts": {"path":"/Users/harishraghave/Desktop/colleging/college-id-signup-1/src/chat-backend/controllers/chat.controller.ts","statementMap":{"0":{"start":{"line":1,"column":0},"end":{"line":1,"column":null}},"1":{"start":{"line":14,"column":0},"end":{"line":14,"column":55}},"2":{"start":{"line":44,"column":7},"end":{"line":371,"column":null}},"3":{"start":{"line":45,"column":31},"end":{"line":45,"column":44}},"4":{"start":{"line":56,"column":19},"end":{"line":56,"column":34}},"5":{"start":{"line":58,"column":4},"end":{"line":60,"column":5}},"6":{"start":{"line":59,"column":6},"end":{"line":59,"column":74}},"7":{"start":{"line":63,"column":4},"end":{"line":65,"column":5}},"8":{"start":{"line":64,"column":6},"end":{"line":64,"column":76}},"9":{"start":{"line":67,"column":4},"end":{"line":69,"column":5}},"10":{"start":{"line":68,"column":6},"end":{"line":68,"column":71}},"11":{"start":{"line":71,"column":4},"end":{"line":74,"column":6}},"12":{"start":{"line":88,"column":19},"end":{"line":88,"column":30}},"13":{"start":{"line":90,"column":4},"end":{"line":92,"column":5}},"14":{"start":{"line":91,"column":6},"end":{"line":91,"column":74}},"15":{"start":{"line":95,"column":4},"end":{"line":97,"column":5}},"16":{"start":{"line":96,"column":6},"end":{"line":96,"column":72}},"17":{"start":{"line":99,"column":4},"end":{"line":99,"column":78}},"18":{"start":{"line":112,"column":19},"end":{"line":112,"column":30}},"19":{"start":{"line":114,"column":4},"end":{"line":116,"column":5}},"20":{"start":{"line":115,"column":6},"end":{"line":115,"column":74}},"21":{"start":{"line":117,"column":4},"end":{"line":120,"column":6}},"22":{"start":{"line":133,"column":19},"end":{"line":133,"column":40}},"23":{"start":{"line":135,"column":4},"end":{"line":137,"column":5}},"24":{"start":{"line":136,"column":6},"end":{"line":136,"column":74}},"25":{"start":{"line":140,"column":4},"end":{"line":145,"column":5}},"26":{"start":{"line":144,"column":6},"end":{"line":144,"column":80}},"27":{"start":{"line":147,"column":4},"end":{"line":151,"column":6}},"28":{"start":{"line":168,"column":19},"end":{"line":168,"column":30}},"29":{"start":{"line":170,"column":4},"end":{"line":172,"column":5}},"30":{"start":{"line":171,"column":6},"end":{"line":171,"column":74}},"31":{"start":{"line":175,"column":4},"end":{"line":177,"column":5}},"32":{"start":{"line":176,"column":6},"end":{"line":176,"column":72}},"33":{"start":{"line":179,"column":20},"end":{"line":184,"column":6}},"34":{"start":{"line":186,"column":4},"end":{"line":186,"column":79}},"35":{"start":{"line":199,"column":19},"end":{"line":199,"column":37}},"36":{"start":{"line":201,"column":4},"end":{"line":203,"column":5}},"37":{"start":{"line":202,"column":6},"end":{"line":202,"column":74}},"38":{"start":{"line":205,"column":4},"end":{"line":207,"column":5}},"39":{"start":{"line":206,"column":6},"end":{"line":206,"column":67}},"40":{"start":{"line":209,"column":4},"end":{"line":213,"column":6}},"41":{"start":{"line":225,"column":19},"end":{"line":225,"column":30}},"42":{"start":{"line":227,"column":4},"end":{"line":229,"column":5}},"43":{"start":{"line":228,"column":6},"end":{"line":228,"column":74}},"44":{"start":{"line":230,"column":18},"end":{"line":230,"column":63}},"45":{"start":{"line":232,"column":4},"end":{"line":235,"column":6}},"46":{"start":{"line":247,"column":26},"end":{"line":247,"column":44}},"47":{"start":{"line":249,"column":4},"end":{"line":253,"column":5}},"48":{"start":{"line":250,"column":6},"end":{"line":252,"column":8}},"49":{"start":{"line":255,"column":4},"end":{"line":257,"column":5}},"50":{"start":{"line":256,"column":6},"end":{"line":256,"column":58}},"51":{"start":{"line":259,"column":4},"end":{"line":261,"column":5}},"52":{"start":{"line":260,"column":6},"end":{"line":260,"column":80}},"53":{"start":{"line":263,"column":4},"end":{"line":266,"column":6}},"54":{"start":{"line":279,"column":26},"end":{"line":279,"column":50}},"55":{"start":{"line":281,"column":4},"end":{"line":285,"column":5}},"56":{"start":{"line":282,"column":6},"end":{"line":284,"column":8}},"57":{"start":{"line":287,"column":4},"end":{"line":289,"column":5}},"58":{"start":{"line":288,"column":6},"end":{"line":288,"column":58}},"59":{"start":{"line":291,"column":4},"end":{"line":295,"column":6}},"60":{"start":{"line":310,"column":19},"end":{"line":310,"column":30}},"61":{"start":{"line":312,"column":4},"end":{"line":314,"column":5}},"62":{"start":{"line":313,"column":6},"end":{"line":313,"column":74}},"63":{"start":{"line":316,"column":4},"end":{"line":318,"column":5}},"64":{"start":{"line":317,"column":6},"end":{"line":317,"column":64}},"65":{"start":{"line":320,"column":4},"end":{"line":322,"column":5}},"66":{"start":{"line":321,"column":6},"end":{"line":321,"column":71}},"67":{"start":{"line":324,"column":4},"end":{"line":329,"column":6}},"68":{"start":{"line":342,"column":19},"end":{"line":342,"column":30}},"69":{"start":{"line":344,"column":4},"end":{"line":346,"column":5}},"70":{"start":{"line":345,"column":6},"end":{"line":345,"column":74}},"71":{"start":{"line":347,"column":4},"end":{"line":347,"column":79}},"72":{"start":{"line":356,"column":4},"end":{"line":369,"column":6}},"73":{"start":{"line":44,"column":13},"end":{"line":44,"column":27}},"74":{"start":{"line":52,"column":8},"end":{"line":75,"column":null}},"75":{"start":{"line":82,"column":8},"end":{"line":100,"column":null}},"76":{"start":{"line":107,"column":8},"end":{"line":121,"column":null}},"77":{"start":{"line":128,"column":8},"end":{"line":152,"column":null}},"78":{"start":{"line":159,"column":8},"end":{"line":187,"column":null}},"79":{"start":{"line":194,"column":8},"end":{"line":214,"column":null}},"80":{"start":{"line":221,"column":8},"end":{"line":236,"column":null}},"81":{"start":{"line":243,"column":8},"end":{"line":267,"column":null}},"82":{"start":{"line":274,"column":8},"end":{"line":296,"column":null}},"83":{"start":{"line":303,"column":8},"end":{"line":330,"column":null}},"84":{"start":{"line":337,"column":8},"end":{"line":348,"column":null}},"85":{"start":{"line":355,"column":8},"end":{"line":370,"column":null}},"86":{"start":{"line":44,"column":13},"end":{"line":371,"column":null}}},"fnMap":{"0":{"name":"(anonymous_4)","decl":{"start":{"line":45,"column":2},"end":{"line":45,"column":31}},"loc":{"start":{"line":45,"column":55},"end":{"line":45,"column":59}}},"1":{"name":"(anonymous_5)","decl":{"start":{"line":52,"column":2},"end":{"line":52,"column":7}},"loc":{"start":{"line":54,"column":60},"end":{"line":75,"column":3}}},"2":{"name":"(anonymous_6)","decl":{"start":{"line":82,"column":2},"end":{"line":82,"column":7}},"loc":{"start":{"line":86,"column":41},"end":{"line":100,"column":3}}},"3":{"name":"(anonymous_7)","decl":{"start":{"line":107,"column":2},"end":{"line":107,"column":7}},"loc":{"start":{"line":110,"column":41},"end":{"line":121,"column":3}}},"4":{"name":"(anonymous_8)","decl":{"start":{"line":128,"column":2},"end":{"line":128,"column":7}},"loc":{"start":{"line":131,"column":68},"end":{"line":152,"column":3}}},"5":{"name":"(anonymous_9)","decl":{"start":{"line":159,"column":2},"end":{"line":159,"column":7}},"loc":{"start":{"line":166,"column":41},"end":{"line":187,"column":3}}},"6":{"name":"(anonymous_10)","decl":{"start":{"line":194,"column":2},"end":{"line":194,"column":7}},"loc":{"start":{"line":197,"column":62},"end":{"line":214,"column":3}}},"7":{"name":"(anonymous_11)","decl":{"start":{"line":221,"column":2},"end":{"line":221,"column":7}},"loc":{"start":{"line":223,"column":41},"end":{"line":236,"column":3}}},"8":{"name":"(anonymous_12)","decl":{"start":{"line":243,"column":2},"end":{"line":243,"column":7}},"loc":{"start":{"line":245,"column":60},"end":{"line":267,"column":3}}},"9":{"name":"(anonymous_13)","decl":{"start":{"line":274,"column":2},"end":{"line":274,"column":7}},"loc":{"start":{"line":277,"column":67},"end":{"line":296,"column":3}}},"10":{"name":"(anonymous_14)","decl":{"start":{"line":303,"column":2},"end":{"line":303,"column":7}},"loc":{"start":{"line":308,"column":41},"end":{"line":330,"column":3}}},"11":{"name":"(anonymous_15)","decl":{"start":{"line":337,"column":2},"end":{"line":337,"column":7}},"loc":{"start":{"line":340,"column":41},"end":{"line":348,"column":3}}},"12":{"name":"(anonymous_16)","decl":{"start":{"line":355,"column":2},"end":{"line":355,"column":7}},"loc":{"start":{"line":355,"column":19},"end":{"line":370,"column":3}}}},"branchMap":{"0":{"loc":{"start":{"line":58,"column":4},"end":{"line":60,"column":5}},"type":"if","locations":[{"start":{"line":58,"column":4},"end":{"line":60,"column":5}}]},"1":{"loc":{"start":{"line":63,"column":4},"end":{"line":65,"column":5}},"type":"if","locations":[{"start":{"line":63,"column":4},"end":{"line":65,"column":5}}]},"2":{"loc":{"start":{"line":63,"column":8},"end":{"line":63,"column":76}},"type":"binary-expr","locations":[{"start":{"line":63,"column":8},"end":{"line":63,"column":35}},{"start":{"line":63,"column":39},"end":{"line":63,"column":76}}]},"3":{"loc":{"start":{"line":67,"column":4},"end":{"line":69,"column":5}},"type":"if","locations":[{"start":{"line":67,"column":4},"end":{"line":69,"column":5}}]},"4":{"loc":{"start":{"line":90,"column":4},"end":{"line":92,"column":5}},"type":"if","locations":[{"start":{"line":90,"column":4},"end":{"line":92,"column":5}}]},"5":{"loc":{"start":{"line":95,"column":4},"end":{"line":97,"column":5}},"type":"if","locations":[{"start":{"line":95,"column":4},"end":{"line":97,"column":5}}]},"6":{"loc":{"start":{"line":114,"column":4},"end":{"line":116,"column":5}},"type":"if","locations":[{"start":{"line":114,"column":4},"end":{"line":116,"column":5}}]},"7":{"loc":{"start":{"line":135,"column":4},"end":{"line":137,"column":5}},"type":"if","locations":[{"start":{"line":135,"column":4},"end":{"line":137,"column":5}}]},"8":{"loc":{"start":{"line":140,"column":4},"end":{"line":145,"column":5}},"type":"if","locations":[{"start":{"line":140,"column":4},"end":{"line":145,"column":5}}]},"9":{"loc":{"start":{"line":141,"column":6},"end":{"line":142,"column":78}},"type":"binary-expr","locations":[{"start":{"line":141,"column":6},"end":{"line":141,"column":37}},{"start":{"line":142,"column":7},"end":{"line":142,"column":34}},{"start":{"line":142,"column":38},"end":{"line":142,"column":77}}]},"10":{"loc":{"start":{"line":170,"column":4},"end":{"line":172,"column":5}},"type":"if","locations":[{"start":{"line":170,"column":4},"end":{"line":172,"column":5}}]},"11":{"loc":{"start":{"line":175,"column":4},"end":{"line":177,"column":5}},"type":"if","locations":[{"start":{"line":175,"column":4},"end":{"line":177,"column":5}}]},"12":{"loc":{"start":{"line":182,"column":14},"end":{"line":182,"column":51}},"type":"cond-expr","locations":[{"start":{"line":182,"column":23},"end":{"line":182,"column":39}},{"start":{"line":182,"column":42},"end":{"line":182,"column":51}}]},"13":{"loc":{"start":{"line":183,"column":13},"end":{"line":183,"column":48}},"type":"cond-expr","locations":[{"start":{"line":183,"column":21},"end":{"line":183,"column":36}},{"start":{"line":183,"column":39},"end":{"line":183,"column":48}}]},"14":{"loc":{"start":{"line":201,"column":4},"end":{"line":203,"column":5}},"type":"if","locations":[{"start":{"line":201,"column":4},"end":{"line":203,"column":5}}]},"15":{"loc":{"start":{"line":205,"column":4},"end":{"line":207,"column":5}},"type":"if","locations":[{"start":{"line":205,"column":4},"end":{"line":207,"column":5}}]},"16":{"loc":{"start":{"line":205,"column":8},"end":{"line":205,"column":73}},"type":"binary-expr","locations":[{"start":{"line":205,"column":8},"end":{"line":205,"column":31}},{"start":{"line":205,"column":35},"end":{"line":205,"column":73}}]},"17":{"loc":{"start":{"line":227,"column":4},"end":{"line":229,"column":5}},"type":"if","locations":[{"start":{"line":227,"column":4},"end":{"line":229,"column":5}}]},"18":{"loc":{"start":{"line":249,"column":4},"end":{"line":253,"column":5}},"type":"if","locations":[{"start":{"line":249,"column":4},"end":{"line":253,"column":5}}]},"19":{"loc":{"start":{"line":255,"column":4},"end":{"line":257,"column":5}},"type":"if","locations":[{"start":{"line":255,"column":4},"end":{"line":257,"column":5}}]},"20":{"loc":{"start":{"line":259,"column":4},"end":{"line":261,"column":5}},"type":"if","locations":[{"start":{"line":259,"column":4},"end":{"line":261,"column":5}}]},"21":{"loc":{"start":{"line":281,"column":4},"end":{"line":285,"column":5}},"type":"if","locations":[{"start":{"line":281,"column":4},"end":{"line":285,"column":5}}]},"22":{"loc":{"start":{"line":287,"column":4},"end":{"line":289,"column":5}},"type":"if","locations":[{"start":{"line":287,"column":4},"end":{"line":289,"column":5}}]},"23":{"loc":{"start":{"line":312,"column":4},"end":{"line":314,"column":5}},"type":"if","locations":[{"start":{"line":312,"column":4},"end":{"line":314,"column":5}}]},"24":{"loc":{"start":{"line":316,"column":4},"end":{"line":318,"column":5}},"type":"if","locations":[{"start":{"line":316,"column":4},"end":{"line":318,"column":5}}]},"25":{"loc":{"start":{"line":320,"column":4},"end":{"line":322,"column":5}},"type":"if","locations":[{"start":{"line":320,"column":4},"end":{"line":322,"column":5}}]},"26":{"loc":{"start":{"line":344,"column":4},"end":{"line":346,"column":5}},"type":"if","locations":[{"start":{"line":344,"column":4},"end":{"line":346,"column":5}}]}},"s":{"0":0,"1":0,"2":0,"3":0,"4":0,"5":0,"6":0,"7":0,"8":0,"9":0,"10":0,"11":0,"12":0,"13":0,"14":0,"15":0,"16":0,"17":0,"18":0,"19":0,"20":0,"21":0,"22":0,"23":0,"24":0,"25":0,"26":0,"27":0,"28":0,"29":0,"30":0,"31":0,"32":0,"33":0,"34":0,"35":0,"36":0,"37":0,"38":0,"39":0,"40":0,"41":0,"42":0,"43":0,"44":0,"45":0,"46":0,"47":0,"48":0,"49":0,"50":0,"51":0,"52":0,"53":0,"54":0,"55":0,"56":0,"57":0,"58":0,"59":0,"60":0,"61":0,"62":0,"63":0,"64":0,"65":0,"66":0,"67":0,"68":0,"69":0,"70":0,"71":0,"72":0,"73":0,"74":0,"75":0,"76":0,"77":0,"78":0,"79":0,"80":0,"81":0,"82":0,"83":0,"84":0,"85":0,"86":0},"f":{"0":0,"1":0,"2":0,"3":0,"4":0,"5":0,"6":0,"7":0,"8":0,"9":0,"10":0,"11":0,"12":0},"b":{"0":[0],"1":[0],"2":[0,0],"3":[0],"4":[0],"5":[0],"6":[0],"7":[0],"8":[0],"9":[0,0,0],"10":[0],"11":[0],"12":[0,0],"13":[0,0],"14":[0],"15":[0],"16":[0,0],"17":[0],"18":[0],"19":[0],"20":[0],"21":[0],"22":[0],"23":[0],"24":[0],"25":[0],"26":[0]}}
,"/Users/harishraghave/Desktop/colleging/college-id-signup-1/src/chat-backend/repositories/chat.repository.ts": {"path":"/Users/harishraghave/Desktop/colleging/college-id-signup-1/src/chat-backend/repositories/chat.repository.ts","statementMap":{"0":{"start":{"line":1,"column":0},"end":{"line":1,"column":44}},"1":{"start":{"line":2,"column":0},"end":{"line":2,"column":56}},"2":{"start":{"line":30,"column":7},"end":{"line":515,"column":null}},"3":{"start":{"line":33,"column":4},"end":{"line":33,"column":29}},"4":{"start":{"line":40,"column":57},"end":{"line":40,"column":61}},"5":{"start":{"line":43,"column":28},"end":{"line":43,"column":79}},"6":{"start":{"line":45,"column":4},"end":{"line":94,"column":7}},"7":{"start":{"line":47,"column":27},"end":{"line":54,"column":8}},"8":{"start":{"line":57,"column":32},"end":{"line":62,"column":9}},"9":{"start":{"line":57,"column":65},"end":{"line":62,"column":8}},"10":{"start":{"line":64,"column":6},"end":{"line":66,"column":9}},"11":{"start":{"line":69,"column":6},"end":{"line":93,"column":9}},"12":{"start":{"line":105,"column":23},"end":{"line":111,"column":6}},"13":{"start":{"line":113,"column":4},"end":{"line":115,"column":5}},"14":{"start":{"line":114,"column":6},"end":{"line":114,"column":49}},"15":{"start":{"line":117,"column":26},"end":{"line":158,"column":6}},"16":{"start":{"line":160,"column":20},"end":{"line":160,"column":48}},"17":{"start":{"line":161,"column":34},"end":{"line":163,"column":21}},"18":{"start":{"line":164,"column":23},"end":{"line":168,"column":12}},"19":{"start":{"line":170,"column":4},"end":{"line":174,"column":6}},"20":{"start":{"line":185,"column":64},"end":{"line":185,"column":68}},"21":{"start":{"line":187,"column":4},"end":{"line":253,"column":7}},"22":{"start":{"line":189,"column":28},"end":{"line":194,"column":8}},"23":{"start":{"line":196,"column":6},"end":{"line":198,"column":7}},"24":{"start":{"line":197,"column":8},"end":{"line":197,"column":74}},"25":{"start":{"line":201,"column":22},"end":{"line":219,"column":8}},"26":{"start":{"line":222,"column":6},"end":{"line":229,"column":7}},"27":{"start":{"line":223,"column":8},"end":{"line":228,"column":11}},"28":{"start":{"line":224,"column":49},"end":{"line":227,"column":12}},"29":{"start":{"line":232,"column":6},"end":{"line":235,"column":9}},"30":{"start":{"line":238,"column":6},"end":{"line":252,"column":9}},"31":{"start":{"line":264,"column":50},"end":{"line":264,"column":57}},"32":{"start":{"line":267,"column":26},"end":{"line":272,"column":6}},"33":{"start":{"line":274,"column":4},"end":{"line":276,"column":5}},"34":{"start":{"line":275,"column":6},"end":{"line":275,"column":72}},"35":{"start":{"line":278,"column":23},"end":{"line":278,"column":41}},"36":{"start":{"line":280,"column":4},"end":{"line":282,"column":5}},"37":{"start":{"line":281,"column":6},"end":{"line":281,"column":49}},"38":{"start":{"line":284,"column":4},"end":{"line":286,"column":5}},"39":{"start":{"line":285,"column":6},"end":{"line":285,"column":59}},"40":{"start":{"line":288,"column":4},"end":{"line":290,"column":5}},"41":{"start":{"line":289,"column":6},"end":{"line":289,"column":58}},"42":{"start":{"line":292,"column":21},"end":{"line":318,"column":6}},"43":{"start":{"line":320,"column":20},"end":{"line":320,"column":43}},"44":{"start":{"line":321,"column":29},"end":{"line":321,"column":71}},"45":{"start":{"line":322,"column":23},"end":{"line":324,"column":12}},"46":{"start":{"line":326,"column":4},"end":{"line":330,"column":6}},"47":{"start":{"line":342,"column":26},"end":{"line":347,"column":6}},"48":{"start":{"line":349,"column":4},"end":{"line":351,"column":5}},"49":{"start":{"line":350,"column":6},"end":{"line":350,"column":72}},"50":{"start":{"line":354,"column":33},"end":{"line":360,"column":6}},"51":{"start":{"line":362,"column":34},"end":{"line":362,"column":78}},"52":{"start":{"line":362,"column":66},"end":{"line":362,"column":77}},"53":{"start":{"line":363,"column":29},"end":{"line":364,"column":null}},"54":{"start":{"line":364,"column":14},"end":{"line":364,"column":49}},"55":{"start":{"line":367,"column":4},"end":{"line":375,"column":5}},"56":{"start":{"line":368,"column":6},"end":{"line":374,"column":9}},"57":{"start":{"line":369,"column":51},"end":{"line":373,"column":10}},"58":{"start":{"line":377,"column":4},"end":{"line":377,"column":53}},"59":{"start":{"line":385,"column":30},"end":{"line":388,"column":6}},"60":{"start":{"line":390,"column":28},"end":{"line":390,"column":76}},"61":{"start":{"line":390,"column":58},"end":{"line":390,"column":75}},"62":{"start":{"line":392,"column":4},"end":{"line":394,"column":5}},"63":{"start":{"line":393,"column":6},"end":{"line":393,"column":15}},"64":{"start":{"line":397,"column":24},"end":{"line":407,"column":6}},"65":{"start":{"line":409,"column":4},"end":{"line":409,"column":23}},"66":{"start":{"line":420,"column":4},"end":{"line":466,"column":7}},"67":{"start":{"line":422,"column":33},"end":{"line":428,"column":8}},"68":{"start":{"line":430,"column":6},"end":{"line":432,"column":7}},"69":{"start":{"line":431,"column":8},"end":{"line":431,"column":66}},"70":{"start":{"line":435,"column":36},"end":{"line":440,"column":8}},"71":{"start":{"line":442,"column":6},"end":{"line":444,"column":7}},"72":{"start":{"line":443,"column":8},"end":{"line":443,"column":64}},"73":{"start":{"line":447,"column":6},"end":{"line":465,"column":9}},"74":{"start":{"line":474,"column":33},"end":{"line":503,"column":6}},"75":{"start":{"line":505,"column":4},"end":{"line":507,"column":5}},"76":{"start":{"line":506,"column":6},"end":{"line":506,"column":34}},"77":{"start":{"line":510,"column":4},"end":{"line":513,"column":7}},"78":{"start":{"line":30,"column":13},"end":{"line":30,"column":27}},"79":{"start":{"line":30,"column":13},"end":{"line":515,"column":null}}},"fnMap":{"0":{"name":"(anonymous_1)","decl":{"start":{"line":32,"column":2},"end":{"line":32,"column":14}},"loc":{"start":{"line":32,"column":16},"end":{"line":34,"column":3}}},"1":{"name":"(anonymous_2)","decl":{"start":{"line":39,"column":2},"end":{"line":39,"column":7}},"loc":{"start":{"line":39,"column":73},"end":{"line":95,"column":3}}},"2":{"name":"(anonymous_3)","decl":{"start":{"line":45,"column":38},"end":{"line":45,"column":43}},"loc":{"start":{"line":45,"column":51},"end":{"line":94,"column":5}}},"3":{"name":"(anonymous_4)","decl":{"start":{"line":57,"column":52},"end":{"line":57,"column":53}},"loc":{"start":{"line":57,"column":65},"end":{"line":62,"column":8}}},"4":{"name":"(anonymous_5)","decl":{"start":{"line":100,"column":2},"end":{"line":100,"column":7}},"loc":{"start":{"line":103,"column":19},"end":{"line":175,"column":3}}},"5":{"name":"(anonymous_6)","decl":{"start":{"line":180,"column":2},"end":{"line":180,"column":7}},"loc":{"start":{"line":183,"column":24},"end":{"line":254,"column":3}}},"6":{"name":"(anonymous_7)","decl":{"start":{"line":187,"column":38},"end":{"line":187,"column":43}},"loc":{"start":{"line":187,"column":51},"end":{"line":253,"column":5}}},"7":{"name":"(anonymous_8)","decl":{"start":{"line":224,"column":32},"end":{"line":224,"column":33}},"loc":{"start":{"line":224,"column":49},"end":{"line":227,"column":12}}},"8":{"name":"(anonymous_9)","decl":{"start":{"line":259,"column":2},"end":{"line":259,"column":7}},"loc":{"start":{"line":262,"column":32},"end":{"line":331,"column":3}}},"9":{"name":"(anonymous_10)","decl":{"start":{"line":336,"column":2},"end":{"line":336,"column":7}},"loc":{"start":{"line":339,"column":24},"end":{"line":378,"column":3}}},"10":{"name":"(anonymous_11)","decl":{"start":{"line":362,"column":59},"end":{"line":362,"column":60}},"loc":{"start":{"line":362,"column":66},"end":{"line":362,"column":77}}},"11":{"name":"(anonymous_12)","decl":{"start":{"line":364,"column":6},"end":{"line":364,"column":7}},"loc":{"start":{"line":364,"column":14},"end":{"line":364,"column":49}}},"12":{"name":"(anonymous_13)","decl":{"start":{"line":369,"column":35},"end":{"line":369,"column":36}},"loc":{"start":{"line":369,"column":51},"end":{"line":373,"column":10}}},"13":{"name":"(anonymous_14)","decl":{"start":{"line":383,"column":2},"end":{"line":383,"column":7}},"loc":{"start":{"line":383,"column":44},"end":{"line":410,"column":3}}},"14":{"name":"(anonymous_15)","decl":{"start":{"line":390,"column":50},"end":{"line":390,"column":51}},"loc":{"start":{"line":390,"column":58},"end":{"line":390,"column":75}}},"15":{"name":"(anonymous_16)","decl":{"start":{"line":415,"column":2},"end":{"line":415,"column":7}},"loc":{"start":{"line":418,"column":25},"end":{"line":467,"column":3}}},"16":{"name":"(anonymous_17)","decl":{"start":{"line":420,"column":38},"end":{"line":420,"column":43}},"loc":{"start":{"line":420,"column":51},"end":{"line":466,"column":5}}},"17":{"name":"(anonymous_18)","decl":{"start":{"line":472,"column":2},"end":{"line":472,"column":7}},"loc":{"start":{"line":472,"column":66},"end":{"line":514,"column":3}}}},"branchMap":{"0":{"loc":{"start":{"line":60,"column":14},"end":{"line":60,"column":55}},"type":"cond-expr","locations":[{"start":{"line":60,"column":37},"end":{"line":60,"column":44}},{"start":{"line":60,"column":47},"end":{"line":60,"column":55}}]},"1":{"loc":{"start":{"line":102,"column":4},"end":{"line":102,"column":22}},"type":"default-arg","locations":[{"start":{"line":102,"column":20},"end":{"line":102,"column":22}}]},"2":{"loc":{"start":{"line":113,"column":4},"end":{"line":115,"column":5}},"type":"if","locations":[{"start":{"line":113,"column":4},"end":{"line":115,"column":5}}]},"3":{"loc":{"start":{"line":161,"column":34},"end":{"line":163,"column":21}},"type":"cond-expr","locations":[{"start":{"line":162,"column":8},"end":{"line":162,"column":34}},{"start":{"line":163,"column":8},"end":{"line":163,"column":21}}]},"4":{"loc":{"start":{"line":164,"column":23},"end":{"line":168,"column":12}},"type":"cond-expr","locations":[{"start":{"line":165,"column":8},"end":{"line":167,"column":33}},{"start":{"line":168,"column":8},"end":{"line":168,"column":12}}]},"5":{"loc":{"start":{"line":185,"column":21},"end":{"line":185,"column":41}},"type":"default-arg","locations":[{"start":{"line":185,"column":35},"end":{"line":185,"column":41}}]},"6":{"loc":{"start":{"line":185,"column":43},"end":{"line":185,"column":59}},"type":"default-arg","locations":[{"start":{"line":185,"column":57},"end":{"line":185,"column":59}}]},"7":{"loc":{"start":{"line":196,"column":6},"end":{"line":198,"column":7}},"type":"if","locations":[{"start":{"line":196,"column":6},"end":{"line":198,"column":7}}]},"8":{"loc":{"start":{"line":222,"column":6},"end":{"line":229,"column":7}},"type":"if","locations":[{"start":{"line":222,"column":6},"end":{"line":229,"column":7}}]},"9":{"loc":{"start":{"line":262,"column":4},"end":{"line":262,"column":32}},"type":"default-arg","locations":[{"start":{"line":262,"column":30},"end":{"line":262,"column":32}}]},"10":{"loc":{"start":{"line":264,"column":12},"end":{"line":264,"column":22}},"type":"default-arg","locations":[{"start":{"line":264,"column":20},"end":{"line":264,"column":22}}]},"11":{"loc":{"start":{"line":274,"column":4},"end":{"line":276,"column":5}},"type":"if","locations":[{"start":{"line":274,"column":4},"end":{"line":276,"column":5}}]},"12":{"loc":{"start":{"line":280,"column":4},"end":{"line":282,"column":5}},"type":"if","locations":[{"start":{"line":280,"column":4},"end":{"line":282,"column":5}}]},"13":{"loc":{"start":{"line":284,"column":4},"end":{"line":286,"column":5}},"type":"if","locations":[{"start":{"line":284,"column":4},"end":{"line":286,"column":5}}]},"14":{"loc":{"start":{"line":288,"column":4},"end":{"line":290,"column":5}},"type":"if","locations":[{"start":{"line":288,"column":4},"end":{"line":290,"column":5}}]},"15":{"loc":{"start":{"line":321,"column":29},"end":{"line":321,"column":71}},"type":"cond-expr","locations":[{"start":{"line":321,"column":39},"end":{"line":321,"column":60}},{"start":{"line":321,"column":63},"end":{"line":321,"column":71}}]},"16":{"loc":{"start":{"line":322,"column":23},"end":{"line":324,"column":12}},"type":"cond-expr","locations":[{"start":{"line":323,"column":8},"end":{"line":323,"column":77}},{"start":{"line":324,"column":8},"end":{"line":324,"column":12}}]},"17":{"loc":{"start":{"line":349,"column":4},"end":{"line":351,"column":5}},"type":"if","locations":[{"start":{"line":349,"column":4},"end":{"line":351,"column":5}}]},"18":{"loc":{"start":{"line":367,"column":4},"end":{"line":375,"column":5}},"type":"if","locations":[{"start":{"line":367,"column":4},"end":{"line":375,"column":5}}]},"19":{"loc":{"start":{"line":392,"column":4},"end":{"line":394,"column":5}},"type":"if","locations":[{"start":{"line":392,"column":4},"end":{"line":394,"column":5}}]},"20":{"loc":{"start":{"line":430,"column":6},"end":{"line":432,"column":7}},"type":"if","locations":[{"start":{"line":430,"column":6},"end":{"line":432,"column":7}}]},"21":{"loc":{"start":{"line":442,"column":6},"end":{"line":444,"column":7}},"type":"if","locations":[{"start":{"line":442,"column":6},"end":{"line":444,"column":7}}]},"22":{"loc":{"start":{"line":505,"column":4},"end":{"line":507,"column":5}},"type":"if","locations":[{"start":{"line":505,"column":4},"end":{"line":507,"column":5}}]}},"s":{"0":0,"1":0,"2":0,"3":0,"4":0,"5":0,"6":0,"7":0,"8":0,"9":0,"10":0,"11":0,"12":0,"13":0,"14":0,"15":0,"16":0,"17":0,"18":0,"19":0,"20":0,"21":0,"22":0,"23":0,"24":0,"25":0,"26":0,"27":0,"28":0,"29":0,"30":0,"31":0,"32":0,"33":0,"34":0,"35":0,"36":0,"37":0,"38":0,"39":0,"40":0,"41":0,"42":0,"43":0,"44":0,"45":0,"46":0,"47":0,"48":0,"49":0,"50":0,"51":0,"52":0,"53":0,"54":0,"55":0,"56":0,"57":0,"58":0,"59":0,"60":0,"61":0,"62":0,"63":0,"64":0,"65":0,"66":0,"67":0,"68":0,"69":0,"70":0,"71":0,"72":0,"73":0,"74":0,"75":0,"76":0,"77":0,"78":0,"79":0},"f":{"0":0,"1":0,"2":0,"3":0,"4":0,"5":0,"6":0,"7":0,"8":0,"9":0,"10":0,"11":0,"12":0,"13":0,"14":0,"15":0,"16":0,"17":0},"b":{"0":[0,0],"1":[0],"2":[0],"3":[0,0],"4":[0,0],"5":[0],"6":[0],"7":[0],"8":[0],"9":[0],"10":[0],"11":[0],"12":[0],"13":[0],"14":[0],"15":[0,0],"16":[0,0],"17":[0],"18":[0],"19":[0],"20":[0],"21":[0],"22":[0]}}
,"/Users/harishraghave/Desktop/colleging/college-id-signup-1/src/chat-backend/services/chat.service.new.ts": {"path":"/Users/harishraghave/Desktop/colleging/college-id-signup-1/src/chat-backend/services/chat.service.new.ts","statementMap":{"0":{"start":{"line":1,"column":0},"end":{"line":1,"column":null}},"1":{"start":{"line":7,"column":0},"end":{"line":7,"column":null}},"2":{"start":{"line":16,"column":2},"end":{"line":16,"column":66}},"3":{"start":{"line":46,"column":7},"end":{"line":427,"column":null}},"4":{"start":{"line":47,"column":31},"end":{"line":47,"column":47}},"5":{"start":{"line":53,"column":4},"end":{"line":100,"column":5}},"6":{"start":{"line":55,"column":6},"end":{"line":59,"column":7}},"7":{"start":{"line":56,"column":8},"end":{"line":58,"column":10}},"8":{"start":{"line":61,"column":6},"end":{"line":65,"column":7}},"9":{"start":{"line":62,"column":8},"end":{"line":64,"column":10}},"10":{"start":{"line":67,"column":6},"end":{"line":69,"column":7}},"11":{"start":{"line":68,"column":8},"end":{"line":68,"column":79}},"12":{"start":{"line":72,"column":6},"end":{"line":83,"column":7}},"13":{"start":{"line":74,"column":10},"end":{"line":76,"column":null}},"14":{"start":{"line":78,"column":8},"end":{"line":82,"column":10}},"15":{"start":{"line":86,"column":27},"end":{"line":88,"column":null}},"16":{"start":{"line":91,"column":6},"end":{"line":95,"column":8}},"17":{"start":{"line":97,"column":6},"end":{"line":99,"column":8}},"18":{"start":{"line":111,"column":4},"end":{"line":146,"column":5}},"19":{"start":{"line":112,"column":21},"end":{"line":115,"column":null}},"20":{"start":{"line":119,"column":36},"end":{"line":132,"column":8}},"21":{"start":{"line":120,"column":28},"end":{"line":120,"column":60}},"22":{"start":{"line":121,"column":34},"end":{"line":122,"column":null}},"23":{"start":{"line":122,"column":17},"end":{"line":122,"column":36}},"24":{"start":{"line":125,"column":8},"end":{"line":131,"column":10}},"25":{"start":{"line":128,"column":58},"end":{"line":128,"column":64}},"26":{"start":{"line":134,"column":6},"end":{"line":141,"column":8}},"27":{"start":{"line":143,"column":6},"end":{"line":145,"column":8}},"28":{"start":{"line":157,"column":4},"end":{"line":196,"column":5}},"29":{"start":{"line":159,"column":6},"end":{"line":166,"column":7}},"30":{"start":{"line":163,"column":8},"end":{"line":165,"column":10}},"31":{"start":{"line":169,"column":6},"end":{"line":175,"column":7}},"32":{"start":{"line":170,"column":8},"end":{"line":174,"column":9}},"33":{"start":{"line":171,"column":10},"end":{"line":173,"column":11}},"34":{"start":{"line":172,"column":12},"end":{"line":172,"column":69}},"35":{"start":{"line":177,"column":22},"end":{"line":180,"column":null}},"36":{"start":{"line":183,"column":6},"end":{"line":187,"column":8}},"37":{"start":{"line":189,"column":27},"end":{"line":189,"column":49}},"38":{"start":{"line":190,"column":6},"end":{"line":194,"column":7}},"39":{"start":{"line":191,"column":8},"end":{"line":193,"column":10}},"40":{"start":{"line":195,"column":6},"end":{"line":195,"column":79}},"41":{"start":{"line":207,"column":4},"end":{"line":230,"column":5}},"42":{"start":{"line":208,"column":21},"end":{"line":211,"column":null}},"43":{"start":{"line":214,"column":6},"end":{"line":221,"column":8}},"44":{"start":{"line":223,"column":27},"end":{"line":223,"column":49}},"45":{"start":{"line":224,"column":6},"end":{"line":228,"column":7}},"46":{"start":{"line":225,"column":8},"end":{"line":227,"column":10}},"47":{"start":{"line":229,"column":6},"end":{"line":229,"column":79}},"48":{"start":{"line":241,"column":4},"end":{"line":267,"column":5}},"49":{"start":{"line":242,"column":6},"end":{"line":244,"column":7}},"50":{"start":{"line":243,"column":8},"end":{"line":243,"column":65}},"51":{"start":{"line":246,"column":21},"end":{"line":249,"column":null}},"52":{"start":{"line":252,"column":6},"end":{"line":256,"column":8}},"53":{"start":{"line":258,"column":27},"end":{"line":258,"column":49}},"54":{"start":{"line":259,"column":6},"end":{"line":263,"column":7}},"55":{"start":{"line":260,"column":8},"end":{"line":262,"column":10}},"56":{"start":{"line":264,"column":6},"end":{"line":266,"column":8}},"57":{"start":{"line":274,"column":4},"end":{"line":280,"column":5}},"58":{"start":{"line":275,"column":6},"end":{"line":275,"column":69}},"59":{"start":{"line":277,"column":6},"end":{"line":279,"column":8}},"60":{"start":{"line":287,"column":4},"end":{"line":308,"column":5}},"61":{"start":{"line":288,"column":6},"end":{"line":292,"column":7}},"62":{"start":{"line":289,"column":8},"end":{"line":291,"column":10}},"63":{"start":{"line":294,"column":27},"end":{"line":296,"column":null}},"64":{"start":{"line":299,"column":6},"end":{"line":303,"column":8}},"65":{"start":{"line":305,"column":6},"end":{"line":307,"column":8}},"66":{"start":{"line":319,"column":4},"end":{"line":342,"column":5}},"67":{"start":{"line":320,"column":21},"end":{"line":323,"column":null}},"68":{"start":{"line":326,"column":6},"end":{"line":330,"column":8}},"69":{"start":{"line":332,"column":27},"end":{"line":332,"column":49}},"70":{"start":{"line":333,"column":6},"end":{"line":335,"column":7}},"71":{"start":{"line":334,"column":8},"end":{"line":334,"column":79}},"72":{"start":{"line":336,"column":6},"end":{"line":338,"column":7}},"73":{"start":{"line":337,"column":8},"end":{"line":337,"column":78}},"74":{"start":{"line":339,"column":6},"end":{"line":341,"column":8}},"75":{"start":{"line":349,"column":4},"end":{"line":374,"column":5}},"76":{"start":{"line":352,"column":21},"end":{"line":354,"column":null}},"77":{"start":{"line":356,"column":27},"end":{"line":357,"column":null}},"78":{"start":{"line":357,"column":15},"end":{"line":357,"column":38}},"79":{"start":{"line":360,"column":6},"end":{"line":364,"column":7}},"80":{"start":{"line":361,"column":8},"end":{"line":363,"column":10}},"81":{"start":{"line":366,"column":6},"end":{"line":369,"column":8}},"82":{"start":{"line":371,"column":6},"end":{"line":373,"column":8}},"83":{"start":{"line":386,"column":4},"end":{"line":402,"column":5}},"84":{"start":{"line":389,"column":6},"end":{"line":397,"column":8}},"85":{"start":{"line":399,"column":6},"end":{"line":401,"column":8}},"86":{"start":{"line":409,"column":4},"end":{"line":425,"column":5}},"87":{"start":{"line":411,"column":6},"end":{"line":420,"column":8}},"88":{"start":{"line":422,"column":6},"end":{"line":424,"column":8}},"89":{"start":{"line":46,"column":13},"end":{"line":46,"column":24}},"90":{"start":{"line":46,"column":13},"end":{"line":427,"column":null}}},"fnMap":{"0":{"name":"getErrorMessage","decl":{"start":{"line":15,"column":9},"end":{"line":15,"column":24}},"loc":{"start":{"line":15,"column":39},"end":{"line":17,"column":1}}},"1":{"name":"(anonymous_3)","decl":{"start":{"line":47,"column":2},"end":{"line":47,"column":31}},"loc":{"start":{"line":47,"column":61},"end":{"line":47,"column":65}}},"2":{"name":"(anonymous_4)","decl":{"start":{"line":52,"column":2},"end":{"line":52,"column":7}},"loc":{"start":{"line":52,"column":70},"end":{"line":101,"column":3}}},"3":{"name":"(anonymous_5)","decl":{"start":{"line":106,"column":2},"end":{"line":106,"column":7}},"loc":{"start":{"line":109,"column":19},"end":{"line":147,"column":3}}},"4":{"name":"(anonymous_6)","decl":{"start":{"line":119,"column":61},"end":{"line":119,"column":62}},"loc":{"start":{"line":119,"column":78},"end":{"line":132,"column":7}}},"5":{"name":"(anonymous_7)","decl":{"start":{"line":122,"column":10},"end":{"line":122,"column":11}},"loc":{"start":{"line":122,"column":17},"end":{"line":122,"column":36}}},"6":{"name":"(anonymous_8)","decl":{"start":{"line":128,"column":51},"end":{"line":128,"column":52}},"loc":{"start":{"line":128,"column":58},"end":{"line":128,"column":64}}},"7":{"name":"(anonymous_9)","decl":{"start":{"line":152,"column":2},"end":{"line":152,"column":7}},"loc":{"start":{"line":155,"column":24},"end":{"line":197,"column":3}}},"8":{"name":"(anonymous_10)","decl":{"start":{"line":202,"column":2},"end":{"line":202,"column":7}},"loc":{"start":{"line":205,"column":32},"end":{"line":231,"column":3}}},"9":{"name":"(anonymous_11)","decl":{"start":{"line":236,"column":2},"end":{"line":236,"column":7}},"loc":{"start":{"line":239,"column":24},"end":{"line":268,"column":3}}},"10":{"name":"(anonymous_12)","decl":{"start":{"line":273,"column":2},"end":{"line":273,"column":7}},"loc":{"start":{"line":273,"column":37},"end":{"line":281,"column":3}}},"11":{"name":"(anonymous_13)","decl":{"start":{"line":286,"column":2},"end":{"line":286,"column":7}},"loc":{"start":{"line":286,"column":66},"end":{"line":309,"column":3}}},"12":{"name":"(anonymous_14)","decl":{"start":{"line":314,"column":2},"end":{"line":314,"column":7}},"loc":{"start":{"line":317,"column":25},"end":{"line":343,"column":3}}},"13":{"name":"(anonymous_15)","decl":{"start":{"line":348,"column":2},"end":{"line":348,"column":7}},"loc":{"start":{"line":348,"column":69},"end":{"line":375,"column":3}}},"14":{"name":"(anonymous_16)","decl":{"start":{"line":357,"column":8},"end":{"line":357,"column":9}},"loc":{"start":{"line":357,"column":15},"end":{"line":357,"column":38}}},"15":{"name":"(anonymous_17)","decl":{"start":{"line":380,"column":2},"end":{"line":380,"column":7}},"loc":{"start":{"line":384,"column":22},"end":{"line":403,"column":3}}},"16":{"name":"(anonymous_18)","decl":{"start":{"line":408,"column":2},"end":{"line":408,"column":7}},"loc":{"start":{"line":408,"column":67},"end":{"line":426,"column":3}}}},"branchMap":{"0":{"loc":{"start":{"line":16,"column":9},"end":{"line":16,"column":65}},"type":"cond-expr","locations":[{"start":{"line":16,"column":34},"end":{"line":16,"column":47}},{"start":{"line":16,"column":50},"end":{"line":16,"column":65}}]},"1":{"loc":{"start":{"line":55,"column":6},"end":{"line":59,"column":7}},"type":"if","locations":[{"start":{"line":55,"column":6},"end":{"line":59,"column":7}}]},"2":{"loc":{"start":{"line":55,"column":10},"end":{"line":55,"column":68}},"type":"binary-expr","locations":[{"start":{"line":55,"column":10},"end":{"line":55,"column":32}},{"start":{"line":55,"column":36},"end":{"line":55,"column":68}}]},"3":{"loc":{"start":{"line":61,"column":6},"end":{"line":65,"column":7}},"type":"if","locations":[{"start":{"line":61,"column":6},"end":{"line":65,"column":7}}]},"4":{"loc":{"start":{"line":61,"column":10},"end":{"line":61,"column":65}},"type":"binary-expr","locations":[{"start":{"line":61,"column":10},"end":{"line":61,"column":31}},{"start":{"line":61,"column":35},"end":{"line":61,"column":65}}]},"5":{"loc":{"start":{"line":67,"column":6},"end":{"line":69,"column":7}},"type":"if","locations":[{"start":{"line":67,"column":6},"end":{"line":69,"column":7}}]},"6":{"loc":{"start":{"line":67,"column":10},"end":{"line":67,"column":46}},"type":"binary-expr","locations":[{"start":{"line":67,"column":10},"end":{"line":67,"column":31}},{"start":{"line":67,"column":35},"end":{"line":67,"column":46}}]},"7":{"loc":{"start":{"line":72,"column":6},"end":{"line":83,"column":7}},"type":"if","locations":[{"start":{"line":72,"column":6},"end":{"line":83,"column":7}}]},"8":{"loc":{"start":{"line":108,"column":4},"end":{"line":108,"column":22}},"type":"default-arg","locations":[{"start":{"line":108,"column":20},"end":{"line":108,"column":22}}]},"9":{"loc":{"start":{"line":120,"column":28},"end":{"line":120,"column":60}},"type":"binary-expr","locations":[{"start":{"line":120,"column":28},"end":{"line":120,"column":52}},{"start":{"line":120,"column":56},"end":{"line":120,"column":60}}]},"10":{"loc":{"start":{"line":159,"column":6},"end":{"line":166,"column":7}},"type":"if","locations":[{"start":{"line":159,"column":6},"end":{"line":166,"column":7}}]},"11":{"loc":{"start":{"line":160,"column":8},"end":{"line":161,"column":60}},"type":"binary-expr","locations":[{"start":{"line":160,"column":8},"end":{"line":160,"column":29}},{"start":{"line":161,"column":9},"end":{"line":161,"column":26}},{"start":{"line":161,"column":30},"end":{"line":161,"column":59}}]},"12":{"loc":{"start":{"line":169,"column":6},"end":{"line":175,"column":7}},"type":"if","locations":[{"start":{"line":169,"column":6},"end":{"line":175,"column":7}}]},"13":{"loc":{"start":{"line":171,"column":10},"end":{"line":173,"column":11}},"type":"if","locations":[{"start":{"line":171,"column":10},"end":{"line":173,"column":11}}]},"14":{"loc":{"start":{"line":171,"column":14},"end":{"line":171,"column":77}},"type":"binary-expr","locations":[{"start":{"line":171,"column":14},"end":{"line":171,"column":34}},{"start":{"line":171,"column":38},"end":{"line":171,"column":53}},{"start":{"line":171,"column":57},"end":{"line":171,"column":77}}]},"15":{"loc":{"start":{"line":190,"column":6},"end":{"line":194,"column":7}},"type":"if","locations":[{"start":{"line":190,"column":6},"end":{"line":194,"column":7}}]},"16":{"loc":{"start":{"line":205,"column":4},"end":{"line":205,"column":32}},"type":"default-arg","locations":[{"start":{"line":205,"column":30},"end":{"line":205,"column":32}}]},"17":{"loc":{"start":{"line":224,"column":6},"end":{"line":228,"column":7}},"type":"if","locations":[{"start":{"line":224,"column":6},"end":{"line":228,"column":7}}]},"18":{"loc":{"start":{"line":242,"column":6},"end":{"line":244,"column":7}},"type":"if","locations":[{"start":{"line":242,"column":6},"end":{"line":244,"column":7}}]},"19":{"loc":{"start":{"line":242,"column":10},"end":{"line":242,"column":48}},"type":"binary-expr","locations":[{"start":{"line":242,"column":10},"end":{"line":242,"column":21}},{"start":{"line":242,"column":25},"end":{"line":242,"column":48}}]},"20":{"loc":{"start":{"line":259,"column":6},"end":{"line":263,"column":7}},"type":"if","locations":[{"start":{"line":259,"column":6},"end":{"line":263,"column":7}}]},"21":{"loc":{"start":{"line":288,"column":6},"end":{"line":292,"column":7}},"type":"if","locations":[{"start":{"line":288,"column":6},"end":{"line":292,"column":7}}]},"22":{"loc":{"start":{"line":333,"column":6},"end":{"line":335,"column":7}},"type":"if","locations":[{"start":{"line":333,"column":6},"end":{"line":335,"column":7}}]},"23":{"loc":{"start":{"line":336,"column":6},"end":{"line":338,"column":7}},"type":"if","locations":[{"start":{"line":336,"column":6},"end":{"line":338,"column":7}}]},"24":{"loc":{"start":{"line":360,"column":6},"end":{"line":364,"column":7}},"type":"if","locations":[{"start":{"line":360,"column":6},"end":{"line":364,"column":7}}]},"25":{"loc":{"start":{"line":384,"column":4},"end":{"line":384,"column":22}},"type":"default-arg","locations":[{"start":{"line":384,"column":20},"end":{"line":384,"column":22}}]}},"s":{"0":0,"1":0,"2":0,"3":0,"4":0,"5":0,"6":0,"7":0,"8":0,"9":0,"10":0,"11":0,"12":0,"13":0,"14":0,"15":0,"16":0,"17":0,"18":0,"19":0,"20":0,"21":0,"22":0,"23":0,"24":0,"25":0,"26":0,"27":0,"28":0,"29":0,"30":0,"31":0,"32":0,"33":0,"34":0,"35":0,"36":0,"37":0,"38":0,"39":0,"40":0,"41":0,"42":0,"43":0,"44":0,"45":0,"46":0,"47":0,"48":0,"49":0,"50":0,"51":0,"52":0,"53":0,"54":0,"55":0,"56":0,"57":0,"58":0,"59":0,"60":0,"61":0,"62":0,"63":0,"64":0,"65":0,"66":0,"67":0,"68":0,"69":0,"70":0,"71":0,"72":0,"73":0,"74":0,"75":0,"76":0,"77":0,"78":0,"79":0,"80":0,"81":0,"82":0,"83":0,"84":0,"85":0,"86":0,"87":0,"88":0,"89":0,"90":0},"f":{"0":0,"1":0,"2":0,"3":0,"4":0,"5":0,"6":0,"7":0,"8":0,"9":0,"10":0,"11":0,"12":0,"13":0,"14":0,"15":0,"16":0},"b":{"0":[0,0],"1":[0],"2":[0,0],"3":[0],"4":[0,0],"5":[0],"6":[0,0],"7":[0],"8":[0],"9":[0,0],"10":[0],"11":[0,0,0],"12":[0],"13":[0],"14":[0,0,0],"15":[0],"16":[0],"17":[0],"18":[0],"19":[0,0],"20":[0],"21":[0],"22":[0],"23":[0],"24":[0],"25":[0]}}
,"/Users/harishraghave/Desktop/colleging/college-id-signup-1/src/chat-backend/services/chat.service.ts": {"path":"/Users/harishraghave/Desktop/colleging/college-id-signup-1/src/chat-backend/services/chat.service.ts","statementMap":{"0":{"start":{"line":1,"column":0},"end":{"line":1,"column":null}},"1":{"start":{"line":7,"column":0},"end":{"line":7,"column":null}},"2":{"start":{"line":16,"column":2},"end":{"line":16,"column":66}},"3":{"start":{"line":46,"column":7},"end":{"line":427,"column":null}},"4":{"start":{"line":47,"column":31},"end":{"line":47,"column":47}},"5":{"start":{"line":53,"column":4},"end":{"line":100,"column":5}},"6":{"start":{"line":55,"column":6},"end":{"line":59,"column":7}},"7":{"start":{"line":56,"column":8},"end":{"line":58,"column":10}},"8":{"start":{"line":61,"column":6},"end":{"line":65,"column":7}},"9":{"start":{"line":62,"column":8},"end":{"line":64,"column":10}},"10":{"start":{"line":67,"column":6},"end":{"line":69,"column":7}},"11":{"start":{"line":68,"column":8},"end":{"line":68,"column":79}},"12":{"start":{"line":72,"column":6},"end":{"line":83,"column":7}},"13":{"start":{"line":74,"column":10},"end":{"line":76,"column":null}},"14":{"start":{"line":78,"column":8},"end":{"line":82,"column":10}},"15":{"start":{"line":86,"column":27},"end":{"line":88,"column":null}},"16":{"start":{"line":91,"column":6},"end":{"line":95,"column":8}},"17":{"start":{"line":97,"column":6},"end":{"line":99,"column":8}},"18":{"start":{"line":111,"column":4},"end":{"line":146,"column":5}},"19":{"start":{"line":112,"column":21},"end":{"line":115,"column":null}},"20":{"start":{"line":119,"column":36},"end":{"line":132,"column":8}},"21":{"start":{"line":120,"column":28},"end":{"line":120,"column":60}},"22":{"start":{"line":121,"column":34},"end":{"line":122,"column":null}},"23":{"start":{"line":122,"column":17},"end":{"line":122,"column":36}},"24":{"start":{"line":125,"column":8},"end":{"line":131,"column":10}},"25":{"start":{"line":128,"column":58},"end":{"line":128,"column":64}},"26":{"start":{"line":134,"column":6},"end":{"line":141,"column":8}},"27":{"start":{"line":143,"column":6},"end":{"line":145,"column":8}},"28":{"start":{"line":157,"column":4},"end":{"line":196,"column":5}},"29":{"start":{"line":159,"column":6},"end":{"line":166,"column":7}},"30":{"start":{"line":163,"column":8},"end":{"line":165,"column":10}},"31":{"start":{"line":169,"column":6},"end":{"line":175,"column":7}},"32":{"start":{"line":170,"column":8},"end":{"line":174,"column":9}},"33":{"start":{"line":171,"column":10},"end":{"line":173,"column":11}},"34":{"start":{"line":172,"column":12},"end":{"line":172,"column":69}},"35":{"start":{"line":177,"column":22},"end":{"line":180,"column":null}},"36":{"start":{"line":183,"column":6},"end":{"line":187,"column":8}},"37":{"start":{"line":189,"column":27},"end":{"line":189,"column":49}},"38":{"start":{"line":190,"column":6},"end":{"line":194,"column":7}},"39":{"start":{"line":191,"column":8},"end":{"line":193,"column":10}},"40":{"start":{"line":195,"column":6},"end":{"line":195,"column":79}},"41":{"start":{"line":207,"column":4},"end":{"line":230,"column":5}},"42":{"start":{"line":208,"column":21},"end":{"line":211,"column":null}},"43":{"start":{"line":214,"column":6},"end":{"line":221,"column":8}},"44":{"start":{"line":223,"column":27},"end":{"line":223,"column":49}},"45":{"start":{"line":224,"column":6},"end":{"line":228,"column":7}},"46":{"start":{"line":225,"column":8},"end":{"line":227,"column":10}},"47":{"start":{"line":229,"column":6},"end":{"line":229,"column":79}},"48":{"start":{"line":241,"column":4},"end":{"line":267,"column":5}},"49":{"start":{"line":242,"column":6},"end":{"line":244,"column":7}},"50":{"start":{"line":243,"column":8},"end":{"line":243,"column":65}},"51":{"start":{"line":246,"column":21},"end":{"line":249,"column":null}},"52":{"start":{"line":252,"column":6},"end":{"line":256,"column":8}},"53":{"start":{"line":258,"column":27},"end":{"line":258,"column":49}},"54":{"start":{"line":259,"column":6},"end":{"line":263,"column":7}},"55":{"start":{"line":260,"column":8},"end":{"line":262,"column":10}},"56":{"start":{"line":264,"column":6},"end":{"line":266,"column":8}},"57":{"start":{"line":274,"column":4},"end":{"line":280,"column":5}},"58":{"start":{"line":275,"column":6},"end":{"line":275,"column":69}},"59":{"start":{"line":277,"column":6},"end":{"line":279,"column":8}},"60":{"start":{"line":287,"column":4},"end":{"line":308,"column":5}},"61":{"start":{"line":288,"column":6},"end":{"line":292,"column":7}},"62":{"start":{"line":289,"column":8},"end":{"line":291,"column":10}},"63":{"start":{"line":294,"column":27},"end":{"line":296,"column":null}},"64":{"start":{"line":299,"column":6},"end":{"line":303,"column":8}},"65":{"start":{"line":305,"column":6},"end":{"line":307,"column":8}},"66":{"start":{"line":319,"column":4},"end":{"line":342,"column":5}},"67":{"start":{"line":320,"column":21},"end":{"line":323,"column":null}},"68":{"start":{"line":326,"column":6},"end":{"line":330,"column":8}},"69":{"start":{"line":332,"column":27},"end":{"line":332,"column":49}},"70":{"start":{"line":333,"column":6},"end":{"line":335,"column":7}},"71":{"start":{"line":334,"column":8},"end":{"line":334,"column":79}},"72":{"start":{"line":336,"column":6},"end":{"line":338,"column":7}},"73":{"start":{"line":337,"column":8},"end":{"line":337,"column":78}},"74":{"start":{"line":339,"column":6},"end":{"line":341,"column":8}},"75":{"start":{"line":349,"column":4},"end":{"line":374,"column":5}},"76":{"start":{"line":352,"column":21},"end":{"line":354,"column":null}},"77":{"start":{"line":356,"column":27},"end":{"line":357,"column":null}},"78":{"start":{"line":357,"column":15},"end":{"line":357,"column":38}},"79":{"start":{"line":360,"column":6},"end":{"line":364,"column":7}},"80":{"start":{"line":361,"column":8},"end":{"line":363,"column":10}},"81":{"start":{"line":366,"column":6},"end":{"line":369,"column":8}},"82":{"start":{"line":371,"column":6},"end":{"line":373,"column":8}},"83":{"start":{"line":386,"column":4},"end":{"line":402,"column":5}},"84":{"start":{"line":389,"column":6},"end":{"line":397,"column":8}},"85":{"start":{"line":399,"column":6},"end":{"line":401,"column":8}},"86":{"start":{"line":409,"column":4},"end":{"line":425,"column":5}},"87":{"start":{"line":411,"column":6},"end":{"line":420,"column":8}},"88":{"start":{"line":422,"column":6},"end":{"line":424,"column":8}},"89":{"start":{"line":46,"column":13},"end":{"line":46,"column":24}},"90":{"start":{"line":46,"column":13},"end":{"line":427,"column":null}}},"fnMap":{"0":{"name":"getErrorMessage","decl":{"start":{"line":15,"column":9},"end":{"line":15,"column":24}},"loc":{"start":{"line":15,"column":39},"end":{"line":17,"column":1}}},"1":{"name":"(anonymous_3)","decl":{"start":{"line":47,"column":2},"end":{"line":47,"column":31}},"loc":{"start":{"line":47,"column":61},"end":{"line":47,"column":65}}},"2":{"name":"(anonymous_4)","decl":{"start":{"line":52,"column":2},"end":{"line":52,"column":7}},"loc":{"start":{"line":52,"column":70},"end":{"line":101,"column":3}}},"3":{"name":"(anonymous_5)","decl":{"start":{"line":106,"column":2},"end":{"line":106,"column":7}},"loc":{"start":{"line":109,"column":19},"end":{"line":147,"column":3}}},"4":{"name":"(anonymous_6)","decl":{"start":{"line":119,"column":61},"end":{"line":119,"column":62}},"loc":{"start":{"line":119,"column":78},"end":{"line":132,"column":7}}},"5":{"name":"(anonymous_7)","decl":{"start":{"line":122,"column":10},"end":{"line":122,"column":11}},"loc":{"start":{"line":122,"column":17},"end":{"line":122,"column":36}}},"6":{"name":"(anonymous_8)","decl":{"start":{"line":128,"column":51},"end":{"line":128,"column":52}},"loc":{"start":{"line":128,"column":58},"end":{"line":128,"column":64}}},"7":{"name":"(anonymous_9)","decl":{"start":{"line":152,"column":2},"end":{"line":152,"column":7}},"loc":{"start":{"line":155,"column":24},"end":{"line":197,"column":3}}},"8":{"name":"(anonymous_10)","decl":{"start":{"line":202,"column":2},"end":{"line":202,"column":7}},"loc":{"start":{"line":205,"column":32},"end":{"line":231,"column":3}}},"9":{"name":"(anonymous_11)","decl":{"start":{"line":236,"column":2},"end":{"line":236,"column":7}},"loc":{"start":{"line":239,"column":24},"end":{"line":268,"column":3}}},"10":{"name":"(anonymous_12)","decl":{"start":{"line":273,"column":2},"end":{"line":273,"column":7}},"loc":{"start":{"line":273,"column":37},"end":{"line":281,"column":3}}},"11":{"name":"(anonymous_13)","decl":{"start":{"line":286,"column":2},"end":{"line":286,"column":7}},"loc":{"start":{"line":286,"column":66},"end":{"line":309,"column":3}}},"12":{"name":"(anonymous_14)","decl":{"start":{"line":314,"column":2},"end":{"line":314,"column":7}},"loc":{"start":{"line":317,"column":25},"end":{"line":343,"column":3}}},"13":{"name":"(anonymous_15)","decl":{"start":{"line":348,"column":2},"end":{"line":348,"column":7}},"loc":{"start":{"line":348,"column":69},"end":{"line":375,"column":3}}},"14":{"name":"(anonymous_16)","decl":{"start":{"line":357,"column":8},"end":{"line":357,"column":9}},"loc":{"start":{"line":357,"column":15},"end":{"line":357,"column":38}}},"15":{"name":"(anonymous_17)","decl":{"start":{"line":380,"column":2},"end":{"line":380,"column":7}},"loc":{"start":{"line":384,"column":22},"end":{"line":403,"column":3}}},"16":{"name":"(anonymous_18)","decl":{"start":{"line":408,"column":2},"end":{"line":408,"column":7}},"loc":{"start":{"line":408,"column":67},"end":{"line":426,"column":3}}}},"branchMap":{"0":{"loc":{"start":{"line":16,"column":9},"end":{"line":16,"column":65}},"type":"cond-expr","locations":[{"start":{"line":16,"column":34},"end":{"line":16,"column":47}},{"start":{"line":16,"column":50},"end":{"line":16,"column":65}}]},"1":{"loc":{"start":{"line":55,"column":6},"end":{"line":59,"column":7}},"type":"if","locations":[{"start":{"line":55,"column":6},"end":{"line":59,"column":7}}]},"2":{"loc":{"start":{"line":55,"column":10},"end":{"line":55,"column":68}},"type":"binary-expr","locations":[{"start":{"line":55,"column":10},"end":{"line":55,"column":32}},{"start":{"line":55,"column":36},"end":{"line":55,"column":68}}]},"3":{"loc":{"start":{"line":61,"column":6},"end":{"line":65,"column":7}},"type":"if","locations":[{"start":{"line":61,"column":6},"end":{"line":65,"column":7}}]},"4":{"loc":{"start":{"line":61,"column":10},"end":{"line":61,"column":65}},"type":"binary-expr","locations":[{"start":{"line":61,"column":10},"end":{"line":61,"column":31}},{"start":{"line":61,"column":35},"end":{"line":61,"column":65}}]},"5":{"loc":{"start":{"line":67,"column":6},"end":{"line":69,"column":7}},"type":"if","locations":[{"start":{"line":67,"column":6},"end":{"line":69,"column":7}}]},"6":{"loc":{"start":{"line":67,"column":10},"end":{"line":67,"column":46}},"type":"binary-expr","locations":[{"start":{"line":67,"column":10},"end":{"line":67,"column":31}},{"start":{"line":67,"column":35},"end":{"line":67,"column":46}}]},"7":{"loc":{"start":{"line":72,"column":6},"end":{"line":83,"column":7}},"type":"if","locations":[{"start":{"line":72,"column":6},"end":{"line":83,"column":7}}]},"8":{"loc":{"start":{"line":108,"column":4},"end":{"line":108,"column":22}},"type":"default-arg","locations":[{"start":{"line":108,"column":20},"end":{"line":108,"column":22}}]},"9":{"loc":{"start":{"line":120,"column":28},"end":{"line":120,"column":60}},"type":"binary-expr","locations":[{"start":{"line":120,"column":28},"end":{"line":120,"column":52}},{"start":{"line":120,"column":56},"end":{"line":120,"column":60}}]},"10":{"loc":{"start":{"line":159,"column":6},"end":{"line":166,"column":7}},"type":"if","locations":[{"start":{"line":159,"column":6},"end":{"line":166,"column":7}}]},"11":{"loc":{"start":{"line":160,"column":8},"end":{"line":161,"column":60}},"type":"binary-expr","locations":[{"start":{"line":160,"column":8},"end":{"line":160,"column":29}},{"start":{"line":161,"column":9},"end":{"line":161,"column":26}},{"start":{"line":161,"column":30},"end":{"line":161,"column":59}}]},"12":{"loc":{"start":{"line":169,"column":6},"end":{"line":175,"column":7}},"type":"if","locations":[{"start":{"line":169,"column":6},"end":{"line":175,"column":7}}]},"13":{"loc":{"start":{"line":171,"column":10},"end":{"line":173,"column":11}},"type":"if","locations":[{"start":{"line":171,"column":10},"end":{"line":173,"column":11}}]},"14":{"loc":{"start":{"line":171,"column":14},"end":{"line":171,"column":77}},"type":"binary-expr","locations":[{"start":{"line":171,"column":14},"end":{"line":171,"column":34}},{"start":{"line":171,"column":38},"end":{"line":171,"column":53}},{"start":{"line":171,"column":57},"end":{"line":171,"column":77}}]},"15":{"loc":{"start":{"line":190,"column":6},"end":{"line":194,"column":7}},"type":"if","locations":[{"start":{"line":190,"column":6},"end":{"line":194,"column":7}}]},"16":{"loc":{"start":{"line":205,"column":4},"end":{"line":205,"column":32}},"type":"default-arg","locations":[{"start":{"line":205,"column":30},"end":{"line":205,"column":32}}]},"17":{"loc":{"start":{"line":224,"column":6},"end":{"line":228,"column":7}},"type":"if","locations":[{"start":{"line":224,"column":6},"end":{"line":228,"column":7}}]},"18":{"loc":{"start":{"line":242,"column":6},"end":{"line":244,"column":7}},"type":"if","locations":[{"start":{"line":242,"column":6},"end":{"line":244,"column":7}}]},"19":{"loc":{"start":{"line":242,"column":10},"end":{"line":242,"column":48}},"type":"binary-expr","locations":[{"start":{"line":242,"column":10},"end":{"line":242,"column":21}},{"start":{"line":242,"column":25},"end":{"line":242,"column":48}}]},"20":{"loc":{"start":{"line":259,"column":6},"end":{"line":263,"column":7}},"type":"if","locations":[{"start":{"line":259,"column":6},"end":{"line":263,"column":7}}]},"21":{"loc":{"start":{"line":288,"column":6},"end":{"line":292,"column":7}},"type":"if","locations":[{"start":{"line":288,"column":6},"end":{"line":292,"column":7}}]},"22":{"loc":{"start":{"line":333,"column":6},"end":{"line":335,"column":7}},"type":"if","locations":[{"start":{"line":333,"column":6},"end":{"line":335,"column":7}}]},"23":{"loc":{"start":{"line":336,"column":6},"end":{"line":338,"column":7}},"type":"if","locations":[{"start":{"line":336,"column":6},"end":{"line":338,"column":7}}]},"24":{"loc":{"start":{"line":360,"column":6},"end":{"line":364,"column":7}},"type":"if","locations":[{"start":{"line":360,"column":6},"end":{"line":364,"column":7}}]},"25":{"loc":{"start":{"line":384,"column":4},"end":{"line":384,"column":22}},"type":"default-arg","locations":[{"start":{"line":384,"column":20},"end":{"line":384,"column":22}}]}},"s":{"0":0,"1":0,"2":0,"3":0,"4":0,"5":0,"6":0,"7":0,"8":0,"9":0,"10":0,"11":0,"12":0,"13":0,"14":0,"15":0,"16":0,"17":0,"18":0,"19":0,"20":0,"21":0,"22":0,"23":0,"24":0,"25":0,"26":0,"27":0,"28":0,"29":0,"30":0,"31":0,"32":0,"33":0,"34":0,"35":0,"36":0,"37":0,"38":0,"39":0,"40":0,"41":0,"42":0,"43":0,"44":0,"45":0,"46":0,"47":0,"48":0,"49":0,"50":0,"51":0,"52":0,"53":0,"54":0,"55":0,"56":0,"57":0,"58":0,"59":0,"60":0,"61":0,"62":0,"63":0,"64":0,"65":0,"66":0,"67":0,"68":0,"69":0,"70":0,"71":0,"72":0,"73":0,"74":0,"75":0,"76":0,"77":0,"78":0,"79":0,"80":0,"81":0,"82":0,"83":0,"84":0,"85":0,"86":0,"87":0,"88":0,"89":0,"90":0},"f":{"0":0,"1":0,"2":0,"3":0,"4":0,"5":0,"6":0,"7":0,"8":0,"9":0,"10":0,"11":0,"12":0,"13":0,"14":0,"15":0,"16":0},"b":{"0":[0,0],"1":[0],"2":[0,0],"3":[0],"4":[0,0],"5":[0],"6":[0,0],"7":[0],"8":[0],"9":[0,0],"10":[0],"11":[0,0,0],"12":[0],"13":[0],"14":[0,0,0],"15":[0],"16":[0],"17":[0],"18":[0],"19":[0,0],"20":[0],"21":[0],"22":[0],"23":[0],"24":[0],"25":[0]}}
,"/Users/harishraghave/Desktop/colleging/college-id-signup-1/src/common/controllers/health.controller.ts": {"path":"/Users/harishraghave/Desktop/colleging/college-id-signup-1/src/common/controllers/health.controller.ts","statementMap":{"0":{"start":{"line":1,"column":0},"end":{"line":1,"column":49}},"1":{"start":{"line":2,"column":0},"end":{"line":2,"column":76}},"2":{"start":{"line":5,"column":7},"end":{"line":48,"column":null}},"3":{"start":{"line":6,"column":31},"end":{"line":6,"column":54}},"4":{"start":{"line":11,"column":6},"end":{"line":11,"column":64}},"5":{"start":{"line":13,"column":6},"end":{"line":13,"column":63}},"6":{"start":{"line":15,"column":4},"end":{"line":31,"column":6}},"7":{"start":{"line":36,"column":21},"end":{"line":36,"column":53}},"8":{"start":{"line":38,"column":4},"end":{"line":46,"column":6}},"9":{"start":{"line":5,"column":13},"end":{"line":5,"column":29}},"10":{"start":{"line":9,"column":8},"end":{"line":32,"column":null}},"11":{"start":{"line":35,"column":8},"end":{"line":47,"column":null}},"12":{"start":{"line":5,"column":13},"end":{"line":48,"column":null}}},"fnMap":{"0":{"name":"(anonymous_2)","decl":{"start":{"line":6,"column":2},"end":{"line":6,"column":31}},"loc":{"start":{"line":6,"column":75},"end":{"line":6,"column":79}}},"1":{"name":"(anonymous_3)","decl":{"start":{"line":9,"column":2},"end":{"line":9,"column":7}},"loc":{"start":{"line":9,"column":27},"end":{"line":32,"column":3}}},"2":{"name":"(anonymous_4)","decl":{"start":{"line":35,"column":2},"end":{"line":35,"column":7}},"loc":{"start":{"line":35,"column":23},"end":{"line":47,"column":3}}}},"branchMap":{"0":{"loc":{"start":{"line":21,"column":10},"end":{"line":25,"column":27}},"type":"cond-expr","locations":[{"start":{"line":22,"column":14},"end":{"line":22,"column":23}},{"start":{"line":23,"column":14},"end":{"line":25,"column":27}}]},"1":{"loc":{"start":{"line":21,"column":10},"end":{"line":21,"column":75}},"type":"binary-expr","locations":[{"start":{"line":21,"column":10},"end":{"line":21,"column":49}},{"start":{"line":21,"column":53},"end":{"line":21,"column":75}}]},"2":{"loc":{"start":{"line":23,"column":14},"end":{"line":25,"column":27}},"type":"cond-expr","locations":[{"start":{"line":24,"column":16},"end":{"line":24,"column":22}},{"start":{"line":25,"column":16},"end":{"line":25,"column":27}}]},"3":{"loc":{"start":{"line":41,"column":19},"end":{"line":41,"column":56}},"type":"binary-expr","locations":[{"start":{"line":41,"column":19},"end":{"line":41,"column":39}},{"start":{"line":41,"column":43},"end":{"line":41,"column":56}}]}},"s":{"0":0,"1":0,"2":0,"3":0,"4":0,"5":0,"6":0,"7":0,"8":0,"9":0,"10":0,"11":0,"12":0},"f":{"0":0,"1":0,"2":0},"b":{"0":[0,0],"1":[0,0],"2":[0,0],"3":[0,0]}}
,"/Users/harishraghave/Desktop/colleging/college-id-signup-1/src/common/services/database-health.service.ts": {"path":"/Users/harishraghave/Desktop/colleging/college-id-signup-1/src/common/services/database-health.service.ts","statementMap":{"0":{"start":{"line":1,"column":0},"end":{"line":1,"column":52}},"1":{"start":{"line":2,"column":0},"end":{"line":2,"column":66}},"2":{"start":{"line":3,"column":0},"end":{"line":3,"column":null}},"3":{"start":{"line":9,"column":34},"end":{"line":166,"column":null}},"4":{"start":{"line":12,"column":31},"end":{"line":12,"column":39}},"5":{"start":{"line":10,"column":19},"end":{"line":10,"column":67}},"6":{"start":{"line":19,"column":4},"end":{"line":78,"column":5}},"7":{"start":{"line":20,"column":6},"end":{"line":20,"column":57}},"8":{"start":{"line":23,"column":6},"end":{"line":37,"column":7}},"9":{"start":{"line":24,"column":8},"end":{"line":36,"column":10}},"10":{"start":{"line":40,"column":6},"end":{"line":40,"column":35}},"11":{"start":{"line":43,"column":24},"end":{"line":43,"column":28}},"12":{"start":{"line":44,"column":6},"end":{"line":51,"column":7}},"13":{"start":{"line":45,"column":8},"end":{"line":48,"column":9}},"14":{"start":{"line":46,"column":10},"end":{"line":47,"column":53}},"15":{"start":{"line":53,"column":6},"end":{"line":53,"column":56}},"16":{"start":{"line":54,"column":6},"end":{"line":62,"column":8}},"17":{"start":{"line":64,"column":6},"end":{"line":64,"column":80}},"18":{"start":{"line":66,"column":6},"end":{"line":77,"column":8}},"19":{"start":{"line":86,"column":23},"end":{"line":86,"column":25}},"20":{"start":{"line":87,"column":19},"end":{"line":87,"column":21}},"21":{"start":{"line":89,"column":4},"end":{"line":164,"column":5}},"22":{"start":{"line":90,"column":6},"end":{"line":90,"column":56}},"23":{"start":{"line":93,"column":6},"end":{"line":107,"column":7}},"24":{"start":{"line":94,"column":26},"end":{"line":94,"column":58}},"25":{"start":{"line":95,"column":8},"end":{"line":99,"column":11}},"26":{"start":{"line":101,"column":8},"end":{"line":105,"column":11}},"27":{"start":{"line":106,"column":8},"end":{"line":106,"column":79}},"28":{"start":{"line":110,"column":6},"end":{"line":124,"column":7}},"29":{"start":{"line":111,"column":26},"end":{"line":111,"column":58}},"30":{"start":{"line":112,"column":8},"end":{"line":116,"column":11}},"31":{"start":{"line":118,"column":8},"end":{"line":122,"column":11}},"32":{"start":{"line":123,"column":8},"end":{"line":123,"column":79}},"33":{"start":{"line":127,"column":6},"end":{"line":143,"column":7}},"34":{"start":{"line":128,"column":32},"end":{"line":128,"column":70}},"35":{"start":{"line":129,"column":8},"end":{"line":133,"column":11}},"36":{"start":{"line":135,"column":8},"end":{"line":139,"column":11}},"37":{"start":{"line":140,"column":8},"end":{"line":142,"column":10}},"38":{"start":{"line":145,"column":6},"end":{"line":147,"column":8}},"39":{"start":{"line":149,"column":6},"end":{"line":153,"column":8}},"40":{"start":{"line":155,"column":6},"end":{"line":158,"column":8}},"41":{"start":{"line":159,"column":6},"end":{"line":163,"column":8}},"42":{"start":{"line":9,"column":13},"end":{"line":9,"column":34}},"43":{"start":{"line":9,"column":13},"end":{"line":166,"column":null}}},"fnMap":{"0":{"name":"(anonymous_2)","decl":{"start":{"line":12,"column":2},"end":{"line":12,"column":31}},"loc":{"start":{"line":12,"column":52},"end":{"line":12,"column":56}}},"1":{"name":"(anonymous_3)","decl":{"start":{"line":14,"column":2},"end":{"line":14,"column":7}},"loc":{"start":{"line":14,"column":31},"end":{"line":79,"column":3}}},"2":{"name":"(anonymous_4)","decl":{"start":{"line":81,"column":2},"end":{"line":81,"column":7}},"loc":{"start":{"line":81,"column":30},"end":{"line":165,"column":3}}}},"branchMap":{"0":{"loc":{"start":{"line":23,"column":6},"end":{"line":37,"column":7}},"type":"if","locations":[{"start":{"line":23,"column":6},"end":{"line":37,"column":7}}]},"1":{"loc":{"start":{"line":30,"column":25},"end":{"line":30,"column":62}},"type":"binary-expr","locations":[{"start":{"line":30,"column":25},"end":{"line":30,"column":45}},{"start":{"line":30,"column":49},"end":{"line":30,"column":62}}]},"2":{"loc":{"start":{"line":31,"column":30},"end":{"line":31,"column":70}},"type":"binary-expr","locations":[{"start":{"line":31,"column":30},"end":{"line":31,"column":60}},{"start":{"line":31,"column":64},"end":{"line":31,"column":70}}]},"3":{"loc":{"start":{"line":32,"column":25},"end":{"line":34,"column":32}},"type":"cond-expr","locations":[{"start":{"line":33,"column":16},"end":{"line":33,"column":28}},{"start":{"line":34,"column":16},"end":{"line":34,"column":32}}]},"4":{"loc":{"start":{"line":45,"column":8},"end":{"line":48,"column":9}},"type":"if","locations":[{"start":{"line":45,"column":8},"end":{"line":48,"column":9}}]},"5":{"loc":{"start":{"line":60,"column":23},"end":{"line":60,"column":60}},"type":"binary-expr","locations":[{"start":{"line":60,"column":23},"end":{"line":60,"column":43}},{"start":{"line":60,"column":47},"end":{"line":60,"column":60}}]},"6":{"loc":{"start":{"line":64,"column":55},"end":{"line":64,"column":78}},"type":"binary-expr","locations":[{"start":{"line":64,"column":55},"end":{"line":64,"column":69}},{"start":{"line":64,"column":73},"end":{"line":64,"column":78}}]},"7":{"loc":{"start":{"line":68,"column":48},"end":{"line":68,"column":81}},"type":"binary-expr","locations":[{"start":{"line":68,"column":48},"end":{"line":68,"column":62}},{"start":{"line":68,"column":66},"end":{"line":68,"column":81}}]},"8":{"loc":{"start":{"line":70,"column":17},"end":{"line":70,"column":50}},"type":"binary-expr","locations":[{"start":{"line":70,"column":17},"end":{"line":70,"column":31}},{"start":{"line":70,"column":35},"end":{"line":70,"column":50}}]},"9":{"loc":{"start":{"line":72,"column":23},"end":{"line":72,"column":60}},"type":"binary-expr","locations":[{"start":{"line":72,"column":23},"end":{"line":72,"column":43}},{"start":{"line":72,"column":47},"end":{"line":72,"column":60}}]},"10":{"loc":{"start":{"line":73,"column":23},"end":{"line":75,"column":30}},"type":"cond-expr","locations":[{"start":{"line":74,"column":14},"end":{"line":74,"column":26}},{"start":{"line":75,"column":14},"end":{"line":75,"column":30}}]},"11":{"loc":{"start":{"line":104,"column":17},"end":{"line":104,"column":50}},"type":"binary-expr","locations":[{"start":{"line":104,"column":17},"end":{"line":104,"column":31}},{"start":{"line":104,"column":35},"end":{"line":104,"column":50}}]},"12":{"loc":{"start":{"line":106,"column":42},"end":{"line":106,"column":75}},"type":"binary-expr","locations":[{"start":{"line":106,"column":42},"end":{"line":106,"column":56}},{"start":{"line":106,"column":60},"end":{"line":106,"column":75}}]},"13":{"loc":{"start":{"line":121,"column":17},"end":{"line":121,"column":50}},"type":"binary-expr","locations":[{"start":{"line":121,"column":17},"end":{"line":121,"column":31}},{"start":{"line":121,"column":35},"end":{"line":121,"column":50}}]},"14":{"loc":{"start":{"line":123,"column":42},"end":{"line":123,"column":75}},"type":"binary-expr","locations":[{"start":{"line":123,"column":42},"end":{"line":123,"column":56}},{"start":{"line":123,"column":60},"end":{"line":123,"column":75}}]},"15":{"loc":{"start":{"line":138,"column":17},"end":{"line":138,"column":50}},"type":"binary-expr","locations":[{"start":{"line":138,"column":17},"end":{"line":138,"column":31}},{"start":{"line":138,"column":35},"end":{"line":138,"column":50}}]},"16":{"loc":{"start":{"line":141,"column":38},"end":{"line":141,"column":71}},"type":"binary-expr","locations":[{"start":{"line":141,"column":38},"end":{"line":141,"column":52}},{"start":{"line":141,"column":56},"end":{"line":141,"column":71}}]},"17":{"loc":{"start":{"line":157,"column":8},"end":{"line":157,"column":31}},"type":"binary-expr","locations":[{"start":{"line":157,"column":8},"end":{"line":157,"column":22}},{"start":{"line":157,"column":26},"end":{"line":157,"column":31}}]},"18":{"loc":{"start":{"line":162,"column":28},"end":{"line":162,"column":61}},"type":"binary-expr","locations":[{"start":{"line":162,"column":28},"end":{"line":162,"column":42}},{"start":{"line":162,"column":46},"end":{"line":162,"column":61}}]}},"s":{"0":0,"1":0,"2":0,"3":0,"4":0,"5":0,"6":0,"7":0,"8":0,"9":0,"10":0,"11":0,"12":0,"13":0,"14":0,"15":0,"16":0,"17":0,"18":0,"19":0,"20":0,"21":0,"22":0,"23":0,"24":0,"25":0,"26":0,"27":0,"28":0,"29":0,"30":0,"31":0,"32":0,"33":0,"34":0,"35":0,"36":0,"37":0,"38":0,"39":0,"40":0,"41":0,"42":0,"43":0},"f":{"0":0,"1":0,"2":0},"b":{"0":[0],"1":[0,0],"2":[0,0],"3":[0,0],"4":[0],"5":[0,0],"6":[0,0],"7":[0,0],"8":[0,0],"9":[0,0],"10":[0,0],"11":[0,0],"12":[0,0],"13":[0,0],"14":[0,0],"15":[0,0],"16":[0,0],"17":[0,0],"18":[0,0]}}
,"/Users/harishraghave/Desktop/colleging/college-id-signup-1/src/common/services/mobile-optimization.service.ts": {"path":"/Users/harishraghave/Desktop/colleging/college-id-signup-1/src/common/services/mobile-optimization.service.ts","statementMap":{"0":{"start":{"line":1,"column":0},"end":{"line":1,"column":52}},"1":{"start":{"line":2,"column":0},"end":{"line":2,"column":66}},"2":{"start":{"line":3,"column":0},"end":{"line":3,"column":26}},"3":{"start":{"line":37,"column":38},"end":{"line":583,"column":null}},"4":{"start":{"line":40,"column":31},"end":{"line":40,"column":39}},"5":{"start":{"line":38,"column":19},"end":{"line":38,"column":71}},"6":{"start":{"line":49,"column":22},"end":{"line":49,"column":32}},"7":{"start":{"line":50,"column":25},"end":{"line":50,"column":43}},"8":{"start":{"line":53,"column":28},"end":{"line":75,"column":6}},"9":{"start":{"line":77,"column":21},"end":{"line":77,"column":53}},"10":{"start":{"line":79,"column":4},"end":{"line":140,"column":5}},"11":{"start":{"line":81,"column":32},"end":{"line":87,"column":null}},"12":{"start":{"line":91,"column":24},"end":{"line":96,"column":19}},"13":{"start":{"line":100,"column":6},"end":{"line":112,"column":7}},"14":{"start":{"line":101,"column":8},"end":{"line":111,"column":22}},"15":{"start":{"line":114,"column":28},"end":{"line":114,"column":44}},"16":{"start":{"line":115,"column":31},"end":{"line":115,"column":76}},"17":{"start":{"line":116,"column":29},"end":{"line":116,"column":51}},"18":{"start":{"line":119,"column":32},"end":{"line":121,"column":null}},"19":{"start":{"line":124,"column":6},"end":{"line":127,"column":8}},"20":{"start":{"line":129,"column":6},"end":{"line":136,"column":8}},"21":{"start":{"line":138,"column":6},"end":{"line":138,"column":61}},"22":{"start":{"line":139,"column":6},"end":{"line":139,"column":61}},"23":{"start":{"line":159,"column":8},"end":{"line":159,"column":15}},"24":{"start":{"line":161,"column":25},"end":{"line":161,"column":27}},"25":{"start":{"line":163,"column":4},"end":{"line":184,"column":5}},"26":{"start":{"line":163,"column":17},"end":{"line":163,"column":18}},"27":{"start":{"line":164,"column":20},"end":{"line":164,"column":49}},"28":{"start":{"line":167,"column":28},"end":{"line":173,"column":8}},"29":{"start":{"line":169,"column":8},"end":{"line":171,"column":9}},"30":{"start":{"line":170,"column":10},"end":{"line":170,"column":74}},"31":{"start":{"line":170,"column":41},"end":{"line":170,"column":72}},"32":{"start":{"line":172,"column":8},"end":{"line":172,"column":31}},"33":{"start":{"line":175,"column":27},"end":{"line":175,"column":59}},"34":{"start":{"line":176,"column":6},"end":{"line":176,"column":36}},"35":{"start":{"line":179,"column":6},"end":{"line":183,"column":7}},"36":{"start":{"line":180,"column":8},"end":{"line":182,"column":10}},"37":{"start":{"line":181,"column":10},"end":{"line":181,"column":50}},"38":{"start":{"line":186,"column":4},"end":{"line":186,"column":19}},"39":{"start":{"line":194,"column":26},"end":{"line":199,"column":6}},"40":{"start":{"line":201,"column":18},"end":{"line":201,"column":69}},"41":{"start":{"line":202,"column":4},"end":{"line":202,"column":49}},"42":{"start":{"line":205,"column":4},"end":{"line":213,"column":6}},"43":{"start":{"line":220,"column":4},"end":{"line":247,"column":6}},"44":{"start":{"line":224,"column":8},"end":{"line":224,"column":42}},"45":{"start":{"line":234,"column":56},"end":{"line":234,"column":73}},"46":{"start":{"line":237,"column":56},"end":{"line":237,"column":76}},"47":{"start":{"line":240,"column":56},"end":{"line":240,"column":74}},"48":{"start":{"line":259,"column":4},"end":{"line":264,"column":6}},"49":{"start":{"line":260,"column":33},"end":{"line":260,"column":73}},"50":{"start":{"line":271,"column":4},"end":{"line":279,"column":6}},"51":{"start":{"line":291,"column":6},"end":{"line":293,"column":46}},"52":{"start":{"line":295,"column":4},"end":{"line":297,"column":35}},"53":{"start":{"line":304,"column":4},"end":{"line":304,"column":52}},"54":{"start":{"line":304,"column":37},"end":{"line":304,"column":52}},"55":{"start":{"line":305,"column":4},"end":{"line":305,"column":58}},"56":{"start":{"line":312,"column":16},"end":{"line":312,"column":26}},"57":{"start":{"line":313,"column":19},"end":{"line":313,"column":49}},"58":{"start":{"line":314,"column":21},"end":{"line":314,"column":47}},"59":{"start":{"line":315,"column":22},"end":{"line":315,"column":47}},"60":{"start":{"line":316,"column":21},"end":{"line":316,"column":47}},"61":{"start":{"line":318,"column":4},"end":{"line":318,"column":35}},"62":{"start":{"line":318,"column":22},"end":{"line":318,"column":35}},"63":{"start":{"line":319,"column":4},"end":{"line":319,"column":45}},"64":{"start":{"line":319,"column":23},"end":{"line":319,"column":45}},"65":{"start":{"line":320,"column":4},"end":{"line":320,"column":47}},"66":{"start":{"line":320,"column":24},"end":{"line":320,"column":47}},"67":{"start":{"line":321,"column":4},"end":{"line":321,"column":44}},"68":{"start":{"line":321,"column":22},"end":{"line":321,"column":44}},"69":{"start":{"line":322,"column":4},"end":{"line":322,"column":61}},"70":{"start":{"line":322,"column":23},"end":{"line":322,"column":61}},"71":{"start":{"line":323,"column":4},"end":{"line":323,"column":37}},"72":{"start":{"line":330,"column":4},"end":{"line":330,"column":34}},"73":{"start":{"line":330,"column":25},"end":{"line":330,"column":34}},"74":{"start":{"line":331,"column":16},"end":{"line":331,"column":71}},"75":{"start":{"line":331,"column":48},"end":{"line":331,"column":67}},"76":{"start":{"line":332,"column":4},"end":{"line":332,"column":56}},"77":{"start":{"line":340,"column":6},"end":{"line":340,"column":70}},"78":{"start":{"line":340,"column":44},"end":{"line":340,"column":63}},"79":{"start":{"line":341,"column":23},"end":{"line":342,"column":null}},"80":{"start":{"line":342,"column":18},"end":{"line":342,"column":37}},"81":{"start":{"line":345,"column":4},"end":{"line":349,"column":6}},"82":{"start":{"line":346,"column":47},"end":{"line":346,"column":64}},"83":{"start":{"line":347,"column":48},"end":{"line":347,"column":66}},"84":{"start":{"line":356,"column":20},"end":{"line":356,"column":42}},"85":{"start":{"line":357,"column":23},"end":{"line":357,"column":72}},"86":{"start":{"line":359,"column":4},"end":{"line":363,"column":6}},"87":{"start":{"line":383,"column":18},"end":{"line":383,"column":39}},"88":{"start":{"line":384,"column":16},"end":{"line":384,"column":32}},"89":{"start":{"line":385,"column":27},"end":{"line":385,"column":50}},"90":{"start":{"line":387,"column":4},"end":{"line":396,"column":6}},"91":{"start":{"line":412,"column":43},"end":{"line":412,"column":45}},"92":{"start":{"line":413,"column":22},"end":{"line":413,"column":32}},"93":{"start":{"line":415,"column":4},"end":{"line":459,"column":5}},"94":{"start":{"line":417,"column":19},"end":{"line":422,"column":8}},"95":{"start":{"line":420,"column":10},"end":{"line":420,"column":69}},"96":{"start":{"line":420,"column":27},"end":{"line":420,"column":61}},"97":{"start":{"line":424,"column":6},"end":{"line":424,"column":54}},"98":{"start":{"line":427,"column":26},"end":{"line":427,"column":30}},"99":{"start":{"line":430,"column":6},"end":{"line":433,"column":7}},"100":{"start":{"line":431,"column":8},"end":{"line":431,"column":76}},"101":{"start":{"line":432,"column":8},"end":{"line":432,"column":58}},"102":{"start":{"line":436,"column":22},"end":{"line":436,"column":58}},"103":{"start":{"line":437,"column":6},"end":{"line":439,"column":7}},"104":{"start":{"line":438,"column":8},"end":{"line":438,"column":62}},"105":{"start":{"line":442,"column":28},"end":{"line":442,"column":64}},"106":{"start":{"line":444,"column":24},"end":{"line":444,"column":46}},"107":{"start":{"line":445,"column":6},"end":{"line":447,"column":7}},"108":{"start":{"line":446,"column":8},"end":{"line":446,"column":71}},"109":{"start":{"line":449,"column":6},"end":{"line":455,"column":8}},"110":{"start":{"line":457,"column":6},"end":{"line":457,"column":68}},"111":{"start":{"line":458,"column":6},"end":{"line":458,"column":18}},"112":{"start":{"line":469,"column":4},"end":{"line":469,"column":27}},"113":{"start":{"line":469,"column":15},"end":{"line":
[...]
,"/Users/harishraghave/Desktop/colleging/college-id-signup-1/src/user/user.module.js": {"path":"/Users/harishraghave/Desktop/colleging/college-id-signup-1/src/user/user.module.js","statementMap":{},"fnMap":{},"branchMap":{},"s":{},"f":{},"b":{}}
,"/Users/harishraghave/Desktop/colleging/college-id-signup-1/src/user/application/user.controller.js": {"path":"/Users/harishraghave/Desktop/colleging/college-id-signup-1/src/user/application/user.controller.js","statementMap":{},"fnMap":{},"branchMap":{},"s":{},"f":{},"b":{}}
,"/Users/harishraghave/Desktop/colleging/college-id-signup-1/src/user/application/user.controller.ts": {"path":"/Users/harishraghave/Desktop/colleging/college-id-signup-1/src/user/application/user.controller.ts","statementMap":{"0":{"start":{"line":1,"column":0},"end":{"line":1,"column":76}},"1":{"start":{"line":2,"column":0},"end":{"line":2,"column":45}},"2":{"start":{"line":15,"column":7},"end":{"line":74,"column":null}},"3":{"start":{"line":16,"column":31},"end":{"line":16,"column":44}},"4":{"start":{"line":20,"column":19},"end":{"line":20,"column":49}},"5":{"start":{"line":21,"column":4},"end":{"line":21,"column":48}},"6":{"start":{"line":26,"column":4},"end":{"line":26,"column":44}},"7":{"start":{"line":33,"column":4},"end":{"line":33,"column":56}},"8":{"start":{"line":41,"column":19},"end":{"line":41,"column":49}},"9":{"start":{"line":42,"column":4},"end":{"line":42,"column":62}},"10":{"start":{"line":56,"column":19},"end":{"line":56,"column":49}},"11":{"start":{"line":57,"column":4},"end":{"line":57,"column":63}},"12":{"start":{"line":64,"column":19},"end":{"line":64,"column":49}},"13":{"start":{"line":66,"column":6},"end":{"line":66,"column":60}},"14":{"start":{"line":67,"column":20},"end":{"line":67,"column":71}},"15":{"start":{"line":69,"column":4},"end":{"line":72,"column":6}},"16":{"start":{"line":15,"column":13},"end":{"line":15,"column":27}},"17":{"start":{"line":19,"column":8},"end":{"line":22,"column":null}},"18":{"start":{"line":25,"column":8},"end":{"line":27,"column":null}},"19":{"start":{"line":30,"column":8},"end":{"line":34,"column":null}},"20":{"start":{"line":37,"column":8},"end":{"line":43,"column":null}},"21":{"start":{"line":46,"column":8},"end":{"line":58,"column":null}},"22":{"start":{"line":61,"column":8},"end":{"line":73,"column":null}},"23":{"start":{"line":15,"column":13},"end":{"line":74,"column":null}}},"fnMap":{"0":{"name":"(anonymous_4)","decl":{"start":{"line":16,"column":2},"end":{"line":16,"column":31}},"loc":{"start":{"line":16,"column":55},"end":{"line":16,"column":59}}},"1":{"name":"(anonymous_5)","decl":{"start":{"line":19,"column":2},"end":{"line":19,"column":7}},"loc":{"start":{"line":19,"column":42},"end":{"line":22,"column":3}}},"2":{"name":"(anonymous_6)","decl":{"start":{"line":25,"column":2},"end":{"line":25,"column":7}},"loc":{"start":{"line":25,"column":43},"end":{"line":27,"column":3}}},"3":{"name":"(anonymous_7)","decl":{"start":{"line":30,"column":2},"end":{"line":30,"column":7}},"loc":{"start":{"line":31,"column":39},"end":{"line":34,"column":3}}},"4":{"name":"(anonymous_8)","decl":{"start":{"line":37,"column":2},"end":{"line":37,"column":7}},"loc":{"start":{"line":39,"column":23},"end":{"line":43,"column":3}}},"5":{"name":"(anonymous_9)","decl":{"start":{"line":46,"column":2},"end":{"line":46,"column":7}},"loc":{"start":{"line":54,"column":23},"end":{"line":58,"column":3}}},"6":{"name":"(anonymous_10)","decl":{"start":{"line":61,"column":2},"end":{"line":61,"column":7}},"loc":{"start":{"line":62,"column":23},"end":{"line":73,"column":3}}}},"branchMap":{"0":{"loc":{"start":{"line":20,"column":19},"end":{"line":20,"column":49}},"type":"binary-expr","locations":[{"start":{"line":20,"column":19},"end":{"line":20,"column":31}},{"start":{"line":20,"column":35},"end":{"line":20,"column":49}}]},"1":{"loc":{"start":{"line":41,"column":19},"end":{"line":41,"column":49}},"type":"binary-expr","locations":[{"start":{"line":41,"column":19},"end":{"line":41,"column":31}},{"start":{"line":41,"column":35},"end":{"line":41,"column":49}}]},"2":{"loc":{"start":{"line":56,"column":19},"end":{"line":56,"column":49}},"type":"binary-expr","locations":[{"start":{"line":56,"column":19},"end":{"line":56,"column":31}},{"start":{"line":56,"column":35},"end":{"line":56,"column":49}}]},"3":{"loc":{"start":{"line":64,"column":19},"end":{"line":64,"column":49}},"type":"binary-expr","locations":[{"start":{"line":64,"column":19},"end":{"line":64,"column":31}},{"start":{"line":64,"column":35},"end":{"line":64,"column":49}}]}},"s":{"0":0,"1":0,"2":0,"3":0,"4":0,"5":0,"6":0,"7":0,"8":0,"9":0,"10":0,"11":0,"12":0,"13":0,"14":0,"15":0,"16":0,"17":0,"18":0,"19":0,"20":0,"21":0,"22":0,"23":0},"f":{"0":0,"1":0,"2":0,"3":0,"4":0,"5":0,"6":0},"b":{"0":[0,0],"1":[0,0],"2":[0,0],"3":[0,0]}}
,"/Users/harishraghave/Desktop/colleging/college-id-signup-1/src/user/application/user.service.js": {"path":"/Users/harishraghave/Desktop/colleging/college-id-signup-1/src/user/application/user.service.js","statementMap":{},"fnMap":{},"branchMap":{},"s":{},"f":{},"b":{}}
,"/Users/harishraghave/Desktop/colleging/college-id-signup-1/src/user/application/user.service.ts": {"path":"/Users/harishraghave/Desktop/colleging/college-id-signup-1/src/user/application/user.service.ts","statementMap":{"0":{"start":{"line":1,"column":0},"end":{"line":1,"column":null}},"1":{"start":{"line":6,"column":0},"end":{"line":6,"column":null}},"2":{"start":{"line":13,"column":7},"end":{"line":139,"column":null}},"3":{"start":{"line":14,"column":31},"end":{"line":14,"column":47}},"4":{"start":{"line":17,"column":17},"end":{"line":17,"column":55}},"5":{"start":{"line":18,"column":4},"end":{"line":20,"column":5}},"6":{"start":{"line":19,"column":6},"end":{"line":19,"column":52}},"7":{"start":{"line":22,"column":4},"end":{"line":22,"column":39}},"8":{"start":{"line":26,"column":17},"end":{"line":26,"column":61}},"9":{"start":{"line":27,"column":4},"end":{"line":27,"column":53}},"10":{"start":{"line":31,"column":17},"end":{"line":31,"column":67}},"11":{"start":{"line":32,"column":4},"end":{"line":32,"column":53}},"12":{"start":{"line":39,"column":25},"end":{"line":39,"column":63}},"13":{"start":{"line":40,"column":4},"end":{"line":42,"column":5}},"14":{"start":{"line":41,"column":6},"end":{"line":41,"column":52}},"15":{"start":{"line":44,"column":24},"end":{"line":44,"column":75}},"16":{"start":{"line":45,"column":4},"end":{"line":45,"column":46}},"17":{"start":{"line":49,"column":17},"end":{"line":49,"column":59}},"18":{"start":{"line":50,"column":4},"end":{"line":52,"column":5}},"19":{"start":{"line":51,"column":6},"end":{"line":51,"column":52}},"20":{"start":{"line":55,"column":18},"end":{"line":55,"column":28}},"21":{"start":{"line":56,"column":25},"end":{"line":56,"column":51}},"22":{"start":{"line":58,"column":4},"end":{"line":61,"column":5}},"23":{"start":{"line":59,"column":6},"end":{"line":59,"column":64}},"24":{"start":{"line":60,"column":6},"end":{"line":60,"column":18}},"25":{"start":{"line":63,"column":4},"end":{"line":63,"column":40}},"26":{"start":{"line":67,"column":4},"end":{"line":67,"column":66}},"27":{"start":{"line":71,"column":17},"end":{"line":71,"column":59}},"28":{"start":{"line":72,"column":4},"end":{"line":74,"column":5}},"29":{"start":{"line":73,"column":6},"end":{"line":73,"column":52}},"30":{"start":{"line":77,"column":18},"end":{"line":77,"column":28}},"31":{"start":{"line":78,"column":26},"end":{"line":78,"column":46}},"32":{"start":{"line":80,"column":4},"end":{"line":83,"column":5}},"33":{"start":{"line":81,"column":6},"end":{"line":81,"column":61}},"34":{"start":{"line":82,"column":6},"end":{"line":82,"column":18}},"35":{"start":{"line":85,"column":4},"end":{"line":85,"column":37}},"36":{"start":{"line":89,"column":4},"end":{"line":89,"column":63}},"37":{"start":{"line":93,"column":4},"end":{"line":111,"column":6}},"38":{"start":{"line":115,"column":4},"end":{"line":115,"column":57}},"39":{"start":{"line":119,"column":21},"end":{"line":119,"column":44}},"40":{"start":{"line":120,"column":4},"end":{"line":120,"column":70}},"41":{"start":{"line":132,"column":23},"end":{"line":135,"column":6}},"42":{"start":{"line":137,"column":4},"end":{"line":137,"column":47}},"43":{"start":{"line":13,"column":13},"end":{"line":13,"column":24}},"44":{"start":{"line":13,"column":13},"end":{"line":139,"column":null}}},"fnMap":{"0":{"name":"(anonymous_2)","decl":{"start":{"line":14,"column":2},"end":{"line":14,"column":31}},"loc":{"start":{"line":14,"column":61},"end":{"line":14,"column":65}}},"1":{"name":"(anonymous_3)","decl":{"start":{"line":16,"column":2},"end":{"line":16,"column":7}},"loc":{"start":{"line":16,"column":30},"end":{"line":23,"column":3}}},"2":{"name":"(anonymous_4)","decl":{"start":{"line":25,"column":2},"end":{"line":25,"column":7}},"loc":{"start":{"line":25,"column":36},"end":{"line":28,"column":3}}},"3":{"name":"(anonymous_5)","decl":{"start":{"line":30,"column":2},"end":{"line":30,"column":7}},"loc":{"start":{"line":30,"column":42},"end":{"line":33,"column":3}}},"4":{"name":"(anonymous_6)","decl":{"start":{"line":35,"column":2},"end":{"line":35,"column":7}},"loc":{"start":{"line":37,"column":32},"end":{"line":46,"column":3}}},"5":{"name":"(anonymous_7)","decl":{"start":{"line":48,"column":2},"end":{"line":48,"column":7}},"loc":{"start":{"line":48,"column":46},"end":{"line":64,"column":3}}},"6":{"name":"(anonymous_8)","decl":{"start":{"line":66,"column":2},"end":{"line":66,"column":7}},"loc":{"start":{"line":66,"column":50},"end":{"line":68,"column":3}}},"7":{"name":"(anonymous_9)","decl":{"start":{"line":70,"column":2},"end":{"line":70,"column":7}},"loc":{"start":{"line":70,"column":43},"end":{"line":86,"column":3}}},"8":{"name":"(anonymous_10)","decl":{"start":{"line":88,"column":2},"end":{"line":88,"column":7}},"loc":{"start":{"line":88,"column":47},"end":{"line":90,"column":3}}},"9":{"name":"(anonymous_11)","decl":{"start":{"line":92,"column":10},"end":{"line":92,"column":26}},"loc":{"start":{"line":92,"column":36},"end":{"line":112,"column":3}}},"10":{"name":"(anonymous_12)","decl":{"start":{"line":114,"column":10},"end":{"line":114,"column":24}},"loc":{"start":{"line":114,"column":49},"end":{"line":116,"column":3}}},"11":{"name":"(anonymous_13)","decl":{"start":{"line":118,"column":10},"end":{"line":118,"column":19}},"loc":{"start":{"line":118,"column":58},"end":{"line":121,"column":3}}},"12":{"name":"(anonymous_14)","decl":{"start":{"line":123,"column":2},"end":{"line":123,"column":7}},"loc":{"start":{"line":130,"column":5},"end":{"line":138,"column":3}}}},"branchMap":{"0":{"loc":{"start":{"line":18,"column":4},"end":{"line":20,"column":5}},"type":"if","locations":[{"start":{"line":18,"column":4},"end":{"line":20,"column":5}}]},"1":{"loc":{"start":{"line":27,"column":11},"end":{"line":27,"column":52}},"type":"cond-expr","locations":[{"start":{"line":27,"column":18},"end":{"line":27,"column":45}},{"start":{"line":27,"column":48},"end":{"line":27,"column":52}}]},"2":{"loc":{"start":{"line":32,"column":11},"end":{"line":32,"column":52}},"type":"cond-expr","locations":[{"start":{"line":32,"column":18},"end":{"line":32,"column":45}},{"start":{"line":32,"column":48},"end":{"line":32,"column":52}}]},"3":{"loc":{"start":{"line":40,"column":4},"end":{"line":42,"column":5}},"type":"if","locations":[{"start":{"line":40,"column":4},"end":{"line":42,"column":5}}]},"4":{"loc":{"start":{"line":50,"column":4},"end":{"line":52,"column":5}},"type":"if","locations":[{"start":{"line":50,"column":4},"end":{"line":52,"column":5}}]},"5":{"loc":{"start":{"line":58,"column":4},"end":{"line":61,"column":5}},"type":"if","locations":[{"start":{"line":58,"column":4},"end":{"line":61,"column":5}}]},"6":{"loc":{"start":{"line":58,"column":8},"end":{"line":58,"column":65}},"type":"binary-expr","locations":[{"start":{"line":58,"column":8},"end":{"line":58,"column":21}},{"start":{"line":58,"column":25},"end":{"line":58,"column":65}}]},"7":{"loc":{"start":{"line":72,"column":4},"end":{"line":74,"column":5}},"type":"if","locations":[{"start":{"line":72,"column":4},"end":{"line":74,"column":5}}]},"8":{"loc":{"start":{"line":80,"column":4},"end":{"line":83,"column":5}},"type":"if","locations":[{"start":{"line":80,"column":4},"end":{"line":83,"column":5}}]},"9":{"loc":{"start":{"line":108,"column":29},"end":{"line":108,"column":58}},"type":"binary-expr","locations":[{"start":{"line":108,"column":29},"end":{"line":108,"column":53}},{"start":{"line":108,"column":57},"end":{"line":108,"column":58}}]},"10":{"loc":{"start":{"line":109,"column":26},"end":{"line":109,"column":52}},"type":"binary-expr","locations":[{"start":{"line":109,"column":26},"end":{"line":109,"column":47}},{"start":{"line":109,"column":51},"end":{"line":109,"column":52}}]}},"s":{"0":0,"1":0,"2":0,"3":0,"4":0,"5":0,"6":0,"7":0,"8":0,"9":0,"10":0,"11":0,"12":0,"13":0,"14":0,"15":0,"16":0,"17":0,"18":0,"19":0,"20":0,"21":0,"22":0,"23":0,"24":0,"25":0,"26":0,"27":0,"28":0,"29":0,"30":0,"31":0,"32":0,"33":0,"34":0,"35":0,"36":0,"37":0,"38":0,"39":0,"40":0,"41":0,"42":0,"43":0,"44":0},"f":{"0":0,"1":0,"2":0,"3":0,"4":0,"5":0,"6":0,"7":0,"8":0,"9":0,"10":0,"11":0,"12":0},"b":{"0":[0],"1":[0,0],"2":[0,0],"3":[0],"4":[0],"5":[0],"6":[0,0],"7":[0],"8":[0],"9":[0,0],"10":[0,0]}}
,"/Users/harishraghave/Desktop/colleging/college-id-signup-1/src/user/data/user.repository.js": {"path":"/Users/harishraghave/Desktop/colleging/college-id-signup-1/src/user/data/user.repository.js","statementMap":{},"fnMap":{},"branchMap":{},"s":{},"f":{},"b":{}}
,"/Users/harishraghave/Desktop/colleging/college-id-signup-1/src/user/data/user.repository.ts": {"path":"/Users/harishraghave/Desktop/colleging/college-id-signup-1/src/user/data/user.repository.ts","statementMap":{"0":{"start":{"line":1,"column":0},"end":{"line":1,"column":44}},"1":{"start":{"line":2,"column":0},"end":{"line":2,"column":56}},"2":{"start":{"line":43,"column":7},"end":{"line":97,"column":null}},"3":{"start":{"line":46,"column":4},"end":{"line":46,"column":29}},"4":{"start":{"line":51,"column":4},"end":{"line":51,"column":16}},"5":{"start":{"line":56,"column":4},"end":{"line":56,"column":16}},"6":{"start":{"line":61,"column":4},"end":{"line":61,"column":16}},"7":{"start":{"line":66,"column":4},"end":{"line":70,"column":6}},"8":{"start":{"line":75,"column":4},"end":{"line":79,"column":6}},"9":{"start":{"line":43,"column":13},"end":{"line":43,"column":27}},"10":{"start":{"line":43,"column":13},"end":{"line":97,"column":null}}},"fnMap":{"0":{"name":"(anonymous_1)","decl":{"start":{"line":45,"column":2},"end":{"line":45,"column":14}},"loc":{"start":{"line":45,"column":16},"end":{"line":47,"column":3}}},"1":{"name":"(anonymous_2)","decl":{"start":{"line":49,"column":2},"end":{"line":49,"column":7}},"loc":{"start":{"line":49,"column":27},"end":{"line":52,"column":3}}},"2":{"name":"(anonymous_3)","decl":{"start":{"line":54,"column":2},"end":{"line":54,"column":7}},"loc":{"start":{"line":54,"column":33},"end":{"line":57,"column":3}}},"3":{"name":"(anonymous_4)","decl":{"start":{"line":59,"column":2},"end":{"line":59,"column":7}},"loc":{"start":{"line":59,"column":39},"end":{"line":62,"column":3}}},"4":{"name":"(anonymous_5)","decl":{"start":{"line":64,"column":2},"end":{"line":64,"column":7}},"loc":{"start":{"line":64,"column":28},"end":{"line":71,"column":3}}},"5":{"name":"(anonymous_6)","decl":{"start":{"line":73,"column":2},"end":{"line":73,"column":7}},"loc":{"start":{"line":73,"column":52},"end":{"line":80,"column":3}}},"6":{"name":"(anonymous_7)","decl":{"start":{"line":82,"column":2},"end":{"line":82,"column":7}},"loc":{"start":{"line":82,"column":50},"end":{"line":84,"column":3}}},"7":{"name":"(anonymous_8)","decl":{"start":{"line":86,"column":2},"end":{"line":86,"column":7}},"loc":{"start":{"line":86,"column":46},"end":{"line":88,"column":3}}},"8":{"name":"(anonymous_9)","decl":{"start":{"line":90,"column":2},"end":{"line":90,"column":7}},"loc":{"start":{"line":90,"column":47},"end":{"line":92,"column":3}}},"9":{"name":"(anonymous_10)","decl":{"start":{"line":94,"column":2},"end":{"line":94,"column":7}},"loc":{"start":{"line":94,"column":43},"end":{"line":96,"column":3}}}},"branchMap":{},"s":{"0":0,"1":0,"2":0,"3":0,"4":0,"5":0,"6":0,"7":0,"8":0,"9":0,"10":0},"f":{"0":0,"1":0,"2":0,"3":0,"4":0,"5":0,"6":0,"7":0,"8":0,"9":0},"b":{}}
,"/Users/harishraghave/Desktop/colleging/college-id-signup-1/src/user/dtos/create-user.dto.js": {"path":"/Users/harishraghave/Desktop/colleging/college-id-signup-1/src/user/dtos/create-user.dto.js","statementMap":{},"fnMap":{},"branchMap":{},"s":{},"f":{},"b":{}}
,"/Users/harishraghave/Desktop/colleging/college-id-signup-1/src/utils/example-usage.js": {"path":"/Users/harishraghave/Desktop/colleging/college-id-signup-1/src/utils/example-usage.js","statementMap":{"0":{"start":{"line":3,"column":39},"end":{"line":3,"column":55}},"1":{"start":{"line":4,"column":42},"end":{"line":4,"column":63}},"2":{"start":{"line":7,"column":0},"end":{"line":7,"column":45}},"3":{"start":{"line":10,"column":20},"end":{"line":15,"column":1}},"4":{"start":{"line":18,"column":14},"end":{"line":18,"column":40}},"5":{"start":{"line":19,"column":0},"end":{"line":19,"column":64}},"6":{"start":{"line":22,"column":0},"end":{"line":27,"column":1}},"7":{"start":{"line":23,"column":18},"end":{"line":23,"column":36}},"8":{"start":{"line":24,"column":2},"end":{"line":24,"column":43}},"9":{"start":{"line":26,"column":2},"end":{"line":26,"column":61}},"10":{"start":{"line":30,"column":0},"end":{"line":30,"column":52}},"11":{"start":{"line":33,"column":24},"end":{"line":33,"column":46}},"12":{"start":{"line":35,"column":2},"end":{"line":52,"column":3}},"13":{"start":{"line":37,"column":27},"end":{"line":37,"column":60}},"14":{"start":{"line":38,"column":4},"end":{"line":38,"column":53}},"15":{"start":{"line":39,"column":4},"end":{"line":39,"column":52}},"16":{"start":{"line":42,"column":20},"end":{"line":42,"column":72}},"17":{"start":{"line":43,"column":4},"end":{"line":43,"column":44}},"18":{"start":{"line":46,"column":26},"end":{"line":46,"column":41}},"19":{"start":{"line":47,"column":25},"end":{"line":47,"column":77}},"20":{"start":{"line":48,"column":4},"end":{"line":48,"column":55}},"21":{"start":{"line":51,"column":4},"end":{"line":51,"column":61}},"22":{"start":{"line":56,"column":0},"end":{"line":56,"column":15}},"23":{"start":{"line":59,"column":0},"end":{"line":59,"column":49}},"24":{"start":{"line":62,"column":0},"end":{"line":67,"column":1}},"25":{"start":{"line":63,"column":23},"end":{"line":63,"column":43}},"26":{"start":{"line":64,"column":2},"end":{"line":64,"column":28}},"27":{"start":{"line":66,"column":2},"end":{"line":66,"column":66}},"28":{"start":{"line":70,"column":0},"end":{"line":70,"column":61}},"29":{"start":{"line":72,"column":0},"end":{"line":78,"column":2}}},"fnMap":{"0":{"name":"testPassword","decl":{"start":{"line":32,"column":15},"end":{"line":32,"column":27}},"loc":{"start":{"line":32,"column":30},"end":{"line":53,"column":1}},"line":32}},"branchMap":{},"s":{"0":0,"1":0,"2":0,"3":0,"4":0,"5":0,"6":0,"7":0,"8":0,"9":0,"10":0,"11":0,"12":0,"13":0,"14":0,"15":0,"16":0,"17":0,"18":0,"19":0,"20":0,"21":0,"22":0,"23":0,"24":0,"25":0,"26":0,"27":0,"28":0,"29":0},"f":{"0":0},"b":{}}
}
