TN:
SF:src/app.bootstrap.ts
FN:18,configureApp
FN:53,(anonymous_1)
FN:71,(anonymous_2)
FNF:3
FNH:1
FNDA:1,configureApp
FNDA:0,(anonymous_1)
FNDA:0,(anonymous_2)
DA:1,2
DA:2,2
DA:3,2
DA:8,2
DA:10,2
DA:11,2
DA:18,2
DA:20,1
DA:21,1
DA:22,1
DA:25,1
DA:34,1
DA:38,1
DA:53,1
DA:54,0
DA:58,0
DA:59,0
DA:60,0
DA:61,0
DA:62,0
DA:66,0
DA:70,1
DA:71,1
DA:72,0
DA:73,0
DA:74,0
DA:78,0
DA:81,0
DA:85,0
DA:88,0
DA:89,0
DA:91,0
DA:97,0
DA:101,0
DA:105,1
DA:106,1
DA:110,1
DA:111,1
DA:112,1
DA:116,1
LF:40
LH:22
BRDA:34,0,0,1
BRDA:34,0,1,1
BRDA:73,1,0,0
BRDA:74,2,0,0
BRDA:75,3,0,0
BRDA:75,3,1,0
BRDA:81,4,0,0
BRDA:82,5,0,0
BRDA:82,5,1,0
BRDA:88,6,0,0
BRDA:88,7,0,0
BRDA:88,7,1,0
BRDA:91,8,0,0
BRDA:91,8,1,0
BRDA:106,9,0,1
BRDA:106,9,1,0
BRDA:106,10,0,1
BRDA:106,10,1,1
BRDA:110,11,0,1
BRDA:110,12,0,1
BRDA:110,12,1,1
BRF:21
BRH:8
end_of_record
TN:
SF:src/app.js
FN:42,(anonymous_0)
FN:51,(anonymous_1)
FN:80,(anonymous_2)
FN:89,(anonymous_3)
FN:132,(anonymous_4)
FN:142,(anonymous_5)
FNF:6
FNH:0
FNDA:0,(anonymous_0)
FNDA:0,(anonymous_1)
FNDA:0,(anonymous_2)
FNDA:0,(anonymous_3)
FNDA:0,(anonymous_4)
FNDA:0,(anonymous_5)
DA:1,0
DA:2,0
DA:3,0
DA:4,0
DA:5,0
DA:6,0
DA:12,0
DA:15,0
DA:16,0
DA:17,0
DA:19,0
DA:23,0
DA:26,0
DA:32,0
DA:35,0
DA:36,0
DA:39,0
DA:42,0
DA:43,0
DA:51,0
DA:52,0
DA:53,0
DA:55,0
DA:57,0
DA:63,0
DA:64,0
DA:75,0
DA:76,0
DA:77,0
DA:80,0
DA:81,0
DA:82,0
DA:89,0
DA:90,0
DA:132,0
DA:133,0
DA:142,0
DA:143,0
DA:146,0
DA:147,0
DA:148,0
DA:157,0
DA:158,0
DA:166,0
DA:175,0
LF:45
LH:0
BRDA:27,0,0,0
BRDA:27,0,1,0
BRDA:27,0,2,0
BRDA:82,1,0,0
BRDA:82,1,1,0
BRDA:84,2,0,0
BRDA:84,2,1,0
BRDA:146,3,0,0
BRDA:146,3,1,0
BRDA:147,4,0,0
BRDA:147,4,1,0
BRDA:157,5,0,0
BRDA:157,5,1,0
BRDA:171,6,0,0
BRDA:171,6,1,0
BRF:15
BRH:0
end_of_record
TN:
SF:src/app.module.js
FNF:0
FNH:0
LF:0
LH:0
BRF:0
BRH:0
end_of_record
TN:
SF:src/app.ts
FN:34,(anonymous_1)
FN:43,(anonymous_2)
FN:66,(anonymous_3)
FN:83,(anonymous_4)
FN:93,(anonymous_5)
FN:127,(anonymous_6)
FN:141,(anonymous_7)
FN:156,(anonymous_8)
FNF:8
FNH:0
FNDA:0,(anonymous_1)
FNDA:0,(anonymous_2)
FNDA:0,(anonymous_3)
FNDA:0,(anonymous_4)
FNDA:0,(anonymous_5)
FNDA:0,(anonymous_6)
FNDA:0,(anonymous_7)
FNDA:0,(anonymous_8)
DA:1,0
DA:2,0
DA:3,0
DA:4,0
DA:5,0
DA:6,0
DA:7,0
DA:9,0
DA:10,0
DA:14,0
DA:17,0
DA:25,0
DA:27,0
DA:28,0
DA:31,0
DA:34,0
DA:35,0
DA:43,0
DA:44,0
DA:45,0
DA:47,0
DA:49,0
DA:55,0
DA:56,0
DA:66,0
DA:67,0
DA:83,0
DA:84,0
DA:93,0
DA:94,0
DA:97,0
DA:98,0
DA:99,0
DA:108,0
DA:109,0
DA:117,0
DA:127,0
DA:128,0
DA:130,0
DA:131,0
DA:132,0
DA:133,0
DA:135,0
DA:138,0
DA:141,0
DA:142,0
DA:144,0
DA:145,0
DA:146,0
DA:147,0
DA:149,0
DA:152,0
DA:156,0
DA:157,0
DA:180,0
LF:55
LH:0
BRDA:10,0,0,0
BRDA:10,0,1,0
BRDA:19,1,0,0
BRDA:19,1,1,0
BRDA:97,2,0,0
BRDA:98,3,0,0
BRDA:108,4,0,0
BRDA:122,5,0,0
BRDA:122,5,1,0
BRDA:175,6,0,0
BRDA:175,6,1,0
BRF:11
BRH:0
end_of_record
TN:
SF:src/main.js
FNF:0
FNH:0
LF:0
LH:0
BRF:0
BRH:0
end_of_record
TN:
SF:src/chat-backend/controllers/chat.controller.ts
FN:45,(anonymous_4)
FN:52,(anonymous_5)
FN:82,(anonymous_6)
FN:107,(anonymous_7)
FN:128,(anonymous_8)
FN:159,(anonymous_9)
FN:194,(anonymous_10)
FN:221,(anonymous_11)
FN:243,(anonymous_12)
FN:274,(anonymous_13)
FN:303,(anonymous_14)
FN:337,(anonymous_15)
FN:355,(anonymous_16)
FNF:13
FNH:1
FNDA:1,(anonymous_4)
FNDA:0,(anonymous_5)
FNDA:0,(anonymous_6)
FNDA:0,(anonymous_7)
FNDA:0,(anonymous_8)
FNDA:0,(anonymous_9)
FNDA:0,(anonymous_10)
FNDA:0,(anonymous_11)
FNDA:0,(anonymous_12)
FNDA:0,(anonymous_13)
FNDA:0,(anonymous_14)
FNDA:0,(anonymous_15)
FNDA:0,(anonymous_16)
DA:1,2
DA:14,2
DA:44,2
DA:45,1
DA:52,2
DA:56,0
DA:58,0
DA:59,0
DA:63,0
DA:64,0
DA:67,0
DA:68,0
DA:71,0
DA:82,2
DA:88,0
DA:90,0
DA:91,0
DA:95,0
DA:96,0
DA:99,0
DA:107,2
DA:112,0
DA:114,0
DA:115,0
DA:117,0
DA:128,2
DA:133,0
DA:135,0
DA:136,0
DA:140,0
DA:144,0
DA:147,0
DA:159,2
DA:168,0
DA:170,0
DA:171,0
DA:175,0
DA:176,0
DA:179,0
DA:186,0
DA:194,2
DA:199,0
DA:201,0
DA:202,0
DA:205,0
DA:206,0
DA:209,0
DA:221,2
DA:225,0
DA:227,0
DA:228,0
DA:230,0
DA:232,0
DA:243,2
DA:247,0
DA:249,0
DA:250,0
DA:255,0
DA:256,0
DA:259,0
DA:260,0
DA:263,0
DA:274,2
DA:279,0
DA:281,0
DA:282,0
DA:287,0
DA:288,0
DA:291,0
DA:303,2
DA:310,0
DA:312,0
DA:313,0
DA:316,0
DA:317,0
DA:320,0
DA:321,0
DA:324,0
DA:337,2
DA:342,0
DA:344,0
DA:345,0
DA:347,0
DA:355,2
DA:356,0
LF:85
LH:16
BRDA:58,0,0,0
BRDA:63,1,0,0
BRDA:63,2,0,0
BRDA:63,2,1,0
BRDA:67,3,0,0
BRDA:90,4,0,0
BRDA:95,5,0,0
BRDA:114,6,0,0
BRDA:135,7,0,0
BRDA:140,8,0,0
BRDA:141,9,0,0
BRDA:141,9,1,0
BRDA:141,9,2,0
BRDA:170,10,0,0
BRDA:175,11,0,0
BRDA:182,12,0,0
BRDA:182,12,1,0
BRDA:183,13,0,0
BRDA:183,13,1,0
BRDA:201,14,0,0
BRDA:205,15,0,0
BRDA:205,16,0,0
BRDA:205,16,1,0
BRDA:227,17,0,0
BRDA:249,18,0,0
BRDA:255,19,0,0
BRDA:259,20,0,0
BRDA:281,21,0,0
BRDA:287,22,0,0
BRDA:312,23,0,0
BRDA:316,24,0,0
BRDA:320,25,0,0
BRDA:344,26,0,0
BRF:33
BRH:0
end_of_record
TN:
SF:src/chat-backend/repositories/chat.repository.ts
FN:32,(anonymous_1)
FN:39,(anonymous_2)
FN:45,(anonymous_3)
FN:57,(anonymous_4)
FN:100,(anonymous_5)
FN:180,(anonymous_6)
FN:187,(anonymous_7)
FN:224,(anonymous_8)
FN:259,(anonymous_9)
FN:336,(anonymous_10)
FN:362,(anonymous_11)
FN:364,(anonymous_12)
FN:369,(anonymous_13)
FN:383,(anonymous_14)
FN:390,(anonymous_15)
FN:415,(anonymous_16)
FN:420,(anonymous_17)
FN:472,(anonymous_18)
FNF:18
FNH:0
FNDA:0,(anonymous_1)
FNDA:0,(anonymous_2)
FNDA:0,(anonymous_3)
FNDA:0,(anonymous_4)
FNDA:0,(anonymous_5)
FNDA:0,(anonymous_6)
FNDA:0,(anonymous_7)
FNDA:0,(anonymous_8)
FNDA:0,(anonymous_9)
FNDA:0,(anonymous_10)
FNDA:0,(anonymous_11)
FNDA:0,(anonymous_12)
FNDA:0,(anonymous_13)
FNDA:0,(anonymous_14)
FNDA:0,(anonymous_15)
FNDA:0,(anonymous_16)
FNDA:0,(anonymous_17)
FNDA:0,(anonymous_18)
DA:1,2
DA:2,2
DA:30,2
DA:33,0
DA:40,0
DA:43,0
DA:45,0
DA:47,0
DA:57,0
DA:64,0
DA:69,0
DA:105,0
DA:113,0
DA:114,0
DA:117,0
DA:160,0
DA:161,0
DA:164,0
DA:170,0
DA:185,0
DA:187,0
DA:189,0
DA:196,0
DA:197,0
DA:201,0
DA:222,0
DA:223,0
DA:224,0
DA:232,0
DA:238,0
DA:264,0
DA:267,0
DA:274,0
DA:275,0
DA:278,0
DA:280,0
DA:281,0
DA:284,0
DA:285,0
DA:288,0
DA:289,0
DA:292,0
DA:320,0
DA:321,0
DA:322,0
DA:326,0
DA:342,0
DA:349,0
DA:350,0
DA:354,0
DA:362,0
DA:363,0
DA:364,0
DA:367,0
DA:368,0
DA:369,0
DA:377,0
DA:385,0
DA:390,0
DA:392,0
DA:393,0
DA:397,0
DA:409,0
DA:420,0
DA:422,0
DA:430,0
DA:431,0
DA:435,0
DA:442,0
DA:443,0
DA:447,0
DA:474,0
DA:505,0
DA:506,0
DA:510,0
LF:75
LH:3
BRDA:60,0,0,0
BRDA:60,0,1,0
BRDA:102,1,0,0
BRDA:113,2,0,0
BRDA:161,3,0,0
BRDA:161,3,1,0
BRDA:164,4,0,0
BRDA:164,4,1,0
BRDA:185,5,0,0
BRDA:185,6,0,0
BRDA:196,7,0,0
BRDA:222,8,0,0
BRDA:262,9,0,0
BRDA:264,10,0,0
BRDA:274,11,0,0
BRDA:280,12,0,0
BRDA:284,13,0,0
BRDA:288,14,0,0
BRDA:321,15,0,0
BRDA:321,15,1,0
BRDA:322,16,0,0
BRDA:322,16,1,0
BRDA:349,17,0,0
BRDA:367,18,0,0
BRDA:392,19,0,0
BRDA:430,20,0,0
BRDA:442,21,0,0
BRDA:505,22,0,0
BRF:28
BRH:0
end_of_record
TN:
SF:src/chat-backend/services/chat.service.new.ts
FN:15,getErrorMessage
FN:47,(anonymous_3)
FN:52,(anonymous_4)
FN:106,(anonymous_5)
FN:119,(anonymous_6)
FN:122,(anonymous_7)
FN:128,(anonymous_8)
FN:152,(anonymous_9)
FN:202,(anonymous_10)
FN:236,(anonymous_11)
FN:273,(anonymous_12)
FN:286,(anonymous_13)
FN:314,(anonymous_14)
FN:348,(anonymous_15)
FN:357,(anonymous_16)
FN:380,(anonymous_17)
FN:411,(anonymous_18)
FNF:17
FNH:0
FNDA:0,getErrorMessage
FNDA:0,(anonymous_3)
FNDA:0,(anonymous_4)
FNDA:0,(anonymous_5)
FNDA:0,(anonymous_6)
FNDA:0,(anonymous_7)
FNDA:0,(anonymous_8)
FNDA:0,(anonymous_9)
FNDA:0,(anonymous_10)
FNDA:0,(anonymous_11)
FNDA:0,(anonymous_12)
FNDA:0,(anonymous_13)
FNDA:0,(anonymous_14)
FNDA:0,(anonymous_15)
FNDA:0,(anonymous_16)
FNDA:0,(anonymous_17)
FNDA:0,(anonymous_18)
DA:1,0
DA:7,0
DA:16,0
DA:46,0
DA:47,0
DA:53,0
DA:55,0
DA:56,0
DA:61,0
DA:62,0
DA:67,0
DA:68,0
DA:72,0
DA:74,0
DA:78,0
DA:86,0
DA:91,0
DA:97,0
DA:111,0
DA:112,0
DA:119,0
DA:120,0
DA:121,0
DA:122,0
DA:125,0
DA:128,0
DA:134,0
DA:143,0
DA:157,0
DA:159,0
DA:163,0
DA:169,0
DA:170,0
DA:171,0
DA:172,0
DA:177,0
DA:183,0
DA:189,0
DA:190,0
DA:191,0
DA:195,0
DA:207,0
DA:208,0
DA:214,0
DA:223,0
DA:224,0
DA:225,0
DA:229,0
DA:241,0
DA:242,0
DA:243,0
DA:246,0
DA:252,0
DA:258,0
DA:259,0
DA:260,0
DA:264,0
DA:274,0
DA:275,0
DA:277,0
DA:287,0
DA:288,0
DA:289,0
DA:294,0
DA:299,0
DA:305,0
DA:319,0
DA:320,0
DA:326,0
DA:332,0
DA:333,0
DA:334,0
DA:336,0
DA:337,0
DA:339,0
DA:349,0
DA:352,0
DA:356,0
DA:357,0
DA:360,0
DA:361,0
DA:366,0
DA:371,0
DA:386,0
DA:389,0
DA:402,0
DA:412,0
DA:414,0
DA:429,0
LF:89
LH:0
BRDA:16,0,0,0
BRDA:16,0,1,0
BRDA:55,1,0,0
BRDA:55,2,0,0
BRDA:55,2,1,0
BRDA:61,3,0,0
BRDA:61,4,0,0
BRDA:61,4,1,0
BRDA:67,5,0,0
BRDA:67,6,0,0
BRDA:67,6,1,0
BRDA:72,7,0,0
BRDA:108,8,0,0
BRDA:120,9,0,0
BRDA:120,9,1,0
BRDA:159,10,0,0
BRDA:160,11,0,0
BRDA:160,11,1,0
BRDA:160,11,2,0
BRDA:169,12,0,0
BRDA:171,13,0,0
BRDA:171,14,0,0
BRDA:171,14,1,0
BRDA:171,14,2,0
BRDA:190,15,0,0
BRDA:205,16,0,0
BRDA:224,17,0,0
BRDA:242,18,0,0
BRDA:242,19,0,0
BRDA:242,19,1,0
BRDA:259,20,0,0
BRDA:288,21,0,0
BRDA:333,22,0,0
BRDA:336,23,0,0
BRDA:360,24,0,0
BRDA:384,25,0,0
BRF:36
BRH:0
end_of_record
TN:
SF:src/chat-backend/services/chat.service.ts
FN:15,getErrorMessage
FN:19,(anonymous_3)
FN:47,(anonymous_4)
FN:49,(anonymous_5)
FN:54,(anonymous_6)
FN:63,(anonymous_7)
FN:99,(anonymous_8)
FN:101,(anonymous_9)
FN:109,(anonymous_10)
FN:112,(anonymous_11)
FN:151,(anonymous_12)
FN:157,(anonymous_13)
FN:161,(anonymous_14)
FN:167,(anonymous_15)
FN:189,(anonymous_16)
FN:204,(anonymous_17)
FN:239,(anonymous_18)
FN:254,(anonymous_19)
FN:259,(anonymous_20)
FN:266,(anonymous_21)
FN:290,(anonymous_22)
FN:299,(anonymous_23)
FN:300,(anonymous_24)
FN:310,(anonymous_25)
FN:319,(anonymous_26)
FN:325,(anonymous_27)
FN:343,(anonymous_28)
FN:384,(anonymous_29)
FN:446,(anonymous_30)
FN:463,(anonymous_31)
FN:466,(anonymous_32)
FN:472,(anonymous_33)
FN:496,(anonymous_34)
FN:556,(anonymous_35)
FN:594,(anonymous_36)
FN:635,(anonymous_37)
FN:652,(anonymous_38)
FN:687,(anonymous_39)
FN:729,(anonymous_40)
FN:742,(anonymous_41)
FN:765,(anonymous_42)
FN:796,(anonymous_43)
FNF:42
FNH:1
FNDA:0,getErrorMessage
FNDA:0,(anonymous_3)
FNDA:0,(anonymous_4)
FNDA:0,(anonymous_5)
FNDA:0,(anonymous_6)
FNDA:0,(anonymous_7)
FNDA:1,(anonymous_8)
FNDA:0,(anonymous_9)
FNDA:0,(anonymous_10)
FNDA:0,(anonymous_11)
FNDA:0,(anonymous_12)
FNDA:0,(anonymous_13)
FNDA:0,(anonymous_14)
FNDA:0,(anonymous_15)
FNDA:0,(anonymous_16)
FNDA:0,(anonymous_17)
FNDA:0,(anonymous_18)
FNDA:0,(anonymous_19)
FNDA:0,(anonymous_20)
FNDA:0,(anonymous_21)
FNDA:0,(anonymous_22)
FNDA:0,(anonymous_23)
FNDA:0,(anonymous_24)
FNDA:0,(anonymous_25)
FNDA:0,(anonymous_26)
FNDA:0,(anonymous_27)
FNDA:0,(anonymous_28)
FNDA:0,(anonymous_29)
FNDA:0,(anonymous_30)
FNDA:0,(anonymous_31)
FNDA:0,(anonymous_32)
FNDA:0,(anonymous_33)
FNDA:0,(anonymous_34)
FNDA:0,(anonymous_35)
FNDA:0,(anonymous_36)
FNDA:0,(anonymous_37)
FNDA:0,(anonymous_38)
FNDA:0,(anonymous_39)
FNDA:0,(anonymous_40)
FNDA:0,(anonymous_41)
FNDA:0,(anonymous_42)
FNDA:0,(anonymous_43)
DA:1,2
DA:7,2
DA:16,0
DA:19,2
DA:41,2
DA:46,2
DA:47,2
DA:49,2
DA:54,0
DA:63,2
DA:98,2
DA:99,1
DA:105,0
DA:107,0
DA:108,0
DA:110,0
DA:113,0
DA:117,0
DA:118,0
DA:126,0
DA:127,0
DA:138,0
DA:139,0
DA:141,0
DA:156,0
DA:157,0
DA:160,0
DA:161,0
DA:164,0
DA:165,0
DA:166,0
DA:167,0
DA:168,0
DA:173,0
DA:174,0
DA:175,0
DA:179,0
DA:193,0
DA:195,0
DA:196,0
DA:201,0
DA:209,0
DA:214,0
DA:223,0
DA:224,0
DA:225,0
DA:227,0
DA:230,0
DA:232,0
DA:244,0
DA:249,0
DA:251,0
DA:253,0
DA:254,0
DA:257,0
DA:258,0
DA:259,0
DA:263,0
DA:264,0
DA:265,0
DA:266,0
DA:270,0
DA:271,0
DA:272,0
DA:273,0
DA:278,0
DA:280,0
DA:295,0
DA:297,0
DA:298,0
DA:299,0
DA:300,0
DA:303,0
DA:311,0
DA:313,0
DA:314,0
DA:315,0
DA:318,0
DA:319,0
DA:322,0
DA:329,0
DA:331,0
DA:332,0
DA:337,0
DA:348,0
DA:350,0
DA:351,0
DA:354,0
DA:355,0
DA:360,0
DA:361,0
DA:364,0
DA:365,0
DA:367,0
DA:385,0
DA:386,0
DA:387,0
DA:391,0
DA:392,0
DA:397,0
DA:398,0
DA:403,0
DA:404,0
DA:407,0
DA:408,0
DA:412,0
DA:414,0
DA:418,0
DA:426,0
DA:431,0
DA:437,0
DA:451,0
DA:452,0
DA:453,0
DA:456,0
DA:463,0
DA:464,0
DA:465,0
DA:466,0
DA:469,0
DA:472,0
DA:478,0
DA:487,0
DA:501,0
DA:502,0
DA:504,0
DA:505,0
DA:509,0
DA:513,0
DA:519,0
DA:520,0
DA:521,0
DA:522,0
DA:527,0
DA:528,0
DA:531,0
DA:537,0
DA:543,0
DA:544,0
DA:545,0
DA:549,0
DA:561,0
DA:562,0
DA:563,0
DA:566,0
DA:572,0
DA:581,0
DA:582,0
DA:583,0
DA:587,0
DA:599,0
DA:600,0
DA:601,0
DA:604,0
DA:605,0
DA:608,0
DA:614,0
DA:620,0
DA:621,0
DA:622,0
DA:626,0
DA:636,0
DA:637,0
DA:638,0
DA:641,0
DA:643,0
DA:653,0
DA:654,0
DA:655,0
DA:660,0
DA:661,0
DA:667,0
DA:672,0
DA:678,0
DA:692,0
DA:693,0
DA:694,0
DA:701,0
DA:707,0
DA:713,0
DA:714,0
DA:715,0
DA:717,0
DA:718,0
DA:720,0
DA:730,0
DA:731,0
DA:732,0
DA:737,0
DA:741,0
DA:742,0
DA:745,0
DA:746,0
DA:751,0
DA:756,0
DA:771,0
DA:774,0
DA:787,0
DA:797,0
DA:799,0
DA:814,0
LF:201
LH:10
BRDA:16,0,0,0
BRDA:16,0,1,0
BRDA:107,1,0,0
BRDA:110,2,0,0
BRDA:110,2,1,0
BRDA:110,2,2,0
BRDA:117,3,0,0
BRDA:145,4,0,0
BRDA:145,4,1,0
BRDA:164,5,0,0
BRDA:166,6,0,0
BRDA:175,7,0,0
BRDA:175,7,1,0
BRDA:195,8,0,0
BRDA:195,9,0,0
BRDA:195,9,1,0
BRDA:219,10,0,0
BRDA:219,10,1,0
BRDA:224,11,0,0
BRDA:224,11,1,0
BRDA:242,12,0,0
BRDA:249,13,0,0
BRDA:249,13,1,0
BRDA:253,14,0,0
BRDA:257,15,0,0
BRDA:263,16,0,0
BRDA:265,17,0,0
BRDA:270,18,0,0
BRDA:270,18,1,0
BRDA:273,19,0,0
BRDA:273,19,1,0
BRDA:297,20,0,0
BRDA:297,20,1,0
BRDA:314,21,0,0
BRDA:318,22,0,0
BRDA:318,22,1,0
BRDA:331,23,0,0
BRDA:331,24,0,0
BRDA:331,24,1,0
BRDA:350,25,0,0
BRDA:354,26,0,0
BRDA:360,27,0,0
BRDA:386,28,0,0
BRDA:386,29,0,0
BRDA:386,29,1,0
BRDA:391,30,0,0
BRDA:391,31,0,0
BRDA:391,31,1,0
BRDA:397,32,0,0
BRDA:397,33,0,0
BRDA:397,33,1,0
BRDA:403,34,0,0
BRDA:403,35,0,0
BRDA:403,35,1,0
BRDA:407,36,0,0
BRDA:412,37,0,0
BRDA:448,38,0,0
BRDA:452,39,0,0
BRDA:464,40,0,0
BRDA:464,40,1,0
BRDA:504,41,0,0
BRDA:504,42,0,0
BRDA:504,42,1,0
BRDA:509,43,0,0
BRDA:510,44,0,0
BRDA:510,44,1,0
BRDA:510,44,2,0
BRDA:519,45,0,0
BRDA:521,46,0,0
BRDA:521,47,0,0
BRDA:521,47,1,0
BRDA:521,47,2,0
BRDA:527,48,0,0
BRDA:544,49,0,0
BRDA:559,50,0,0
BRDA:562,51,0,0
BRDA:582,52,0,0
BRDA:600,53,0,0
BRDA:600,54,0,0
BRDA:600,54,1,0
BRDA:604,55,0,0
BRDA:621,56,0,0
BRDA:637,57,0,0
BRDA:654,58,0,0
BRDA:660,59,0,0
BRDA:693,60,0,0
BRDA:714,61,0,0
BRDA:717,62,0,0
BRDA:731,63,0,0
BRDA:745,64,0,0
BRDA:769,65,0,0
BRF:91
BRH:0
end_of_record
TN:
SF:src/common/controllers/health.controller.ts
FN:6,(anonymous_2)
FN:9,(anonymous_3)
FN:35,(anonymous_4)
FNF:3
FNH:1
FNDA:1,(anonymous_2)
FNDA:0,(anonymous_3)
FNDA:0,(anonymous_4)
DA:1,2
DA:2,2
DA:5,2
DA:6,1
DA:9,2
DA:11,0
DA:13,0
DA:15,0
DA:35,2
DA:36,0
DA:38,0
LF:11
LH:6
BRDA:21,0,0,0
BRDA:21,0,1,0
BRDA:21,1,0,0
BRDA:21,1,1,0
BRDA:23,2,0,0
BRDA:23,2,1,0
BRDA:41,3,0,0
BRDA:41,3,1,0
BRF:8
BRH:0
end_of_record
TN:
SF:src/common/services/database-health.service.ts
FN:12,(anonymous_2)
FN:14,(anonymous_3)
FN:81,(anonymous_4)
FNF:3
FNH:1
FNDA:1,(anonymous_2)
FNDA:0,(anonymous_3)
FNDA:0,(anonymous_4)
DA:1,2
DA:2,2
DA:3,2
DA:9,2
DA:10,1
DA:12,1
DA:19,0
DA:20,0
DA:23,0
DA:24,0
DA:40,0
DA:43,0
DA:44,0
DA:45,0
DA:46,0
DA:53,0
DA:54,0
DA:64,0
DA:66,0
DA:86,0
DA:87,0
DA:89,0
DA:90,0
DA:93,0
DA:94,0
DA:95,0
DA:101,0
DA:106,0
DA:110,0
DA:111,0
DA:112,0
DA:118,0
DA:123,0
DA:127,0
DA:128,0
DA:129,0
DA:135,0
DA:140,0
DA:145,0
DA:149,0
DA:155,0
DA:159,0
LF:42
LH:6
BRDA:23,0,0,0
BRDA:30,1,0,0
BRDA:30,1,1,0
BRDA:31,2,0,0
BRDA:31,2,1,0
BRDA:32,3,0,0
BRDA:32,3,1,0
BRDA:45,4,0,0
BRDA:60,5,0,0
BRDA:60,5,1,0
BRDA:64,6,0,0
BRDA:64,6,1,0
BRDA:68,7,0,0
BRDA:68,7,1,0
BRDA:70,8,0,0
BRDA:70,8,1,0
BRDA:72,9,0,0
BRDA:72,9,1,0
BRDA:73,10,0,0
BRDA:73,10,1,0
BRDA:104,11,0,0
BRDA:104,11,1,0
BRDA:106,12,0,0
BRDA:106,12,1,0
BRDA:121,13,0,0
BRDA:121,13,1,0
BRDA:123,14,0,0
BRDA:123,14,1,0
BRDA:138,15,0,0
BRDA:138,15,1,0
BRDA:141,16,0,0
BRDA:141,16,1,0
BRDA:157,17,0,0
BRDA:157,17,1,0
BRDA:162,18,0,0
BRDA:162,18,1,0
BRF:36
BRH:0
end_of_record
TN:
SF:src/common/services/mobile-optimization.service.ts
FN:39,(anonymous_3)
FN:44,(anonymous_4)
FN:145,(anonymous_5)
FN:164,(anonymous_6)
FN:167,(anonymous_7)
FN:177,(anonymous_8)
FN:186,(anonymous_9)
FN:201,(anonymous_10)
FN:216,(anonymous_11)
FN:220,(anonymous_12)
FN:231,(anonymous_13)
FN:234,(anonymous_14)
FN:237,(anonymous_15)
FN:250,(anonymous_16)
FN:257,(anonymous_17)
FN:267,(anonymous_18)
FN:282,(anonymous_19)
FN:300,(anonymous_20)
FN:308,(anonymous_21)
FN:326,(anonymous_22)
FN:328,(anonymous_23)
FN:335,(anonymous_24)
FN:337,(anonymous_25)
FN:339,(anonymous_26)
FN:343,(anonymous_27)
FN:344,(anonymous_28)
FN:352,(anonymous_29)
FN:366,(anonymous_30)
FN:399,(anonymous_31)
FN:416,(anonymous_32)
FN:417,(anonymous_33)
FN:462,(anonymous_34)
FN:495,(anonymous_35)
FN:507,(anonymous_36)
FN:513,(anonymous_37)
FN:519,(anonymous_38)
FN:521,(anonymous_39)
FN:562,(anonymous_40)
FN:567,(anonymous_41)
FNF:39
FNH:1
FNDA:1,(anonymous_3)
FNDA:0,(anonymous_4)
FNDA:0,(anonymous_5)
FNDA:0,(anonymous_6)
FNDA:0,(anonymous_7)
FNDA:0,(anonymous_8)
FNDA:0,(anonymous_9)
FNDA:0,(anonymous_10)
FNDA:0,(anonymous_11)
FNDA:0,(anonymous_12)
FNDA:0,(anonymous_13)
FNDA:0,(anonymous_14)
FNDA:0,(anonymous_15)
FNDA:0,(anonymous_16)
FNDA:0,(anonymous_17)
FNDA:0,(anonymous_18)
FNDA:0,(anonymous_19)
FNDA:0,(anonymous_20)
FNDA:0,(anonymous_21)
FNDA:0,(anonymous_22)
FNDA:0,(anonymous_23)
FNDA:0,(anonymous_24)
FNDA:0,(anonymous_25)
FNDA:0,(anonymous_26)
FNDA:0,(anonymous_27)
FNDA:0,(anonymous_28)
FNDA:0,(anonymous_29)
FNDA:0,(anonymous_30)
FNDA:0,(anonymous_31)
FNDA:0,(anonymous_32)
FNDA:0,(anonymous_33)
FNDA:0,(anonymous_34)
FNDA:0,(anonymous_35)
FNDA:0,(anonymous_36)
FNDA:0,(anonymous_37)
FNDA:0,(anonymous_38)
FNDA:0,(anonymous_39)
FNDA:0,(anonymous_40)
FNDA:0,(anonymous_41)
DA:1,2
DA:2,2
DA:36,2
DA:37,1
DA:48,0
DA:49,0
DA:52,0
DA:76,0
DA:78,0
DA:80,0
DA:90,0
DA:99,0
DA:100,0
DA:113,0
DA:114,0
DA:115,0
DA:118,0
DA:123,0
DA:128,0
DA:137,0
DA:138,0
DA:156,0
DA:158,0
DA:160,0
DA:161,0
DA:164,0
DA:166,0
DA:167,0
DA:169,0
DA:172,0
DA:173,0
DA:176,0
DA:177,0
DA:178,0
DA:183,0
DA:191,0
DA:198,0
DA:199,0
DA:202,0
DA:217,0
DA:221,0
DA:231,0
DA:234,0
DA:237,0
DA:256,0
DA:257,0
DA:268,0
DA:288,0
DA:292,0
DA:301,0
DA:302,0
DA:309,0
DA:310,0
DA:311,0
DA:312,0
DA:313,0
DA:315,0
DA:316,0
DA:317,0
DA:318,0
DA:319,0
DA:320,0
DA:327,0
DA:328,0
DA:329,0
DA:337,0
DA:338,0
DA:339,0
DA:342,0
DA:343,0
DA:344,0
DA:353,0
DA:354,0
DA:356,0
DA:380,0
DA:381,0
DA:382,0
DA:384,0
DA:409,0
DA:410,0
DA:412,0
DA:414,0
DA:417,0
DA:421,0
DA:424,0
DA:427,0
DA:428,0
DA:429,0
DA:433,0
DA:434,0
DA:435,0
DA:439,0
DA:441,0
DA:442,0
DA:443,0
DA:446,0
DA:454,0
DA:455,0
DA:466,0
DA:468,0
DA:487,0
DA:489,0
DA:504,0
DA:509,0
DA:510,0
DA:514,0
DA:515,0
DA:516,0
DA:520,0
DA:521,0
DA:522,0
DA:525,0
DA:526,0
DA:529,0
DA:532,0
DA:533,0
DA:535,0
DA:537,0
DA:541,0
DA:545,0
DA:546,0
DA:550,0
DA:553,0
DA:556,0
DA:559,0
DA:563,0
DA:564,0
DA:568,0
DA:578,0
LF:129
LH:4
BRDA:99,0,0,0
BRDA:148,1,0,0
BRDA:154,2,0,0
BRDA:155,3,0,0
BRDA:166,4,0,0
BRDA:176,5,0,0
BRDA:198,6,0,0
BRDA:198,6,1,0
BRDA:205,7,0,0
BRDA:205,7,1,0
BRDA:226,8,0,0
BRDA:226,8,1,0
BRDA:226,9,0,0
BRDA:226,9,1,0
BRDA:231,10,0,0
BRDA:231,10,1,0
BRDA:234,11,0,0
BRDA:234,11,1,0
BRDA:237,12,0,0
BRDA:237,12,1,0
BRDA:239,13,0,0
BRDA:239,13,1,0
BRDA:241,14,0,0
BRDA:241,14,1,0
BRDA:271,15,0,0
BRDA:271,15,1,0
BRDA:275,16,0,0
BRDA:275,16,1,0
BRDA:288,17,0,0
BRDA:288,17,1,0
BRDA:292,18,0,0
BRDA:292,18,1,0
BRDA:301,19,0,0
BRDA:315,20,0,0
BRDA:316,21,0,0
BRDA:317,22,0,0
BRDA:318,23,0,0
BRDA:319,24,0,0
BRDA:327,25,0,0
BRDA:337,26,0,0
BRDA:337,26,1,0
BRDA:354,27,0,0
BRDA:354,27,1,0
BRDA:368,28,0,0
BRDA:369,29,0,0
BRDA:427,30,0,0
BRDA:434,31,0,0
BRDA:442,32,0,0
BRDA:448,33,0,0
BRDA:448,33,1,0
BRDA:464,34,0,0
BRDA:466,35,0,0
BRDA:514,36,0,0
BRDA:516,37,0,0
BRDA:516,37,1,0
BRDA:520,38,0,0
BRDA:525,39,0,0
BRDA:525,40,0,0
BRDA:525,40,1,0
BRDA:532,41,0,0
BRDA:532,42,0,0
BRDA:532,42,1,0
BRDA:537,43,0,0
BRDA:538,44,0,0
BRDA:538,44,1,0
BRDA:538,44,2,0
BRDA:545,45,0,0
BRDA:545,46,0,0
BRDA:545,46,1,0
BRDA:550,47,0,0
BRDA:550,47,1,0
BRDA:578,48,0,0
BRDA:578,48,1,0
BRF:73
BRH:0
end_of_record
TN:
SF:src/config/database.examples.ts
FN:17,getUserExample
FN:33,createUserWithProfileExample
FN:34,(anonymous_2)
FN:61,getOrCreateDirectConversation
FN:93,(anonymous_4)
FN:123,sendMessage
FN:128,(anonymous_6)
FN:167,initializeApplication
FN:187,shutdownApplication
FN:204,healthCheckEndpoint
FN:229,getUserFeedExample
FNF:11
FNH:0
FNDA:0,getUserExample
FNDA:0,createUserWithProfileExample
FNDA:0,(anonymous_2)
FNDA:0,getOrCreateDirectConversation
FNDA:0,(anonymous_4)
FNDA:0,sendMessage
FNDA:0,(anonymous_6)
FNDA:0,initializeApplication
FNDA:0,shutdownApplication
FNDA:0,healthCheckEndpoint
FNDA:0,getUserFeedExample
DA:7,0
DA:17,0
DA:19,0
DA:27,0
DA:33,0
DA:34,0
DA:36,0
DA:46,0
DA:54,0
DA:61,0
DA:66,0
DA:92,0
DA:93,0
DA:94,0
DA:113,0
DA:117,0
DA:123,0
DA:128,0
DA:130,0
DA:151,0
DA:160,0
DA:167,0
DA:168,0
DA:170,0
DA:171,0
DA:177,0
DA:179,0
DA:180,0
DA:187,0
DA:188,0
DA:190,0
DA:193,0
DA:194,0
DA:196,0
DA:197,0
DA:204,0
DA:205,0
DA:206,0
DA:207,0
DA:208,0
DA:210,0
DA:217,0
DA:229,0
DA:230,0
LF:44
LH:0
BRDA:92,0,0,0
BRDA:220,1,0,0
BRDA:220,1,1,0
BRDA:229,2,0,0
BRF:4
BRH:0
end_of_record
TN:
SF:src/config/database.js
FN:11,createPrismaClient
FN:39,(anonymous_1)
FN:46,(anonymous_2)
FN:50,(anonymous_3)
FN:54,(anonymous_4)
FN:66,getPrismaClient
FN:87,connectDatabase
FN:109,disconnectDatabase
FN:125,checkDatabaseHealth
FN:151,executeTransaction
FN:160,getDatabaseMetrics
FN:189,(anonymous_11)
FN:195,(anonymous_12)
FN:202,(anonymous_13)
FN:208,(anonymous_14)
FNF:15
FNH:0
FNDA:0,createPrismaClient
FNDA:0,(anonymous_1)
FNDA:0,(anonymous_2)
FNDA:0,(anonymous_3)
FNDA:0,(anonymous_4)
FNDA:0,getPrismaClient
FNDA:0,connectDatabase
FNDA:0,disconnectDatabase
FNDA:0,checkDatabaseHealth
FNDA:0,executeTransaction
FNDA:0,getDatabaseMetrics
FNDA:0,(anonymous_11)
FNDA:0,(anonymous_12)
FNDA:0,(anonymous_13)
FNDA:0,(anonymous_14)
DA:1,0
DA:13,0
DA:14,0
DA:17,0
DA:27,0
DA:38,0
DA:39,0
DA:40,0
DA:41,0
DA:42,0
DA:43,0
DA:46,0
DA:47,0
DA:50,0
DA:51,0
DA:54,0
DA:55,0
DA:59,0
DA:67,0
DA:70,0
DA:71,0
DA:73,0
DA:76,0
DA:77,0
DA:79,0
DA:88,0
DA:90,0
DA:91,0
DA:92,0
DA:95,0
DA:96,0
DA:98,0
DA:100,0
DA:101,0
DA:110,0
DA:112,0
DA:113,0
DA:114,0
DA:116,0
DA:117,0
DA:126,0
DA:128,0
DA:129,0
DA:130,0
DA:131,0
DA:133,0
DA:139,0
DA:152,0
DA:153,0
DA:161,0
DA:163,0
DA:172,0
DA:189,0
DA:190,0
DA:191,0
DA:192,0
DA:195,0
DA:196,0
DA:197,0
DA:198,0
DA:202,0
DA:203,0
DA:204,0
DA:205,0
DA:208,0
DA:209,0
DA:210,0
DA:211,0
LF:68
LH:0
BRDA:17,0,0,0
BRDA:17,0,1,0
BRDA:34,1,0,0
BRDA:34,1,1,0
BRDA:38,2,0,0
BRDA:38,2,1,0
BRDA:67,3,0,0
BRDA:67,3,1,0
BRDA:70,4,0,0
BRDA:70,4,1,0
BRDA:76,5,0,0
BRDA:76,5,1,0
BRDA:165,6,0,0
BRDA:165,6,1,0
BRDA:166,7,0,0
BRDA:166,7,1,0
BRDA:167,8,0,0
BRDA:167,8,1,0
BRF:18
BRH:0
end_of_record
TN:
SF:src/config/database.ts
FN:14,loadMockPrisma
FN:28,tryLoadRealPrisma
FN:119,createPrismaClient
FN:146,(anonymous_3)
FN:153,(anonymous_4)
FN:157,(anonymous_5)
FN:161,(anonymous_6)
FN:173,getPrismaClient
FN:197,connectDatabase
FN:228,disconnectDatabase
FN:250,checkDatabaseHealth
FN:284,executeTransaction
FN:300,getDatabaseMetrics
FN:327,(anonymous_13)
FN:336,(anonymous_14)
FN:342,(anonymous_15)
FN:349,(anonymous_16)
FN:355,(anonymous_17)
FNF:18
FNH:5
FNDA:2,loadMockPrisma
FNDA:0,tryLoadRealPrisma
FNDA:2,createPrismaClient
FNDA:0,(anonymous_3)
FNDA:0,(anonymous_4)
FNDA:0,(anonymous_5)
FNDA:0,(anonymous_6)
FNDA:3,getPrismaClient
FNDA:1,connectDatabase
FNDA:0,disconnectDatabase
FNDA:0,checkDatabaseHealth
FNDA:0,executeTransaction
FNDA:0,getDatabaseMetrics
FNDA:1,(anonymous_13)
FNDA:0,(anonymous_14)
FNDA:0,(anonymous_15)
FNDA:0,(anonymous_16)
FNDA:0,(anonymous_17)
DA:4,2
DA:8,2
DA:9,2
DA:15,2
DA:16,2
DA:17,2
DA:19,2
DA:20,0
DA:24,2
DA:29,0
DA:30,0
DA:31,0
DA:32,0
DA:33,0
DA:35,0
DA:36,0
DA:40,2
DA:41,2
DA:43,0
DA:45,0
DA:46,0
DA:51,0
DA:52,0
DA:57,0
DA:59,0
DA:60,0
DA:62,0
DA:63,0
DA:67,0
DA:71,0
DA:120,2
DA:122,2
DA:123,2
DA:126,0
DA:135,0
DA:145,0
DA:146,0
DA:147,0
DA:148,0
DA:149,0
DA:150,0
DA:153,0
DA:154,0
DA:157,0
DA:158,0
DA:161,0
DA:162,0
DA:166,0
DA:174,3
DA:177,0
DA:181,0
DA:182,0
DA:184,0
DA:186,3
DA:187,2
DA:189,3
DA:197,2
DA:198,1
DA:200,1
DA:201,1
DA:202,1
DA:203,1
DA:205,1
DA:208,1
DA:211,0
DA:212,0
DA:214,0
DA:215,0
DA:217,0
DA:219,0
DA:220,0
DA:228,2
DA:229,0
DA:231,0
DA:232,0
DA:233,0
DA:235,0
DA:236,0
DA:238,0
DA:241,0
DA:242,0
DA:250,2
DA:251,0
DA:253,0
DA:254,0
DA:255,0
DA:262,0
DA:263,0
DA:264,0
DA:266,0
DA:272,0
DA:284,2
DA:292,0
DA:293,0
DA:300,2
DA:301,0
DA:303,0
DA:304,0
DA:312,0
DA:313,0
DA:314,0
DA:316,0
DA:325,2
DA:326,2
DA:327,2
DA:330,2
DA:333,2
DA:336,2
DA:337,0
DA:338,0
DA:339,0
DA:342,2
DA:343,0
DA:344,0
DA:345,0
DA:349,2
DA:350,0
DA:351,0
DA:352,0
DA:355,2
DA:356,0
DA:357,0
DA:358,0
LF:123
LH:38
BRDA:4,0,0,2
BRDA:4,0,1,0
BRDA:19,1,0,0
BRDA:19,1,1,2
BRDA:40,2,0,2
BRDA:40,2,1,0
BRDA:45,3,0,0
BRDA:45,4,0,0
BRDA:45,4,1,0
BRDA:51,5,0,0
BRDA:51,6,0,0
BRDA:51,6,1,0
BRDA:57,7,0,0
BRDA:57,7,1,0
BRDA:59,8,0,0
BRDA:59,8,1,0
BRDA:62,9,0,0
BRDA:67,10,0,0
BRDA:67,10,1,0
BRDA:68,11,0,0
BRDA:68,11,1,0
BRDA:69,12,0,0
BRDA:69,12,1,0
BRDA:122,13,0,2
BRDA:126,14,0,0
BRDA:126,14,1,0
BRDA:142,15,0,0
BRDA:142,15,1,0
BRDA:145,16,0,0
BRDA:145,17,0,0
BRDA:145,17,1,0
BRDA:174,18,0,0
BRDA:174,18,1,3
BRDA:181,19,0,0
BRDA:186,20,0,2
BRDA:201,21,0,1
BRDA:202,22,0,1
BRDA:232,23,0,0
BRDA:235,24,0,0
BRDA:235,24,1,0
BRDA:254,25,0,0
BRDA:274,26,0,0
BRDA:274,26,1,0
BRDA:303,27,0,0
BRDA:317,28,0,0
BRDA:317,28,1,0
BRDA:318,29,0,0
BRDA:318,29,1,0
BRDA:319,30,0,0
BRDA:319,30,1,0
BRDA:320,31,0,0
BRDA:320,31,1,0
BRF:52
BRH:8
end_of_record
TN:
SF:src/docs/registerDocs.ts
FN:8,registerDocsRoutes
FN:11,(anonymous_10)
FN:16,(anonymous_11)
FNF:3
FNH:1
FNDA:1,registerDocsRoutes
FNDA:0,(anonymous_10)
FNDA:0,(anonymous_11)
DA:1,2
DA:2,2
DA:8,2
DA:9,1
DA:11,1
DA:12,0
DA:13,0
DA:16,1
DA:17,0
DA:18,0
LF:10
LH:6
BRF:0
BRH:0
end_of_record
TN:
SF:src/idcard/idcard.controller.ts
FNF:0
FNH:0
DA:2,0
LF:1
LH:0
BRF:0
BRH:0
end_of_record
TN:
SF:src/infra/config/database.config.ts
FN:20,(anonymous_1)
FN:42,(anonymous_2)
FN:53,(anonymous_3)
FN:57,(anonymous_4)
FNF:4
FNH:0
FNDA:0,(anonymous_1)
FNDA:0,(anonymous_2)
FNDA:0,(anonymous_3)
FNDA:0,(anonymous_4)
DA:1,0
DA:19,0
DA:21,0
DA:23,0
DA:43,0
DA:44,0
DA:45,0
DA:46,0
DA:47,0
DA:48,0
DA:49,0
DA:50,0
DA:54,0
DA:58,0
LF:14
LH:0
BRDA:24,0,0,0
BRDA:24,0,1,0
BRDA:25,1,0,0
BRDA:25,1,1,0
BRDA:26,2,0,0
BRDA:26,2,1,0
BRDA:27,3,0,0
BRDA:27,3,1,0
BRDA:28,4,0,0
BRDA:28,4,1,0
BRDA:29,5,0,0
BRDA:29,5,1,0
BRDA:30,6,0,0
BRDA:30,6,1,0
BRDA:32,7,0,0
BRDA:32,7,1,0
BRDA:34,8,0,0
BRDA:34,8,1,0
BRDA:37,9,0,0
BRDA:37,9,1,0
BRDA:38,10,0,0
BRDA:38,10,1,0
BRDA:43,11,0,0
BRDA:43,11,1,0
BRDA:44,12,0,0
BRDA:44,12,1,0
BRDA:45,13,0,0
BRDA:45,13,1,0
BRDA:46,14,0,0
BRDA:46,14,1,0
BRDA:47,15,0,0
BRDA:47,15,1,0
BRDA:49,16,0,0
BRDA:49,16,1,0
BRF:34
BRH:0
end_of_record
TN:
SF:src/infra/prisma/mock-prisma-client.ts
FN:296,(anonymous_0)
FN:300,(anonymous_1)
FN:323,(anonymous_2)
FN:324,(anonymous_3)
FN:325,(anonymous_4)
FN:326,(anonymous_5)
FN:327,(anonymous_6)
FN:331,(anonymous_7)
FN:332,(anonymous_8)
FN:333,(anonymous_9)
FN:334,(anonymous_10)
FN:335,(anonymous_11)
FN:336,(anonymous_12)
FN:340,(anonymous_13)
FN:341,(anonymous_14)
FN:342,(anonymous_15)
FN:343,(anonymous_16)
FN:344,(anonymous_17)
FN:345,(anonymous_18)
FN:349,(anonymous_19)
FN:350,(anonymous_20)
FN:351,(anonymous_21)
FN:352,(anonymous_22)
FN:353,(anonymous_23)
FN:354,(anonymous_24)
FN:358,(anonymous_25)
FN:360,(anonymous_26)
FN:361,(anonymous_27)
FN:362,(anonymous_28)
FN:364,(anonymous_29)
FN:366,(anonymous_30)
FN:370,(anonymous_31)
FN:371,(anonymous_32)
FN:372,(anonymous_33)
FN:373,(anonymous_34)
FN:374,(anonymous_35)
FN:375,(anonymous_36)
FN:379,(anonymous_37)
FN:380,(anonymous_38)
FN:381,(anonymous_39)
FN:382,(anonymous_40)
FN:383,(anonymous_41)
FN:384,(anonymous_42)
FN:388,(anonymous_43)
FN:401,(anonymous_44)
FN:402,(anonymous_45)
FN:403,(anonymous_46)
FN:404,(anonymous_47)
FN:405,(anonymous_48)
FN:406,(anonymous_49)
FN:410,(anonymous_50)
FN:422,(anonymous_51)
FN:425,(anonymous_52)
FN:426,(anonymous_53)
FN:427,(anonymous_54)
FN:428,(anonymous_55)
FN:430,(anonymous_56)
FN:432,(anonymous_57)
FN:436,(anonymous_58)
FN:449,(anonymous_59)
FN:450,(anonymous_60)
FN:451,(anonymous_61)
FN:452,(anonymous_62)
FN:453,(anonymous_63)
FN:457,(anonymous_64)
FN:466,(anonymous_65)
FN:467,(anonymous_66)
FN:468,(anonymous_67)
FN:469,(anonymous_68)
FN:478,(anonymous_69)
FN:479,(anonymous_70)
FN:483,(anonymous_71)
FN:497,(anonymous_72)
FN:498,(anonymous_73)
FN:499,(anonymous_74)
FN:500,(anonymous_75)
FN:501,(anonymous_76)
FN:504,(anonymous_77)
FN:509,(anonymous_78)
FN:515,(anonymous_79)
FN:520,(anonymous_80)
FNF:81
FNH:2
FNDA:2,(anonymous_0)
FNDA:0,(anonymous_1)
FNDA:0,(anonymous_2)
FNDA:0,(anonymous_3)
FNDA:0,(anonymous_4)
FNDA:0,(anonymous_5)
FNDA:0,(anonymous_6)
FNDA:0,(anonymous_7)
FNDA:0,(anonymous_8)
FNDA:0,(anonymous_9)
FNDA:0,(anonymous_10)
FNDA:0,(anonymous_11)
FNDA:0,(anonymous_12)
FNDA:0,(anonymous_13)
FNDA:0,(anonymous_14)
FNDA:0,(anonymous_15)
FNDA:0,(anonymous_16)
FNDA:0,(anonymous_17)
FNDA:0,(anonymous_18)
FNDA:0,(anonymous_19)
FNDA:0,(anonymous_20)
FNDA:0,(anonymous_21)
FNDA:0,(anonymous_22)
FNDA:0,(anonymous_23)
FNDA:0,(anonymous_24)
FNDA:0,(anonymous_25)
FNDA:0,(anonymous_26)
FNDA:0,(anonymous_27)
FNDA:0,(anonymous_28)
FNDA:0,(anonymous_29)
FNDA:0,(anonymous_30)
FNDA:0,(anonymous_31)
FNDA:0,(anonymous_32)
FNDA:0,(anonymous_33)
FNDA:0,(anonymous_34)
FNDA:0,(anonymous_35)
FNDA:0,(anonymous_36)
FNDA:0,(anonymous_37)
FNDA:0,(anonymous_38)
FNDA:0,(anonymous_39)
FNDA:0,(anonymous_40)
FNDA:0,(anonymous_41)
FNDA:0,(anonymous_42)
FNDA:0,(anonymous_43)
FNDA:0,(anonymous_44)
FNDA:0,(anonymous_45)
FNDA:0,(anonymous_46)
FNDA:0,(anonymous_47)
FNDA:0,(anonymous_48)
FNDA:0,(anonymous_49)
FNDA:0,(anonymous_50)
FNDA:0,(anonymous_51)
FNDA:0,(anonymous_52)
FNDA:0,(anonymous_53)
FNDA:0,(anonymous_54)
FNDA:0,(anonymous_55)
FNDA:0,(anonymous_56)
FNDA:0,(anonymous_57)
FNDA:0,(anonymous_58)
FNDA:0,(anonymous_59)
FNDA:0,(anonymous_60)
FNDA:0,(anonymous_61)
FNDA:0,(anonymous_62)
FNDA:0,(anonymous_63)
FNDA:0,(anonymous_64)
FNDA:0,(anonymous_65)
FNDA:0,(anonymous_66)
FNDA:0,(anonymous_67)
FNDA:0,(anonymous_68)
FNDA:0,(anonymous_69)
FNDA:0,(anonymous_70)
FNDA:0,(anonymous_71)
FNDA:0,(anonymous_72)
FNDA:0,(anonymous_73)
FNDA:0,(anonymous_74)
FNDA:0,(anonymous_75)
FNDA:0,(anonymous_76)
FNDA:1,(anonymous_77)
FNDA:0,(anonymous_78)
FNDA:0,(anonymous_79)
FNDA:0,(anonymous_80)
DA:296,2
DA:297,2
DA:299,2
DA:302,0
DA:323,0
DA:324,0
DA:325,0
DA:326,0
DA:327,0
DA:330,2
DA:331,0
DA:332,0
DA:333,0
DA:334,0
DA:335,0
DA:336,0
DA:339,2
DA:340,0
DA:341,0
DA:342,0
DA:343,0
DA:344,0
DA:345,0
DA:348,2
DA:349,0
DA:350,0
DA:351,0
DA:352,0
DA:353,0
DA:354,0
DA:357,2
DA:359,0
DA:360,0
DA:361,0
DA:363,0
DA:365,0
DA:366,0
DA:369,2
DA:370,0
DA:371,0
DA:372,0
DA:373,0
DA:374,0
DA:375,0
DA:378,2
DA:379,0
DA:380,0
DA:381,0
DA:382,0
DA:383,0
DA:384,0
DA:387,2
DA:389,0
DA:401,0
DA:402,0
DA:403,0
DA:404,0
DA:405,0
DA:406,0
DA:409,2
DA:411,0
DA:422,0
DA:425,0
DA:426,0
DA:427,0
DA:429,0
DA:431,0
DA:432,0
DA:435,2
DA:437,0
DA:449,0
DA:450,0
DA:451,0
DA:452,0
DA:453,0
DA:456,2
DA:458,0
DA:466,0
DA:467,0
DA:468,0
DA:470,0
DA:478,0
DA:479,0
DA:482,2
DA:484,0
DA:497,0
DA:498,0
DA:499,0
DA:500,0
DA:501,0
DA:506,1
DA:511,0
DA:516,0
DA:521,0
DA:577,2
LF:95
LH:16
BRDA:391,0,0,0
BRDA:391,0,1,0
BRDA:399,1,0,0
BRDA:399,1,1,0
BRDA:413,2,0,0
BRDA:413,2,1,0
BRDA:423,3,0,0
BRDA:423,3,1,0
BRDA:440,4,0,0
BRDA:440,4,1,0
BRF:10
BRH:0
end_of_record
TN:
SF:src/infra/prisma/prisma.module.js
FNF:0
FNH:0
LF:0
LH:0
BRF:0
BRH:0
end_of_record
TN:
SF:src/infra/prisma/prisma.service.js
FNF:0
FNH:0
LF:0
LH:0
BRF:0
BRH:0
end_of_record
TN:
SF:src/infra/prisma/prisma.service.ts
FN:18,(anonymous_1)
FN:22,(anonymous_2)
FN:27,(anonymous_3)
FN:30,(anonymous_4)
FN:33,(anonymous_5)
FN:36,(anonymous_6)
FN:39,(anonymous_7)
FN:42,(anonymous_8)
FN:45,(anonymous_9)
FN:50,(anonymous_10)
FN:53,(anonymous_11)
FN:56,(anonymous_12)
FN:59,(anonymous_13)
FN:62,(anonymous_14)
FN:67,(anonymous_15)
FN:70,(anonymous_16)
FN:73,(anonymous_17)
FN:76,(anonymous_18)
FN:79,(anonymous_19)
FN:82,(anonymous_20)
FN:85,(anonymous_21)
FN:89,(anonymous_22)
FN:103,(anonymous_23)
FN:112,(anonymous_24)
FN:126,(anonymous_25)
FN:131,(anonymous_26)
FN:161,(anonymous_27)
FN:188,(anonymous_28)
FNF:28
FNH:3
FNDA:1,(anonymous_1)
FNDA:0,(anonymous_2)
FNDA:0,(anonymous_3)
FNDA:0,(anonymous_4)
FNDA:0,(anonymous_5)
FNDA:0,(anonymous_6)
FNDA:0,(anonymous_7)
FNDA:0,(anonymous_8)
FNDA:0,(anonymous_9)
FNDA:0,(anonymous_10)
FNDA:0,(anonymous_11)
FNDA:0,(anonymous_12)
FNDA:0,(anonymous_13)
FNDA:0,(anonymous_14)
FNDA:0,(anonymous_15)
FNDA:0,(anonymous_16)
FNDA:0,(anonymous_17)
FNDA:0,(anonymous_18)
FNDA:0,(anonymous_19)
FNDA:0,(anonymous_20)
FNDA:0,(anonymous_21)
FNDA:1,(anonymous_22)
FNDA:1,(anonymous_23)
FNDA:0,(anonymous_24)
FNDA:0,(anonymous_25)
FNDA:0,(anonymous_26)
FNDA:0,(anonymous_27)
FNDA:0,(anonymous_28)
DA:1,2
DA:8,2
DA:18,2
DA:19,1
DA:23,0
DA:28,0
DA:31,0
DA:34,0
DA:37,0
DA:40,0
DA:43,0
DA:46,0
DA:51,0
DA:54,0
DA:57,0
DA:60,0
DA:63,0
DA:68,0
DA:71,0
DA:74,0
DA:77,0
DA:80,0
DA:83,0
DA:86,0
DA:90,1
DA:92,1
DA:93,1
DA:97,0
DA:106,1
DA:116,0
DA:117,0
DA:127,0
DA:132,0
DA:162,0
DA:192,0
DA:201,0
DA:202,0
DA:211,0
LF:38
LH:8
BRDA:92,0,0,1
BRDA:92,0,1,0
BRDA:119,1,0,0
BRDA:119,1,1,0
BRDA:131,2,0,0
BRDA:201,3,0,0
BRF:6
BRH:1
end_of_record
TN:
SF:src/infra/services/database-health.service.ts
FN:10,(anonymous_1)
FN:16,(anonymous_2)
FN:50,(anonymous_3)
FN:58,(anonymous_4)
FN:77,(anonymous_5)
FN:82,(anonymous_6)
FN:90,(anonymous_7)
FNF:7
FNH:0
FNDA:0,(anonymous_1)
FNDA:0,(anonymous_2)
FNDA:0,(anonymous_3)
FNDA:0,(anonymous_4)
FNDA:0,(anonymous_5)
FNDA:0,(anonymous_6)
FNDA:0,(anonymous_7)
DA:1,0
DA:2,0
DA:10,0
DA:11,0
DA:19,0
DA:21,0
DA:25,0
DA:26,0
DA:27,0
DA:29,0
DA:33,0
DA:38,0
DA:39,0
DA:51,0
DA:59,0
DA:61,0
DA:62,0
DA:63,0
DA:64,0
DA:69,0
DA:78,0
DA:82,0
DA:83,0
DA:91,0
DA:92,0
LF:25
LH:0
BRDA:25,0,0,0
BRDA:41,1,0,0
BRDA:41,1,1,0
BRDA:61,2,0,0
BRDA:61,2,1,0
BRDA:63,3,0,0
BRDA:77,4,0,0
BRF:7
BRH:0
end_of_record
TN:
SF:src/middleware/logging.ts
FN:41,redactSensitiveData
FN:48,(anonymous_1)
FN:61,requestIdMiddleware
FN:78,requestLoggingMiddleware
FN:106,(anonymous_4)
FN:133,errorLoggingMiddleware
FN:174,(anonymous_6)
FN:179,(anonymous_7)
FN:184,(anonymous_8)
FN:192,(anonymous_9)
FN:196,(anonymous_10)
FN:200,(anonymous_11)
FN:202,(anonymous_12)
FN:206,(anonymous_13)
FN:211,(anonymous_14)
FN:215,(anonymous_15)
FN:245,(anonymous_16)
FN:255,metricsMiddleware
FN:265,(anonymous_18)
FN:282,metricsEndpoint
FNF:20
FNH:0
FNDA:0,redactSensitiveData
FNDA:0,(anonymous_1)
FNDA:0,requestIdMiddleware
FNDA:0,requestLoggingMiddleware
FNDA:0,(anonymous_4)
FNDA:0,errorLoggingMiddleware
FNDA:0,(anonymous_6)
FNDA:0,(anonymous_7)
FNDA:0,(anonymous_8)
FNDA:0,(anonymous_9)
FNDA:0,(anonymous_10)
FNDA:0,(anonymous_11)
FNDA:0,(anonymous_12)
FNDA:0,(anonymous_13)
FNDA:0,(anonymous_14)
FNDA:0,(anonymous_15)
FNDA:0,(anonymous_16)
FNDA:0,metricsMiddleware
FNDA:0,(anonymous_18)
FNDA:0,metricsEndpoint
DA:2,2
DA:26,2
DA:42,0
DA:44,0
DA:46,0
DA:47,0
DA:48,0
DA:49,0
DA:50,0
DA:51,0
DA:55,0
DA:61,2
DA:66,0
DA:67,0
DA:70,0
DA:72,0
DA:78,2
DA:83,0
DA:84,0
DA:85,0
DA:88,0
DA:105,0
DA:106,0
DA:107,0
DA:110,0
DA:124,0
DA:127,0
DA:133,2
DA:139,0
DA:140,0
DA:142,0
DA:162,0
DA:168,2
DA:169,2
DA:170,2
DA:171,2
DA:172,2
DA:175,0
DA:176,0
DA:180,0
DA:181,0
DA:185,0
DA:187,0
DA:188,0
DA:193,0
DA:197,0
DA:201,0
DA:202,0
DA:205,0
DA:206,0
DA:210,0
DA:211,0
DA:214,0
DA:215,0
DA:220,0
DA:246,0
DA:247,0
DA:248,0
DA:255,2
DA:260,0
DA:262,0
DA:264,0
DA:265,0
DA:266,0
DA:267,0
DA:269,0
DA:270,0
DA:273,0
DA:276,0
DA:282,2
DA:283,0
LF:71
LH:12
BRDA:42,0,0,0
BRDA:42,1,0,0
BRDA:42,1,1,0
BRDA:44,2,0,0
BRDA:44,2,1,0
BRDA:48,3,0,0
BRDA:48,3,1,0
BRDA:50,4,0,0
BRDA:50,5,0,0
BRDA:50,5,1,0
BRDA:66,6,0,0
BRDA:66,6,1,0
BRDA:85,7,0,0
BRDA:85,7,1,0
BRDA:97,8,0,0
BRDA:97,8,1,0
BRDA:107,9,0,0
BRDA:107,9,1,0
BRDA:119,10,0,0
BRDA:119,10,1,0
BRDA:140,11,0,0
BRDA:140,11,1,0
BRDA:150,12,0,0
BRDA:150,12,1,0
BRDA:154,13,0,0
BRDA:154,13,1,0
BRDA:175,14,0,0
BRDA:175,14,1,0
BRDA:180,15,0,0
BRDA:180,15,1,0
BRDA:187,16,0,0
BRDA:210,17,0,0
BRDA:210,17,1,0
BRDA:214,18,0,0
BRDA:214,18,1,0
BRDA:228,19,0,0
BRDA:228,19,1,0
BRDA:260,20,0,0
BRDA:260,20,1,0
BRDA:266,21,0,0
BRDA:266,21,1,0
BRDA:269,22,0,0
BRF:42
BRH:0
end_of_record
TN:
SF:src/middleware/rateLimiter.js
FN:24,(anonymous_0)
FN:48,(anonymous_1)
FN:49,(anonymous_2)
FN:73,(anonymous_3)
FN:97,(anonymous_4)
FN:121,(anonymous_5)
FNF:6
FNH:0
FNDA:0,(anonymous_0)
FNDA:0,(anonymous_1)
FNDA:0,(anonymous_2)
FNDA:0,(anonymous_3)
FNDA:0,(anonymous_4)
FNDA:0,(anonymous_5)
DA:1,0
DA:14,0
DA:25,0
DA:38,0
DA:48,0
DA:50,0
DA:63,0
DA:74,0
DA:87,0
DA:98,0
DA:111,0
DA:122,0
DA:131,0
LF:13
LH:0
BRDA:29,0,0,0
BRDA:29,0,1,0
BRDA:48,1,0,0
BRDA:48,1,1,0
BRDA:54,2,0,0
BRDA:54,2,1,0
BRDA:78,3,0,0
BRDA:78,3,1,0
BRDA:102,4,0,0
BRDA:102,4,1,0
BRDA:126,5,0,0
BRDA:126,5,1,0
BRF:12
BRH:0
end_of_record
TN:
SF:src/middleware/rateLimiter.ts
FN:25,(anonymous_1)
FN:50,(anonymous_2)
FN:51,(anonymous_3)
FN:76,(anonymous_4)
FN:101,(anonymous_5)
FN:125,(anonymous_6)
FNF:6
FNH:0
FNDA:0,(anonymous_1)
FNDA:0,(anonymous_2)
FNDA:0,(anonymous_3)
FNDA:0,(anonymous_4)
FNDA:0,(anonymous_5)
FNDA:0,(anonymous_6)
DA:1,2
DA:15,2
DA:26,0
DA:40,2
DA:50,0
DA:52,0
DA:66,2
DA:77,0
DA:91,2
DA:102,0
DA:115,2
DA:126,0
LF:12
LH:6
BRDA:31,0,0,0
BRDA:31,0,1,0
BRDA:50,1,0,0
BRDA:50,1,1,0
BRDA:57,2,0,0
BRDA:57,2,1,0
BRDA:82,3,0,0
BRDA:82,3,1,0
BRDA:106,4,0,0
BRDA:106,4,1,0
BRDA:131,5,0,0
BRDA:131,5,1,0
BRF:12
BRH:0
end_of_record
TN:
SF:src/middleware/validation.ts
FN:46,sendValidationError
FN:63,validateUserId
FN:64,(anonymous_2)
FN:109,validateConversationId
FN:138,validateMessageContent
FN:178,validateConversationCreate
FN:259,validateFileUpload
FN:260,(anonymous_7)
FN:293,validatePagination
FN:324,validateMessageIds
FN:365,sanitizeInput
FN:379,validateSearchQuery
FNF:12
FNH:0
FNDA:0,sendValidationError
FNDA:0,validateUserId
FNDA:0,(anonymous_2)
FNDA:0,validateConversationId
FNDA:0,validateMessageContent
FNDA:0,validateConversationCreate
FNDA:0,validateFileUpload
FNDA:0,(anonymous_7)
FNDA:0,validatePagination
FNDA:0,validateMessageIds
FNDA:0,sanitizeInput
FNDA:0,validateSearchQuery
DA:15,0
DA:23,0
DA:34,0
DA:51,0
DA:63,0
DA:64,0
DA:67,0
DA:68,0
DA:71,0
DA:72,0
DA:75,0
DA:76,0
DA:81,0
DA:85,0
DA:86,0
DA:90,0
DA:94,0
DA:95,0
DA:99,0
DA:102,0
DA:109,0
DA:115,0
DA:119,0
DA:120,0
DA:121,0
DA:124,0
DA:128,0
DA:129,0
DA:132,0
DA:138,0
DA:143,0
DA:145,0
DA:146,0
DA:147,0
DA:150,0
DA:151,0
DA:152,0
DA:155,0
DA:156,0
DA:157,0
DA:160,0
DA:161,0
DA:169,0
DA:172,0
DA:178,0
DA:183,0
DA:186,0
DA:187,0
DA:191,0
DA:195,0
DA:196,0
DA:197,0
DA:200,0
DA:201,0
DA:202,0
DA:205,0
DA:206,0
DA:210,0
DA:214,0
DA:215,0
DA:216,0
DA:219,0
DA:224,0
DA:225,0
DA:226,0
DA:227,0
DA:229,0
DA:230,0
DA:234,0
DA:239,0
DA:240,0
DA:241,0
DA:242,0
DA:244,0
DA:245,0
DA:249,0
DA:253,0
DA:259,0
DA:260,0
DA:261,0
DA:263,0
DA:264,0
DA:265,0
DA:269,0
DA:270,0
DA:274,0
DA:278,0
DA:279,0
DA:283,0
DA:286,0
DA:293,0
DA:298,0
DA:301,0
DA:302,0
DA:303,0
DA:304,0
DA:308,0
DA:313,0
DA:314,0
DA:315,0
DA:318,0
DA:324,0
DA:329,0
DA:331,0
DA:332,0
DA:333,0
DA:336,0
DA:337,0
DA:338,0
DA:341,0
DA:342,0
DA:346,0
DA:350,0
DA:351,0
DA:352,0
DA:355,0
DA:359,0
DA:365,0
DA:366,0
DA:368,0
DA:379,0
DA:384,0
DA:386,0
DA:387,0
DA:388,0
DA:391,0
DA:392,0
DA:393,0
DA:396,0
DA:397,0
DA:398,0
DA:401,0
DA:402,0
DA:403,0
DA:407,0
DA:409,0
LF:136
LH:0
BRDA:63,0,0,0
BRDA:67,1,0,0
BRDA:67,2,0,0
BRDA:67,2,1,0
BRDA:71,3,0,0
BRDA:71,4,0,0
BRDA:71,4,1,0
BRDA:71,4,2,0
BRDA:75,5,0,0
BRDA:78,6,0,0
BRDA:78,6,1,0
BRDA:85,7,0,0
BRDA:85,8,0,0
BRDA:85,8,1,0
BRDA:94,9,0,0
BRDA:115,10,0,0
BRDA:115,10,1,0
BRDA:115,10,2,0
BRDA:119,11,0,0
BRDA:124,12,0,0
BRDA:125,13,0,0
BRDA:125,13,1,0
BRDA:145,14,0,0
BRDA:150,15,0,0
BRDA:155,16,0,0
BRDA:160,17,0,0
BRDA:186,18,0,0
BRDA:186,19,0,0
BRDA:186,19,1,0
BRDA:195,20,0,0
BRDA:195,21,0,0
BRDA:195,21,1,0
BRDA:200,22,0,0
BRDA:205,23,0,0
BRDA:215,24,0,0
BRDA:215,25,0,0
BRDA:215,25,1,0
BRDA:224,26,0,0
BRDA:225,27,0,0
BRDA:229,28,0,0
BRDA:239,29,0,0
BRDA:240,30,0,0
BRDA:244,31,0,0
BRDA:263,32,0,0
BRDA:269,33,0,0
BRDA:278,34,0,0
BRDA:301,35,0,0
BRDA:303,36,0,0
BRDA:303,37,0,0
BRDA:303,37,1,0
BRDA:303,37,2,0
BRDA:313,38,0,0
BRDA:313,39,0,0
BRDA:313,39,1,0
BRDA:331,40,0,0
BRDA:331,41,0,0
BRDA:331,41,1,0
BRDA:336,42,0,0
BRDA:341,43,0,0
BRDA:351,44,0,0
BRDA:351,45,0,0
BRDA:351,45,1,0
BRDA:366,46,0,0
BRDA:386,47,0,0
BRDA:391,48,0,0
BRDA:396,49,0,0
BRDA:401,50,0,0
BRF:67
BRH:0
end_of_record
TN:
SF:src/routes/chat.js
FN:12,(anonymous_0)
FN:70,(anonymous_1)
FN:77,(anonymous_2)
FN:106,(anonymous_3)
FN:168,(anonymous_4)
FN:202,(anonymous_5)
FN:229,(anonymous_6)
FN:283,(anonymous_7)
FN:309,(anonymous_8)
FN:395,(anonymous_9)
FNF:10
FNH:0
FNDA:0,(anonymous_0)
FNDA:0,(anonymous_1)
FNDA:0,(anonymous_2)
FNDA:0,(anonymous_3)
FNDA:0,(anonymous_4)
FNDA:0,(anonymous_5)
FNDA:0,(anonymous_6)
FNDA:0,(anonymous_7)
FNDA:0,(anonymous_8)
FNDA:0,(anonymous_9)
DA:1,0
DA:2,0
DA:4,0
DA:12,0
DA:13,0
DA:14,0
DA:15,0
DA:17,0
DA:68,0
DA:70,0
DA:77,0
DA:93,0
DA:94,0
DA:106,0
DA:107,0
DA:108,0
DA:109,0
DA:110,0
DA:113,0
DA:114,0
DA:122,0
DA:123,0
DA:131,0
DA:132,0
DA:146,0
DA:147,0
DA:157,0
DA:168,0
DA:193,0
DA:202,0
DA:216,0
DA:217,0
DA:229,0
DA:230,0
DA:231,0
DA:232,0
DA:233,0
DA:234,0
DA:237,0
DA:244,0
DA:245,0
DA:252,0
DA:281,0
DA:283,0
DA:296,0
DA:297,0
DA:309,0
DA:310,0
DA:311,0
DA:312,0
DA:313,0
DA:314,0
DA:316,0
DA:317,0
DA:325,0
DA:332,0
DA:333,0
DA:341,0
DA:363,0
DA:368,0
DA:382,0
DA:383,0
DA:395,0
DA:396,0
DA:397,0
DA:398,0
DA:400,0
DA:401,0
DA:408,0
DA:435,0
DA:441,0
DA:442,0
DA:450,0
LF:73
LH:0
BRDA:15,0,0,0
BRDA:15,0,1,0
BRDA:87,1,0,0
BRDA:87,1,1,0
BRDA:109,2,0,0
BRDA:109,2,1,0
BRDA:110,3,0,0
BRDA:110,4,0,0
BRDA:113,5,0,0
BRDA:113,5,1,0
BRDA:113,6,0,0
BRDA:113,6,1,0
BRDA:113,6,2,0
BRDA:122,7,0,0
BRDA:122,7,1,0
BRDA:122,8,0,0
BRDA:122,8,1,0
BRDA:131,9,0,0
BRDA:131,9,1,0
BRDA:146,10,0,0
BRDA:146,10,1,0
BRDA:159,11,0,0
BRDA:159,11,1,0
BRDA:232,12,0,0
BRDA:232,12,1,0
BRDA:234,13,0,0
BRDA:234,14,0,0
BRDA:244,15,0,0
BRDA:244,15,1,0
BRDA:312,16,0,0
BRDA:312,16,1,0
BRDA:314,17,0,0
BRDA:316,18,0,0
BRDA:316,18,1,0
BRDA:316,19,0,0
BRDA:316,19,1,0
BRDA:332,20,0,0
BRDA:332,20,1,0
BRDA:398,21,0,0
BRDA:400,22,0,0
BRDA:400,22,1,0
BRDA:400,23,0,0
BRDA:400,23,1,0
BRDA:419,24,0,0
BRDA:419,24,1,0
BRF:45
BRH:0
end_of_record
TN:
SF:src/routes/idcard.js
FN:5,(anonymous_0)
FNF:1
FNH:0
FNDA:0,(anonymous_0)
DA:1,0
DA:3,0
DA:5,0
DA:6,0
DA:13,0
LF:5
LH:0
BRF:0
BRH:0
end_of_record
TN:
SF:src/routes/idcard.ts
FN:6,(anonymous_0)
FNF:1
FNH:0
FNDA:0,(anonymous_0)
DA:1,0
DA:4,0
DA:6,0
DA:7,0
DA:14,0
LF:5
LH:0
BRF:0
BRH:0
end_of_record
TN:
SF:src/socket/handlers.js
FN:11,ensureMockConversation
FN:22,hasMockParticipant
FN:32,emitError
FN:39,buildMockMessage
FN:61,registerMockSocketHandlers
FN:62,(anonymous_5)
FN:70,(anonymous_6)
FN:104,(anonymous_7)
FN:138,(anonymous_8)
FN:197,(anonymous_9)
FN:221,(anonymous_10)
FN:222,(anonymous_11)
FN:224,(anonymous_12)
FN:254,(anonymous_13)
FN:282,registerDatabaseSocketHandlers
FN:285,(anonymous_15)
FN:295,(anonymous_16)
FN:302,(anonymous_17)
FN:312,(anonymous_18)
FN:342,(anonymous_19)
FN:367,(anonymous_20)
FN:412,(anonymous_21)
FN:424,(anonymous_22)
FN:481,(anonymous_23)
FN:505,(anonymous_24)
FN:506,(anonymous_25)
FN:508,(anonymous_26)
FN:528,(anonymous_27)
FN:530,(anonymous_28)
FN:564,(anonymous_29)
FN:572,registerSocketHandlers
FNF:31
FNH:13
FNDA:26,ensureMockConversation
FNDA:3,hasMockParticipant
FNDA:7,emitError
FNDA:2,buildMockMessage
FNDA:2,registerMockSocketHandlers
FNDA:41,(anonymous_5)
FNDA:25,(anonymous_6)
FNDA:1,(anonymous_7)
FNDA:6,(anonymous_8)
FNDA:2,(anonymous_9)
FNDA:0,(anonymous_10)
FNDA:0,(anonymous_11)
FNDA:2,(anonymous_12)
FNDA:40,(anonymous_13)
FNDA:0,registerDatabaseSocketHandlers
FNDA:0,(anonymous_15)
FNDA:0,(anonymous_16)
FNDA:0,(anonymous_17)
FNDA:0,(anonymous_18)
FNDA:0,(anonymous_19)
FNDA:0,(anonymous_20)
FNDA:0,(anonymous_21)
FNDA:0,(anonymous_22)
FNDA:0,(anonymous_23)
FNDA:0,(anonymous_24)
FNDA:0,(anonymous_25)
FNDA:0,(anonymous_26)
FNDA:0,(anonymous_27)
FNDA:0,(anonymous_28)
FNDA:0,(anonymous_29)
FNDA:2,registerSocketHandlers
DA:1,2
DA:3,2
DA:5,2
DA:9,2
DA:12,26
DA:13,9
DA:19,26
DA:23,3
DA:24,2
DA:25,2
DA:29,1
DA:33,7
DA:47,2
DA:49,2
DA:62,2
DA:63,41
DA:64,41
DA:66,41
DA:70,41
DA:71,25
DA:72,25
DA:74,25
DA:75,1
DA:76,1
DA:79,24
DA:80,1
DA:81,1
DA:84,23
DA:85,23
DA:86,23
DA:88,23
DA:90,23
DA:96,23
DA:104,41
DA:105,1
DA:106,1
DA:108,1
DA:109,0
DA:110,0
DA:113,1
DA:114,1
DA:116,1
DA:117,1
DA:120,1
DA:122,1
DA:124,1
DA:130,1
DA:138,41
DA:146,6
DA:147,6
DA:149,6
DA:150,0
DA:151,0
DA:154,6
DA:155,1
DA:156,1
DA:159,5
DA:161,5
DA:166,1
DA:167,1
DA:170,4
DA:171,1
DA:172,1
DA:175,3
DA:177,3
DA:178,1
DA:179,1
DA:182,2
DA:191,2
DA:193,2
DA:194,2
DA:197,41
DA:198,2
DA:199,2
DA:201,2
DA:202,0
DA:203,0
DA:206,2
DA:207,0
DA:208,0
DA:211,2
DA:220,41
DA:221,41
DA:222,41
DA:224,41
DA:225,2
DA:226,2
DA:228,2
DA:229,0
DA:230,0
DA:233,2
DA:234,1
DA:235,1
DA:238,1
DA:239,0
DA:240,0
DA:243,1
DA:251,41
DA:252,41
DA:254,41
DA:255,40
DA:259,40
DA:260,22
DA:262,22
DA:263,0
DA:266,22
DA:267,22
DA:269,22
DA:277,40
DA:283,0
DA:285,0
DA:286,0
DA:288,0
DA:292,0
DA:293,0
DA:295,0
DA:296,0
DA:297,0
DA:302,0
DA:303,0
DA:307,0
DA:312,0
DA:313,0
DA:314,0
DA:316,0
DA:317,0
DA:318,0
DA:321,0
DA:322,0
DA:323,0
DA:326,0
DA:328,0
DA:334,0
DA:342,0
DA:343,0
DA:344,0
DA:346,0
DA:347,0
DA:348,0
DA:351,0
DA:353,0
DA:359,0
DA:367,0
DA:368,0
DA:375,0
DA:377,0
DA:379,0
DA:380,0
DA:381,0
DA:384,0
DA:385,0
DA:386,0
DA:389,0
DA:390,0
DA:391,0
DA:394,0
DA:395,0
DA:396,0
DA:399,0
DA:407,0
DA:408,0
DA:409,0
DA:412,0
DA:413,0
DA:422,0
DA:423,0
DA:425,0
DA:440,0
DA:449,0
DA:467,0
DA:473,0
DA:474,0
DA:476,0
DA:477,0
DA:481,0
DA:482,0
DA:483,0
DA:485,0
DA:486,0
DA:487,0
DA:490,0
DA:491,0
DA:492,0
DA:495,0
DA:504,0
DA:505,0
DA:506,0
DA:508,0
DA:509,0
DA:510,0
DA:511,0
DA:513,0
DA:514,0
DA:515,0
DA:518,0
DA:519,0
DA:520,0
DA:523,0
DA:524,0
DA:525,0
DA:528,0
DA:529,0
DA:531,0
DA:549,0
DA:556,0
DA:557,0
DA:561,0
DA:562,0
DA:564,0
DA:565,0
DA:573,2
DA:574,2
DA:576,0
DA:580,2
LF:214
LH:99
BRDA:12,0,0,9
BRDA:12,0,1,17
BRDA:24,1,0,2
BRDA:24,1,1,0
BRDA:32,2,0,7
BRDA:47,3,0,2
BRDA:47,3,1,0
BRDA:47,4,0,0
BRDA:47,4,1,0
BRDA:55,5,0,2
BRDA:55,5,1,1
BRDA:56,6,0,0
BRDA:56,6,1,2
BRDA:63,7,0,41
BRDA:63,7,1,40
BRDA:67,8,0,1
BRDA:67,8,1,40
BRDA:70,9,0,0
BRDA:72,10,0,25
BRDA:72,10,1,1
BRDA:74,11,0,1
BRDA:74,11,1,24
BRDA:79,12,0,1
BRDA:79,12,1,23
BRDA:104,13,0,0
BRDA:106,14,0,1
BRDA:106,14,1,0
BRDA:108,15,0,0
BRDA:108,15,1,1
BRDA:114,16,0,1
BRDA:114,16,1,0
BRDA:114,16,2,0
BRDA:116,17,0,1
BRDA:116,17,1,0
BRDA:138,18,0,0
BRDA:142,19,0,1
BRDA:147,20,0,6
BRDA:147,20,1,1
BRDA:149,21,0,0
BRDA:149,21,1,6
BRDA:154,22,0,1
BRDA:154,22,1,5
BRDA:159,23,0,5
BRDA:159,23,1,0
BRDA:159,24,0,0
BRDA:159,24,1,0
BRDA:161,25,0,1
BRDA:161,25,1,4
BRDA:162,26,0,5
BRDA:162,26,1,1
BRDA:162,26,2,0
BRDA:162,26,3,1
BRDA:170,27,0,1
BRDA:170,27,1,3
BRDA:170,28,0,4
BRDA:170,28,1,4
BRDA:177,29,0,1
BRDA:177,29,1,2
BRDA:197,30,0,0
BRDA:199,31,0,2
BRDA:199,31,1,0
BRDA:201,32,0,0
BRDA:201,32,1,2
BRDA:206,33,0,0
BRDA:206,33,1,2
BRDA:221,34,0,0
BRDA:222,35,0,0
BRDA:224,36,0,0
BRDA:226,37,0,2
BRDA:226,37,1,1
BRDA:228,38,0,0
BRDA:228,38,1,2
BRDA:233,39,0,1
BRDA:233,39,1,1
BRDA:238,40,0,0
BRDA:238,40,1,1
BRDA:238,41,0,1
BRDA:238,41,1,1
BRDA:256,42,0,0
BRDA:256,42,1,40
BRDA:262,43,0,0
BRDA:262,43,1,22
BRDA:266,44,0,22
BRDA:266,44,1,0
BRDA:266,44,2,0
BRDA:286,45,0,0
BRDA:286,45,1,0
BRDA:289,46,0,0
BRDA:289,46,1,0
BRDA:292,47,0,0
BRDA:292,47,1,0
BRDA:312,48,0,0
BRDA:314,49,0,0
BRDA:314,49,1,0
BRDA:316,50,0,0
BRDA:316,50,1,0
BRDA:321,51,0,0
BRDA:321,51,1,0
BRDA:342,52,0,0
BRDA:344,53,0,0
BRDA:344,53,1,0
BRDA:346,54,0,0
BRDA:346,54,1,0
BRDA:355,55,0,0
BRDA:355,55,1,0
BRDA:361,56,0,0
BRDA:361,56,1,0
BRDA:367,57,0,0
BRDA:372,58,0,0
BRDA:373,59,0,0
BRDA:377,60,0,0
BRDA:377,60,1,0
BRDA:379,61,0,0
BRDA:379,61,1,0
BRDA:384,62,0,0
BRDA:384,62,1,0
BRDA:389,63,0,0
BRDA:389,63,1,0
BRDA:389,64,0,0
BRDA:389,64,1,0
BRDA:394,65,0,0
BRDA:394,65,1,0
BRDA:407,66,0,0
BRDA:407,66,1,0
BRDA:422,67,0,0
BRDA:422,67,1,0
BRDA:422,68,0,0
BRDA:422,68,1,0
BRDA:427,69,0,0
BRDA:427,69,1,0
BRDA:427,69,2,0
BRDA:428,70,0,0
BRDA:428,70,1,0
BRDA:428,70,2,0
BRDA:429,71,0,0
BRDA:429,71,1,0
BRDA:430,72,0,0
BRDA:430,72,1,0
BRDA:430,72,2,0
BRDA:431,73,0,0
BRDA:431,73,1,0
BRDA:481,74,0,0
BRDA:483,75,0,0
BRDA:483,75,1,0
BRDA:485,76,0,0
BRDA:485,76,1,0
BRDA:490,77,0,0
BRDA:490,77,1,0
BRDA:505,78,0,0
BRDA:506,79,0,0
BRDA:508,80,0,0
BRDA:511,81,0,0
BRDA:511,81,1,0
BRDA:513,82,0,0
BRDA:513,82,1,0
BRDA:518,83,0,0
BRDA:518,83,1,0
BRDA:523,84,0,0
BRDA:523,84,1,0
BRDA:523,85,0,0
BRDA:523,85,1,0
BRDA:566,86,0,0
BRDA:566,86,1,0
BRDA:573,87,0,2
BRDA:573,87,1,0
BRF:165
BRH:55
end_of_record
TN:
SF:src/user/user.module.js
FNF:0
FNH:0
LF:0
LH:0
BRF:0
BRH:0
end_of_record
TN:
SF:src/user/application/user.controller.js
FNF:0
FNH:0
LF:0
LH:0
BRF:0
BRH:0
end_of_record
TN:
SF:src/user/application/user.controller.ts
FN:23,(anonymous_4)
FN:26,(anonymous_5)
FN:32,(anonymous_6)
FN:37,(anonymous_7)
FN:44,(anonymous_8)
FN:53,(anonymous_9)
FNF:6
FNH:1
FNDA:1,(anonymous_4)
FNDA:0,(anonymous_5)
FNDA:0,(anonymous_6)
FNDA:0,(anonymous_7)
FNDA:0,(anonymous_8)
FNDA:0,(anonymous_9)
DA:1,2
DA:2,2
DA:22,2
DA:23,1
DA:26,2
DA:27,0
DA:28,0
DA:32,2
DA:33,0
DA:37,2
DA:40,0
DA:44,2
DA:48,0
DA:49,0
DA:53,2
DA:56,0
DA:58,0
DA:59,0
DA:61,0
LF:19
LH:9
BRDA:27,0,0,0
BRDA:27,0,1,0
BRDA:48,1,0,0
BRDA:48,1,1,0
BRDA:56,2,0,0
BRDA:56,2,1,0
BRF:6
BRH:0
end_of_record
TN:
SF:src/user/application/user.service.js
FNF:0
FNH:0
LF:0
LH:0
BRF:0
BRH:0
end_of_record
TN:
SF:src/user/application/user.service.ts
FN:10,(anonymous_2)
FN:12,(anonymous_3)
FN:21,(anonymous_4)
FN:26,(anonymous_5)
FN:31,(anonymous_6)
FN:44,(anonymous_7)
FN:62,(anonymous_8)
FN:66,(anonymous_9)
FN:84,(anonymous_10)
FN:88,(anonymous_11)
FN:106,(anonymous_12)
FN:110,(anonymous_13)
FNF:12
FNH:1
FNDA:1,(anonymous_2)
FNDA:0,(anonymous_3)
FNDA:0,(anonymous_4)
FNDA:0,(anonymous_5)
FNDA:0,(anonymous_6)
FNDA:0,(anonymous_7)
FNDA:0,(anonymous_8)
FNDA:0,(anonymous_9)
FNDA:0,(anonymous_10)
FNDA:0,(anonymous_11)
FNDA:0,(anonymous_12)
FNDA:0,(anonymous_13)
DA:1,2
DA:2,2
DA:9,2
DA:10,1
DA:13,0
DA:14,0
DA:15,0
DA:18,0
DA:22,0
DA:23,0
DA:27,0
DA:28,0
DA:35,0
DA:36,0
DA:37,0
DA:40,0
DA:41,0
DA:45,0
DA:46,0
DA:47,0
DA:51,0
DA:52,0
DA:54,0
DA:55,0
DA:56,0
DA:59,0
DA:63,0
DA:67,0
DA:68,0
DA:69,0
DA:73,0
DA:74,0
DA:76,0
DA:77,0
DA:78,0
DA:81,0
DA:85,0
DA:89,0
DA:107,0
DA:111,0
DA:112,0
LF:41
LH:4
BRDA:14,0,0,0
BRDA:23,1,0,0
BRDA:23,1,1,0
BRDA:28,2,0,0
BRDA:28,2,1,0
BRDA:36,3,0,0
BRDA:46,4,0,0
BRDA:54,5,0,0
BRDA:54,6,0,0
BRDA:54,6,1,0
BRDA:68,7,0,0
BRDA:76,8,0,0
BRDA:100,9,0,0
BRDA:100,9,1,0
BRDA:101,10,0,0
BRDA:101,10,1,0
BRF:16
BRH:0
end_of_record
TN:
SF:src/user/data/user.repository.js
FNF:0
FNH:0
LF:0
LH:0
BRF:0
BRH:0
end_of_record
TN:
SF:src/user/data/user.repository.ts
FN:36,(anonymous_1)
FN:40,(anonymous_2)
FN:46,(anonymous_3)
FN:52,(anonymous_4)
FN:58,(anonymous_5)
FN:74,(anonymous_6)
FN:83,(anonymous_7)
FN:93,(anonymous_8)
FN:103,(anonymous_9)
FN:112,(anonymous_10)
FNF:10
FNH:0
FNDA:0,(anonymous_1)
FNDA:0,(anonymous_2)
FNDA:0,(anonymous_3)
FNDA:0,(anonymous_4)
FNDA:0,(anonymous_5)
FNDA:0,(anonymous_6)
FNDA:0,(anonymous_7)
FNDA:0,(anonymous_8)
FNDA:0,(anonymous_9)
FNDA:0,(anonymous_10)
DA:1,2
DA:2,2
DA:35,2
DA:37,0
DA:41,0
DA:47,0
DA:53,0
DA:59,0
DA:60,0
DA:75,0
DA:84,0
DA:94,0
DA:104,0
DA:113,0
LF:14
LH:3
BRF:0
BRH:0
end_of_record
TN:
SF:src/user/dtos/create-user.dto.js
FNF:0
FNH:0
LF:0
LH:0
BRF:0
BRH:0
end_of_record
TN:
SF:src/utils/example-usage.js
FN:32,testPassword
FNF:1
FNH:0
FNDA:0,testPassword
DA:3,0
DA:4,0
DA:7,0
DA:10,0
DA:18,0
DA:19,0
DA:22,0
DA:23,0
DA:24,0
DA:26,0
DA:30,0
DA:33,0
DA:35,0
DA:37,0
DA:38,0
DA:39,0
DA:42,0
DA:43,0
DA:46,0
DA:47,0
DA:48,0
DA:51,0
DA:56,0
DA:59,0
DA:62,0
DA:63,0
DA:64,0
DA:66,0
DA:70,0
DA:72,0
LF:30
LH:0
BRF:0
BRH:0
end_of_record
