TN:
SF:src/app.module.js
FNF:0
FNH:0
LF:0
LH:0
BRF:0
BRH:0
end_of_record
TN:
SF:src/main.js
FNF:0
FNH:0
LF:0
LH:0
BRF:0
BRH:0
end_of_record
TN:
SF:src/chat-backend/controllers/chat.controller.ts
FN:45,(anonymous_4)
FN:52,(anonymous_5)
FN:82,(anonymous_6)
FN:107,(anonymous_7)
FN:128,(anonymous_8)
FN:159,(anonymous_9)
FN:194,(anonymous_10)
FN:221,(anonymous_11)
FN:243,(anonymous_12)
FN:274,(anonymous_13)
FN:303,(anonymous_14)
FN:337,(anonymous_15)
FN:355,(anonymous_16)
FNF:13
FNH:0
FNDA:0,(anonymous_4)
FNDA:0,(anonymous_5)
FNDA:0,(anonymous_6)
FNDA:0,(anonymous_7)
FNDA:0,(anonymous_8)
FNDA:0,(anonymous_9)
FNDA:0,(anonymous_10)
FNDA:0,(anonymous_11)
FNDA:0,(anonymous_12)
FNDA:0,(anonymous_13)
FNDA:0,(anonymous_14)
FNDA:0,(anonymous_15)
FNDA:0,(anonymous_16)
DA:1,0
DA:14,0
DA:44,0
DA:45,0
DA:52,0
DA:56,0
DA:58,0
DA:59,0
DA:63,0
DA:64,0
DA:67,0
DA:68,0
DA:71,0
DA:82,0
DA:88,0
DA:90,0
DA:91,0
DA:95,0
DA:96,0
DA:99,0
DA:107,0
DA:112,0
DA:114,0
DA:115,0
DA:117,0
DA:128,0
DA:133,0
DA:135,0
DA:136,0
DA:140,0
DA:144,0
DA:147,0
DA:159,0
DA:168,0
DA:170,0
DA:171,0
DA:175,0
DA:176,0
DA:179,0
DA:186,0
DA:194,0
DA:199,0
DA:201,0
DA:202,0
DA:205,0
DA:206,0
DA:209,0
DA:221,0
DA:225,0
DA:227,0
DA:228,0
DA:230,0
DA:232,0
DA:243,0
DA:247,0
DA:249,0
DA:250,0
DA:255,0
DA:256,0
DA:259,0
DA:260,0
DA:263,0
DA:274,0
DA:279,0
DA:281,0
DA:282,0
DA:287,0
DA:288,0
DA:291,0
DA:303,0
DA:310,0
DA:312,0
DA:313,0
DA:316,0
DA:317,0
DA:320,0
DA:321,0
DA:324,0
DA:337,0
DA:342,0
DA:344,0
DA:345,0
DA:347,0
DA:355,0
DA:356,0
LF:85
LH:0
BRDA:58,0,0,0
BRDA:63,1,0,0
BRDA:63,2,0,0
BRDA:63,2,1,0
BRDA:67,3,0,0
BRDA:90,4,0,0
BRDA:95,5,0,0
BRDA:114,6,0,0
BRDA:135,7,0,0
BRDA:140,8,0,0
BRDA:141,9,0,0
BRDA:141,9,1,0
BRDA:141,9,2,0
BRDA:170,10,0,0
BRDA:175,11,0,0
BRDA:182,12,0,0
BRDA:182,12,1,0
BRDA:183,13,0,0
BRDA:183,13,1,0
BRDA:201,14,0,0
BRDA:205,15,0,0
BRDA:205,16,0,0
BRDA:205,16,1,0
BRDA:227,17,0,0
BRDA:249,18,0,0
BRDA:255,19,0,0
BRDA:259,20,0,0
BRDA:281,21,0,0
BRDA:287,22,0,0
BRDA:312,23,0,0
BRDA:316,24,0,0
BRDA:320,25,0,0
BRDA:344,26,0,0
BRF:33
BRH:0
end_of_record
TN:
SF:src/chat-backend/repositories/chat.repository.ts
FN:32,(anonymous_1)
FN:39,(anonymous_2)
FN:45,(anonymous_3)
FN:57,(anonymous_4)
FN:100,(anonymous_5)
FN:180,(anonymous_6)
FN:187,(anonymous_7)
FN:224,(anonymous_8)
FN:259,(anonymous_9)
FN:336,(anonymous_10)
FN:362,(anonymous_11)
FN:364,(anonymous_12)
FN:369,(anonymous_13)
FN:383,(anonymous_14)
FN:390,(anonymous_15)
FN:415,(anonymous_16)
FN:420,(anonymous_17)
FN:472,(anonymous_18)
FNF:18
FNH:0
FNDA:0,(anonymous_1)
FNDA:0,(anonymous_2)
FNDA:0,(anonymous_3)
FNDA:0,(anonymous_4)
FNDA:0,(anonymous_5)
FNDA:0,(anonymous_6)
FNDA:0,(anonymous_7)
FNDA:0,(anonymous_8)
FNDA:0,(anonymous_9)
FNDA:0,(anonymous_10)
FNDA:0,(anonymous_11)
FNDA:0,(anonymous_12)
FNDA:0,(anonymous_13)
FNDA:0,(anonymous_14)
FNDA:0,(anonymous_15)
FNDA:0,(anonymous_16)
FNDA:0,(anonymous_17)
FNDA:0,(anonymous_18)
DA:1,0
DA:2,0
DA:30,0
DA:33,0
DA:40,0
DA:43,0
DA:45,0
DA:47,0
DA:57,0
DA:64,0
DA:69,0
DA:105,0
DA:113,0
DA:114,0
DA:117,0
DA:160,0
DA:161,0
DA:164,0
DA:170,0
DA:185,0
DA:187,0
DA:189,0
DA:196,0
DA:197,0
DA:201,0
DA:222,0
DA:223,0
DA:224,0
DA:232,0
DA:238,0
DA:264,0
DA:267,0
DA:274,0
DA:275,0
DA:278,0
DA:280,0
DA:281,0
DA:284,0
DA:285,0
DA:288,0
DA:289,0
DA:292,0
DA:320,0
DA:321,0
DA:322,0
DA:326,0
DA:342,0
DA:349,0
DA:350,0
DA:354,0
DA:362,0
DA:363,0
DA:364,0
DA:367,0
DA:368,0
DA:369,0
DA:377,0
DA:385,0
DA:390,0
DA:392,0
DA:393,0
DA:397,0
DA:409,0
DA:420,0
DA:422,0
DA:430,0
DA:431,0
DA:435,0
DA:442,0
DA:443,0
DA:447,0
DA:474,0
DA:505,0
DA:506,0
DA:510,0
LF:75
LH:0
BRDA:60,0,0,0
BRDA:60,0,1,0
BRDA:102,1,0,0
BRDA:113,2,0,0
BRDA:161,3,0,0
BRDA:161,3,1,0
BRDA:164,4,0,0
BRDA:164,4,1,0
BRDA:185,5,0,0
BRDA:185,6,0,0
BRDA:196,7,0,0
BRDA:222,8,0,0
BRDA:262,9,0,0
BRDA:264,10,0,0
BRDA:274,11,0,0
BRDA:280,12,0,0
BRDA:284,13,0,0
BRDA:288,14,0,0
BRDA:321,15,0,0
BRDA:321,15,1,0
BRDA:322,16,0,0
BRDA:322,16,1,0
BRDA:349,17,0,0
BRDA:367,18,0,0
BRDA:392,19,0,0
BRDA:430,20,0,0
BRDA:442,21,0,0
BRDA:505,22,0,0
BRF:28
BRH:0
end_of_record
TN:
SF:src/chat-backend/services/chat.service.new.ts
FN:15,getErrorMessage
FN:47,(anonymous_3)
FN:52,(anonymous_4)
FN:106,(anonymous_5)
FN:119,(anonymous_6)
FN:122,(anonymous_7)
FN:128,(anonymous_8)
FN:152,(anonymous_9)
FN:202,(anonymous_10)
FN:236,(anonymous_11)
FN:273,(anonymous_12)
FN:286,(anonymous_13)
FN:314,(anonymous_14)
FN:348,(anonymous_15)
FN:357,(anonymous_16)
FN:380,(anonymous_17)
FN:408,(anonymous_18)
FNF:17
FNH:0
FNDA:0,getErrorMessage
FNDA:0,(anonymous_3)
FNDA:0,(anonymous_4)
FNDA:0,(anonymous_5)
FNDA:0,(anonymous_6)
FNDA:0,(anonymous_7)
FNDA:0,(anonymous_8)
FNDA:0,(anonymous_9)
FNDA:0,(anonymous_10)
FNDA:0,(anonymous_11)
FNDA:0,(anonymous_12)
FNDA:0,(anonymous_13)
FNDA:0,(anonymous_14)
FNDA:0,(anonymous_15)
FNDA:0,(anonymous_16)
FNDA:0,(anonymous_17)
FNDA:0,(anonymous_18)
DA:1,0
DA:7,0
DA:16,0
DA:46,0
DA:47,0
DA:53,0
DA:55,0
DA:56,0
DA:61,0
DA:62,0
DA:67,0
DA:68,0
DA:72,0
DA:74,0
DA:78,0
DA:86,0
DA:91,0
DA:97,0
DA:111,0
DA:112,0
DA:119,0
DA:120,0
DA:121,0
DA:122,0
DA:125,0
DA:128,0
DA:134,0
DA:143,0
DA:157,0
DA:159,0
DA:163,0
DA:169,0
DA:170,0
DA:171,0
DA:172,0
DA:177,0
DA:183,0
DA:189,0
DA:190,0
DA:191,0
DA:195,0
DA:207,0
DA:208,0
DA:214,0
DA:223,0
DA:224,0
DA:225,0
DA:229,0
DA:241,0
DA:242,0
DA:243,0
DA:246,0
DA:252,0
DA:258,0
DA:259,0
DA:260,0
DA:264,0
DA:274,0
DA:275,0
DA:277,0
DA:287,0
DA:288,0
DA:289,0
DA:294,0
DA:299,0
DA:305,0
DA:319,0
DA:320,0
DA:326,0
DA:332,0
DA:333,0
DA:334,0
DA:336,0
DA:337,0
DA:339,0
DA:349,0
DA:352,0
DA:356,0
DA:357,0
DA:360,0
DA:361,0
DA:366,0
DA:371,0
DA:386,0
DA:389,0
DA:399,0
DA:409,0
DA:411,0
DA:422,0
LF:89
LH:0
BRDA:16,0,0,0
BRDA:16,0,1,0
BRDA:55,1,0,0
BRDA:55,2,0,0
BRDA:55,2,1,0
BRDA:61,3,0,0
BRDA:61,4,0,0
BRDA:61,4,1,0
BRDA:67,5,0,0
BRDA:67,6,0,0
BRDA:67,6,1,0
BRDA:72,7,0,0
BRDA:108,8,0,0
BRDA:120,9,0,0
BRDA:120,9,1,0
BRDA:159,10,0,0
BRDA:160,11,0,0
BRDA:160,11,1,0
BRDA:160,11,2,0
BRDA:169,12,0,0
BRDA:171,13,0,0
BRDA:171,14,0,0
BRDA:171,14,1,0
BRDA:171,14,2,0
BRDA:190,15,0,0
BRDA:205,16,0,0
BRDA:224,17,0,0
BRDA:242,18,0,0
BRDA:242,19,0,0
BRDA:242,19,1,0
BRDA:259,20,0,0
BRDA:288,21,0,0
BRDA:333,22,0,0
BRDA:336,23,0,0
BRDA:360,24,0,0
BRDA:384,25,0,0
BRF:36
BRH:0
end_of_record
TN:
SF:src/chat-backend/services/chat.service.ts
FN:15,getErrorMessage
FN:47,(anonymous_3)
FN:52,(anonymous_4)
FN:106,(anonymous_5)
FN:119,(anonymous_6)
FN:122,(anonymous_7)
FN:128,(anonymous_8)
FN:152,(anonymous_9)
FN:202,(anonymous_10)
FN:236,(anonymous_11)
FN:273,(anonymous_12)
FN:286,(anonymous_13)
FN:314,(anonymous_14)
FN:348,(anonymous_15)
FN:357,(anonymous_16)
FN:380,(anonymous_17)
FN:408,(anonymous_18)
FNF:17
FNH:0
FNDA:0,getErrorMessage
FNDA:0,(anonymous_3)
FNDA:0,(anonymous_4)
FNDA:0,(anonymous_5)
FNDA:0,(anonymous_6)
FNDA:0,(anonymous_7)
FNDA:0,(anonymous_8)
FNDA:0,(anonymous_9)
FNDA:0,(anonymous_10)
FNDA:0,(anonymous_11)
FNDA:0,(anonymous_12)
FNDA:0,(anonymous_13)
FNDA:0,(anonymous_14)
FNDA:0,(anonymous_15)
FNDA:0,(anonymous_16)
FNDA:0,(anonymous_17)
FNDA:0,(anonymous_18)
DA:1,0
DA:7,0
DA:16,0
DA:46,0
DA:47,0
DA:53,0
DA:55,0
DA:56,0
DA:61,0
DA:62,0
DA:67,0
DA:68,0
DA:72,0
DA:74,0
DA:78,0
DA:86,0
DA:91,0
DA:97,0
DA:111,0
DA:112,0
DA:119,0
DA:120,0
DA:121,0
DA:122,0
DA:125,0
DA:128,0
DA:134,0
DA:143,0
DA:157,0
DA:159,0
DA:163,0
DA:169,0
DA:170,0
DA:171,0
DA:172,0
DA:177,0
DA:183,0
DA:189,0
DA:190,0
DA:191,0
DA:195,0
DA:207,0
DA:208,0
DA:214,0
DA:223,0
DA:224,0
DA:225,0
DA:229,0
DA:241,0
DA:242,0
DA:243,0
DA:246,0
DA:252,0
DA:258,0
DA:259,0
DA:260,0
DA:264,0
DA:274,0
DA:275,0
DA:277,0
DA:287,0
DA:288,0
DA:289,0
DA:294,0
DA:299,0
DA:305,0
DA:319,0
DA:320,0
DA:326,0
DA:332,0
DA:333,0
DA:334,0
DA:336,0
DA:337,0
DA:339,0
DA:349,0
DA:352,0
DA:356,0
DA:357,0
DA:360,0
DA:361,0
DA:366,0
DA:371,0
DA:386,0
DA:389,0
DA:399,0
DA:409,0
DA:411,0
DA:422,0
LF:89
LH:0
BRDA:16,0,0,0
BRDA:16,0,1,0
BRDA:55,1,0,0
BRDA:55,2,0,0
BRDA:55,2,1,0
BRDA:61,3,0,0
BRDA:61,4,0,0
BRDA:61,4,1,0
BRDA:67,5,0,0
BRDA:67,6,0,0
BRDA:67,6,1,0
BRDA:72,7,0,0
BRDA:108,8,0,0
BRDA:120,9,0,0
BRDA:120,9,1,0
BRDA:159,10,0,0
BRDA:160,11,0,0
BRDA:160,11,1,0
BRDA:160,11,2,0
BRDA:169,12,0,0
BRDA:171,13,0,0
BRDA:171,14,0,0
BRDA:171,14,1,0
BRDA:171,14,2,0
BRDA:190,15,0,0
BRDA:205,16,0,0
BRDA:224,17,0,0
BRDA:242,18,0,0
BRDA:242,19,0,0
BRDA:242,19,1,0
BRDA:259,20,0,0
BRDA:288,21,0,0
BRDA:333,22,0,0
BRDA:336,23,0,0
BRDA:360,24,0,0
BRDA:384,25,0,0
BRF:36
BRH:0
end_of_record
TN:
SF:src/common/controllers/health.controller.ts
FN:6,(anonymous_2)
FN:9,(anonymous_3)
FN:35,(anonymous_4)
FNF:3
FNH:0
FNDA:0,(anonymous_2)
FNDA:0,(anonymous_3)
FNDA:0,(anonymous_4)
DA:1,0
DA:2,0
DA:5,0
DA:6,0
DA:9,0
DA:11,0
DA:13,0
DA:15,0
DA:35,0
DA:36,0
DA:38,0
LF:11
LH:0
BRDA:21,0,0,0
BRDA:21,0,1,0
BRDA:21,1,0,0
BRDA:21,1,1,0
BRDA:23,2,0,0
BRDA:23,2,1,0
BRDA:41,3,0,0
BRDA:41,3,1,0
BRF:8
BRH:0
end_of_record
TN:
SF:src/common/services/database-health.service.ts
FN:12,(anonymous_2)
FN:14,(anonymous_3)
FN:81,(anonymous_4)
FNF:3
FNH:0
FNDA:0,(anonymous_2)
FNDA:0,(anonymous_3)
FNDA:0,(anonymous_4)
DA:1,0
DA:2,0
DA:3,0
DA:9,0
DA:10,0
DA:12,0
DA:19,0
DA:20,0
DA:23,0
DA:24,0
DA:40,0
DA:43,0
DA:44,0
DA:45,0
DA:46,0
DA:53,0
DA:54,0
DA:64,0
DA:66,0
DA:86,0
DA:87,0
DA:89,0
DA:90,0
DA:93,0
DA:94,0
DA:95,0
DA:101,0
DA:106,0
DA:110,0
DA:111,0
DA:112,0
DA:118,0
DA:123,0
DA:127,0
DA:128,0
DA:129,0
DA:135,0
DA:140,0
DA:145,0
DA:149,0
DA:155,0
DA:159,0
LF:42
LH:0
BRDA:23,0,0,0
BRDA:30,1,0,0
BRDA:30,1,1,0
BRDA:31,2,0,0
BRDA:31,2,1,0
BRDA:32,3,0,0
BRDA:32,3,1,0
BRDA:45,4,0,0
BRDA:60,5,0,0
BRDA:60,5,1,0
BRDA:64,6,0,0
BRDA:64,6,1,0
BRDA:68,7,0,0
BRDA:68,7,1,0
BRDA:70,8,0,0
BRDA:70,8,1,0
BRDA:72,9,0,0
BRDA:72,9,1,0
BRDA:73,10,0,0
BRDA:73,10,1,0
BRDA:104,11,0,0
BRDA:104,11,1,0
BRDA:106,12,0,0
BRDA:106,12,1,0
BRDA:121,13,0,0
BRDA:121,13,1,0
BRDA:123,14,0,0
BRDA:123,14,1,0
BRDA:138,15,0,0
BRDA:138,15,1,0
BRDA:141,16,0,0
BRDA:141,16,1,0
BRDA:157,17,0,0
BRDA:157,17,1,0
BRDA:162,18,0,0
BRDA:162,18,1,0
BRF:36
BRH:0
end_of_record
TN:
SF:src/common/services/mobile-optimization.service.ts
FN:40,(anonymous_3)
FN:45,(anonymous_4)
FN:146,(anonymous_5)
FN:167,(anonymous_6)
FN:170,(anonymous_7)
FN:180,(anonymous_8)
FN:189,(anonymous_9)
FN:204,(anonymous_10)
FN:219,(anonymous_11)
FN:223,(anonymous_12)
FN:234,(anonymous_13)
FN:237,(anonymous_14)
FN:240,(anonymous_15)
FN:253,(anonymous_16)
FN:260,(anonymous_17)
FN:270,(anonymous_18)
FN:285,(anonymous_19)
FN:303,(anonymous_20)
FN:311,(anonymous_21)
FN:329,(anonymous_22)
FN:331,(anonymous_23)
FN:338,(anonymous_24)
FN:340,(anonymous_25)
FN:342,(anonymous_26)
FN:346,(anonymous_27)
FN:347,(anonymous_28)
FN:355,(anonymous_29)
FN:369,(anonymous_30)
FN:402,(anonymous_31)
FN:419,(anonymous_32)
FN:420,(anonymous_33)
FN:465,(anonymous_34)
FN:498,(anonymous_35)
FN:510,(anonymous_36)
FN:516,(anonymous_37)
FN:522,(anonymous_38)
FN:524,(anonymous_39)
FN:565,(anonymous_40)
FN:570,(anonymous_41)
FNF:39
FNH:0
FNDA:0,(anonymous_3)
FNDA:0,(anonymous_4)
FNDA:0,(anonymous_5)
FNDA:0,(anonymous_6)
FNDA:0,(anonymous_7)
FNDA:0,(anonymous_8)
FNDA:0,(anonymous_9)
FNDA:0,(anonymous_10)
FNDA:0,(anonymous_11)
FNDA:0,(anonymous_12)
FNDA:0,(anonymous_13)
FNDA:0,(anonymous_14)
FNDA:0,(anonymous_15)
FNDA:0,(anonymous_16)
FNDA:0,(anonymous_17)
FNDA:0,(anonymous_18)
FNDA:0,(anonymous_19)
FNDA:0,(anonymous_20)
FNDA:0,(anonymous_21)
FNDA:0,(anonymous_22)
FNDA:0,(anonymous_23)
FNDA:0,(anonymous_24)
FNDA:0,(anonymous_25)
FNDA:0,(anonymous_26)
FNDA:0,(anonymous_27)
FNDA:0,(anonymous_28)
FNDA:0,(anonymous_29)
FNDA:0,(anonymous_30)
FNDA:0,(anonymous_31)
FNDA:0,(anonymous_32)
FNDA:0,(anonymous_33)
FNDA:0,(anonymous_34)
FNDA:0,(anonymous_35)
FNDA:0,(anonymous_36)
FNDA:0,(anonymous_37)
FNDA:0,(anonymous_38)
FNDA:0,(anonymous_39)
FNDA:0,(anonymous_40)
FNDA:0,(anonymous_41)
DA:1,0
DA:2,0
DA:3,0
DA:37,0
DA:38,0
DA:40,0
DA:49,0
DA:50,0
DA:53,0
DA:77,0
DA:79,0
DA:81,0
DA:91,0
DA:100,0
DA:101,0
DA:114,0
DA:115,0
DA:116,0
DA:119,0
DA:124,0
DA:129,0
DA:138,0
DA:139,0
DA:159,0
DA:161,0
DA:163,0
DA:164,0
DA:167,0
DA:169,0
DA:170,0
DA:172,0
DA:175,0
DA:176,0
DA:179,0
DA:180,0
DA:181,0
DA:186,0
DA:194,0
DA:201,0
DA:202,0
DA:205,0
DA:220,0
DA:224,0
DA:234,0
DA:237,0
DA:240,0
DA:259,0
DA:260,0
DA:271,0
DA:291,0
DA:295,0
DA:304,0
DA:305,0
DA:312,0
DA:313,0
DA:314,0
DA:315,0
DA:316,0
DA:318,0
DA:319,0
DA:320,0
DA:321,0
DA:322,0
DA:323,0
DA:330,0
DA:331,0
DA:332,0
DA:340,0
DA:341,0
DA:342,0
DA:345,0
DA:346,0
DA:347,0
DA:356,0
DA:357,0
DA:359,0
DA:383,0
DA:384,0
DA:385,0
DA:387,0
DA:412,0
DA:413,0
DA:415,0
DA:417,0
DA:420,0
DA:424,0
DA:427,0
DA:430,0
DA:431,0
DA:432,0
DA:436,0
DA:437,0
DA:438,0
DA:442,0
DA:444,0
DA:445,0
DA:446,0
DA:449,0
DA:457,0
DA:458,0
DA:469,0
DA:471,0
DA:490,0
DA:492,0
DA:507,0
DA:512,0
DA:513,0
DA:517,0
DA:518,0
DA:519,0
DA:523,0
DA:524,0
DA:525,0
DA:528,0
DA:529,0
DA:532,0
DA:535,0
DA:536,0
DA:538,0
DA:540,0
DA:544,0
DA:548,0
DA:549,0
DA:553,0
DA:556,0
DA:559,0
DA:562,0
DA:566,0
DA:567,0
DA:571,0
DA:581,0
LF:131
LH:0
BRDA:100,0,0,0
BRDA:149,1,0,0
BRDA:156,2,0,0
BRDA:157,3,0,0
BRDA:158,4,0,0
BRDA:169,5,0,0
BRDA:179,6,0,0
BRDA:201,7,0,0
BRDA:201,7,1,0
BRDA:208,8,0,0
BRDA:208,8,1,0
BRDA:229,9,0,0
BRDA:229,9,1,0
BRDA:229,10,0,0
BRDA:229,10,1,0
BRDA:234,11,0,0
BRDA:234,11,1,0
BRDA:237,12,0,0
BRDA:237,12,1,0
BRDA:240,13,0,0
BRDA:240,13,1,0
BRDA:242,14,0,0
BRDA:242,14,1,0
BRDA:244,15,0,0
BRDA:244,15,1,0
BRDA:274,16,0,0
BRDA:274,16,1,0
BRDA:278,17,0,0
BRDA:278,17,1,0
BRDA:291,18,0,0
BRDA:291,18,1,0
BRDA:295,19,0,0
BRDA:295,19,1,0
BRDA:304,20,0,0
BRDA:318,21,0,0
BRDA:319,22,0,0
BRDA:320,23,0,0
BRDA:321,24,0,0
BRDA:322,25,0,0
BRDA:330,26,0,0
BRDA:340,27,0,0
BRDA:340,27,1,0
BRDA:357,28,0,0
BRDA:357,28,1,0
BRDA:371,29,0,0
BRDA:372,30,0,0
BRDA:430,31,0,0
BRDA:437,32,0,0
BRDA:445,33,0,0
BRDA:451,34,0,0
BRDA:451,34,1,0
BRDA:467,35,0,0
BRDA:469,36,0,0
BRDA:517,37,0,0
BRDA:519,38,0,0
BRDA:519,38,1,0
BRDA:523,39,0,0
BRDA:528,40,0,0
BRDA:528,41,0,0
BRDA:528,41,1,0
BRDA:535,42,0,0
BRDA:535,43,0,0
BRDA:535,43,1,0
BRDA:540,44,0,0
BRDA:541,45,0,0
BRDA:541,45,1,0
BRDA:541,45,2,0
BRDA:548,46,0,0
BRDA:548,47,0,0
BRDA:548,47,1,0
BRDA:553,48,0,0
BRDA:553,48,1,0
BRDA:581,49,0,0
BRDA:581,49,1,0
BRF:74
BRH:0
end_of_record
TN:
SF:src/config/database.examples.ts
FN:17,getUserExample
FN:33,createUserWithProfileExample
FN:34,(anonymous_2)
FN:61,getOrCreateDirectConversation
FN:93,(anonymous_4)
FN:123,sendMessage
FN:128,(anonymous_6)
FN:167,initializeApplication
FN:187,shutdownApplication
FN:204,healthCheckEndpoint
FN:229,getUserFeedExample
FNF:11
FNH:0
FNDA:0,getUserExample
FNDA:0,createUserWithProfileExample
FNDA:0,(anonymous_2)
FNDA:0,getOrCreateDirectConversation
FNDA:0,(anonymous_4)
FNDA:0,sendMessage
FNDA:0,(anonymous_6)
FNDA:0,initializeApplication
FNDA:0,shutdownApplication
FNDA:0,healthCheckEndpoint
FNDA:0,getUserFeedExample
DA:7,0
DA:17,0
DA:19,0
DA:27,0
DA:33,0
DA:34,0
DA:36,0
DA:46,0
DA:54,0
DA:61,0
DA:66,0
DA:92,0
DA:93,0
DA:94,0
DA:113,0
DA:117,0
DA:123,0
DA:128,0
DA:130,0
DA:151,0
DA:160,0
DA:167,0
DA:168,0
DA:170,0
DA:171,0
DA:177,0
DA:179,0
DA:180,0
DA:187,0
DA:188,0
DA:190,0
DA:193,0
DA:194,0
DA:196,0
DA:197,0
DA:204,0
DA:205,0
DA:206,0
DA:207,0
DA:208,0
DA:210,0
DA:217,0
DA:229,0
DA:230,0
LF:44
LH:0
BRDA:92,0,0,0
BRDA:220,1,0,0
BRDA:220,1,1,0
BRDA:229,2,0,0
BRF:4
BRH:0
end_of_record
TN:
SF:src/config/database.js
FN:11,createPrismaClient
FN:39,(anonymous_1)
FN:46,(anonymous_2)
FN:50,(anonymous_3)
FN:54,(anonymous_4)
FN:66,getPrismaClient
FN:87,connectDatabase
FN:109,disconnectDatabase
FN:125,checkDatabaseHealth
FN:151,executeTransaction
FN:160,getDatabaseMetrics
FN:189,(anonymous_11)
FN:195,(anonymous_12)
FN:202,(anonymous_13)
FN:208,(anonymous_14)
FNF:15
FNH:0
FNDA:0,createPrismaClient
FNDA:0,(anonymous_1)
FNDA:0,(anonymous_2)
FNDA:0,(anonymous_3)
FNDA:0,(anonymous_4)
FNDA:0,getPrismaClient
FNDA:0,connectDatabase
FNDA:0,disconnectDatabase
FNDA:0,checkDatabaseHealth
FNDA:0,executeTransaction
FNDA:0,getDatabaseMetrics
FNDA:0,(anonymous_11)
FNDA:0,(anonymous_12)
FNDA:0,(anonymous_13)
FNDA:0,(anonymous_14)
DA:1,0
DA:13,0
DA:14,0
DA:17,0
DA:27,0
DA:38,0
DA:39,0
DA:40,0
DA:41,0
DA:42,0
DA:43,0
DA:46,0
DA:47,0
DA:50,0
DA:51,0
DA:54,0
DA:55,0
DA:59,0
DA:67,0
DA:70,0
DA:71,0
DA:73,0
DA:76,0
DA:77,0
DA:79,0
DA:88,0
DA:90,0
DA:91,0
DA:92,0
DA:95,0
DA:96,0
DA:98,0
DA:100,0
DA:101,0
DA:110,0
DA:112,0
DA:113,0
DA:114,0
DA:116,0
DA:117,0
DA:126,0
DA:128,0
DA:129,0
DA:130,0
DA:131,0
DA:133,0
DA:139,0
DA:152,0
DA:153,0
DA:161,0
DA:163,0
DA:172,0
DA:189,0
DA:190,0
DA:191,0
DA:192,0
DA:195,0
DA:196,0
DA:197,0
DA:198,0
DA:202,0
DA:203,0
DA:204,0
DA:205,0
DA:208,0
DA:209,0
DA:210,0
DA:211,0
LF:68
LH:0
BRDA:17,0,0,0
BRDA:17,0,1,0
BRDA:34,1,0,0
BRDA:34,1,1,0
BRDA:38,2,0,0
BRDA:38,2,1,0
BRDA:67,3,0,0
BRDA:67,3,1,0
BRDA:70,4,0,0
BRDA:70,4,1,0
BRDA:76,5,0,0
BRDA:76,5,1,0
BRDA:165,6,0,0
BRDA:165,6,1,0
BRDA:166,7,0,0
BRDA:166,7,1,0
BRDA:167,8,0,0
BRDA:167,8,1,0
BRF:18
BRH:0
end_of_record
TN:
SF:src/config/database.ts
FN:15,loadMockPrisma
FN:30,tryLoadRealPrisma
FN:122,createPrismaClient
FN:149,(anonymous_3)
FN:156,(anonymous_4)
FN:160,(anonymous_5)
FN:164,(anonymous_6)
FN:176,getPrismaClient
FN:200,connectDatabase
FN:231,disconnectDatabase
FN:253,checkDatabaseHealth
FN:287,executeTransaction
FN:303,getDatabaseMetrics
FN:330,(anonymous_13)
FN:339,(anonymous_14)
FN:345,(anonymous_15)
FN:352,(anonymous_16)
FN:358,(anonymous_17)
FNF:18
FNH:0
FNDA:0,loadMockPrisma
FNDA:0,tryLoadRealPrisma
FNDA:0,createPrismaClient
FNDA:0,(anonymous_3)
FNDA:0,(anonymous_4)
FNDA:0,(anonymous_5)
FNDA:0,(anonymous_6)
FNDA:0,getPrismaClient
FNDA:0,connectDatabase
FNDA:0,disconnectDatabase
FNDA:0,checkDatabaseHealth
FNDA:0,executeTransaction
FNDA:0,getDatabaseMetrics
FNDA:0,(anonymous_13)
FNDA:0,(anonymous_14)
FNDA:0,(anonymous_15)
FNDA:0,(anonymous_16)
FNDA:0,(anonymous_17)
DA:4,0
DA:8,0
DA:9,0
DA:16,0
DA:17,0
DA:18,0
DA:19,0
DA:21,0
DA:22,0
DA:26,0
DA:31,0
DA:32,0
DA:33,0
DA:34,0
DA:35,0
DA:36,0
DA:38,0
DA:39,0
DA:43,0
DA:44,0
DA:46,0
DA:48,0
DA:49,0
DA:54,0
DA:55,0
DA:60,0
DA:62,0
DA:63,0
DA:65,0
DA:66,0
DA:70,0
DA:74,0
DA:123,0
DA:125,0
DA:126,0
DA:129,0
DA:138,0
DA:148,0
DA:149,0
DA:150,0
DA:151,0
DA:152,0
DA:153,0
DA:156,0
DA:157,0
DA:160,0
DA:161,0
DA:164,0
DA:165,0
DA:169,0
DA:177,0
DA:180,0
DA:184,0
DA:185,0
DA:187,0
DA:189,0
DA:190,0
DA:192,0
DA:200,0
DA:201,0
DA:203,0
DA:204,0
DA:205,0
DA:206,0
DA:208,0
DA:211,0
DA:214,0
DA:215,0
DA:217,0
DA:218,0
DA:220,0
DA:222,0
DA:223,0
DA:231,0
DA:232,0
DA:234,0
DA:235,0
DA:236,0
DA:238,0
DA:239,0
DA:241,0
DA:244,0
DA:245,0
DA:253,0
DA:254,0
DA:256,0
DA:257,0
DA:258,0
DA:265,0
DA:266,0
DA:267,0
DA:269,0
DA:275,0
DA:287,0
DA:295,0
DA:296,0
DA:303,0
DA:304,0
DA:306,0
DA:307,0
DA:315,0
DA:316,0
DA:317,0
DA:319,0
DA:328,0
DA:329,0
DA:330,0
DA:333,0
DA:336,0
DA:339,0
DA:340,0
DA:341,0
DA:342,0
DA:345,0
DA:346,0
DA:347,0
DA:348,0
DA:352,0
DA:353,0
DA:354,0
DA:355,0
DA:358,0
DA:359,0
DA:360,0
DA:361,0
LF:125
LH:0
BRDA:4,0,0,0
BRDA:4,0,1,0
BRDA:21,1,0,0
BRDA:21,1,1,0
BRDA:43,2,0,0
BRDA:43,2,1,0
BRDA:48,3,0,0
BRDA:48,4,0,0
BRDA:48,4,1,0
BRDA:54,5,0,0
BRDA:54,6,0,0
BRDA:54,6,1,0
BRDA:60,7,0,0
BRDA:60,7,1,0
BRDA:62,8,0,0
BRDA:62,8,1,0
BRDA:65,9,0,0
BRDA:70,10,0,0
BRDA:70,10,1,0
BRDA:71,11,0,0
BRDA:71,11,1,0
BRDA:72,12,0,0
BRDA:72,12,1,0
BRDA:125,13,0,0
BRDA:129,14,0,0
BRDA:129,14,1,0
BRDA:145,15,0,0
BRDA:145,15,1,0
BRDA:148,16,0,0
BRDA:148,17,0,0
BRDA:148,17,1,0
BRDA:177,18,0,0
BRDA:177,18,1,0
BRDA:184,19,0,0
BRDA:189,20,0,0
BRDA:204,21,0,0
BRDA:205,22,0,0
BRDA:235,23,0,0
BRDA:238,24,0,0
BRDA:238,24,1,0
BRDA:257,25,0,0
BRDA:277,26,0,0
BRDA:277,26,1,0
BRDA:306,27,0,0
BRDA:320,28,0,0
BRDA:320,28,1,0
BRDA:321,29,0,0
BRDA:321,29,1,0
BRDA:322,30,0,0
BRDA:322,30,1,0
BRDA:323,31,0,0
BRDA:323,31,1,0
BRF:52
BRH:0
end_of_record
TN:
SF:src/infra/config/database.config.ts
FN:20,(anonymous_1)
FN:42,(anonymous_2)
FN:53,(anonymous_3)
FN:57,(anonymous_4)
FNF:4
FNH:0
FNDA:0,(anonymous_1)
FNDA:0,(anonymous_2)
FNDA:0,(anonymous_3)
FNDA:0,(anonymous_4)
DA:1,0
DA:19,0
DA:21,0
DA:23,0
DA:43,0
DA:44,0
DA:45,0
DA:46,0
DA:47,0
DA:48,0
DA:49,0
DA:50,0
DA:54,0
DA:58,0
LF:14
LH:0
BRDA:24,0,0,0
BRDA:24,0,1,0
BRDA:25,1,0,0
BRDA:25,1,1,0
BRDA:26,2,0,0
BRDA:26,2,1,0
BRDA:27,3,0,0
BRDA:27,3,1,0
BRDA:28,4,0,0
BRDA:28,4,1,0
BRDA:29,5,0,0
BRDA:29,5,1,0
BRDA:30,6,0,0
BRDA:30,6,1,0
BRDA:32,7,0,0
BRDA:32,7,1,0
BRDA:34,8,0,0
BRDA:34,8,1,0
BRDA:37,9,0,0
BRDA:37,9,1,0
BRDA:38,10,0,0
BRDA:38,10,1,0
BRDA:43,11,0,0
BRDA:43,11,1,0
BRDA:44,12,0,0
BRDA:44,12,1,0
BRDA:45,13,0,0
BRDA:45,13,1,0
BRDA:46,14,0,0
BRDA:46,14,1,0
BRDA:47,15,0,0
BRDA:47,15,1,0
BRDA:49,16,0,0
BRDA:49,16,1,0
BRF:34
BRH:0
end_of_record
TN:
SF:src/infra/prisma/mock-prisma-client.ts
FN:298,(anonymous_0)
FN:302,(anonymous_1)
FN:327,(anonymous_2)
FN:328,(anonymous_3)
FN:329,(anonymous_4)
FN:330,(anonymous_5)
FN:331,(anonymous_6)
FN:335,(anonymous_7)
FN:336,(anonymous_8)
FN:337,(anonymous_9)
FN:338,(anonymous_10)
FN:339,(anonymous_11)
FN:340,(anonymous_12)
FN:344,(anonymous_13)
FN:345,(anonymous_14)
FN:346,(anonymous_15)
FN:347,(anonymous_16)
FN:348,(anonymous_17)
FN:349,(anonymous_18)
FN:353,(anonymous_19)
FN:354,(anonymous_20)
FN:355,(anonymous_21)
FN:356,(anonymous_22)
FN:357,(anonymous_23)
FN:358,(anonymous_24)
FN:362,(anonymous_25)
FN:364,(anonymous_26)
FN:365,(anonymous_27)
FN:366,(anonymous_28)
FN:368,(anonymous_29)
FN:370,(anonymous_30)
FN:374,(anonymous_31)
FN:375,(anonymous_32)
FN:376,(anonymous_33)
FN:377,(anonymous_34)
FN:378,(anonymous_35)
FN:379,(anonymous_36)
FN:383,(anonymous_37)
FN:384,(anonymous_38)
FN:385,(anonymous_39)
FN:386,(anonymous_40)
FN:387,(anonymous_41)
FN:388,(anonymous_42)
FN:392,(anonymous_43)
FN:405,(anonymous_44)
FN:406,(anonymous_45)
FN:407,(anonymous_46)
FN:408,(anonymous_47)
FN:409,(anonymous_48)
FN:410,(anonymous_49)
FN:414,(anonymous_50)
FN:426,(anonymous_51)
FN:429,(anonymous_52)
FN:430,(anonymous_53)
FN:431,(anonymous_54)
FN:432,(anonymous_55)
FN:434,(anonymous_56)
FN:436,(anonymous_57)
FN:440,(anonymous_58)
FN:453,(anonymous_59)
FN:454,(anonymous_60)
FN:455,(anonymous_61)
FN:456,(anonymous_62)
FN:457,(anonymous_63)
FN:461,(anonymous_64)
FN:470,(anonymous_65)
FN:471,(anonymous_66)
FN:472,(anonymous_67)
FN:473,(anonymous_68)
FN:482,(anonymous_69)
FN:483,(anonymous_70)
FN:487,(anonymous_71)
FN:501,(anonymous_72)
FN:502,(anonymous_73)
FN:503,(anonymous_74)
FN:504,(anonymous_75)
FN:505,(anonymous_76)
FN:508,(anonymous_77)
FN:513,(anonymous_78)
FN:519,(anonymous_79)
FN:524,(anonymous_80)
FNF:81
FNH:0
FNDA:0,(anonymous_0)
FNDA:0,(anonymous_1)
FNDA:0,(anonymous_2)
FNDA:0,(anonymous_3)
FNDA:0,(anonymous_4)
FNDA:0,(anonymous_5)
FNDA:0,(anonymous_6)
FNDA:0,(anonymous_7)
FNDA:0,(anonymous_8)
FNDA:0,(anonymous_9)
FNDA:0,(anonymous_10)
FNDA:0,(anonymous_11)
FNDA:0,(anonymous_12)
FNDA:0,(anonymous_13)
FNDA:0,(anonymous_14)
FNDA:0,(anonymous_15)
FNDA:0,(anonymous_16)
FNDA:0,(anonymous_17)
FNDA:0,(anonymous_18)
FNDA:0,(anonymous_19)
FNDA:0,(anonymous_20)
FNDA:0,(anonymous_21)
FNDA:0,(anonymous_22)
FNDA:0,(anonymous_23)
FNDA:0,(anonymous_24)
FNDA:0,(anonymous_25)
FNDA:0,(anonymous_26)
FNDA:0,(anonymous_27)
FNDA:0,(anonymous_28)
FNDA:0,(anonymous_29)
FNDA:0,(anonymous_30)
FNDA:0,(anonymous_31)
FNDA:0,(anonymous_32)
FNDA:0,(anonymous_33)
FNDA:0,(anonymous_34)
FNDA:0,(anonymous_35)
FNDA:0,(anonymous_36)
FNDA:0,(anonymous_37)
FNDA:0,(anonymous_38)
FNDA:0,(anonymous_39)
FNDA:0,(anonymous_40)
FNDA:0,(anonymous_41)
FNDA:0,(anonymous_42)
FNDA:0,(anonymous_43)
FNDA:0,(anonymous_44)
FNDA:0,(anonymous_45)
FNDA:0,(anonymous_46)
FNDA:0,(anonymous_47)
FNDA:0,(anonymous_48)
FNDA:0,(anonymous_49)
FNDA:0,(anonymous_50)
FNDA:0,(anonymous_51)
FNDA:0,(anonymous_52)
FNDA:0,(anonymous_53)
FNDA:0,(anonymous_54)
FNDA:0,(anonymous_55)
FNDA:0,(anonymous_56)
FNDA:0,(anonymous_57)
FNDA:0,(anonymous_58)
FNDA:0,(anonymous_59)
FNDA:0,(anonymous_60)
FNDA:0,(anonymous_61)
FNDA:0,(anonymous_62)
FNDA:0,(anonymous_63)
FNDA:0,(anonymous_64)
FNDA:0,(anonymous_65)
FNDA:0,(anonymous_66)
FNDA:0,(anonymous_67)
FNDA:0,(anonymous_68)
FNDA:0,(anonymous_69)
FNDA:0,(anonymous_70)
FNDA:0,(anonymous_71)
FNDA:0,(anonymous_72)
FNDA:0,(anonymous_73)
FNDA:0,(anonymous_74)
FNDA:0,(anonymous_75)
FNDA:0,(anonymous_76)
FNDA:0,(anonymous_77)
FNDA:0,(anonymous_78)
FNDA:0,(anonymous_79)
FNDA:0,(anonymous_80)
DA:298,0
DA:299,0
DA:301,0
DA:304,0
DA:327,0
DA:328,0
DA:329,0
DA:330,0
DA:331,0
DA:334,0
DA:335,0
DA:336,0
DA:337,0
DA:338,0
DA:339,0
DA:340,0
DA:343,0
DA:344,0
DA:345,0
DA:346,0
DA:347,0
DA:348,0
DA:349,0
DA:352,0
DA:353,0
DA:354,0
DA:355,0
DA:356,0
DA:357,0
DA:358,0
DA:361,0
DA:363,0
DA:364,0
DA:365,0
DA:367,0
DA:369,0
DA:370,0
DA:373,0
DA:374,0
DA:375,0
DA:376,0
DA:377,0
DA:378,0
DA:379,0
DA:382,0
DA:383,0
DA:384,0
DA:385,0
DA:386,0
DA:387,0
DA:388,0
DA:391,0
DA:393,0
DA:405,0
DA:406,0
DA:407,0
DA:408,0
DA:409,0
DA:410,0
DA:413,0
DA:415,0
DA:426,0
DA:429,0
DA:430,0
DA:431,0
DA:433,0
DA:435,0
DA:436,0
DA:439,0
DA:441,0
DA:453,0
DA:454,0
DA:455,0
DA:456,0
DA:457,0
DA:460,0
DA:462,0
DA:470,0
DA:471,0
DA:472,0
DA:474,0
DA:482,0
DA:483,0
DA:486,0
DA:488,0
DA:501,0
DA:502,0
DA:503,0
DA:504,0
DA:505,0
DA:510,0
DA:515,0
DA:520,0
DA:525,0
DA:581,0
LF:95
LH:0
BRDA:312,0,0,0
BRDA:312,0,1,0
BRDA:395,1,0,0
BRDA:395,1,1,0
BRDA:403,2,0,0
BRDA:403,2,1,0
BRDA:417,3,0,0
BRDA:417,3,1,0
BRDA:427,4,0,0
BRDA:427,4,1,0
BRDA:444,5,0,0
BRDA:444,5,1,0
BRF:12
BRH:0
end_of_record
TN:
SF:src/infra/prisma/prisma.module.js
FNF:0
FNH:0
LF:0
LH:0
BRF:0
BRH:0
end_of_record
TN:
SF:src/infra/prisma/prisma.service.js
FNF:0
FNH:0
LF:0
LH:0
BRF:0
BRH:0
end_of_record
TN:
SF:src/infra/prisma/prisma.service.ts
FN:18,(anonymous_1)
FN:22,(anonymous_2)
FN:27,(anonymous_3)
FN:30,(anonymous_4)
FN:33,(anonymous_5)
FN:36,(anonymous_6)
FN:39,(anonymous_7)
FN:42,(anonymous_8)
FN:45,(anonymous_9)
FN:50,(anonymous_10)
FN:53,(anonymous_11)
FN:56,(anonymous_12)
FN:59,(anonymous_13)
FN:62,(anonymous_14)
FN:67,(anonymous_15)
FN:70,(anonymous_16)
FN:73,(anonymous_17)
FN:76,(anonymous_18)
FN:79,(anonymous_19)
FN:82,(anonymous_20)
FN:85,(anonymous_21)
FN:89,(anonymous_22)
FN:103,(anonymous_23)
FN:112,(anonymous_24)
FN:126,(anonymous_25)
FN:131,(anonymous_26)
FN:161,(anonymous_27)
FN:188,(anonymous_28)
FNF:28
FNH:0
FNDA:0,(anonymous_1)
FNDA:0,(anonymous_2)
FNDA:0,(anonymous_3)
FNDA:0,(anonymous_4)
FNDA:0,(anonymous_5)
FNDA:0,(anonymous_6)
FNDA:0,(anonymous_7)
FNDA:0,(anonymous_8)
FNDA:0,(anonymous_9)
FNDA:0,(anonymous_10)
FNDA:0,(anonymous_11)
FNDA:0,(anonymous_12)
FNDA:0,(anonymous_13)
FNDA:0,(anonymous_14)
FNDA:0,(anonymous_15)
FNDA:0,(anonymous_16)
FNDA:0,(anonymous_17)
FNDA:0,(anonymous_18)
FNDA:0,(anonymous_19)
FNDA:0,(anonymous_20)
FNDA:0,(anonymous_21)
FNDA:0,(anonymous_22)
FNDA:0,(anonymous_23)
FNDA:0,(anonymous_24)
FNDA:0,(anonymous_25)
FNDA:0,(anonymous_26)
FNDA:0,(anonymous_27)
FNDA:0,(anonymous_28)
DA:1,0
DA:8,0
DA:18,0
DA:19,0
DA:23,0
DA:28,0
DA:31,0
DA:34,0
DA:37,0
DA:40,0
DA:43,0
DA:46,0
DA:51,0
DA:54,0
DA:57,0
DA:60,0
DA:63,0
DA:68,0
DA:71,0
DA:74,0
DA:77,0
DA:80,0
DA:83,0
DA:86,0
DA:90,0
DA:92,0
DA:93,0
DA:97,0
DA:106,0
DA:116,0
DA:117,0
DA:127,0
DA:132,0
DA:162,0
DA:192,0
DA:201,0
DA:202,0
DA:211,0
LF:38
LH:0
BRDA:92,0,0,0
BRDA:92,0,1,0
BRDA:119,1,0,0
BRDA:119,1,1,0
BRDA:131,2,0,0
BRDA:201,3,0,0
BRF:6
BRH:0
end_of_record
TN:
SF:src/infra/services/database-health.service.ts
FN:10,(anonymous_1)
FN:16,(anonymous_2)
FN:50,(anonymous_3)
FN:58,(anonymous_4)
FN:77,(anonymous_5)
FN:82,(anonymous_6)
FN:90,(anonymous_7)
FNF:7
FNH:0
FNDA:0,(anonymous_1)
FNDA:0,(anonymous_2)
FNDA:0,(anonymous_3)
FNDA:0,(anonymous_4)
FNDA:0,(anonymous_5)
FNDA:0,(anonymous_6)
FNDA:0,(anonymous_7)
DA:1,0
DA:2,0
DA:10,0
DA:11,0
DA:19,0
DA:21,0
DA:25,0
DA:26,0
DA:27,0
DA:29,0
DA:33,0
DA:38,0
DA:39,0
DA:51,0
DA:59,0
DA:61,0
DA:62,0
DA:63,0
DA:64,0
DA:69,0
DA:78,0
DA:82,0
DA:83,0
DA:91,0
DA:92,0
LF:25
LH:0
BRDA:25,0,0,0
BRDA:41,1,0,0
BRDA:41,1,1,0
BRDA:61,2,0,0
BRDA:61,2,1,0
BRDA:63,3,0,0
BRDA:77,4,0,0
BRF:7
BRH:0
end_of_record
TN:
SF:src/middleware/logging.ts
FN:41,redactSensitiveData
FN:48,(anonymous_1)
FN:61,requestIdMiddleware
FN:78,requestLoggingMiddleware
FN:106,(anonymous_4)
FN:133,errorLoggingMiddleware
FN:174,(anonymous_6)
FN:179,(anonymous_7)
FN:184,(anonymous_8)
FN:192,(anonymous_9)
FN:196,(anonymous_10)
FN:200,(anonymous_11)
FN:202,(anonymous_12)
FN:206,(anonymous_13)
FN:211,(anonymous_14)
FN:215,(anonymous_15)
FN:245,(anonymous_16)
FN:255,metricsMiddleware
FN:265,(anonymous_18)
FN:282,metricsEndpoint
FNF:20
FNH:0
FNDA:0,redactSensitiveData
FNDA:0,(anonymous_1)
FNDA:0,requestIdMiddleware
FNDA:0,requestLoggingMiddleware
FNDA:0,(anonymous_4)
FNDA:0,errorLoggingMiddleware
FNDA:0,(anonymous_6)
FNDA:0,(anonymous_7)
FNDA:0,(anonymous_8)
FNDA:0,(anonymous_9)
FNDA:0,(anonymous_10)
FNDA:0,(anonymous_11)
FNDA:0,(anonymous_12)
FNDA:0,(anonymous_13)
FNDA:0,(anonymous_14)
FNDA:0,(anonymous_15)
FNDA:0,(anonymous_16)
FNDA:0,metricsMiddleware
FNDA:0,(anonymous_18)
FNDA:0,metricsEndpoint
DA:2,0
DA:26,0
DA:42,0
DA:44,0
DA:46,0
DA:47,0
DA:48,0
DA:49,0
DA:50,0
DA:51,0
DA:55,0
DA:61,0
DA:66,0
DA:67,0
DA:70,0
DA:72,0
DA:78,0
DA:83,0
DA:84,0
DA:85,0
DA:88,0
DA:105,0
DA:106,0
DA:107,0
DA:110,0
DA:124,0
DA:127,0
DA:133,0
DA:139,0
DA:140,0
DA:142,0
DA:162,0
DA:168,0
DA:169,0
DA:170,0
DA:171,0
DA:172,0
DA:175,0
DA:176,0
DA:180,0
DA:181,0
DA:185,0
DA:187,0
DA:188,0
DA:193,0
DA:197,0
DA:201,0
DA:202,0
DA:205,0
DA:206,0
DA:210,0
DA:211,0
DA:214,0
DA:215,0
DA:220,0
DA:246,0
DA:247,0
DA:248,0
DA:255,0
DA:260,0
DA:262,0
DA:264,0
DA:265,0
DA:266,0
DA:267,0
DA:269,0
DA:270,0
DA:273,0
DA:276,0
DA:282,0
DA:283,0
LF:71
LH:0
BRDA:42,0,0,0
BRDA:42,1,0,0
BRDA:42,1,1,0
BRDA:44,2,0,0
BRDA:44,2,1,0
BRDA:48,3,0,0
BRDA:48,3,1,0
BRDA:50,4,0,0
BRDA:50,5,0,0
BRDA:50,5,1,0
BRDA:66,6,0,0
BRDA:66,6,1,0
BRDA:85,7,0,0
BRDA:85,7,1,0
BRDA:97,8,0,0
BRDA:97,8,1,0
BRDA:107,9,0,0
BRDA:107,9,1,0
BRDA:119,10,0,0
BRDA:119,10,1,0
BRDA:140,11,0,0
BRDA:140,11,1,0
BRDA:150,12,0,0
BRDA:150,12,1,0
BRDA:154,13,0,0
BRDA:154,13,1,0
BRDA:175,14,0,0
BRDA:175,14,1,0
BRDA:180,15,0,0
BRDA:180,15,1,0
BRDA:187,16,0,0
BRDA:210,17,0,0
BRDA:210,17,1,0
BRDA:214,18,0,0
BRDA:214,18,1,0
BRDA:228,19,0,0
BRDA:228,19,1,0
BRDA:260,20,0,0
BRDA:260,20,1,0
BRDA:266,21,0,0
BRDA:266,21,1,0
BRDA:269,22,0,0
BRF:42
BRH:0
end_of_record
TN:
SF:src/middleware/rateLimiter.js
FN:24,(anonymous_0)
FN:48,(anonymous_1)
FN:49,(anonymous_2)
FN:73,(anonymous_3)
FN:97,(anonymous_4)
FN:121,(anonymous_5)
FNF:6
FNH:0
FNDA:0,(anonymous_0)
FNDA:0,(anonymous_1)
FNDA:0,(anonymous_2)
FNDA:0,(anonymous_3)
FNDA:0,(anonymous_4)
FNDA:0,(anonymous_5)
DA:1,0
DA:14,0
DA:25,0
DA:38,0
DA:48,0
DA:50,0
DA:63,0
DA:74,0
DA:87,0
DA:98,0
DA:111,0
DA:122,0
DA:131,0
LF:13
LH:0
BRDA:29,0,0,0
BRDA:29,0,1,0
BRDA:48,1,0,0
BRDA:48,1,1,0
BRDA:54,2,0,0
BRDA:54,2,1,0
BRDA:78,3,0,0
BRDA:78,3,1,0
BRDA:102,4,0,0
BRDA:102,4,1,0
BRDA:126,5,0,0
BRDA:126,5,1,0
BRF:12
BRH:0
end_of_record
TN:
SF:src/middleware/rateLimiter.ts
FN:25,(anonymous_1)
FN:50,(anonymous_2)
FN:51,(anonymous_3)
FN:76,(anonymous_4)
FN:101,(anonymous_5)
FN:125,(anonymous_6)
FNF:6
FNH:0
FNDA:0,(anonymous_1)
FNDA:0,(anonymous_2)
FNDA:0,(anonymous_3)
FNDA:0,(anonymous_4)
FNDA:0,(anonymous_5)
FNDA:0,(anonymous_6)
DA:1,0
DA:15,0
DA:26,0
DA:40,0
DA:50,0
DA:52,0
DA:66,0
DA:77,0
DA:91,0
DA:102,0
DA:115,0
DA:126,0
LF:12
LH:0
BRDA:31,0,0,0
BRDA:31,0,1,0
BRDA:50,1,0,0
BRDA:50,1,1,0
BRDA:57,2,0,0
BRDA:57,2,1,0
BRDA:82,3,0,0
BRDA:82,3,1,0
BRDA:106,4,0,0
BRDA:106,4,1,0
BRDA:131,5,0,0
BRDA:131,5,1,0
BRF:12
BRH:0
end_of_record
TN:
SF:src/middleware/validation.ts
FN:47,sendValidationError
FN:64,validateUserId
FN:65,(anonymous_2)
FN:110,validateConversationId
FN:139,validateMessageContent
FN:179,validateConversationCreate
FN:260,validateFileUpload
FN:261,(anonymous_7)
FN:294,validatePagination
FN:325,validateMessageIds
FN:366,sanitizeInput
FN:380,validateSearchQuery
FN:416,validateIdCardVerification
FNF:13
FNH:0
FNDA:0,sendValidationError
FNDA:0,validateUserId
FNDA:0,(anonymous_2)
FNDA:0,validateConversationId
FNDA:0,validateMessageContent
FNDA:0,validateConversationCreate
FNDA:0,validateFileUpload
FNDA:0,(anonymous_7)
FNDA:0,validatePagination
FNDA:0,validateMessageIds
FNDA:0,sanitizeInput
FNDA:0,validateSearchQuery
FNDA:0,validateIdCardVerification
DA:16,0
DA:24,0
DA:35,0
DA:52,0
DA:64,0
DA:65,0
DA:68,0
DA:69,0
DA:72,0
DA:73,0
DA:76,0
DA:77,0
DA:82,0
DA:86,0
DA:87,0
DA:91,0
DA:95,0
DA:96,0
DA:100,0
DA:103,0
DA:110,0
DA:116,0
DA:120,0
DA:121,0
DA:122,0
DA:125,0
DA:129,0
DA:130,0
DA:133,0
DA:139,0
DA:144,0
DA:146,0
DA:147,0
DA:148,0
DA:151,0
DA:152,0
DA:153,0
DA:156,0
DA:157,0
DA:158,0
DA:161,0
DA:162,0
DA:170,0
DA:173,0
DA:179,0
DA:184,0
DA:187,0
DA:188,0
DA:192,0
DA:196,0
DA:197,0
DA:198,0
DA:201,0
DA:202,0
DA:203,0
DA:206,0
DA:207,0
DA:211,0
DA:215,0
DA:216,0
DA:217,0
DA:220,0
DA:225,0
DA:226,0
DA:227,0
DA:228,0
DA:230,0
DA:231,0
DA:235,0
DA:240,0
DA:241,0
DA:242,0
DA:243,0
DA:245,0
DA:246,0
DA:250,0
DA:254,0
DA:260,0
DA:261,0
DA:262,0
DA:264,0
DA:265,0
DA:266,0
DA:270,0
DA:271,0
DA:275,0
DA:279,0
DA:280,0
DA:284,0
DA:287,0
DA:294,0
DA:299,0
DA:302,0
DA:303,0
DA:304,0
DA:305,0
DA:309,0
DA:314,0
DA:315,0
DA:316,0
DA:319,0
DA:325,0
DA:330,0
DA:332,0
DA:333,0
DA:334,0
DA:337,0
DA:338,0
DA:339,0
DA:342,0
DA:343,0
DA:347,0
DA:351,0
DA:352,0
DA:353,0
DA:356,0
DA:360,0
DA:366,0
DA:367,0
DA:369,0
DA:380,0
DA:385,0
DA:387,0
DA:388,0
DA:389,0
DA:392,0
DA:393,0
DA:394,0
DA:397,0
DA:398,0
DA:399,0
DA:402,0
DA:403,0
DA:404,0
DA:408,0
DA:410,0
DA:416,0
DA:421,0
DA:423,0
DA:428,0
DA:432,0
DA:435,0
DA:436,0
DA:437,0
DA:440,0
DA:445,0
DA:449,0
DA:452,0
DA:453,0
DA:457,0
DA:461,0
DA:462,0
DA:463,0
DA:464,0
DA:465,0
DA:469,0
DA:473,0
LF:157
LH:0
BRDA:64,0,0,0
BRDA:68,1,0,0
BRDA:68,2,0,0
BRDA:68,2,1,0
BRDA:72,3,0,0
BRDA:72,4,0,0
BRDA:72,4,1,0
BRDA:72,4,2,0
BRDA:76,5,0,0
BRDA:79,6,0,0
BRDA:79,6,1,0
BRDA:86,7,0,0
BRDA:86,8,0,0
BRDA:86,8,1,0
BRDA:95,9,0,0
BRDA:116,10,0,0
BRDA:116,10,1,0
BRDA:116,10,2,0
BRDA:120,11,0,0
BRDA:125,12,0,0
BRDA:126,13,0,0
BRDA:126,13,1,0
BRDA:146,14,0,0
BRDA:151,15,0,0
BRDA:156,16,0,0
BRDA:161,17,0,0
BRDA:187,18,0,0
BRDA:187,19,0,0
BRDA:187,19,1,0
BRDA:196,20,0,0
BRDA:196,21,0,0
BRDA:196,21,1,0
BRDA:201,22,0,0
BRDA:206,23,0,0
BRDA:216,24,0,0
BRDA:216,25,0,0
BRDA:216,25,1,0
BRDA:225,26,0,0
BRDA:226,27,0,0
BRDA:230,28,0,0
BRDA:240,29,0,0
BRDA:241,30,0,0
BRDA:245,31,0,0
BRDA:264,32,0,0
BRDA:270,33,0,0
BRDA:279,34,0,0
BRDA:302,35,0,0
BRDA:304,36,0,0
BRDA:304,37,0,0
BRDA:304,37,1,0
BRDA:304,37,2,0
BRDA:314,38,0,0
BRDA:314,39,0,0
BRDA:314,39,1,0
BRDA:332,40,0,0
BRDA:332,41,0,0
BRDA:332,41,1,0
BRDA:337,42,0,0
BRDA:342,43,0,0
BRDA:352,44,0,0
BRDA:352,45,0,0
BRDA:352,45,1,0
BRDA:367,46,0,0
BRDA:387,47,0,0
BRDA:392,48,0,0
BRDA:397,49,0,0
BRDA:402,50,0,0
BRDA:423,51,0,0
BRDA:424,52,0,0
BRDA:424,52,1,0
BRDA:424,52,2,0
BRDA:435,53,0,0
BRDA:440,54,0,0
BRDA:441,55,0,0
BRDA:441,55,1,0
BRDA:441,55,2,0
BRDA:452,56,0,0
BRDA:461,57,0,0
BRDA:464,58,0,0
BRDA:464,59,0,0
BRDA:464,59,1,0
BRDA:464,59,2,0
BRF:82
BRH:0
end_of_record
TN:
SF:src/routes/chat.js
FN:12,(anonymous_0)
FN:70,(anonymous_1)
FN:77,(anonymous_2)
FN:106,(anonymous_3)
FN:168,(anonymous_4)
FN:202,(anonymous_5)
FN:229,(anonymous_6)
FN:283,(anonymous_7)
FN:309,(anonymous_8)
FN:395,(anonymous_9)
FNF:10
FNH:0
FNDA:0,(anonymous_0)
FNDA:0,(anonymous_1)
FNDA:0,(anonymous_2)
FNDA:0,(anonymous_3)
FNDA:0,(anonymous_4)
FNDA:0,(anonymous_5)
FNDA:0,(anonymous_6)
FNDA:0,(anonymous_7)
FNDA:0,(anonymous_8)
FNDA:0,(anonymous_9)
DA:1,0
DA:2,0
DA:4,0
DA:12,0
DA:13,0
DA:14,0
DA:15,0
DA:17,0
DA:68,0
DA:70,0
DA:77,0
DA:93,0
DA:94,0
DA:106,0
DA:107,0
DA:108,0
DA:109,0
DA:110,0
DA:113,0
DA:114,0
DA:122,0
DA:123,0
DA:131,0
DA:132,0
DA:146,0
DA:147,0
DA:157,0
DA:168,0
DA:193,0
DA:202,0
DA:216,0
DA:217,0
DA:229,0
DA:230,0
DA:231,0
DA:232,0
DA:233,0
DA:234,0
DA:237,0
DA:244,0
DA:245,0
DA:252,0
DA:281,0
DA:283,0
DA:296,0
DA:297,0
DA:309,0
DA:310,0
DA:311,0
DA:312,0
DA:313,0
DA:314,0
DA:316,0
DA:317,0
DA:325,0
DA:332,0
DA:333,0
DA:341,0
DA:363,0
DA:368,0
DA:382,0
DA:383,0
DA:395,0
DA:396,0
DA:397,0
DA:398,0
DA:400,0
DA:401,0
DA:408,0
DA:435,0
DA:441,0
DA:442,0
DA:450,0
LF:73
LH:0
BRDA:15,0,0,0
BRDA:15,0,1,0
BRDA:87,1,0,0
BRDA:87,1,1,0
BRDA:109,2,0,0
BRDA:109,2,1,0
BRDA:110,3,0,0
BRDA:110,4,0,0
BRDA:113,5,0,0
BRDA:113,5,1,0
BRDA:113,6,0,0
BRDA:113,6,1,0
BRDA:113,6,2,0
BRDA:122,7,0,0
BRDA:122,7,1,0
BRDA:122,8,0,0
BRDA:122,8,1,0
BRDA:131,9,0,0
BRDA:131,9,1,0
BRDA:146,10,0,0
BRDA:146,10,1,0
BRDA:159,11,0,0
BRDA:159,11,1,0
BRDA:232,12,0,0
BRDA:232,12,1,0
BRDA:234,13,0,0
BRDA:234,14,0,0
BRDA:244,15,0,0
BRDA:244,15,1,0
BRDA:312,16,0,0
BRDA:312,16,1,0
BRDA:314,17,0,0
BRDA:316,18,0,0
BRDA:316,18,1,0
BRDA:316,19,0,0
BRDA:316,19,1,0
BRDA:332,20,0,0
BRDA:332,20,1,0
BRDA:398,21,0,0
BRDA:400,22,0,0
BRDA:400,22,1,0
BRDA:400,23,0,0
BRDA:400,23,1,0
BRDA:419,24,0,0
BRDA:419,24,1,0
BRF:45
BRH:0
end_of_record
TN:
SF:src/socket/handlers.js
FN:3,registerSocketHandlers
FN:4,(anonymous_1)
FN:12,(anonymous_2)
FN:19,(anonymous_3)
FN:27,(anonymous_4)
FN:42,(anonymous_5)
FN:57,(anonymous_6)
FN:90,(anonymous_7)
FN:97,(anonymous_8)
FN:155,(anonymous_9)
FN:167,(anonymous_10)
FN:179,(anonymous_11)
FN:211,(anonymous_12)
FNF:13
FNH:4
FNDA:1,registerSocketHandlers
FNDA:1,(anonymous_1)
FNDA:1,(anonymous_2)
FNDA:0,(anonymous_3)
FNDA:0,(anonymous_4)
FNDA:0,(anonymous_5)
FNDA:1,(anonymous_6)
FNDA:0,(anonymous_7)
FNDA:0,(anonymous_8)
FNDA:0,(anonymous_9)
FNDA:0,(anonymous_10)
FNDA:0,(anonymous_11)
FNDA:0,(anonymous_12)
DA:1,1
DA:4,1
DA:5,1
DA:7,1
DA:9,1
DA:10,1
DA:12,1
DA:13,1
DA:14,1
DA:15,1
DA:19,1
DA:20,1
DA:22,0
DA:27,1
DA:28,0
DA:29,0
DA:30,0
DA:33,0
DA:34,0
DA:35,0
DA:42,1
DA:43,0
DA:44,0
DA:45,0
DA:48,0
DA:49,0
DA:50,0
DA:57,1
DA:58,1
DA:65,1
DA:67,1
DA:68,0
DA:69,0
DA:72,1
DA:74,1
DA:75,0
DA:76,0
DA:79,1
DA:81,1
DA:85,1
DA:86,1
DA:87,1
DA:90,0
DA:91,0
DA:95,0
DA:96,0
DA:97,0
DA:111,0
DA:120,0
DA:138,0
DA:144,0
DA:150,0
DA:151,0
DA:155,1
DA:156,0
DA:157,0
DA:159,0
DA:160,0
DA:167,1
DA:168,0
DA:169,0
DA:171,0
DA:172,0
DA:179,1
DA:180,0
DA:181,0
DA:182,0
DA:183,0
DA:184,0
DA:187,0
DA:189,0
DA:190,0
DA:191,0
DA:194,0
DA:195,0
DA:201,0
DA:207,0
DA:211,1
DA:212,0
DA:217,1
LF:80
LH:30
BRDA:5,0,0,1
BRDA:5,0,1,0
BRDA:7,1,0,1
BRDA:7,1,1,0
BRDA:9,2,0,1
BRDA:9,2,1,0
BRDA:27,3,0,0
BRDA:28,4,0,0
BRDA:28,4,1,0
BRDA:33,5,0,0
BRDA:33,5,1,0
BRDA:42,6,0,0
BRDA:43,7,0,0
BRDA:43,7,1,0
BRDA:48,8,0,0
BRDA:48,8,1,0
BRDA:57,9,0,0
BRDA:62,10,0,1
BRDA:63,11,0,1
BRDA:67,12,0,0
BRDA:67,12,1,1
BRDA:72,13,0,1
BRDA:72,13,1,0
BRDA:74,14,0,0
BRDA:74,14,1,1
BRDA:85,15,0,1
BRDA:85,15,1,0
BRDA:95,16,0,0
BRDA:95,16,1,0
BRDA:95,17,0,0
BRDA:95,17,1,0
BRDA:99,18,0,0
BRDA:99,18,1,0
BRDA:99,18,2,0
BRDA:100,19,0,0
BRDA:100,19,1,0
BRDA:100,19,2,0
BRDA:101,20,0,0
BRDA:101,20,1,0
BRDA:102,21,0,0
BRDA:102,21,1,0
BRDA:102,21,2,0
BRDA:103,22,0,0
BRDA:103,22,1,0
BRDA:155,23,0,0
BRDA:156,24,0,0
BRDA:156,24,1,0
BRDA:159,25,0,0
BRDA:159,25,1,0
BRDA:167,26,0,0
BRDA:168,27,0,0
BRDA:168,27,1,0
BRDA:171,28,0,0
BRDA:171,28,1,0
BRDA:179,29,0,0
BRDA:182,30,0,0
BRDA:182,30,1,0
BRDA:182,31,0,0
BRDA:182,31,1,0
BRDA:187,32,0,0
BRDA:187,32,1,0
BRDA:189,33,0,0
BRDA:189,33,1,0
BRDA:212,34,0,0
BRDA:212,34,1,0
BRF:65
BRH:9
end_of_record
TN:
SF:src/user/user.module.js
FNF:0
FNH:0
LF:0
LH:0
BRF:0
BRH:0
end_of_record
TN:
SF:src/user/application/user.controller.js
FNF:0
FNH:0
LF:0
LH:0
BRF:0
BRH:0
end_of_record
TN:
SF:src/user/application/user.controller.ts
FN:16,(anonymous_4)
FN:19,(anonymous_5)
FN:25,(anonymous_6)
FN:30,(anonymous_7)
FN:37,(anonymous_8)
FN:46,(anonymous_9)
FN:61,(anonymous_10)
FNF:7
FNH:0
FNDA:0,(anonymous_4)
FNDA:0,(anonymous_5)
FNDA:0,(anonymous_6)
FNDA:0,(anonymous_7)
FNDA:0,(anonymous_8)
FNDA:0,(anonymous_9)
FNDA:0,(anonymous_10)
DA:1,0
DA:2,0
DA:15,0
DA:16,0
DA:19,0
DA:20,0
DA:21,0
DA:25,0
DA:26,0
DA:30,0
DA:33,0
DA:37,0
DA:41,0
DA:42,0
DA:46,0
DA:56,0
DA:57,0
DA:61,0
DA:64,0
DA:66,0
DA:67,0
DA:69,0
LF:22
LH:0
BRDA:20,0,0,0
BRDA:20,0,1,0
BRDA:41,1,0,0
BRDA:41,1,1,0
BRDA:56,2,0,0
BRDA:56,2,1,0
BRDA:64,3,0,0
BRDA:64,3,1,0
BRF:8
BRH:0
end_of_record
TN:
SF:src/user/application/user.service.js
FNF:0
FNH:0
LF:0
LH:0
BRF:0
BRH:0
end_of_record
TN:
SF:src/user/application/user.service.ts
FN:14,(anonymous_2)
FN:16,(anonymous_3)
FN:25,(anonymous_4)
FN:30,(anonymous_5)
FN:35,(anonymous_6)
FN:48,(anonymous_7)
FN:66,(anonymous_8)
FN:70,(anonymous_9)
FN:88,(anonymous_10)
FN:92,(anonymous_11)
FN:114,(anonymous_12)
FN:118,(anonymous_13)
FN:123,(anonymous_14)
FNF:13
FNH:0
FNDA:0,(anonymous_2)
FNDA:0,(anonymous_3)
FNDA:0,(anonymous_4)
FNDA:0,(anonymous_5)
FNDA:0,(anonymous_6)
FNDA:0,(anonymous_7)
FNDA:0,(anonymous_8)
FNDA:0,(anonymous_9)
FNDA:0,(anonymous_10)
FNDA:0,(anonymous_11)
FNDA:0,(anonymous_12)
FNDA:0,(anonymous_13)
FNDA:0,(anonymous_14)
DA:1,0
DA:6,0
DA:13,0
DA:14,0
DA:17,0
DA:18,0
DA:19,0
DA:22,0
DA:26,0
DA:27,0
DA:31,0
DA:32,0
DA:39,0
DA:40,0
DA:41,0
DA:44,0
DA:45,0
DA:49,0
DA:50,0
DA:51,0
DA:55,0
DA:56,0
DA:58,0
DA:59,0
DA:60,0
DA:63,0
DA:67,0
DA:71,0
DA:72,0
DA:73,0
DA:77,0
DA:78,0
DA:80,0
DA:81,0
DA:82,0
DA:85,0
DA:89,0
DA:93,0
DA:115,0
DA:119,0
DA:120,0
DA:132,0
DA:137,0
LF:43
LH:0
BRDA:18,0,0,0
BRDA:27,1,0,0
BRDA:27,1,1,0
BRDA:32,2,0,0
BRDA:32,2,1,0
BRDA:40,3,0,0
BRDA:50,4,0,0
BRDA:58,5,0,0
BRDA:58,6,0,0
BRDA:58,6,1,0
BRDA:72,7,0,0
BRDA:80,8,0,0
BRDA:108,9,0,0
BRDA:108,9,1,0
BRDA:109,10,0,0
BRDA:109,10,1,0
BRF:16
BRH:0
end_of_record
TN:
SF:src/user/data/user.repository.js
FNF:0
FNH:0
LF:0
LH:0
BRF:0
BRH:0
end_of_record
TN:
SF:src/user/data/user.repository.ts
FN:45,(anonymous_1)
FN:49,(anonymous_2)
FN:54,(anonymous_3)
FN:59,(anonymous_4)
FN:64,(anonymous_5)
FN:73,(anonymous_6)
FN:82,(anonymous_7)
FN:86,(anonymous_8)
FN:90,(anonymous_9)
FN:94,(anonymous_10)
FNF:10
FNH:0
FNDA:0,(anonymous_1)
FNDA:0,(anonymous_2)
FNDA:0,(anonymous_3)
FNDA:0,(anonymous_4)
FNDA:0,(anonymous_5)
FNDA:0,(anonymous_6)
FNDA:0,(anonymous_7)
FNDA:0,(anonymous_8)
FNDA:0,(anonymous_9)
FNDA:0,(anonymous_10)
DA:1,0
DA:2,0
DA:43,0
DA:46,0
DA:51,0
DA:56,0
DA:61,0
DA:66,0
DA:75,0
LF:9
LH:0
BRF:0
BRH:0
end_of_record
TN:
SF:src/user/dtos/create-user.dto.js
FNF:0
FNH:0
LF:0
LH:0
BRF:0
BRH:0
end_of_record
TN:
SF:src/utils/example-usage.js
FN:32,testPassword
FNF:1
FNH:0
FNDA:0,testPassword
DA:3,0
DA:4,0
DA:7,0
DA:10,0
DA:18,0
DA:19,0
DA:22,0
DA:23,0
DA:24,0
DA:26,0
DA:30,0
DA:33,0
DA:35,0
DA:37,0
DA:38,0
DA:39,0
DA:42,0
DA:43,0
DA:46,0
DA:47,0
DA:48,0
DA:51,0
DA:56,0
DA:59,0
DA:62,0
DA:63,0
DA:64,0
DA:66,0
DA:70,0
DA:72,0
LF:30
LH:0
BRF:0
BRH:0
end_of_record
